-- Found ament_cmake: 1.3.9 (/opt/ros/humble/share/ament_cmake/cmake)
-- Found rosidl_default_generators: 1.2.0 (/opt/ros/humble/share/rosidl_default_generators/cmake)
-- Using all available rosidl_typesupport_c: rosidl_typesupport_fastrtps_c;rosidl_typesupport_introspection_c
-- Found rosidl_adapter: 3.1.5 (/opt/ros/humble/share/rosidl_adapter/cmake)
-- Using all available rosidl_typesupport_cpp: rosidl_typesupport_fastrtps_cpp;rosidl_typesupport_introspection_cpp
-- Found ament_cmake_ros: 0.10.0 (/opt/ros/humble/share/ament_cmake_ros/cmake)
-- Using all available rosidl_typesupport_c: rosidl_typesupport_fastrtps_c;rosidl_typesupport_introspection_c
-- Using all available rosidl_typesupport_cpp: rosidl_typesupport_fastrtps_cpp;rosidl_typesupport_introspection_cpp
-- Found python_cmake_module: 0.10.0 (/opt/ros/humble/share/python_cmake_module/cmake)
-- Using PYTHON_EXECUTABLE: /usr/bin/python3
-- Using PYTHON_INCLUDE_DIRS: /usr/include/python3.10
-- Using PYTHON_LIBRARIES: /usr/lib/x86_64-linux-gnu/libpython3.10.so
-- Configuring done
-- Generating done
-- Build files have been written to: /home/rishabh/testinggit/TurtlesimGame/build/turtlesim_catch_interfaces
[  2%] [34m[1mGenerating C code for ROS interfaces[0m
[  4%] [34m[1mGenerating C++ code for ROS interfaces[0m
[  4%] Built target ament_cmake_python_copy_turtlesim_catch_interfaces
running egg_info
writing turtlesim_catch_interfaces.egg-info/PKG-INFO
writing dependency_links to turtlesim_catch_interfaces.egg-info/dependency_links.txt
writing top-level names to turtlesim_catch_interfaces.egg-info/top_level.txt
reading manifest file 'turtlesim_catch_interfaces.egg-info/SOURCES.txt'
writing manifest file 'turtlesim_catch_interfaces.egg-info/SOURCES.txt'
[  4%] Built target ament_cmake_python_build_turtlesim_catch_interfaces_egg
[  4%] Built target turtlesim_catch_interfaces__cpp
[35m[1mConsolidate compiler generated dependencies of target turtlesim_catch_interfaces__rosidl_generator_c[0m
[  6%] [34m[1mGenerating C++ type support for eProsima Fast-RTPS[0m
[  8%] [34m[1mGenerating C++ introspection for ROS interfaces[0m
[ 10%] [34m[1mGenerating C++ type support dispatch for ROS interfaces[0m
[ 14%] [32mBuilding C object CMakeFiles/turtlesim_catch_interfaces__rosidl_generator_c.dir/rosidl_generator_c/turtlesim_catch_interfaces/msg/detail/turtleinfo__functions.c.o[0m
[ 14%] [32mBuilding C object CMakeFiles/turtlesim_catch_interfaces__rosidl_generator_c.dir/rosidl_generator_c/turtlesim_catch_interfaces/msg/detail/turtleinfoarray__functions.c.o[0m
[ 17%] [32mBuilding C object CMakeFiles/turtlesim_catch_interfaces__rosidl_generator_c.dir/rosidl_generator_c/turtlesim_catch_interfaces/srv/detail/target_turtle__functions.c.o[0m
[ 19%] [32m[1mLinking C shared library libturtlesim_catch_interfaces__rosidl_generator_c.so[0m
[ 19%] Built target turtlesim_catch_interfaces__rosidl_generator_c
[ 21%] [34m[1mGenerating C introspection for ROS interfaces[0m
[ 23%] [34m[1mGenerating C type support dispatch for ROS interfaces[0m
[ 25%] [34m[1mGenerating C type support for eProsima Fast-RTPS[0m
[35m[1mConsolidate compiler generated dependencies of target turtlesim_catch_interfaces__rosidl_typesupport_cpp[0m
[ 27%] [32mBuilding CXX object CMakeFiles/turtlesim_catch_interfaces__rosidl_typesupport_cpp.dir/rosidl_typesupport_cpp/turtlesim_catch_interfaces/srv/target_turtle__type_support.cpp.o[0m
[ 29%] [32mBuilding CXX object CMakeFiles/turtlesim_catch_interfaces__rosidl_typesupport_cpp.dir/rosidl_typesupport_cpp/turtlesim_catch_interfaces/msg/turtleinfo__type_support.cpp.o[0m
[ 31%] [32mBuilding CXX object CMakeFiles/turtlesim_catch_interfaces__rosidl_typesupport_cpp.dir/rosidl_typesupport_cpp/turtlesim_catch_interfaces/msg/turtleinfoarray__type_support.cpp.o[0m
[35m[1mConsolidate compiler generated dependencies of target turtlesim_catch_interfaces__rosidl_typesupport_introspection_cpp[0m
[35m[1mConsolidate compiler generated dependencies of target turtlesim_catch_interfaces__rosidl_typesupport_fastrtps_cpp[0m
[ 34%] [32mBuilding CXX object CMakeFiles/turtlesim_catch_interfaces__rosidl_typesupport_introspection_cpp.dir/rosidl_typesupport_introspection_cpp/turtlesim_catch_interfaces/srv/detail/target_turtle__type_support.cpp.o[0m
[ 36%] [32mBuilding CXX object CMakeFiles/turtlesim_catch_interfaces__rosidl_typesupport_introspection_cpp.dir/rosidl_typesupport_introspection_cpp/turtlesim_catch_interfaces/msg/detail/turtleinfoarray__type_support.cpp.o[0m
[ 38%] [32mBuilding CXX object CMakeFiles/turtlesim_catch_interfaces__rosidl_typesupport_introspection_cpp.dir/rosidl_typesupport_introspection_cpp/turtlesim_catch_interfaces/msg/detail/turtleinfo__type_support.cpp.o[0m
[ 42%] [32mBuilding CXX object CMakeFiles/turtlesim_catch_interfaces__rosidl_typesupport_fastrtps_cpp.dir/rosidl_typesupport_fastrtps_cpp/turtlesim_catch_interfaces/msg/detail/dds_fastrtps/turtleinfoarray__type_support.cpp.o[0m
[ 42%] [32mBuilding CXX object CMakeFiles/turtlesim_catch_interfaces__rosidl_typesupport_fastrtps_cpp.dir/rosidl_typesupport_fastrtps_cpp/turtlesim_catch_interfaces/msg/detail/dds_fastrtps/turtleinfo__type_support.cpp.o[0m
[ 44%] [32mBuilding CXX object CMakeFiles/turtlesim_catch_interfaces__rosidl_typesupport_fastrtps_cpp.dir/rosidl_typesupport_fastrtps_cpp/turtlesim_catch_interfaces/srv/detail/dds_fastrtps/target_turtle__type_support.cpp.o[0m
[35m[1mConsolidate compiler generated dependencies of target turtlesim_catch_interfaces__rosidl_typesupport_c[0m
[ 46%] [32mBuilding CXX object CMakeFiles/turtlesim_catch_interfaces__rosidl_typesupport_c.dir/rosidl_typesupport_c/turtlesim_catch_interfaces/msg/turtleinfo__type_support.cpp.o[0m
[ 51%] [32mBuilding CXX object CMakeFiles/turtlesim_catch_interfaces__rosidl_typesupport_c.dir/rosidl_typesupport_c/turtlesim_catch_interfaces/srv/target_turtle__type_support.cpp.o[0m
[ 51%] [32mBuilding CXX object CMakeFiles/turtlesim_catch_interfaces__rosidl_typesupport_c.dir/rosidl_typesupport_c/turtlesim_catch_interfaces/msg/turtleinfoarray__type_support.cpp.o[0m
[ 53%] [32m[1mLinking CXX shared library libturtlesim_catch_interfaces__rosidl_typesupport_c.so[0m
[35m[1mConsolidate compiler generated dependencies of target turtlesim_catch_interfaces__rosidl_typesupport_introspection_c[0m
[ 57%] [32mBuilding C object CMakeFiles/turtlesim_catch_interfaces__rosidl_typesupport_introspection_c.dir/rosidl_typesupport_introspection_c/turtlesim_catch_interfaces/msg/detail/turtleinfoarray__type_support.c.o[0m
[ 57%] [32mBuilding C object CMakeFiles/turtlesim_catch_interfaces__rosidl_typesupport_introspection_c.dir/rosidl_typesupport_introspection_c/turtlesim_catch_interfaces/msg/detail/turtleinfo__type_support.c.o[0m
[ 59%] [32mBuilding C object CMakeFiles/turtlesim_catch_interfaces__rosidl_typesupport_introspection_c.dir/rosidl_typesupport_introspection_c/turtlesim_catch_interfaces/srv/detail/target_turtle__type_support.c.o[0m
[ 59%] Built target turtlesim_catch_interfaces__rosidl_typesupport_c
[35m[1mConsolidate compiler generated dependencies of target turtlesim_catch_interfaces__rosidl_typesupport_fastrtps_c[0m
[ 61%] [32m[1mLinking C shared library libturtlesim_catch_interfaces__rosidl_typesupport_introspection_c.so[0m
[ 63%] [32mBuilding CXX object CMakeFiles/turtlesim_catch_interfaces__rosidl_typesupport_fastrtps_c.dir/rosidl_typesupport_fastrtps_c/turtlesim_catch_interfaces/msg/detail/turtleinfo__type_support_c.cpp.o[0m
[ 65%] [32mBuilding CXX object CMakeFiles/turtlesim_catch_interfaces__rosidl_typesupport_fastrtps_c.dir/rosidl_typesupport_fastrtps_c/turtlesim_catch_interfaces/msg/detail/turtleinfoarray__type_support_c.cpp.o[0m
[ 68%] [32mBuilding CXX object CMakeFiles/turtlesim_catch_interfaces__rosidl_typesupport_fastrtps_c.dir/rosidl_typesupport_fastrtps_c/turtlesim_catch_interfaces/srv/detail/target_turtle__type_support_c.cpp.o[0m
[ 68%] Built target turtlesim_catch_interfaces__rosidl_typesupport_introspection_c
[ 70%] [32m[1mLinking CXX shared library libturtlesim_catch_interfaces__rosidl_typesupport_cpp.so[0m
[ 72%] [32m[1mLinking CXX shared library libturtlesim_catch_interfaces__rosidl_typesupport_fastrtps_cpp.so[0m
[ 72%] Built target turtlesim_catch_interfaces__rosidl_typesupport_cpp
[ 72%] Built target turtlesim_catch_interfaces__rosidl_typesupport_fastrtps_cpp
[ 74%] [32m[1mLinking CXX shared library libturtlesim_catch_interfaces__rosidl_typesupport_introspection_cpp.so[0m
[ 76%] [32m[1mLinking CXX shared library libturtlesim_catch_interfaces__rosidl_typesupport_fastrtps_c.so[0m
[ 76%] Built target turtlesim_catch_interfaces__rosidl_typesupport_introspection_cpp
[ 76%] Built target turtlesim_catch_interfaces__rosidl_typesupport_fastrtps_c
[ 76%] Built target turtlesim_catch_interfaces
[ 78%] [34m[1mGenerating Python code for ROS interfaces[0m
[ 78%] Built target turtlesim_catch_interfaces__py
[35m[1mConsolidate compiler generated dependencies of target turtlesim_catch_interfaces__rosidl_generator_py[0m
[ 85%] [32mBuilding C object CMakeFiles/turtlesim_catch_interfaces__rosidl_generator_py.dir/rosidl_generator_py/turtlesim_catch_interfaces/srv/_target_turtle_s.c.o[0m
[ 85%] [32mBuilding C object CMakeFiles/turtlesim_catch_interfaces__rosidl_generator_py.dir/rosidl_generator_py/turtlesim_catch_interfaces/msg/_turtleinfoarray_s.c.o[0m
[ 85%] [32mBuilding C object CMakeFiles/turtlesim_catch_interfaces__rosidl_generator_py.dir/rosidl_generator_py/turtlesim_catch_interfaces/msg/_turtleinfo_s.c.o[0m
[ 87%] [32m[1mLinking C shared library rosidl_generator_py/turtlesim_catch_interfaces/libturtlesim_catch_interfaces__rosidl_generator_py.so[0m
[ 87%] Built target turtlesim_catch_interfaces__rosidl_generator_py
[35m[1mConsolidate compiler generated dependencies of target turtlesim_catch_interfaces__rosidl_typesupport_c__pyext[0m
[35m[1mConsolidate compiler generated dependencies of target turtlesim_catch_interfaces__rosidl_typesupport_introspection_c__pyext[0m
[35m[1mConsolidate compiler generated dependencies of target turtlesim_catch_interfaces__rosidl_typesupport_fastrtps_c__pyext[0m
[ 93%] [32mBuilding C object CMakeFiles/turtlesim_catch_interfaces__rosidl_typesupport_introspection_c__pyext.dir/rosidl_generator_py/turtlesim_catch_interfaces/_turtlesim_catch_interfaces_s.ep.rosidl_typesupport_introspection_c.c.o[0m
[ 93%] [32mBuilding C object CMakeFiles/turtlesim_catch_interfaces__rosidl_typesupport_fastrtps_c__pyext.dir/rosidl_generator_py/turtlesim_catch_interfaces/_turtlesim_catch_interfaces_s.ep.rosidl_typesupport_fastrtps_c.c.o[0m
[ 93%] [32mBuilding C object CMakeFiles/turtlesim_catch_interfaces__rosidl_typesupport_c__pyext.dir/rosidl_generator_py/turtlesim_catch_interfaces/_turtlesim_catch_interfaces_s.ep.rosidl_typesupport_c.c.o[0m
[ 95%] [32m[1mLinking C shared library rosidl_generator_py/turtlesim_catch_interfaces/turtlesim_catch_interfaces_s__rosidl_typesupport_c.cpython-310-x86_64-linux-gnu.so[0m
[ 97%] [32m[1mLinking C shared library rosidl_generator_py/turtlesim_catch_interfaces/turtlesim_catch_interfaces_s__rosidl_typesupport_introspection_c.cpython-310-x86_64-linux-gnu.so[0m
[100%] [32m[1mLinking C shared library rosidl_generator_py/turtlesim_catch_interfaces/turtlesim_catch_interfaces_s__rosidl_typesupport_fastrtps_c.cpython-310-x86_64-linux-gnu.so[0m
[100%] Built target turtlesim_catch_interfaces__rosidl_typesupport_introspection_c__pyext
[100%] Built target turtlesim_catch_interfaces__rosidl_typesupport_c__pyext
[100%] Built target turtlesim_catch_interfaces__rosidl_typesupport_fastrtps_c__pyext
-- Install configuration: ""
-- Installing: /home/rishabh/testinggit/TurtlesimGame/install/turtlesim_catch_interfaces/share/ament_index/resource_index/rosidl_interfaces/turtlesim_catch_interfaces
-- Up-to-date: /home/rishabh/testinggit/TurtlesimGame/install/turtlesim_catch_interfaces/include/turtlesim_catch_interfaces/turtlesim_catch_interfaces
-- Up-to-date: /home/rishabh/testinggit/TurtlesimGame/install/turtlesim_catch_interfaces/include/turtlesim_catch_interfaces/turtlesim_catch_interfaces/msg
-- Up-to-date: /home/rishabh/testinggit/TurtlesimGame/install/turtlesim_catch_interfaces/include/turtlesim_catch_interfaces/turtlesim_catch_interfaces/msg/detail
-- Installing: /home/rishabh/testinggit/TurtlesimGame/install/turtlesim_catch_interfaces/include/turtlesim_catch_interfaces/turtlesim_catch_interfaces/msg/detail/turtleinfoarray__type_support.h
-- Installing: /home/rishabh/testinggit/TurtlesimGame/install/turtlesim_catch_interfaces/include/turtlesim_catch_interfaces/turtlesim_catch_interfaces/msg/detail/turtleinfoarray__struct.h
-- Installing: /home/rishabh/testinggit/TurtlesimGame/install/turtlesim_catch_interfaces/include/turtlesim_catch_interfaces/turtlesim_catch_interfaces/msg/detail/turtleinfo__functions.h
-- Installing: /home/rishabh/testinggit/TurtlesimGame/install/turtlesim_catch_interfaces/include/turtlesim_catch_interfaces/turtlesim_catch_interfaces/msg/detail/turtleinfoarray__functions.h
-- Installing: /home/rishabh/testinggit/TurtlesimGame/install/turtlesim_catch_interfaces/include/turtlesim_catch_interfaces/turtlesim_catch_interfaces/msg/detail/turtleinfo__struct.h
-- Installing: /home/rishabh/testinggit/TurtlesimGame/install/turtlesim_catch_interfaces/include/turtlesim_catch_interfaces/turtlesim_catch_interfaces/msg/detail/turtleinfo__functions.c
-- Installing: /home/rishabh/testinggit/TurtlesimGame/install/turtlesim_catch_interfaces/include/turtlesim_catch_interfaces/turtlesim_catch_interfaces/msg/detail/turtleinfoarray__functions.c
-- Installing: /home/rishabh/testinggit/TurtlesimGame/install/turtlesim_catch_interfaces/include/turtlesim_catch_interfaces/turtlesim_catch_interfaces/msg/detail/turtleinfo__type_support.h
-- Installing: /home/rishabh/testinggit/TurtlesimGame/install/turtlesim_catch_interfaces/include/turtlesim_catch_interfaces/turtlesim_catch_interfaces/msg/turtleinfo.h
-- Up-to-date: /home/rishabh/testinggit/TurtlesimGame/install/turtlesim_catch_interfaces/include/turtlesim_catch_interfaces/turtlesim_catch_interfaces/msg/rosidl_generator_c__visibility_control.h
-- Installing: /home/rishabh/testinggit/TurtlesimGame/install/turtlesim_catch_interfaces/include/turtlesim_catch_interfaces/turtlesim_catch_interfaces/msg/turtleinfoarray.h
-- Installing: /home/rishabh/testinggit/TurtlesimGame/install/turtlesim_catch_interfaces/include/turtlesim_catch_interfaces/turtlesim_catch_interfaces/srv
-- Installing: /home/rishabh/testinggit/TurtlesimGame/install/turtlesim_catch_interfaces/include/turtlesim_catch_interfaces/turtlesim_catch_interfaces/srv/target_turtle.h
-- Installing: /home/rishabh/testinggit/TurtlesimGame/install/turtlesim_catch_interfaces/include/turtlesim_catch_interfaces/turtlesim_catch_interfaces/srv/detail
-- Installing: /home/rishabh/testinggit/TurtlesimGame/install/turtlesim_catch_interfaces/include/turtlesim_catch_interfaces/turtlesim_catch_interfaces/srv/detail/target_turtle__functions.c
-- Installing: /home/rishabh/testinggit/TurtlesimGame/install/turtlesim_catch_interfaces/include/turtlesim_catch_interfaces/turtlesim_catch_interfaces/srv/detail/target_turtle__functions.h
-- Installing: /home/rishabh/testinggit/TurtlesimGame/install/turtlesim_catch_interfaces/include/turtlesim_catch_interfaces/turtlesim_catch_interfaces/srv/detail/target_turtle__type_support.h
-- Installing: /home/rishabh/testinggit/TurtlesimGame/install/turtlesim_catch_interfaces/include/turtlesim_catch_interfaces/turtlesim_catch_interfaces/srv/detail/target_turtle__struct.h
-- Up-to-date: /home/rishabh/testinggit/TurtlesimGame/install/turtlesim_catch_interfaces/share/turtlesim_catch_interfaces/environment/library_path.sh
-- Installing: /home/rishabh/testinggit/TurtlesimGame/install/turtlesim_catch_interfaces/share/turtlesim_catch_interfaces/environment/library_path.dsv
-- Installing: /home/rishabh/testinggit/TurtlesimGame/install/turtlesim_catch_interfaces/lib/libturtlesim_catch_interfaces__rosidl_generator_c.so
-- Set runtime path of "/home/rishabh/testinggit/TurtlesimGame/install/turtlesim_catch_interfaces/lib/libturtlesim_catch_interfaces__rosidl_generator_c.so" to ""
-- Up-to-date: /home/rishabh/testinggit/TurtlesimGame/install/turtlesim_catch_interfaces/include/turtlesim_catch_interfaces/turtlesim_catch_interfaces
-- Up-to-date: /home/rishabh/testinggit/TurtlesimGame/install/turtlesim_catch_interfaces/include/turtlesim_catch_interfaces/turtlesim_catch_interfaces/msg
-- Up-to-date: /home/rishabh/testinggit/TurtlesimGame/install/turtlesim_catch_interfaces/include/turtlesim_catch_interfaces/turtlesim_catch_interfaces/msg/rosidl_typesupport_fastrtps_c__visibility_control.h
-- Up-to-date: /home/rishabh/testinggit/TurtlesimGame/install/turtlesim_catch_interfaces/include/turtlesim_catch_interfaces/turtlesim_catch_interfaces/msg/detail
-- Installing: /home/rishabh/testinggit/TurtlesimGame/install/turtlesim_catch_interfaces/include/turtlesim_catch_interfaces/turtlesim_catch_interfaces/msg/detail/turtleinfoarray__rosidl_typesupport_fastrtps_c.h
-- Installing: /home/rishabh/testinggit/TurtlesimGame/install/turtlesim_catch_interfaces/include/turtlesim_catch_interfaces/turtlesim_catch_interfaces/msg/detail/turtleinfo__rosidl_typesupport_fastrtps_c.h
-- Up-to-date: /home/rishabh/testinggit/TurtlesimGame/install/turtlesim_catch_interfaces/include/turtlesim_catch_interfaces/turtlesim_catch_interfaces/srv
-- Up-to-date: /home/rishabh/testinggit/TurtlesimGame/install/turtlesim_catch_interfaces/include/turtlesim_catch_interfaces/turtlesim_catch_interfaces/srv/detail
-- Installing: /home/rishabh/testinggit/TurtlesimGame/install/turtlesim_catch_interfaces/include/turtlesim_catch_interfaces/turtlesim_catch_interfaces/srv/detail/target_turtle__rosidl_typesupport_fastrtps_c.h
-- Installing: /home/rishabh/testinggit/TurtlesimGame/install/turtlesim_catch_interfaces/lib/libturtlesim_catch_interfaces__rosidl_typesupport_fastrtps_c.so
-- Set runtime path of "/home/rishabh/testinggit/TurtlesimGame/install/turtlesim_catch_interfaces/lib/libturtlesim_catch_interfaces__rosidl_typesupport_fastrtps_c.so" to ""
-- Up-to-date: /home/rishabh/testinggit/TurtlesimGame/install/turtlesim_catch_interfaces/include/turtlesim_catch_interfaces/turtlesim_catch_interfaces
-- Up-to-date: /home/rishabh/testinggit/TurtlesimGame/install/turtlesim_catch_interfaces/include/turtlesim_catch_interfaces/turtlesim_catch_interfaces/msg
-- Up-to-date: /home/rishabh/testinggit/TurtlesimGame/install/turtlesim_catch_interfaces/include/turtlesim_catch_interfaces/turtlesim_catch_interfaces/msg/detail
-- Installing: /home/rishabh/testinggit/TurtlesimGame/install/turtlesim_catch_interfaces/include/turtlesim_catch_interfaces/turtlesim_catch_interfaces/msg/detail/turtleinfo__rosidl_typesupport_introspection_c.h
-- Installing: /home/rishabh/testinggit/TurtlesimGame/install/turtlesim_catch_interfaces/include/turtlesim_catch_interfaces/turtlesim_catch_interfaces/msg/detail/turtleinfo__type_support.c
-- Installing: /home/rishabh/testinggit/TurtlesimGame/install/turtlesim_catch_interfaces/include/turtlesim_catch_interfaces/turtlesim_catch_interfaces/msg/detail/turtleinfoarray__rosidl_typesupport_introspection_c.h
-- Installing: /home/rishabh/testinggit/TurtlesimGame/install/turtlesim_catch_interfaces/include/turtlesim_catch_interfaces/turtlesim_catch_interfaces/msg/detail/turtleinfoarray__type_support.c
-- Up-to-date: /home/rishabh/testinggit/TurtlesimGame/install/turtlesim_catch_interfaces/include/turtlesim_catch_interfaces/turtlesim_catch_interfaces/msg/rosidl_typesupport_introspection_c__visibility_control.h
-- Up-to-date: /home/rishabh/testinggit/TurtlesimGame/install/turtlesim_catch_interfaces/include/turtlesim_catch_interfaces/turtlesim_catch_interfaces/srv
-- Up-to-date: /home/rishabh/testinggit/TurtlesimGame/install/turtlesim_catch_interfaces/include/turtlesim_catch_interfaces/turtlesim_catch_interfaces/srv/detail
-- Installing: /home/rishabh/testinggit/TurtlesimGame/install/turtlesim_catch_interfaces/include/turtlesim_catch_interfaces/turtlesim_catch_interfaces/srv/detail/target_turtle__rosidl_typesupport_introspection_c.h
-- Installing: /home/rishabh/testinggit/TurtlesimGame/install/turtlesim_catch_interfaces/include/turtlesim_catch_interfaces/turtlesim_catch_interfaces/srv/detail/target_turtle__type_support.c
-- Installing: /home/rishabh/testinggit/TurtlesimGame/install/turtlesim_catch_interfaces/lib/libturtlesim_catch_interfaces__rosidl_typesupport_introspection_c.so
-- Set runtime path of "/home/rishabh/testinggit/TurtlesimGame/install/turtlesim_catch_interfaces/lib/libturtlesim_catch_interfaces__rosidl_typesupport_introspection_c.so" to ""
-- Installing: /home/rishabh/testinggit/TurtlesimGame/install/turtlesim_catch_interfaces/lib/libturtlesim_catch_interfaces__rosidl_typesupport_c.so
-- Set runtime path of "/home/rishabh/testinggit/TurtlesimGame/install/turtlesim_catch_interfaces/lib/libturtlesim_catch_interfaces__rosidl_typesupport_c.so" to ""
-- Up-to-date: /home/rishabh/testinggit/TurtlesimGame/install/turtlesim_catch_interfaces/include/turtlesim_catch_interfaces/turtlesim_catch_interfaces
-- Up-to-date: /home/rishabh/testinggit/TurtlesimGame/install/turtlesim_catch_interfaces/include/turtlesim_catch_interfaces/turtlesim_catch_interfaces/msg
-- Installing: /home/rishabh/testinggit/TurtlesimGame/install/turtlesim_catch_interfaces/include/turtlesim_catch_interfaces/turtlesim_catch_interfaces/msg/turtleinfoarray.hpp
-- Up-to-date: /home/rishabh/testinggit/TurtlesimGame/install/turtlesim_catch_interfaces/include/turtlesim_catch_interfaces/turtlesim_catch_interfaces/msg/detail
-- Installing: /home/rishabh/testinggit/TurtlesimGame/install/turtlesim_catch_interfaces/include/turtlesim_catch_interfaces/turtlesim_catch_interfaces/msg/detail/turtleinfo__builder.hpp
-- Installing: /home/rishabh/testinggit/TurtlesimGame/install/turtlesim_catch_interfaces/include/turtlesim_catch_interfaces/turtlesim_catch_interfaces/msg/detail/turtleinfoarray__struct.hpp
-- Installing: /home/rishabh/testinggit/TurtlesimGame/install/turtlesim_catch_interfaces/include/turtlesim_catch_interfaces/turtlesim_catch_interfaces/msg/detail/turtleinfo__struct.hpp
-- Installing: /home/rishabh/testinggit/TurtlesimGame/install/turtlesim_catch_interfaces/include/turtlesim_catch_interfaces/turtlesim_catch_interfaces/msg/detail/turtleinfo__traits.hpp
-- Installing: /home/rishabh/testinggit/TurtlesimGame/install/turtlesim_catch_interfaces/include/turtlesim_catch_interfaces/turtlesim_catch_interfaces/msg/detail/turtleinfoarray__traits.hpp
-- Installing: /home/rishabh/testinggit/TurtlesimGame/install/turtlesim_catch_interfaces/include/turtlesim_catch_interfaces/turtlesim_catch_interfaces/msg/detail/turtleinfoarray__builder.hpp
-- Installing: /home/rishabh/testinggit/TurtlesimGame/install/turtlesim_catch_interfaces/include/turtlesim_catch_interfaces/turtlesim_catch_interfaces/msg/turtleinfo.hpp
-- Up-to-date: /home/rishabh/testinggit/TurtlesimGame/install/turtlesim_catch_interfaces/include/turtlesim_catch_interfaces/turtlesim_catch_interfaces/srv
-- Installing: /home/rishabh/testinggit/TurtlesimGame/install/turtlesim_catch_interfaces/include/turtlesim_catch_interfaces/turtlesim_catch_interfaces/srv/target_turtle.hpp
-- Up-to-date: /home/rishabh/testinggit/TurtlesimGame/install/turtlesim_catch_interfaces/include/turtlesim_catch_interfaces/turtlesim_catch_interfaces/srv/detail
-- Installing: /home/rishabh/testinggit/TurtlesimGame/install/turtlesim_catch_interfaces/include/turtlesim_catch_interfaces/turtlesim_catch_interfaces/srv/detail/target_turtle__builder.hpp
-- Installing: /home/rishabh/testinggit/TurtlesimGame/install/turtlesim_catch_interfaces/include/turtlesim_catch_interfaces/turtlesim_catch_interfaces/srv/detail/target_turtle__traits.hpp
-- Installing: /home/rishabh/testinggit/TurtlesimGame/install/turtlesim_catch_interfaces/include/turtlesim_catch_interfaces/turtlesim_catch_interfaces/srv/detail/target_turtle__struct.hpp
-- Up-to-date: /home/rishabh/testinggit/TurtlesimGame/install/turtlesim_catch_interfaces/include/turtlesim_catch_interfaces/turtlesim_catch_interfaces
-- Up-to-date: /home/rishabh/testinggit/TurtlesimGame/install/turtlesim_catch_interfaces/include/turtlesim_catch_interfaces/turtlesim_catch_interfaces/msg
-- Up-to-date: /home/rishabh/testinggit/TurtlesimGame/install/turtlesim_catch_interfaces/include/turtlesim_catch_interfaces/turtlesim_catch_interfaces/msg/detail
-- Up-to-date: /home/rishabh/testinggit/TurtlesimGame/install/turtlesim_catch_interfaces/include/turtlesim_catch_interfaces/turtlesim_catch_interfaces/msg/detail/dds_fastrtps
-- Installing: /home/rishabh/testinggit/TurtlesimGame/install/turtlesim_catch_interfaces/include/turtlesim_catch_interfaces/turtlesim_catch_interfaces/msg/detail/turtleinfoarray__rosidl_typesupport_fastrtps_cpp.hpp
-- Installing: /home/rishabh/testinggit/TurtlesimGame/install/turtlesim_catch_interfaces/include/turtlesim_catch_interfaces/turtlesim_catch_interfaces/msg/detail/turtleinfo__rosidl_typesupport_fastrtps_cpp.hpp
-- Up-to-date: /home/rishabh/testinggit/TurtlesimGame/install/turtlesim_catch_interfaces/include/turtlesim_catch_interfaces/turtlesim_catch_interfaces/msg/rosidl_typesupport_fastrtps_cpp__visibility_control.h
-- Up-to-date: /home/rishabh/testinggit/TurtlesimGame/install/turtlesim_catch_interfaces/include/turtlesim_catch_interfaces/turtlesim_catch_interfaces/srv
-- Up-to-date: /home/rishabh/testinggit/TurtlesimGame/install/turtlesim_catch_interfaces/include/turtlesim_catch_interfaces/turtlesim_catch_interfaces/srv/detail
-- Installing: /home/rishabh/testinggit/TurtlesimGame/install/turtlesim_catch_interfaces/include/turtlesim_catch_interfaces/turtlesim_catch_interfaces/srv/detail/dds_fastrtps
-- Installing: /home/rishabh/testinggit/TurtlesimGame/install/turtlesim_catch_interfaces/include/turtlesim_catch_interfaces/turtlesim_catch_interfaces/srv/detail/target_turtle__rosidl_typesupport_fastrtps_cpp.hpp
-- Installing: /home/rishabh/testinggit/TurtlesimGame/install/turtlesim_catch_interfaces/lib/libturtlesim_catch_interfaces__rosidl_typesupport_fastrtps_cpp.so
-- Set runtime path of "/home/rishabh/testinggit/TurtlesimGame/install/turtlesim_catch_interfaces/lib/libturtlesim_catch_interfaces__rosidl_typesupport_fastrtps_cpp.so" to ""
-- Up-to-date: /home/rishabh/testinggit/TurtlesimGame/install/turtlesim_catch_interfaces/include/turtlesim_catch_interfaces/turtlesim_catch_interfaces
-- Up-to-date: /home/rishabh/testinggit/TurtlesimGame/install/turtlesim_catch_interfaces/include/turtlesim_catch_interfaces/turtlesim_catch_interfaces/msg
-- Up-to-date: /home/rishabh/testinggit/TurtlesimGame/install/turtlesim_catch_interfaces/include/turtlesim_catch_interfaces/turtlesim_catch_interfaces/msg/detail
-- Installing: /home/rishabh/testinggit/TurtlesimGame/install/turtlesim_catch_interfaces/include/turtlesim_catch_interfaces/turtlesim_catch_interfaces/msg/detail/turtleinfoarray__type_support.cpp
-- Installing: /home/rishabh/testinggit/TurtlesimGame/install/turtlesim_catch_interfaces/include/turtlesim_catch_interfaces/turtlesim_catch_interfaces/msg/detail/turtleinfo__type_support.cpp
-- Installing: /home/rishabh/testinggit/TurtlesimGame/install/turtlesim_catch_interfaces/include/turtlesim_catch_interfaces/turtlesim_catch_interfaces/msg/detail/turtleinfoarray__rosidl_typesupport_introspection_cpp.hpp
-- Installing: /home/rishabh/testinggit/TurtlesimGame/install/turtlesim_catch_interfaces/include/turtlesim_catch_interfaces/turtlesim_catch_interfaces/msg/detail/turtleinfo__rosidl_typesupport_introspection_cpp.hpp
-- Up-to-date: /home/rishabh/testinggit/TurtlesimGame/install/turtlesim_catch_interfaces/include/turtlesim_catch_interfaces/turtlesim_catch_interfaces/srv
-- Up-to-date: /home/rishabh/testinggit/TurtlesimGame/install/turtlesim_catch_interfaces/include/turtlesim_catch_interfaces/turtlesim_catch_interfaces/srv/detail
-- Installing: /home/rishabh/testinggit/TurtlesimGame/install/turtlesim_catch_interfaces/include/turtlesim_catch_interfaces/turtlesim_catch_interfaces/srv/detail/target_turtle__rosidl_typesupport_introspection_cpp.hpp
-- Installing: /home/rishabh/testinggit/TurtlesimGame/install/turtlesim_catch_interfaces/include/turtlesim_catch_interfaces/turtlesim_catch_interfaces/srv/detail/target_turtle__type_support.cpp
-- Installing: /home/rishabh/testinggit/TurtlesimGame/install/turtlesim_catch_interfaces/lib/libturtlesim_catch_interfaces__rosidl_typesupport_introspection_cpp.so
-- Set runtime path of "/home/rishabh/testinggit/TurtlesimGame/install/turtlesim_catch_interfaces/lib/libturtlesim_catch_interfaces__rosidl_typesupport_introspection_cpp.so" to ""
-- Installing: /home/rishabh/testinggit/TurtlesimGame/install/turtlesim_catch_interfaces/lib/libturtlesim_catch_interfaces__rosidl_typesupport_cpp.so
-- Set runtime path of "/home/rishabh/testinggit/TurtlesimGame/install/turtlesim_catch_interfaces/lib/libturtlesim_catch_interfaces__rosidl_typesupport_cpp.so" to ""
-- Up-to-date: /home/rishabh/testinggit/TurtlesimGame/install/turtlesim_catch_interfaces/share/turtlesim_catch_interfaces/environment/pythonpath.sh
-- Installing: /home/rishabh/testinggit/TurtlesimGame/install/turtlesim_catch_interfaces/share/turtlesim_catch_interfaces/environment/pythonpath.dsv
-- Up-to-date: /home/rishabh/testinggit/TurtlesimGame/install/turtlesim_catch_interfaces/local/lib/python3.10/dist-packages/turtlesim_catch_interfaces-0.0.0-py3.10.egg-info
-- Installing: /home/rishabh/testinggit/TurtlesimGame/install/turtlesim_catch_interfaces/local/lib/python3.10/dist-packages/turtlesim_catch_interfaces-0.0.0-py3.10.egg-info/dependency_links.txt
-- Installing: /home/rishabh/testinggit/TurtlesimGame/install/turtlesim_catch_interfaces/local/lib/python3.10/dist-packages/turtlesim_catch_interfaces-0.0.0-py3.10.egg-info/top_level.txt
-- Installing: /home/rishabh/testinggit/TurtlesimGame/install/turtlesim_catch_interfaces/local/lib/python3.10/dist-packages/turtlesim_catch_interfaces-0.0.0-py3.10.egg-info/PKG-INFO
-- Installing: /home/rishabh/testinggit/TurtlesimGame/install/turtlesim_catch_interfaces/local/lib/python3.10/dist-packages/turtlesim_catch_interfaces-0.0.0-py3.10.egg-info/SOURCES.txt
-- Up-to-date: /home/rishabh/testinggit/TurtlesimGame/install/turtlesim_catch_interfaces/local/lib/python3.10/dist-packages/turtlesim_catch_interfaces
-- Installing: /home/rishabh/testinggit/TurtlesimGame/install/turtlesim_catch_interfaces/local/lib/python3.10/dist-packages/turtlesim_catch_interfaces/turtlesim_catch_interfaces_s__rosidl_typesupport_c.cpython-310-x86_64-linux-gnu.so
-- Installing: /home/rishabh/testinggit/TurtlesimGame/install/turtlesim_catch_interfaces/local/lib/python3.10/dist-packages/turtlesim_catch_interfaces/libturtlesim_catch_interfaces__rosidl_generator_py.so
-- Installing: /home/rishabh/testinggit/TurtlesimGame/install/turtlesim_catch_interfaces/local/lib/python3.10/dist-packages/turtlesim_catch_interfaces/turtlesim_catch_interfaces_s__rosidl_typesupport_introspection_c.cpython-310-x86_64-linux-gnu.so
-- Installing: /home/rishabh/testinggit/TurtlesimGame/install/turtlesim_catch_interfaces/local/lib/python3.10/dist-packages/turtlesim_catch_interfaces/__init__.py
-- Installing: /home/rishabh/testinggit/TurtlesimGame/install/turtlesim_catch_interfaces/local/lib/python3.10/dist-packages/turtlesim_catch_interfaces/_turtlesim_catch_interfaces_s.ep.rosidl_typesupport_introspection_c.c
-- Installing: /home/rishabh/testinggit/TurtlesimGame/install/turtlesim_catch_interfaces/local/lib/python3.10/dist-packages/turtlesim_catch_interfaces/turtlesim_catch_interfaces_s__rosidl_typesupport_fastrtps_c.cpython-310-x86_64-linux-gnu.so
-- Installing: /home/rishabh/testinggit/TurtlesimGame/install/turtlesim_catch_interfaces/local/lib/python3.10/dist-packages/turtlesim_catch_interfaces/_turtlesim_catch_interfaces_s.ep.rosidl_typesupport_c.c
-- Up-to-date: /home/rishabh/testinggit/TurtlesimGame/install/turtlesim_catch_interfaces/local/lib/python3.10/dist-packages/turtlesim_catch_interfaces/msg
-- Installing: /home/rishabh/testinggit/TurtlesimGame/install/turtlesim_catch_interfaces/local/lib/python3.10/dist-packages/turtlesim_catch_interfaces/msg/_turtleinfo_s.c
-- Installing: /home/rishabh/testinggit/TurtlesimGame/install/turtlesim_catch_interfaces/local/lib/python3.10/dist-packages/turtlesim_catch_interfaces/msg/_turtleinfo.py
-- Installing: /home/rishabh/testinggit/TurtlesimGame/install/turtlesim_catch_interfaces/local/lib/python3.10/dist-packages/turtlesim_catch_interfaces/msg/__init__.py
-- Installing: /home/rishabh/testinggit/TurtlesimGame/install/turtlesim_catch_interfaces/local/lib/python3.10/dist-packages/turtlesim_catch_interfaces/msg/_turtleinfoarray_s.c
-- Installing: /home/rishabh/testinggit/TurtlesimGame/install/turtlesim_catch_interfaces/local/lib/python3.10/dist-packages/turtlesim_catch_interfaces/msg/_turtleinfoarray.py
-- Installing: /home/rishabh/testinggit/TurtlesimGame/install/turtlesim_catch_interfaces/local/lib/python3.10/dist-packages/turtlesim_catch_interfaces/srv
-- Installing: /home/rishabh/testinggit/TurtlesimGame/install/turtlesim_catch_interfaces/local/lib/python3.10/dist-packages/turtlesim_catch_interfaces/srv/__init__.py
-- Installing: /home/rishabh/testinggit/TurtlesimGame/install/turtlesim_catch_interfaces/local/lib/python3.10/dist-packages/turtlesim_catch_interfaces/srv/_target_turtle_s.c
-- Installing: /home/rishabh/testinggit/TurtlesimGame/install/turtlesim_catch_interfaces/local/lib/python3.10/dist-packages/turtlesim_catch_interfaces/srv/_target_turtle.py
-- Installing: /home/rishabh/testinggit/TurtlesimGame/install/turtlesim_catch_interfaces/local/lib/python3.10/dist-packages/turtlesim_catch_interfaces/_turtlesim_catch_interfaces_s.ep.rosidl_typesupport_fastrtps_c.c
Listing '/home/rishabh/testinggit/TurtlesimGame/install/turtlesim_catch_interfaces/local/lib/python3.10/dist-packages/turtlesim_catch_interfaces'...
Compiling '/home/rishabh/testinggit/TurtlesimGame/install/turtlesim_catch_interfaces/local/lib/python3.10/dist-packages/turtlesim_catch_interfaces/__init__.py'...
Listing '/home/rishabh/testinggit/TurtlesimGame/install/turtlesim_catch_interfaces/local/lib/python3.10/dist-packages/turtlesim_catch_interfaces/msg'...
Compiling '/home/rishabh/testinggit/TurtlesimGame/install/turtlesim_catch_interfaces/local/lib/python3.10/dist-packages/turtlesim_catch_interfaces/msg/__init__.py'...
Compiling '/home/rishabh/testinggit/TurtlesimGame/install/turtlesim_catch_interfaces/local/lib/python3.10/dist-packages/turtlesim_catch_interfaces/msg/_turtleinfo.py'...
Compiling '/home/rishabh/testinggit/TurtlesimGame/install/turtlesim_catch_interfaces/local/lib/python3.10/dist-packages/turtlesim_catch_interfaces/msg/_turtleinfoarray.py'...
Listing '/home/rishabh/testinggit/TurtlesimGame/install/turtlesim_catch_interfaces/local/lib/python3.10/dist-packages/turtlesim_catch_interfaces/srv'...
Compiling '/home/rishabh/testinggit/TurtlesimGame/install/turtlesim_catch_interfaces/local/lib/python3.10/dist-packages/turtlesim_catch_interfaces/srv/__init__.py'...
Compiling '/home/rishabh/testinggit/TurtlesimGame/install/turtlesim_catch_interfaces/local/lib/python3.10/dist-packages/turtlesim_catch_interfaces/srv/_target_turtle.py'...
-- Installing: /home/rishabh/testinggit/TurtlesimGame/install/turtlesim_catch_interfaces/local/lib/python3.10/dist-packages/turtlesim_catch_interfaces/turtlesim_catch_interfaces_s__rosidl_typesupport_fastrtps_c.cpython-310-x86_64-linux-gnu.so
-- Set runtime path of "/home/rishabh/testinggit/TurtlesimGame/install/turtlesim_catch_interfaces/local/lib/python3.10/dist-packages/turtlesim_catch_interfaces/turtlesim_catch_interfaces_s__rosidl_typesupport_fastrtps_c.cpython-310-x86_64-linux-gnu.so" to ""
-- Installing: /home/rishabh/testinggit/TurtlesimGame/install/turtlesim_catch_interfaces/local/lib/python3.10/dist-packages/turtlesim_catch_interfaces/turtlesim_catch_interfaces_s__rosidl_typesupport_introspection_c.cpython-310-x86_64-linux-gnu.so
-- Set runtime path of "/home/rishabh/testinggit/TurtlesimGame/install/turtlesim_catch_interfaces/local/lib/python3.10/dist-packages/turtlesim_catch_interfaces/turtlesim_catch_interfaces_s__rosidl_typesupport_introspection_c.cpython-310-x86_64-linux-gnu.so" to ""
-- Installing: /home/rishabh/testinggit/TurtlesimGame/install/turtlesim_catch_interfaces/local/lib/python3.10/dist-packages/turtlesim_catch_interfaces/turtlesim_catch_interfaces_s__rosidl_typesupport_c.cpython-310-x86_64-linux-gnu.so
-- Set runtime path of "/home/rishabh/testinggit/TurtlesimGame/install/turtlesim_catch_interfaces/local/lib/python3.10/dist-packages/turtlesim_catch_interfaces/turtlesim_catch_interfaces_s__rosidl_typesupport_c.cpython-310-x86_64-linux-gnu.so" to ""
-- Installing: /home/rishabh/testinggit/TurtlesimGame/install/turtlesim_catch_interfaces/lib/libturtlesim_catch_interfaces__rosidl_generator_py.so
-- Set runtime path of "/home/rishabh/testinggit/TurtlesimGame/install/turtlesim_catch_interfaces/lib/libturtlesim_catch_interfaces__rosidl_generator_py.so" to ""
-- Up-to-date: /home/rishabh/testinggit/TurtlesimGame/install/turtlesim_catch_interfaces/share/turtlesim_catch_interfaces/msg/Turtleinfo.idl
-- Up-to-date: /home/rishabh/testinggit/TurtlesimGame/install/turtlesim_catch_interfaces/share/turtlesim_catch_interfaces/msg/Turtleinfoarray.idl
-- Installing: /home/rishabh/testinggit/TurtlesimGame/install/turtlesim_catch_interfaces/share/turtlesim_catch_interfaces/srv/TargetTurtle.idl
-- Up-to-date: /home/rishabh/testinggit/TurtlesimGame/install/turtlesim_catch_interfaces/share/turtlesim_catch_interfaces/msg/Turtleinfo.msg
-- Up-to-date: /home/rishabh/testinggit/TurtlesimGame/install/turtlesim_catch_interfaces/share/turtlesim_catch_interfaces/msg/Turtleinfoarray.msg
-- Installing: /home/rishabh/testinggit/TurtlesimGame/install/turtlesim_catch_interfaces/share/turtlesim_catch_interfaces/srv/TargetTurtle.srv
-- Installing: /home/rishabh/testinggit/TurtlesimGame/install/turtlesim_catch_interfaces/share/turtlesim_catch_interfaces/srv/TargetTurtle_Request.msg
-- Installing: /home/rishabh/testinggit/TurtlesimGame/install/turtlesim_catch_interfaces/share/turtlesim_catch_interfaces/srv/TargetTurtle_Response.msg
-- Up-to-date: /home/rishabh/testinggit/TurtlesimGame/install/turtlesim_catch_interfaces/share/ament_index/resource_index/package_run_dependencies/turtlesim_catch_interfaces
-- Up-to-date: /home/rishabh/testinggit/TurtlesimGame/install/turtlesim_catch_interfaces/share/ament_index/resource_index/parent_prefix_path/turtlesim_catch_interfaces
-- Up-to-date: /home/rishabh/testinggit/TurtlesimGame/install/turtlesim_catch_interfaces/share/turtlesim_catch_interfaces/environment/ament_prefix_path.sh
-- Installing: /home/rishabh/testinggit/TurtlesimGame/install/turtlesim_catch_interfaces/share/turtlesim_catch_interfaces/environment/ament_prefix_path.dsv
-- Up-to-date: /home/rishabh/testinggit/TurtlesimGame/install/turtlesim_catch_interfaces/share/turtlesim_catch_interfaces/environment/path.sh
-- Installing: /home/rishabh/testinggit/TurtlesimGame/install/turtlesim_catch_interfaces/share/turtlesim_catch_interfaces/environment/path.dsv
-- Up-to-date: /home/rishabh/testinggit/TurtlesimGame/install/turtlesim_catch_interfaces/share/turtlesim_catch_interfaces/local_setup.bash
-- Up-to-date: /home/rishabh/testinggit/TurtlesimGame/install/turtlesim_catch_interfaces/share/turtlesim_catch_interfaces/local_setup.sh
-- Up-to-date: /home/rishabh/testinggit/TurtlesimGame/install/turtlesim_catch_interfaces/share/turtlesim_catch_interfaces/local_setup.zsh
-- Installing: /home/rishabh/testinggit/TurtlesimGame/install/turtlesim_catch_interfaces/share/turtlesim_catch_interfaces/local_setup.dsv
-- Installing: /home/rishabh/testinggit/TurtlesimGame/install/turtlesim_catch_interfaces/share/turtlesim_catch_interfaces/package.dsv
-- Up-to-date: /home/rishabh/testinggit/TurtlesimGame/install/turtlesim_catch_interfaces/share/ament_index/resource_index/packages/turtlesim_catch_interfaces
-- Up-to-date: /home/rishabh/testinggit/TurtlesimGame/install/turtlesim_catch_interfaces/share/turtlesim_catch_interfaces/cmake/export_turtlesim_catch_interfaces__rosidl_generator_cExport.cmake
-- Up-to-date: /home/rishabh/testinggit/TurtlesimGame/install/turtlesim_catch_interfaces/share/turtlesim_catch_interfaces/cmake/export_turtlesim_catch_interfaces__rosidl_generator_cExport-noconfig.cmake
-- Up-to-date: /home/rishabh/testinggit/TurtlesimGame/install/turtlesim_catch_interfaces/share/turtlesim_catch_interfaces/cmake/export_turtlesim_catch_interfaces__rosidl_typesupport_fastrtps_cExport.cmake
-- Up-to-date: /home/rishabh/testinggit/TurtlesimGame/install/turtlesim_catch_interfaces/share/turtlesim_catch_interfaces/cmake/export_turtlesim_catch_interfaces__rosidl_typesupport_fastrtps_cExport-noconfig.cmake
-- Up-to-date: /home/rishabh/testinggit/TurtlesimGame/install/turtlesim_catch_interfaces/share/turtlesim_catch_interfaces/cmake/turtlesim_catch_interfaces__rosidl_typesupport_introspection_cExport.cmake
-- Up-to-date: /home/rishabh/testinggit/TurtlesimGame/install/turtlesim_catch_interfaces/share/turtlesim_catch_interfaces/cmake/turtlesim_catch_interfaces__rosidl_typesupport_introspection_cExport-noconfig.cmake
-- Up-to-date: /home/rishabh/testinggit/TurtlesimGame/install/turtlesim_catch_interfaces/share/turtlesim_catch_interfaces/cmake/turtlesim_catch_interfaces__rosidl_typesupport_cExport.cmake
-- Up-to-date: /home/rishabh/testinggit/TurtlesimGame/install/turtlesim_catch_interfaces/share/turtlesim_catch_interfaces/cmake/turtlesim_catch_interfaces__rosidl_typesupport_cExport-noconfig.cmake
-- Up-to-date: /home/rishabh/testinggit/TurtlesimGame/install/turtlesim_catch_interfaces/share/turtlesim_catch_interfaces/cmake/export_turtlesim_catch_interfaces__rosidl_generator_cppExport.cmake
-- Up-to-date: /home/rishabh/testinggit/TurtlesimGame/install/turtlesim_catch_interfaces/share/turtlesim_catch_interfaces/cmake/export_turtlesim_catch_interfaces__rosidl_typesupport_fastrtps_cppExport.cmake
-- Up-to-date: /home/rishabh/testinggit/TurtlesimGame/install/turtlesim_catch_interfaces/share/turtlesim_catch_interfaces/cmake/export_turtlesim_catch_interfaces__rosidl_typesupport_fastrtps_cppExport-noconfig.cmake
-- Up-to-date: /home/rishabh/testinggit/TurtlesimGame/install/turtlesim_catch_interfaces/share/turtlesim_catch_interfaces/cmake/turtlesim_catch_interfaces__rosidl_typesupport_introspection_cppExport.cmake
-- Up-to-date: /home/rishabh/testinggit/TurtlesimGame/install/turtlesim_catch_interfaces/share/turtlesim_catch_interfaces/cmake/turtlesim_catch_interfaces__rosidl_typesupport_introspection_cppExport-noconfig.cmake
-- Up-to-date: /home/rishabh/testinggit/TurtlesimGame/install/turtlesim_catch_interfaces/share/turtlesim_catch_interfaces/cmake/turtlesim_catch_interfaces__rosidl_typesupport_cppExport.cmake
-- Up-to-date: /home/rishabh/testinggit/TurtlesimGame/install/turtlesim_catch_interfaces/share/turtlesim_catch_interfaces/cmake/turtlesim_catch_interfaces__rosidl_typesupport_cppExport-noconfig.cmake
-- Up-to-date: /home/rishabh/testinggit/TurtlesimGame/install/turtlesim_catch_interfaces/share/turtlesim_catch_interfaces/cmake/export_turtlesim_catch_interfaces__rosidl_generator_pyExport.cmake
-- Up-to-date: /home/rishabh/testinggit/TurtlesimGame/install/turtlesim_catch_interfaces/share/turtlesim_catch_interfaces/cmake/export_turtlesim_catch_interfaces__rosidl_generator_pyExport-noconfig.cmake
-- Installing: /home/rishabh/testinggit/TurtlesimGame/install/turtlesim_catch_interfaces/share/turtlesim_catch_interfaces/cmake/rosidl_cmake-extras.cmake
-- Up-to-date: /home/rishabh/testinggit/TurtlesimGame/install/turtlesim_catch_interfaces/share/turtlesim_catch_interfaces/cmake/ament_cmake_export_include_directories-extras.cmake
-- Up-to-date: /home/rishabh/testinggit/TurtlesimGame/install/turtlesim_catch_interfaces/share/turtlesim_catch_interfaces/cmake/ament_cmake_export_libraries-extras.cmake
-- Up-to-date: /home/rishabh/testinggit/TurtlesimGame/install/turtlesim_catch_interfaces/share/turtlesim_catch_interfaces/cmake/ament_cmake_export_targets-extras.cmake
-- Up-to-date: /home/rishabh/testinggit/TurtlesimGame/install/turtlesim_catch_interfaces/share/turtlesim_catch_interfaces/cmake/rosidl_cmake_export_typesupport_targets-extras.cmake
-- Up-to-date: /home/rishabh/testinggit/TurtlesimGame/install/turtlesim_catch_interfaces/share/turtlesim_catch_interfaces/cmake/ament_cmake_export_dependencies-extras.cmake
-- Up-to-date: /home/rishabh/testinggit/TurtlesimGame/install/turtlesim_catch_interfaces/share/turtlesim_catch_interfaces/cmake/rosidl_cmake_export_typesupport_libraries-extras.cmake
-- Up-to-date: /home/rishabh/testinggit/TurtlesimGame/install/turtlesim_catch_interfaces/share/turtlesim_catch_interfaces/cmake/turtlesim_catch_interfacesConfig.cmake
-- Up-to-date: /home/rishabh/testinggit/TurtlesimGame/install/turtlesim_catch_interfaces/share/turtlesim_catch_interfaces/cmake/turtlesim_catch_interfacesConfig-version.cmake
-- Up-to-date: /home/rishabh/testinggit/TurtlesimGame/install/turtlesim_catch_interfaces/share/turtlesim_catch_interfaces/package.xml
