[0.006s] Invoking command in '/home/rishabh/testinggit/TurtlesimGame/build/turtlesim_catch_interfaces': CMAKE_PREFIX_PATH=${CMAKE_PREFIX_PATH}:/home/rishabh/testinggit/TurtlesimGame/install/turtlesim_catch:/home/rishabh/ros2_ws/install/percepto_planner:/opt/ros/humble /usr/bin/cmake --build /home/rishabh/testinggit/TurtlesimGame/build/turtlesim_catch_interfaces -- -j20 -l20
[0.024s] -- Found ament_cmake: 1.3.9 (/opt/ros/humble/share/ament_cmake/cmake)
[0.110s] -- Found rosidl_default_generators: 1.2.0 (/opt/ros/humble/share/rosidl_default_generators/cmake)
[0.113s] -- Using all available rosidl_typesupport_c: rosidl_typesupport_fastrtps_c;rosidl_typesupport_introspection_c
[0.115s] -- Found rosidl_adapter: 3.1.5 (/opt/ros/humble/share/rosidl_adapter/cmake)
[0.142s] -- Using all available rosidl_typesupport_cpp: rosidl_typesupport_fastrtps_cpp;rosidl_typesupport_introspection_cpp
[0.303s] -- Found ament_cmake_ros: 0.10.0 (/opt/ros/humble/share/ament_cmake_ros/cmake)
[0.409s] -- Using all available rosidl_typesupport_c: rosidl_typesupport_fastrtps_c;rosidl_typesupport_introspection_c
[0.540s] -- Using all available rosidl_typesupport_cpp: rosidl_typesupport_fastrtps_cpp;rosidl_typesupport_introspection_cpp
[0.553s] -- Found python_cmake_module: 0.10.0 (/opt/ros/humble/share/python_cmake_module/cmake)
[0.567s] -- Using PYTHON_EXECUTABLE: /usr/bin/python3
[0.567s] -- Using PYTHON_INCLUDE_DIRS: /usr/include/python3.10
[0.567s] -- Using PYTHON_LIBRARIES: /usr/lib/x86_64-linux-gnu/libpython3.10.so
[0.582s] -- Configuring done
[0.602s] -- Generating done
[0.603s] -- Build files have been written to: /home/rishabh/testinggit/TurtlesimGame/build/turtlesim_catch_interfaces
[0.618s] [  2%] [34m[1mGenerating C code for ROS interfaces[0m
[0.623s] [  4%] [34m[1mGenerating C++ code for ROS interfaces[0m
[0.628s] [  4%] Built target ament_cmake_python_copy_turtlesim_catch_interfaces
[0.774s] running egg_info
[0.774s] writing turtlesim_catch_interfaces.egg-info/PKG-INFO
[0.774s] writing dependency_links to turtlesim_catch_interfaces.egg-info/dependency_links.txt
[0.774s] writing top-level names to turtlesim_catch_interfaces.egg-info/top_level.txt
[0.776s] reading manifest file 'turtlesim_catch_interfaces.egg-info/SOURCES.txt'
[0.776s] writing manifest file 'turtlesim_catch_interfaces.egg-info/SOURCES.txt'
[0.792s] [  4%] Built target ament_cmake_python_build_turtlesim_catch_interfaces_egg
[0.818s] [  4%] Built target turtlesim_catch_interfaces__cpp
[0.823s] [35m[1mConsolidate compiler generated dependencies of target turtlesim_catch_interfaces__rosidl_generator_c[0m
[0.824s] [  6%] [34m[1mGenerating C++ type support for eProsima Fast-RTPS[0m
[0.824s] [  8%] [34m[1mGenerating C++ introspection for ROS interfaces[0m
[0.824s] [ 10%] [34m[1mGenerating C++ type support dispatch for ROS interfaces[0m
[0.830s] [ 14%] [32mBuilding C object CMakeFiles/turtlesim_catch_interfaces__rosidl_generator_c.dir/rosidl_generator_c/turtlesim_catch_interfaces/msg/detail/turtleinfo__functions.c.o[0m
[0.830s] [ 14%] [32mBuilding C object CMakeFiles/turtlesim_catch_interfaces__rosidl_generator_c.dir/rosidl_generator_c/turtlesim_catch_interfaces/msg/detail/turtleinfoarray__functions.c.o[0m
[0.830s] [ 17%] [32mBuilding C object CMakeFiles/turtlesim_catch_interfaces__rosidl_generator_c.dir/rosidl_generator_c/turtlesim_catch_interfaces/srv/detail/target_turtle__functions.c.o[0m
[0.880s] [ 19%] [32m[1mLinking C shared library libturtlesim_catch_interfaces__rosidl_generator_c.so[0m
[0.910s] [ 19%] Built target turtlesim_catch_interfaces__rosidl_generator_c
[0.917s] [ 21%] [34m[1mGenerating C introspection for ROS interfaces[0m
[0.917s] [ 23%] [34m[1mGenerating C type support dispatch for ROS interfaces[0m
[0.917s] [ 25%] [34m[1mGenerating C type support for eProsima Fast-RTPS[0m
[1.006s] [35m[1mConsolidate compiler generated dependencies of target turtlesim_catch_interfaces__rosidl_typesupport_cpp[0m
[1.016s] [ 27%] [32mBuilding CXX object CMakeFiles/turtlesim_catch_interfaces__rosidl_typesupport_cpp.dir/rosidl_typesupport_cpp/turtlesim_catch_interfaces/srv/target_turtle__type_support.cpp.o[0m
[1.018s] [ 29%] [32mBuilding CXX object CMakeFiles/turtlesim_catch_interfaces__rosidl_typesupport_cpp.dir/rosidl_typesupport_cpp/turtlesim_catch_interfaces/msg/turtleinfo__type_support.cpp.o[0m
[1.018s] [ 31%] [32mBuilding CXX object CMakeFiles/turtlesim_catch_interfaces__rosidl_typesupport_cpp.dir/rosidl_typesupport_cpp/turtlesim_catch_interfaces/msg/turtleinfoarray__type_support.cpp.o[0m
[1.038s] [35m[1mConsolidate compiler generated dependencies of target turtlesim_catch_interfaces__rosidl_typesupport_introspection_cpp[0m
[1.043s] [35m[1mConsolidate compiler generated dependencies of target turtlesim_catch_interfaces__rosidl_typesupport_fastrtps_cpp[0m
[1.048s] [ 34%] [32mBuilding CXX object CMakeFiles/turtlesim_catch_interfaces__rosidl_typesupport_introspection_cpp.dir/rosidl_typesupport_introspection_cpp/turtlesim_catch_interfaces/srv/detail/target_turtle__type_support.cpp.o[0m
[1.048s] [ 36%] [32mBuilding CXX object CMakeFiles/turtlesim_catch_interfaces__rosidl_typesupport_introspection_cpp.dir/rosidl_typesupport_introspection_cpp/turtlesim_catch_interfaces/msg/detail/turtleinfoarray__type_support.cpp.o[0m
[1.050s] [ 38%] [32mBuilding CXX object CMakeFiles/turtlesim_catch_interfaces__rosidl_typesupport_introspection_cpp.dir/rosidl_typesupport_introspection_cpp/turtlesim_catch_interfaces/msg/detail/turtleinfo__type_support.cpp.o[0m
[1.055s] [ 42%] [32mBuilding CXX object CMakeFiles/turtlesim_catch_interfaces__rosidl_typesupport_fastrtps_cpp.dir/rosidl_typesupport_fastrtps_cpp/turtlesim_catch_interfaces/msg/detail/dds_fastrtps/turtleinfoarray__type_support.cpp.o[0m
[1.055s] [ 42%] [32mBuilding CXX object CMakeFiles/turtlesim_catch_interfaces__rosidl_typesupport_fastrtps_cpp.dir/rosidl_typesupport_fastrtps_cpp/turtlesim_catch_interfaces/msg/detail/dds_fastrtps/turtleinfo__type_support.cpp.o[0m
[1.055s] [ 44%] [32mBuilding CXX object CMakeFiles/turtlesim_catch_interfaces__rosidl_typesupport_fastrtps_cpp.dir/rosidl_typesupport_fastrtps_cpp/turtlesim_catch_interfaces/srv/detail/dds_fastrtps/target_turtle__type_support.cpp.o[0m
[1.113s] [35m[1mConsolidate compiler generated dependencies of target turtlesim_catch_interfaces__rosidl_typesupport_c[0m
[1.121s] [ 46%] [32mBuilding CXX object CMakeFiles/turtlesim_catch_interfaces__rosidl_typesupport_c.dir/rosidl_typesupport_c/turtlesim_catch_interfaces/msg/turtleinfo__type_support.cpp.o[0m
[1.122s] [ 51%] [32mBuilding CXX object CMakeFiles/turtlesim_catch_interfaces__rosidl_typesupport_c.dir/rosidl_typesupport_c/turtlesim_catch_interfaces/srv/target_turtle__type_support.cpp.o[0m
[1.122s] [ 51%] [32mBuilding CXX object CMakeFiles/turtlesim_catch_interfaces__rosidl_typesupport_c.dir/rosidl_typesupport_c/turtlesim_catch_interfaces/msg/turtleinfoarray__type_support.cpp.o[0m
[1.152s] [ 53%] [32m[1mLinking CXX shared library libturtlesim_catch_interfaces__rosidl_typesupport_c.so[0m
[1.152s] [35m[1mConsolidate compiler generated dependencies of target turtlesim_catch_interfaces__rosidl_typesupport_introspection_c[0m
[1.162s] [ 57%] [32mBuilding C object CMakeFiles/turtlesim_catch_interfaces__rosidl_typesupport_introspection_c.dir/rosidl_typesupport_introspection_c/turtlesim_catch_interfaces/msg/detail/turtleinfoarray__type_support.c.o[0m
[1.162s] [ 57%] [32mBuilding C object CMakeFiles/turtlesim_catch_interfaces__rosidl_typesupport_introspection_c.dir/rosidl_typesupport_introspection_c/turtlesim_catch_interfaces/msg/detail/turtleinfo__type_support.c.o[0m
[1.165s] [ 59%] [32mBuilding C object CMakeFiles/turtlesim_catch_interfaces__rosidl_typesupport_introspection_c.dir/rosidl_typesupport_introspection_c/turtlesim_catch_interfaces/srv/detail/target_turtle__type_support.c.o[0m
[1.188s] [ 59%] Built target turtlesim_catch_interfaces__rosidl_typesupport_c
[1.203s] [35m[1mConsolidate compiler generated dependencies of target turtlesim_catch_interfaces__rosidl_typesupport_fastrtps_c[0m
[1.204s] [ 61%] [32m[1mLinking C shared library libturtlesim_catch_interfaces__rosidl_typesupport_introspection_c.so[0m
[1.214s] [ 63%] [32mBuilding CXX object CMakeFiles/turtlesim_catch_interfaces__rosidl_typesupport_fastrtps_c.dir/rosidl_typesupport_fastrtps_c/turtlesim_catch_interfaces/msg/detail/turtleinfo__type_support_c.cpp.o[0m
[1.215s] [ 65%] [32mBuilding CXX object CMakeFiles/turtlesim_catch_interfaces__rosidl_typesupport_fastrtps_c.dir/rosidl_typesupport_fastrtps_c/turtlesim_catch_interfaces/msg/detail/turtleinfoarray__type_support_c.cpp.o[0m
[1.216s] [ 68%] [32mBuilding CXX object CMakeFiles/turtlesim_catch_interfaces__rosidl_typesupport_fastrtps_c.dir/rosidl_typesupport_fastrtps_c/turtlesim_catch_interfaces/srv/detail/target_turtle__type_support_c.cpp.o[0m
[1.235s] [ 68%] Built target turtlesim_catch_interfaces__rosidl_typesupport_introspection_c
[1.393s] [ 70%] [32m[1mLinking CXX shared library libturtlesim_catch_interfaces__rosidl_typesupport_cpp.so[0m
[1.413s] [ 72%] [32m[1mLinking CXX shared library libturtlesim_catch_interfaces__rosidl_typesupport_fastrtps_cpp.so[0m
[1.434s] [ 72%] Built target turtlesim_catch_interfaces__rosidl_typesupport_cpp
[1.468s] [ 72%] Built target turtlesim_catch_interfaces__rosidl_typesupport_fastrtps_cpp
[1.498s] [ 74%] [32m[1mLinking CXX shared library libturtlesim_catch_interfaces__rosidl_typesupport_introspection_cpp.so[0m
[1.515s] [ 76%] [32m[1mLinking CXX shared library libturtlesim_catch_interfaces__rosidl_typesupport_fastrtps_c.so[0m
[1.538s] [ 76%] Built target turtlesim_catch_interfaces__rosidl_typesupport_introspection_cpp
[1.554s] [ 76%] Built target turtlesim_catch_interfaces__rosidl_typesupport_fastrtps_c
[1.565s] [ 76%] Built target turtlesim_catch_interfaces
[1.576s] [ 78%] [34m[1mGenerating Python code for ROS interfaces[0m
[1.831s] [ 78%] Built target turtlesim_catch_interfaces__py
[1.838s] [35m[1mConsolidate compiler generated dependencies of target turtlesim_catch_interfaces__rosidl_generator_py[0m
[1.846s] [ 85%] [32mBuilding C object CMakeFiles/turtlesim_catch_interfaces__rosidl_generator_py.dir/rosidl_generator_py/turtlesim_catch_interfaces/srv/_target_turtle_s.c.o[0m
[1.846s] [ 85%] [32mBuilding C object CMakeFiles/turtlesim_catch_interfaces__rosidl_generator_py.dir/rosidl_generator_py/turtlesim_catch_interfaces/msg/_turtleinfoarray_s.c.o[0m
[1.846s] [ 85%] [32mBuilding C object CMakeFiles/turtlesim_catch_interfaces__rosidl_generator_py.dir/rosidl_generator_py/turtlesim_catch_interfaces/msg/_turtleinfo_s.c.o[0m
[1.932s] [ 87%] [32m[1mLinking C shared library rosidl_generator_py/turtlesim_catch_interfaces/libturtlesim_catch_interfaces__rosidl_generator_py.so[0m
[1.956s] [ 87%] Built target turtlesim_catch_interfaces__rosidl_generator_py
[1.963s] [35m[1mConsolidate compiler generated dependencies of target turtlesim_catch_interfaces__rosidl_typesupport_c__pyext[0m
[1.963s] [35m[1mConsolidate compiler generated dependencies of target turtlesim_catch_interfaces__rosidl_typesupport_introspection_c__pyext[0m
[1.963s] [35m[1mConsolidate compiler generated dependencies of target turtlesim_catch_interfaces__rosidl_typesupport_fastrtps_c__pyext[0m
[1.970s] [ 93%] [32mBuilding C object CMakeFiles/turtlesim_catch_interfaces__rosidl_typesupport_introspection_c__pyext.dir/rosidl_generator_py/turtlesim_catch_interfaces/_turtlesim_catch_interfaces_s.ep.rosidl_typesupport_introspection_c.c.o[0m
[1.970s] [ 93%] [32mBuilding C object CMakeFiles/turtlesim_catch_interfaces__rosidl_typesupport_fastrtps_c__pyext.dir/rosidl_generator_py/turtlesim_catch_interfaces/_turtlesim_catch_interfaces_s.ep.rosidl_typesupport_fastrtps_c.c.o[0m
[1.970s] [ 93%] [32mBuilding C object CMakeFiles/turtlesim_catch_interfaces__rosidl_typesupport_c__pyext.dir/rosidl_generator_py/turtlesim_catch_interfaces/_turtlesim_catch_interfaces_s.ep.rosidl_typesupport_c.c.o[0m
[2.028s] [ 95%] [32m[1mLinking C shared library rosidl_generator_py/turtlesim_catch_interfaces/turtlesim_catch_interfaces_s__rosidl_typesupport_c.cpython-310-x86_64-linux-gnu.so[0m
[2.028s] [ 97%] [32m[1mLinking C shared library rosidl_generator_py/turtlesim_catch_interfaces/turtlesim_catch_interfaces_s__rosidl_typesupport_introspection_c.cpython-310-x86_64-linux-gnu.so[0m
[2.030s] [100%] [32m[1mLinking C shared library rosidl_generator_py/turtlesim_catch_interfaces/turtlesim_catch_interfaces_s__rosidl_typesupport_fastrtps_c.cpython-310-x86_64-linux-gnu.so[0m
[2.049s] [100%] Built target turtlesim_catch_interfaces__rosidl_typesupport_introspection_c__pyext
[2.049s] [100%] Built target turtlesim_catch_interfaces__rosidl_typesupport_c__pyext
[2.050s] [100%] Built target turtlesim_catch_interfaces__rosidl_typesupport_fastrtps_c__pyext
[2.058s] Invoked command in '/home/rishabh/testinggit/TurtlesimGame/build/turtlesim_catch_interfaces' returned '0': CMAKE_PREFIX_PATH=${CMAKE_PREFIX_PATH}:/home/rishabh/testinggit/TurtlesimGame/install/turtlesim_catch:/home/rishabh/ros2_ws/install/percepto_planner:/opt/ros/humble /usr/bin/cmake --build /home/rishabh/testinggit/TurtlesimGame/build/turtlesim_catch_interfaces -- -j20 -l20
[2.116s] Invoking command in '/home/rishabh/testinggit/TurtlesimGame/build/turtlesim_catch_interfaces': CMAKE_PREFIX_PATH=${CMAKE_PREFIX_PATH}:/home/rishabh/testinggit/TurtlesimGame/install/turtlesim_catch:/home/rishabh/ros2_ws/install/percepto_planner:/opt/ros/humble /usr/bin/cmake --install /home/rishabh/testinggit/TurtlesimGame/build/turtlesim_catch_interfaces
[2.120s] -- Install configuration: ""
[2.120s] -- Installing: /home/rishabh/testinggit/TurtlesimGame/install/turtlesim_catch_interfaces/share/ament_index/resource_index/rosidl_interfaces/turtlesim_catch_interfaces
[2.120s] -- Up-to-date: /home/rishabh/testinggit/TurtlesimGame/install/turtlesim_catch_interfaces/include/turtlesim_catch_interfaces/turtlesim_catch_interfaces
[2.120s] -- Up-to-date: /home/rishabh/testinggit/TurtlesimGame/install/turtlesim_catch_interfaces/include/turtlesim_catch_interfaces/turtlesim_catch_interfaces/msg
[2.120s] -- Up-to-date: /home/rishabh/testinggit/TurtlesimGame/install/turtlesim_catch_interfaces/include/turtlesim_catch_interfaces/turtlesim_catch_interfaces/msg/detail
[2.120s] -- Installing: /home/rishabh/testinggit/TurtlesimGame/install/turtlesim_catch_interfaces/include/turtlesim_catch_interfaces/turtlesim_catch_interfaces/msg/detail/turtleinfoarray__type_support.h
[2.121s] -- Installing: /home/rishabh/testinggit/TurtlesimGame/install/turtlesim_catch_interfaces/include/turtlesim_catch_interfaces/turtlesim_catch_interfaces/msg/detail/turtleinfoarray__struct.h
[2.121s] -- Installing: /home/rishabh/testinggit/TurtlesimGame/install/turtlesim_catch_interfaces/include/turtlesim_catch_interfaces/turtlesim_catch_interfaces/msg/detail/turtleinfo__functions.h
[2.121s] -- Installing: /home/rishabh/testinggit/TurtlesimGame/install/turtlesim_catch_interfaces/include/turtlesim_catch_interfaces/turtlesim_catch_interfaces/msg/detail/turtleinfoarray__functions.h
[2.121s] -- Installing: /home/rishabh/testinggit/TurtlesimGame/install/turtlesim_catch_interfaces/include/turtlesim_catch_interfaces/turtlesim_catch_interfaces/msg/detail/turtleinfo__struct.h
[2.121s] -- Installing: /home/rishabh/testinggit/TurtlesimGame/install/turtlesim_catch_interfaces/include/turtlesim_catch_interfaces/turtlesim_catch_interfaces/msg/detail/turtleinfo__functions.c
[2.121s] -- Installing: /home/rishabh/testinggit/TurtlesimGame/install/turtlesim_catch_interfaces/include/turtlesim_catch_interfaces/turtlesim_catch_interfaces/msg/detail/turtleinfoarray__functions.c
[2.121s] -- Installing: /home/rishabh/testinggit/TurtlesimGame/install/turtlesim_catch_interfaces/include/turtlesim_catch_interfaces/turtlesim_catch_interfaces/msg/detail/turtleinfo__type_support.h
[2.121s] -- Installing: /home/rishabh/testinggit/TurtlesimGame/install/turtlesim_catch_interfaces/include/turtlesim_catch_interfaces/turtlesim_catch_interfaces/msg/turtleinfo.h
[2.121s] -- Up-to-date: /home/rishabh/testinggit/TurtlesimGame/install/turtlesim_catch_interfaces/include/turtlesim_catch_interfaces/turtlesim_catch_interfaces/msg/rosidl_generator_c__visibility_control.h
[2.121s] -- Installing: /home/rishabh/testinggit/TurtlesimGame/install/turtlesim_catch_interfaces/include/turtlesim_catch_interfaces/turtlesim_catch_interfaces/msg/turtleinfoarray.h
[2.122s] -- Installing: /home/rishabh/testinggit/TurtlesimGame/install/turtlesim_catch_interfaces/include/turtlesim_catch_interfaces/turtlesim_catch_interfaces/srv
[2.122s] -- Installing: /home/rishabh/testinggit/TurtlesimGame/install/turtlesim_catch_interfaces/include/turtlesim_catch_interfaces/turtlesim_catch_interfaces/srv/target_turtle.h
[2.122s] -- Installing: /home/rishabh/testinggit/TurtlesimGame/install/turtlesim_catch_interfaces/include/turtlesim_catch_interfaces/turtlesim_catch_interfaces/srv/detail
[2.122s] -- Installing: /home/rishabh/testinggit/TurtlesimGame/install/turtlesim_catch_interfaces/include/turtlesim_catch_interfaces/turtlesim_catch_interfaces/srv/detail/target_turtle__functions.c
[2.122s] -- Installing: /home/rishabh/testinggit/TurtlesimGame/install/turtlesim_catch_interfaces/include/turtlesim_catch_interfaces/turtlesim_catch_interfaces/srv/detail/target_turtle__functions.h
[2.122s] -- Installing: /home/rishabh/testinggit/TurtlesimGame/install/turtlesim_catch_interfaces/include/turtlesim_catch_interfaces/turtlesim_catch_interfaces/srv/detail/target_turtle__type_support.h
[2.122s] -- Installing: /home/rishabh/testinggit/TurtlesimGame/install/turtlesim_catch_interfaces/include/turtlesim_catch_interfaces/turtlesim_catch_interfaces/srv/detail/target_turtle__struct.h
[2.122s] -- Up-to-date: /home/rishabh/testinggit/TurtlesimGame/install/turtlesim_catch_interfaces/share/turtlesim_catch_interfaces/environment/library_path.sh
[2.122s] -- Installing: /home/rishabh/testinggit/TurtlesimGame/install/turtlesim_catch_interfaces/share/turtlesim_catch_interfaces/environment/library_path.dsv
[2.122s] -- Installing: /home/rishabh/testinggit/TurtlesimGame/install/turtlesim_catch_interfaces/lib/libturtlesim_catch_interfaces__rosidl_generator_c.so
[2.122s] -- Set runtime path of "/home/rishabh/testinggit/TurtlesimGame/install/turtlesim_catch_interfaces/lib/libturtlesim_catch_interfaces__rosidl_generator_c.so" to ""
[2.122s] -- Up-to-date: /home/rishabh/testinggit/TurtlesimGame/install/turtlesim_catch_interfaces/include/turtlesim_catch_interfaces/turtlesim_catch_interfaces
[2.122s] -- Up-to-date: /home/rishabh/testinggit/TurtlesimGame/install/turtlesim_catch_interfaces/include/turtlesim_catch_interfaces/turtlesim_catch_interfaces/msg
[2.123s] -- Up-to-date: /home/rishabh/testinggit/TurtlesimGame/install/turtlesim_catch_interfaces/include/turtlesim_catch_interfaces/turtlesim_catch_interfaces/msg/rosidl_typesupport_fastrtps_c__visibility_control.h
[2.123s] -- Up-to-date: /home/rishabh/testinggit/TurtlesimGame/install/turtlesim_catch_interfaces/include/turtlesim_catch_interfaces/turtlesim_catch_interfaces/msg/detail
[2.123s] -- Installing: /home/rishabh/testinggit/TurtlesimGame/install/turtlesim_catch_interfaces/include/turtlesim_catch_interfaces/turtlesim_catch_interfaces/msg/detail/turtleinfoarray__rosidl_typesupport_fastrtps_c.h
[2.123s] -- Installing: /home/rishabh/testinggit/TurtlesimGame/install/turtlesim_catch_interfaces/include/turtlesim_catch_interfaces/turtlesim_catch_interfaces/msg/detail/turtleinfo__rosidl_typesupport_fastrtps_c.h
[2.123s] -- Up-to-date: /home/rishabh/testinggit/TurtlesimGame/install/turtlesim_catch_interfaces/include/turtlesim_catch_interfaces/turtlesim_catch_interfaces/srv
[2.123s] -- Up-to-date: /home/rishabh/testinggit/TurtlesimGame/install/turtlesim_catch_interfaces/include/turtlesim_catch_interfaces/turtlesim_catch_interfaces/srv/detail
[2.123s] -- Installing: /home/rishabh/testinggit/TurtlesimGame/install/turtlesim_catch_interfaces/include/turtlesim_catch_interfaces/turtlesim_catch_interfaces/srv/detail/target_turtle__rosidl_typesupport_fastrtps_c.h
[2.123s] -- Installing: /home/rishabh/testinggit/TurtlesimGame/install/turtlesim_catch_interfaces/lib/libturtlesim_catch_interfaces__rosidl_typesupport_fastrtps_c.so
[2.123s] -- Set runtime path of "/home/rishabh/testinggit/TurtlesimGame/install/turtlesim_catch_interfaces/lib/libturtlesim_catch_interfaces__rosidl_typesupport_fastrtps_c.so" to ""
[2.123s] -- Up-to-date: /home/rishabh/testinggit/TurtlesimGame/install/turtlesim_catch_interfaces/include/turtlesim_catch_interfaces/turtlesim_catch_interfaces
[2.123s] -- Up-to-date: /home/rishabh/testinggit/TurtlesimGame/install/turtlesim_catch_interfaces/include/turtlesim_catch_interfaces/turtlesim_catch_interfaces/msg
[2.123s] -- Up-to-date: /home/rishabh/testinggit/TurtlesimGame/install/turtlesim_catch_interfaces/include/turtlesim_catch_interfaces/turtlesim_catch_interfaces/msg/detail
[2.123s] -- Installing: /home/rishabh/testinggit/TurtlesimGame/install/turtlesim_catch_interfaces/include/turtlesim_catch_interfaces/turtlesim_catch_interfaces/msg/detail/turtleinfo__rosidl_typesupport_introspection_c.h
[2.123s] -- Installing: /home/rishabh/testinggit/TurtlesimGame/install/turtlesim_catch_interfaces/include/turtlesim_catch_interfaces/turtlesim_catch_interfaces/msg/detail/turtleinfo__type_support.c
[2.124s] -- Installing: /home/rishabh/testinggit/TurtlesimGame/install/turtlesim_catch_interfaces/include/turtlesim_catch_interfaces/turtlesim_catch_interfaces/msg/detail/turtleinfoarray__rosidl_typesupport_introspection_c.h
[2.124s] -- Installing: /home/rishabh/testinggit/TurtlesimGame/install/turtlesim_catch_interfaces/include/turtlesim_catch_interfaces/turtlesim_catch_interfaces/msg/detail/turtleinfoarray__type_support.c
[2.124s] -- Up-to-date: /home/rishabh/testinggit/TurtlesimGame/install/turtlesim_catch_interfaces/include/turtlesim_catch_interfaces/turtlesim_catch_interfaces/msg/rosidl_typesupport_introspection_c__visibility_control.h
[2.124s] -- Up-to-date: /home/rishabh/testinggit/TurtlesimGame/install/turtlesim_catch_interfaces/include/turtlesim_catch_interfaces/turtlesim_catch_interfaces/srv
[2.124s] -- Up-to-date: /home/rishabh/testinggit/TurtlesimGame/install/turtlesim_catch_interfaces/include/turtlesim_catch_interfaces/turtlesim_catch_interfaces/srv/detail
[2.124s] -- Installing: /home/rishabh/testinggit/TurtlesimGame/install/turtlesim_catch_interfaces/include/turtlesim_catch_interfaces/turtlesim_catch_interfaces/srv/detail/target_turtle__rosidl_typesupport_introspection_c.h
[2.124s] -- Installing: /home/rishabh/testinggit/TurtlesimGame/install/turtlesim_catch_interfaces/include/turtlesim_catch_interfaces/turtlesim_catch_interfaces/srv/detail/target_turtle__type_support.c
[2.124s] -- Installing: /home/rishabh/testinggit/TurtlesimGame/install/turtlesim_catch_interfaces/lib/libturtlesim_catch_interfaces__rosidl_typesupport_introspection_c.so
[2.124s] -- Set runtime path of "/home/rishabh/testinggit/TurtlesimGame/install/turtlesim_catch_interfaces/lib/libturtlesim_catch_interfaces__rosidl_typesupport_introspection_c.so" to ""
[2.124s] -- Installing: /home/rishabh/testinggit/TurtlesimGame/install/turtlesim_catch_interfaces/lib/libturtlesim_catch_interfaces__rosidl_typesupport_c.so
[2.124s] -- Set runtime path of "/home/rishabh/testinggit/TurtlesimGame/install/turtlesim_catch_interfaces/lib/libturtlesim_catch_interfaces__rosidl_typesupport_c.so" to ""
[2.124s] -- Up-to-date: /home/rishabh/testinggit/TurtlesimGame/install/turtlesim_catch_interfaces/include/turtlesim_catch_interfaces/turtlesim_catch_interfaces
[2.124s] -- Up-to-date: /home/rishabh/testinggit/TurtlesimGame/install/turtlesim_catch_interfaces/include/turtlesim_catch_interfaces/turtlesim_catch_interfaces/msg
[2.124s] -- Installing: /home/rishabh/testinggit/TurtlesimGame/install/turtlesim_catch_interfaces/include/turtlesim_catch_interfaces/turtlesim_catch_interfaces/msg/turtleinfoarray.hpp
[2.124s] -- Up-to-date: /home/rishabh/testinggit/TurtlesimGame/install/turtlesim_catch_interfaces/include/turtlesim_catch_interfaces/turtlesim_catch_interfaces/msg/detail
[2.124s] -- Installing: /home/rishabh/testinggit/TurtlesimGame/install/turtlesim_catch_interfaces/include/turtlesim_catch_interfaces/turtlesim_catch_interfaces/msg/detail/turtleinfo__builder.hpp
[2.125s] -- Installing: /home/rishabh/testinggit/TurtlesimGame/install/turtlesim_catch_interfaces/include/turtlesim_catch_interfaces/turtlesim_catch_interfaces/msg/detail/turtleinfoarray__struct.hpp
[2.125s] -- Installing: /home/rishabh/testinggit/TurtlesimGame/install/turtlesim_catch_interfaces/include/turtlesim_catch_interfaces/turtlesim_catch_interfaces/msg/detail/turtleinfo__struct.hpp
[2.125s] -- Installing: /home/rishabh/testinggit/TurtlesimGame/install/turtlesim_catch_interfaces/include/turtlesim_catch_interfaces/turtlesim_catch_interfaces/msg/detail/turtleinfo__traits.hpp
[2.125s] -- Installing: /home/rishabh/testinggit/TurtlesimGame/install/turtlesim_catch_interfaces/include/turtlesim_catch_interfaces/turtlesim_catch_interfaces/msg/detail/turtleinfoarray__traits.hpp
[2.125s] -- Installing: /home/rishabh/testinggit/TurtlesimGame/install/turtlesim_catch_interfaces/include/turtlesim_catch_interfaces/turtlesim_catch_interfaces/msg/detail/turtleinfoarray__builder.hpp
[2.125s] -- Installing: /home/rishabh/testinggit/TurtlesimGame/install/turtlesim_catch_interfaces/include/turtlesim_catch_interfaces/turtlesim_catch_interfaces/msg/turtleinfo.hpp
[2.125s] -- Up-to-date: /home/rishabh/testinggit/TurtlesimGame/install/turtlesim_catch_interfaces/include/turtlesim_catch_interfaces/turtlesim_catch_interfaces/srv
[2.125s] -- Installing: /home/rishabh/testinggit/TurtlesimGame/install/turtlesim_catch_interfaces/include/turtlesim_catch_interfaces/turtlesim_catch_interfaces/srv/target_turtle.hpp
[2.125s] -- Up-to-date: /home/rishabh/testinggit/TurtlesimGame/install/turtlesim_catch_interfaces/include/turtlesim_catch_interfaces/turtlesim_catch_interfaces/srv/detail
[2.125s] -- Installing: /home/rishabh/testinggit/TurtlesimGame/install/turtlesim_catch_interfaces/include/turtlesim_catch_interfaces/turtlesim_catch_interfaces/srv/detail/target_turtle__builder.hpp
[2.125s] -- Installing: /home/rishabh/testinggit/TurtlesimGame/install/turtlesim_catch_interfaces/include/turtlesim_catch_interfaces/turtlesim_catch_interfaces/srv/detail/target_turtle__traits.hpp
[2.125s] -- Installing: /home/rishabh/testinggit/TurtlesimGame/install/turtlesim_catch_interfaces/include/turtlesim_catch_interfaces/turtlesim_catch_interfaces/srv/detail/target_turtle__struct.hpp
[2.125s] -- Up-to-date: /home/rishabh/testinggit/TurtlesimGame/install/turtlesim_catch_interfaces/include/turtlesim_catch_interfaces/turtlesim_catch_interfaces
[2.125s] -- Up-to-date: /home/rishabh/testinggit/TurtlesimGame/install/turtlesim_catch_interfaces/include/turtlesim_catch_interfaces/turtlesim_catch_interfaces/msg
[2.125s] -- Up-to-date: /home/rishabh/testinggit/TurtlesimGame/install/turtlesim_catch_interfaces/include/turtlesim_catch_interfaces/turtlesim_catch_interfaces/msg/detail
[2.125s] -- Up-to-date: /home/rishabh/testinggit/TurtlesimGame/install/turtlesim_catch_interfaces/include/turtlesim_catch_interfaces/turtlesim_catch_interfaces/msg/detail/dds_fastrtps
[2.125s] -- Installing: /home/rishabh/testinggit/TurtlesimGame/install/turtlesim_catch_interfaces/include/turtlesim_catch_interfaces/turtlesim_catch_interfaces/msg/detail/turtleinfoarray__rosidl_typesupport_fastrtps_cpp.hpp
[2.125s] -- Installing: /home/rishabh/testinggit/TurtlesimGame/install/turtlesim_catch_interfaces/include/turtlesim_catch_interfaces/turtlesim_catch_interfaces/msg/detail/turtleinfo__rosidl_typesupport_fastrtps_cpp.hpp
[2.125s] -- Up-to-date: /home/rishabh/testinggit/TurtlesimGame/install/turtlesim_catch_interfaces/include/turtlesim_catch_interfaces/turtlesim_catch_interfaces/msg/rosidl_typesupport_fastrtps_cpp__visibility_control.h
[2.125s] -- Up-to-date: /home/rishabh/testinggit/TurtlesimGame/install/turtlesim_catch_interfaces/include/turtlesim_catch_interfaces/turtlesim_catch_interfaces/srv
[2.126s] -- Up-to-date: /home/rishabh/testinggit/TurtlesimGame/install/turtlesim_catch_interfaces/include/turtlesim_catch_interfaces/turtlesim_catch_interfaces/srv/detail
[2.126s] -- Installing: /home/rishabh/testinggit/TurtlesimGame/install/turtlesim_catch_interfaces/include/turtlesim_catch_interfaces/turtlesim_catch_interfaces/srv/detail/dds_fastrtps
[2.126s] -- Installing: /home/rishabh/testinggit/TurtlesimGame/install/turtlesim_catch_interfaces/include/turtlesim_catch_interfaces/turtlesim_catch_interfaces/srv/detail/target_turtle__rosidl_typesupport_fastrtps_cpp.hpp
[2.126s] -- Installing: /home/rishabh/testinggit/TurtlesimGame/install/turtlesim_catch_interfaces/lib/libturtlesim_catch_interfaces__rosidl_typesupport_fastrtps_cpp.so
[2.126s] -- Set runtime path of "/home/rishabh/testinggit/TurtlesimGame/install/turtlesim_catch_interfaces/lib/libturtlesim_catch_interfaces__rosidl_typesupport_fastrtps_cpp.so" to ""
[2.126s] -- Up-to-date: /home/rishabh/testinggit/TurtlesimGame/install/turtlesim_catch_interfaces/include/turtlesim_catch_interfaces/turtlesim_catch_interfaces
[2.126s] -- Up-to-date: /home/rishabh/testinggit/TurtlesimGame/install/turtlesim_catch_interfaces/include/turtlesim_catch_interfaces/turtlesim_catch_interfaces/msg
[2.126s] -- Up-to-date: /home/rishabh/testinggit/TurtlesimGame/install/turtlesim_catch_interfaces/include/turtlesim_catch_interfaces/turtlesim_catch_interfaces/msg/detail
[2.126s] -- Installing: /home/rishabh/testinggit/TurtlesimGame/install/turtlesim_catch_interfaces/include/turtlesim_catch_interfaces/turtlesim_catch_interfaces/msg/detail/turtleinfoarray__type_support.cpp
[2.126s] -- Installing: /home/rishabh/testinggit/TurtlesimGame/install/turtlesim_catch_interfaces/include/turtlesim_catch_interfaces/turtlesim_catch_interfaces/msg/detail/turtleinfo__type_support.cpp
[2.126s] -- Installing: /home/rishabh/testinggit/TurtlesimGame/install/turtlesim_catch_interfaces/include/turtlesim_catch_interfaces/turtlesim_catch_interfaces/msg/detail/turtleinfoarray__rosidl_typesupport_introspection_cpp.hpp
[2.126s] -- Installing: /home/rishabh/testinggit/TurtlesimGame/install/turtlesim_catch_interfaces/include/turtlesim_catch_interfaces/turtlesim_catch_interfaces/msg/detail/turtleinfo__rosidl_typesupport_introspection_cpp.hpp
[2.126s] -- Up-to-date: /home/rishabh/testinggit/TurtlesimGame/install/turtlesim_catch_interfaces/include/turtlesim_catch_interfaces/turtlesim_catch_interfaces/srv
[2.126s] -- Up-to-date: /home/rishabh/testinggit/TurtlesimGame/install/turtlesim_catch_interfaces/include/turtlesim_catch_interfaces/turtlesim_catch_interfaces/srv/detail
[2.126s] -- Installing: /home/rishabh/testinggit/TurtlesimGame/install/turtlesim_catch_interfaces/include/turtlesim_catch_interfaces/turtlesim_catch_interfaces/srv/detail/target_turtle__rosidl_typesupport_introspection_cpp.hpp
[2.126s] -- Installing: /home/rishabh/testinggit/TurtlesimGame/install/turtlesim_catch_interfaces/include/turtlesim_catch_interfaces/turtlesim_catch_interfaces/srv/detail/target_turtle__type_support.cpp
[2.126s] -- Installing: /home/rishabh/testinggit/TurtlesimGame/install/turtlesim_catch_interfaces/lib/libturtlesim_catch_interfaces__rosidl_typesupport_introspection_cpp.so
[2.126s] -- Set runtime path of "/home/rishabh/testinggit/TurtlesimGame/install/turtlesim_catch_interfaces/lib/libturtlesim_catch_interfaces__rosidl_typesupport_introspection_cpp.so" to ""
[2.126s] -- Installing: /home/rishabh/testinggit/TurtlesimGame/install/turtlesim_catch_interfaces/lib/libturtlesim_catch_interfaces__rosidl_typesupport_cpp.so
[2.126s] -- Set runtime path of "/home/rishabh/testinggit/TurtlesimGame/install/turtlesim_catch_interfaces/lib/libturtlesim_catch_interfaces__rosidl_typesupport_cpp.so" to ""
[2.126s] -- Up-to-date: /home/rishabh/testinggit/TurtlesimGame/install/turtlesim_catch_interfaces/share/turtlesim_catch_interfaces/environment/pythonpath.sh
[2.126s] -- Installing: /home/rishabh/testinggit/TurtlesimGame/install/turtlesim_catch_interfaces/share/turtlesim_catch_interfaces/environment/pythonpath.dsv
[2.126s] -- Up-to-date: /home/rishabh/testinggit/TurtlesimGame/install/turtlesim_catch_interfaces/local/lib/python3.10/dist-packages/turtlesim_catch_interfaces-0.0.0-py3.10.egg-info
[2.126s] -- Installing: /home/rishabh/testinggit/TurtlesimGame/install/turtlesim_catch_interfaces/local/lib/python3.10/dist-packages/turtlesim_catch_interfaces-0.0.0-py3.10.egg-info/dependency_links.txt
[2.126s] -- Installing: /home/rishabh/testinggit/TurtlesimGame/install/turtlesim_catch_interfaces/local/lib/python3.10/dist-packages/turtlesim_catch_interfaces-0.0.0-py3.10.egg-info/top_level.txt
[2.126s] -- Installing: /home/rishabh/testinggit/TurtlesimGame/install/turtlesim_catch_interfaces/local/lib/python3.10/dist-packages/turtlesim_catch_interfaces-0.0.0-py3.10.egg-info/PKG-INFO
[2.126s] -- Installing: /home/rishabh/testinggit/TurtlesimGame/install/turtlesim_catch_interfaces/local/lib/python3.10/dist-packages/turtlesim_catch_interfaces-0.0.0-py3.10.egg-info/SOURCES.txt
[2.126s] -- Up-to-date: /home/rishabh/testinggit/TurtlesimGame/install/turtlesim_catch_interfaces/local/lib/python3.10/dist-packages/turtlesim_catch_interfaces
[2.126s] -- Installing: /home/rishabh/testinggit/TurtlesimGame/install/turtlesim_catch_interfaces/local/lib/python3.10/dist-packages/turtlesim_catch_interfaces/turtlesim_catch_interfaces_s__rosidl_typesupport_c.cpython-310-x86_64-linux-gnu.so
[2.126s] -- Installing: /home/rishabh/testinggit/TurtlesimGame/install/turtlesim_catch_interfaces/local/lib/python3.10/dist-packages/turtlesim_catch_interfaces/libturtlesim_catch_interfaces__rosidl_generator_py.so
[2.126s] -- Installing: /home/rishabh/testinggit/TurtlesimGame/install/turtlesim_catch_interfaces/local/lib/python3.10/dist-packages/turtlesim_catch_interfaces/turtlesim_catch_interfaces_s__rosidl_typesupport_introspection_c.cpython-310-x86_64-linux-gnu.so
[2.126s] -- Installing: /home/rishabh/testinggit/TurtlesimGame/install/turtlesim_catch_interfaces/local/lib/python3.10/dist-packages/turtlesim_catch_interfaces/__init__.py
[2.126s] -- Installing: /home/rishabh/testinggit/TurtlesimGame/install/turtlesim_catch_interfaces/local/lib/python3.10/dist-packages/turtlesim_catch_interfaces/_turtlesim_catch_interfaces_s.ep.rosidl_typesupport_introspection_c.c
[2.126s] -- Installing: /home/rishabh/testinggit/TurtlesimGame/install/turtlesim_catch_interfaces/local/lib/python3.10/dist-packages/turtlesim_catch_interfaces/turtlesim_catch_interfaces_s__rosidl_typesupport_fastrtps_c.cpython-310-x86_64-linux-gnu.so
[2.126s] -- Installing: /home/rishabh/testinggit/TurtlesimGame/install/turtlesim_catch_interfaces/local/lib/python3.10/dist-packages/turtlesim_catch_interfaces/_turtlesim_catch_interfaces_s.ep.rosidl_typesupport_c.c
[2.126s] -- Up-to-date: /home/rishabh/testinggit/TurtlesimGame/install/turtlesim_catch_interfaces/local/lib/python3.10/dist-packages/turtlesim_catch_interfaces/msg
[2.126s] -- Installing: /home/rishabh/testinggit/TurtlesimGame/install/turtlesim_catch_interfaces/local/lib/python3.10/dist-packages/turtlesim_catch_interfaces/msg/_turtleinfo_s.c
[2.126s] -- Installing: /home/rishabh/testinggit/TurtlesimGame/install/turtlesim_catch_interfaces/local/lib/python3.10/dist-packages/turtlesim_catch_interfaces/msg/_turtleinfo.py
[2.126s] -- Installing: /home/rishabh/testinggit/TurtlesimGame/install/turtlesim_catch_interfaces/local/lib/python3.10/dist-packages/turtlesim_catch_interfaces/msg/__init__.py
[2.126s] -- Installing: /home/rishabh/testinggit/TurtlesimGame/install/turtlesim_catch_interfaces/local/lib/python3.10/dist-packages/turtlesim_catch_interfaces/msg/_turtleinfoarray_s.c
[2.126s] -- Installing: /home/rishabh/testinggit/TurtlesimGame/install/turtlesim_catch_interfaces/local/lib/python3.10/dist-packages/turtlesim_catch_interfaces/msg/_turtleinfoarray.py
[2.126s] -- Installing: /home/rishabh/testinggit/TurtlesimGame/install/turtlesim_catch_interfaces/local/lib/python3.10/dist-packages/turtlesim_catch_interfaces/srv
[2.126s] -- Installing: /home/rishabh/testinggit/TurtlesimGame/install/turtlesim_catch_interfaces/local/lib/python3.10/dist-packages/turtlesim_catch_interfaces/srv/__init__.py
[2.127s] -- Installing: /home/rishabh/testinggit/TurtlesimGame/install/turtlesim_catch_interfaces/local/lib/python3.10/dist-packages/turtlesim_catch_interfaces/srv/_target_turtle_s.c
[2.127s] -- Installing: /home/rishabh/testinggit/TurtlesimGame/install/turtlesim_catch_interfaces/local/lib/python3.10/dist-packages/turtlesim_catch_interfaces/srv/_target_turtle.py
[2.127s] -- Installing: /home/rishabh/testinggit/TurtlesimGame/install/turtlesim_catch_interfaces/local/lib/python3.10/dist-packages/turtlesim_catch_interfaces/_turtlesim_catch_interfaces_s.ep.rosidl_typesupport_fastrtps_c.c
[2.147s] Listing '/home/rishabh/testinggit/TurtlesimGame/install/turtlesim_catch_interfaces/local/lib/python3.10/dist-packages/turtlesim_catch_interfaces'...
[2.147s] Compiling '/home/rishabh/testinggit/TurtlesimGame/install/turtlesim_catch_interfaces/local/lib/python3.10/dist-packages/turtlesim_catch_interfaces/__init__.py'...
[2.147s] Listing '/home/rishabh/testinggit/TurtlesimGame/install/turtlesim_catch_interfaces/local/lib/python3.10/dist-packages/turtlesim_catch_interfaces/msg'...
[2.147s] Compiling '/home/rishabh/testinggit/TurtlesimGame/install/turtlesim_catch_interfaces/local/lib/python3.10/dist-packages/turtlesim_catch_interfaces/msg/__init__.py'...
[2.147s] Compiling '/home/rishabh/testinggit/TurtlesimGame/install/turtlesim_catch_interfaces/local/lib/python3.10/dist-packages/turtlesim_catch_interfaces/msg/_turtleinfo.py'...
[2.147s] Compiling '/home/rishabh/testinggit/TurtlesimGame/install/turtlesim_catch_interfaces/local/lib/python3.10/dist-packages/turtlesim_catch_interfaces/msg/_turtleinfoarray.py'...
[2.147s] Listing '/home/rishabh/testinggit/TurtlesimGame/install/turtlesim_catch_interfaces/local/lib/python3.10/dist-packages/turtlesim_catch_interfaces/srv'...
[2.147s] Compiling '/home/rishabh/testinggit/TurtlesimGame/install/turtlesim_catch_interfaces/local/lib/python3.10/dist-packages/turtlesim_catch_interfaces/srv/__init__.py'...
[2.147s] Compiling '/home/rishabh/testinggit/TurtlesimGame/install/turtlesim_catch_interfaces/local/lib/python3.10/dist-packages/turtlesim_catch_interfaces/srv/_target_turtle.py'...
[2.150s] -- Installing: /home/rishabh/testinggit/TurtlesimGame/install/turtlesim_catch_interfaces/local/lib/python3.10/dist-packages/turtlesim_catch_interfaces/turtlesim_catch_interfaces_s__rosidl_typesupport_fastrtps_c.cpython-310-x86_64-linux-gnu.so
[2.150s] -- Set runtime path of "/home/rishabh/testinggit/TurtlesimGame/install/turtlesim_catch_interfaces/local/lib/python3.10/dist-packages/turtlesim_catch_interfaces/turtlesim_catch_interfaces_s__rosidl_typesupport_fastrtps_c.cpython-310-x86_64-linux-gnu.so" to ""
[2.150s] -- Installing: /home/rishabh/testinggit/TurtlesimGame/install/turtlesim_catch_interfaces/local/lib/python3.10/dist-packages/turtlesim_catch_interfaces/turtlesim_catch_interfaces_s__rosidl_typesupport_introspection_c.cpython-310-x86_64-linux-gnu.so
[2.150s] -- Set runtime path of "/home/rishabh/testinggit/TurtlesimGame/install/turtlesim_catch_interfaces/local/lib/python3.10/dist-packages/turtlesim_catch_interfaces/turtlesim_catch_interfaces_s__rosidl_typesupport_introspection_c.cpython-310-x86_64-linux-gnu.so" to ""
[2.151s] -- Installing: /home/rishabh/testinggit/TurtlesimGame/install/turtlesim_catch_interfaces/local/lib/python3.10/dist-packages/turtlesim_catch_interfaces/turtlesim_catch_interfaces_s__rosidl_typesupport_c.cpython-310-x86_64-linux-gnu.so
[2.151s] -- Set runtime path of "/home/rishabh/testinggit/TurtlesimGame/install/turtlesim_catch_interfaces/local/lib/python3.10/dist-packages/turtlesim_catch_interfaces/turtlesim_catch_interfaces_s__rosidl_typesupport_c.cpython-310-x86_64-linux-gnu.so" to ""
[2.151s] -- Installing: /home/rishabh/testinggit/TurtlesimGame/install/turtlesim_catch_interfaces/lib/libturtlesim_catch_interfaces__rosidl_generator_py.so
[2.151s] -- Set runtime path of "/home/rishabh/testinggit/TurtlesimGame/install/turtlesim_catch_interfaces/lib/libturtlesim_catch_interfaces__rosidl_generator_py.so" to ""
[2.151s] -- Up-to-date: /home/rishabh/testinggit/TurtlesimGame/install/turtlesim_catch_interfaces/share/turtlesim_catch_interfaces/msg/Turtleinfo.idl
[2.151s] -- Up-to-date: /home/rishabh/testinggit/TurtlesimGame/install/turtlesim_catch_interfaces/share/turtlesim_catch_interfaces/msg/Turtleinfoarray.idl
[2.151s] -- Installing: /home/rishabh/testinggit/TurtlesimGame/install/turtlesim_catch_interfaces/share/turtlesim_catch_interfaces/srv/TargetTurtle.idl
[2.151s] -- Up-to-date: /home/rishabh/testinggit/TurtlesimGame/install/turtlesim_catch_interfaces/share/turtlesim_catch_interfaces/msg/Turtleinfo.msg
[2.151s] -- Up-to-date: /home/rishabh/testinggit/TurtlesimGame/install/turtlesim_catch_interfaces/share/turtlesim_catch_interfaces/msg/Turtleinfoarray.msg
[2.151s] -- Installing: /home/rishabh/testinggit/TurtlesimGame/install/turtlesim_catch_interfaces/share/turtlesim_catch_interfaces/srv/TargetTurtle.srv
[2.151s] -- Installing: /home/rishabh/testinggit/TurtlesimGame/install/turtlesim_catch_interfaces/share/turtlesim_catch_interfaces/srv/TargetTurtle_Request.msg
[2.151s] -- Installing: /home/rishabh/testinggit/TurtlesimGame/install/turtlesim_catch_interfaces/share/turtlesim_catch_interfaces/srv/TargetTurtle_Response.msg
[2.151s] -- Up-to-date: /home/rishabh/testinggit/TurtlesimGame/install/turtlesim_catch_interfaces/share/ament_index/resource_index/package_run_dependencies/turtlesim_catch_interfaces
[2.151s] -- Up-to-date: /home/rishabh/testinggit/TurtlesimGame/install/turtlesim_catch_interfaces/share/ament_index/resource_index/parent_prefix_path/turtlesim_catch_interfaces
[2.151s] -- Up-to-date: /home/rishabh/testinggit/TurtlesimGame/install/turtlesim_catch_interfaces/share/turtlesim_catch_interfaces/environment/ament_prefix_path.sh
[2.151s] -- Installing: /home/rishabh/testinggit/TurtlesimGame/install/turtlesim_catch_interfaces/share/turtlesim_catch_interfaces/environment/ament_prefix_path.dsv
[2.151s] -- Up-to-date: /home/rishabh/testinggit/TurtlesimGame/install/turtlesim_catch_interfaces/share/turtlesim_catch_interfaces/environment/path.sh
[2.151s] -- Installing: /home/rishabh/testinggit/TurtlesimGame/install/turtlesim_catch_interfaces/share/turtlesim_catch_interfaces/environment/path.dsv
[2.151s] -- Up-to-date: /home/rishabh/testinggit/TurtlesimGame/install/turtlesim_catch_interfaces/share/turtlesim_catch_interfaces/local_setup.bash
[2.151s] -- Up-to-date: /home/rishabh/testinggit/TurtlesimGame/install/turtlesim_catch_interfaces/share/turtlesim_catch_interfaces/local_setup.sh
[2.151s] -- Up-to-date: /home/rishabh/testinggit/TurtlesimGame/install/turtlesim_catch_interfaces/share/turtlesim_catch_interfaces/local_setup.zsh
[2.151s] -- Installing: /home/rishabh/testinggit/TurtlesimGame/install/turtlesim_catch_interfaces/share/turtlesim_catch_interfaces/local_setup.dsv
[2.152s] -- Installing: /home/rishabh/testinggit/TurtlesimGame/install/turtlesim_catch_interfaces/share/turtlesim_catch_interfaces/package.dsv
[2.152s] -- Up-to-date: /home/rishabh/testinggit/TurtlesimGame/install/turtlesim_catch_interfaces/share/ament_index/resource_index/packages/turtlesim_catch_interfaces
[2.152s] -- Up-to-date: /home/rishabh/testinggit/TurtlesimGame/install/turtlesim_catch_interfaces/share/turtlesim_catch_interfaces/cmake/export_turtlesim_catch_interfaces__rosidl_generator_cExport.cmake
[2.152s] -- Up-to-date: /home/rishabh/testinggit/TurtlesimGame/install/turtlesim_catch_interfaces/share/turtlesim_catch_interfaces/cmake/export_turtlesim_catch_interfaces__rosidl_generator_cExport-noconfig.cmake
[2.152s] -- Up-to-date: /home/rishabh/testinggit/TurtlesimGame/install/turtlesim_catch_interfaces/share/turtlesim_catch_interfaces/cmake/export_turtlesim_catch_interfaces__rosidl_typesupport_fastrtps_cExport.cmake
[2.152s] -- Up-to-date: /home/rishabh/testinggit/TurtlesimGame/install/turtlesim_catch_interfaces/share/turtlesim_catch_interfaces/cmake/export_turtlesim_catch_interfaces__rosidl_typesupport_fastrtps_cExport-noconfig.cmake
[2.152s] -- Up-to-date: /home/rishabh/testinggit/TurtlesimGame/install/turtlesim_catch_interfaces/share/turtlesim_catch_interfaces/cmake/turtlesim_catch_interfaces__rosidl_typesupport_introspection_cExport.cmake
[2.152s] -- Up-to-date: /home/rishabh/testinggit/TurtlesimGame/install/turtlesim_catch_interfaces/share/turtlesim_catch_interfaces/cmake/turtlesim_catch_interfaces__rosidl_typesupport_introspection_cExport-noconfig.cmake
[2.152s] -- Up-to-date: /home/rishabh/testinggit/TurtlesimGame/install/turtlesim_catch_interfaces/share/turtlesim_catch_interfaces/cmake/turtlesim_catch_interfaces__rosidl_typesupport_cExport.cmake
[2.152s] -- Up-to-date: /home/rishabh/testinggit/TurtlesimGame/install/turtlesim_catch_interfaces/share/turtlesim_catch_interfaces/cmake/turtlesim_catch_interfaces__rosidl_typesupport_cExport-noconfig.cmake
[2.152s] -- Up-to-date: /home/rishabh/testinggit/TurtlesimGame/install/turtlesim_catch_interfaces/share/turtlesim_catch_interfaces/cmake/export_turtlesim_catch_interfaces__rosidl_generator_cppExport.cmake
[2.152s] -- Up-to-date: /home/rishabh/testinggit/TurtlesimGame/install/turtlesim_catch_interfaces/share/turtlesim_catch_interfaces/cmake/export_turtlesim_catch_interfaces__rosidl_typesupport_fastrtps_cppExport.cmake
[2.152s] -- Up-to-date: /home/rishabh/testinggit/TurtlesimGame/install/turtlesim_catch_interfaces/share/turtlesim_catch_interfaces/cmake/export_turtlesim_catch_interfaces__rosidl_typesupport_fastrtps_cppExport-noconfig.cmake
[2.152s] -- Up-to-date: /home/rishabh/testinggit/TurtlesimGame/install/turtlesim_catch_interfaces/share/turtlesim_catch_interfaces/cmake/turtlesim_catch_interfaces__rosidl_typesupport_introspection_cppExport.cmake
[2.152s] -- Up-to-date: /home/rishabh/testinggit/TurtlesimGame/install/turtlesim_catch_interfaces/share/turtlesim_catch_interfaces/cmake/turtlesim_catch_interfaces__rosidl_typesupport_introspection_cppExport-noconfig.cmake
[2.152s] -- Up-to-date: /home/rishabh/testinggit/TurtlesimGame/install/turtlesim_catch_interfaces/share/turtlesim_catch_interfaces/cmake/turtlesim_catch_interfaces__rosidl_typesupport_cppExport.cmake
[2.152s] -- Up-to-date: /home/rishabh/testinggit/TurtlesimGame/install/turtlesim_catch_interfaces/share/turtlesim_catch_interfaces/cmake/turtlesim_catch_interfaces__rosidl_typesupport_cppExport-noconfig.cmake
[2.152s] -- Up-to-date: /home/rishabh/testinggit/TurtlesimGame/install/turtlesim_catch_interfaces/share/turtlesim_catch_interfaces/cmake/export_turtlesim_catch_interfaces__rosidl_generator_pyExport.cmake
[2.152s] -- Up-to-date: /home/rishabh/testinggit/TurtlesimGame/install/turtlesim_catch_interfaces/share/turtlesim_catch_interfaces/cmake/export_turtlesim_catch_interfaces__rosidl_generator_pyExport-noconfig.cmake
[2.152s] -- Installing: /home/rishabh/testinggit/TurtlesimGame/install/turtlesim_catch_interfaces/share/turtlesim_catch_interfaces/cmake/rosidl_cmake-extras.cmake
[2.152s] -- Up-to-date: /home/rishabh/testinggit/TurtlesimGame/install/turtlesim_catch_interfaces/share/turtlesim_catch_interfaces/cmake/ament_cmake_export_include_directories-extras.cmake
[2.152s] -- Up-to-date: /home/rishabh/testinggit/TurtlesimGame/install/turtlesim_catch_interfaces/share/turtlesim_catch_interfaces/cmake/ament_cmake_export_libraries-extras.cmake
[2.152s] -- Up-to-date: /home/rishabh/testinggit/TurtlesimGame/install/turtlesim_catch_interfaces/share/turtlesim_catch_interfaces/cmake/ament_cmake_export_targets-extras.cmake
[2.152s] -- Up-to-date: /home/rishabh/testinggit/TurtlesimGame/install/turtlesim_catch_interfaces/share/turtlesim_catch_interfaces/cmake/rosidl_cmake_export_typesupport_targets-extras.cmake
[2.152s] -- Up-to-date: /home/rishabh/testinggit/TurtlesimGame/install/turtlesim_catch_interfaces/share/turtlesim_catch_interfaces/cmake/ament_cmake_export_dependencies-extras.cmake
[2.152s] -- Up-to-date: /home/rishabh/testinggit/TurtlesimGame/install/turtlesim_catch_interfaces/share/turtlesim_catch_interfaces/cmake/rosidl_cmake_export_typesupport_libraries-extras.cmake
[2.152s] -- Up-to-date: /home/rishabh/testinggit/TurtlesimGame/install/turtlesim_catch_interfaces/share/turtlesim_catch_interfaces/cmake/turtlesim_catch_interfacesConfig.cmake
[2.152s] -- Up-to-date: /home/rishabh/testinggit/TurtlesimGame/install/turtlesim_catch_interfaces/share/turtlesim_catch_interfaces/cmake/turtlesim_catch_interfacesConfig-version.cmake
[2.152s] -- Up-to-date: /home/rishabh/testinggit/TurtlesimGame/install/turtlesim_catch_interfaces/share/turtlesim_catch_interfaces/package.xml
[2.153s] Invoked command in '/home/rishabh/testinggit/TurtlesimGame/build/turtlesim_catch_interfaces' returned '0': CMAKE_PREFIX_PATH=${CMAKE_PREFIX_PATH}:/home/rishabh/testinggit/TurtlesimGame/install/turtlesim_catch:/home/rishabh/ros2_ws/install/percepto_planner:/opt/ros/humble /usr/bin/cmake --install /home/rishabh/testinggit/TurtlesimGame/build/turtlesim_catch_interfaces
