[0.006s] Invoking command in '/home/rishabh/testinggit/TurtlesimGame/build/turtlesim_catch_bringup': CMAKE_PREFIX_PATH=${CMAKE_PREFIX_PATH}:/home/rishabh/testinggit/TurtlesimGame/install/turtlesim_catch:/home/rishabh/ros2_ws/install/percepto_planner:/opt/ros/humble /usr/bin/cmake --build /home/rishabh/testinggit/TurtlesimGame/build/turtlesim_catch_bringup -- -j20 -l20
[0.019s] -- Found ament_cmake: 1.3.9 (/opt/ros/humble/share/ament_cmake/cmake)
[0.120s] -- Configuring done
[0.121s] -- Generating done
[0.122s] -- Build files have been written to: /home/rishabh/testinggit/TurtlesimGame/build/turtlesim_catch_bringup
[0.135s] Invoked command in '/home/rishabh/testinggit/TurtlesimGame/build/turtlesim_catch_bringup' returned '0': CMAKE_PREFIX_PATH=${CMAKE_PREFIX_PATH}:/home/rishabh/testinggit/TurtlesimGame/install/turtlesim_catch:/home/rishabh/ros2_ws/install/percepto_planner:/opt/ros/humble /usr/bin/cmake --build /home/rishabh/testinggit/TurtlesimGame/build/turtlesim_catch_bringup -- -j20 -l20
[0.147s] Invoking command in '/home/rishabh/testinggit/TurtlesimGame/build/turtlesim_catch_bringup': CMAKE_PREFIX_PATH=${CMAKE_PREFIX_PATH}:/home/rishabh/testinggit/TurtlesimGame/install/turtlesim_catch:/home/rishabh/ros2_ws/install/percepto_planner:/opt/ros/humble /usr/bin/cmake --install /home/rishabh/testinggit/TurtlesimGame/build/turtlesim_catch_bringup
[0.151s] -- Install configuration: ""
[0.151s] -- Up-to-date: /home/rishabh/testinggit/TurtlesimGame/install/turtlesim_catch_bringup/share/turtlesim_catch_bringup/launch
[0.151s] -- Installing: /home/rishabh/testinggit/TurtlesimGame/install/turtlesim_catch_bringup/share/turtlesim_catch_bringup/launch/turtlesimgame.launch.py
[0.151s] -- Installing: /home/rishabh/testinggit/TurtlesimGame/install/turtlesim_catch_bringup/share/ament_index/resource_index/package_run_dependencies/turtlesim_catch_bringup
[0.152s] -- Up-to-date: /home/rishabh/testinggit/TurtlesimGame/install/turtlesim_catch_bringup/share/ament_index/resource_index/parent_prefix_path/turtlesim_catch_bringup
[0.152s] -- Up-to-date: /home/rishabh/testinggit/TurtlesimGame/install/turtlesim_catch_bringup/share/turtlesim_catch_bringup/environment/ament_prefix_path.sh
[0.152s] -- Installing: /home/rishabh/testinggit/TurtlesimGame/install/turtlesim_catch_bringup/share/turtlesim_catch_bringup/environment/ament_prefix_path.dsv
[0.152s] -- Up-to-date: /home/rishabh/testinggit/TurtlesimGame/install/turtlesim_catch_bringup/share/turtlesim_catch_bringup/environment/path.sh
[0.152s] -- Installing: /home/rishabh/testinggit/TurtlesimGame/install/turtlesim_catch_bringup/share/turtlesim_catch_bringup/environment/path.dsv
[0.152s] -- Up-to-date: /home/rishabh/testinggit/TurtlesimGame/install/turtlesim_catch_bringup/share/turtlesim_catch_bringup/local_setup.bash
[0.152s] -- Up-to-date: /home/rishabh/testinggit/TurtlesimGame/install/turtlesim_catch_bringup/share/turtlesim_catch_bringup/local_setup.sh
[0.152s] -- Up-to-date: /home/rishabh/testinggit/TurtlesimGame/install/turtlesim_catch_bringup/share/turtlesim_catch_bringup/local_setup.zsh
[0.152s] -- Installing: /home/rishabh/testinggit/TurtlesimGame/install/turtlesim_catch_bringup/share/turtlesim_catch_bringup/local_setup.dsv
[0.152s] -- Installing: /home/rishabh/testinggit/TurtlesimGame/install/turtlesim_catch_bringup/share/turtlesim_catch_bringup/package.dsv
[0.152s] -- Up-to-date: /home/rishabh/testinggit/TurtlesimGame/install/turtlesim_catch_bringup/share/ament_index/resource_index/packages/turtlesim_catch_bringup
[0.152s] -- Up-to-date: /home/rishabh/testinggit/TurtlesimGame/install/turtlesim_catch_bringup/share/turtlesim_catch_bringup/cmake/turtlesim_catch_bringupConfig.cmake
[0.152s] -- Up-to-date: /home/rishabh/testinggit/TurtlesimGame/install/turtlesim_catch_bringup/share/turtlesim_catch_bringup/cmake/turtlesim_catch_bringupConfig-version.cmake
[0.152s] -- Installing: /home/rishabh/testinggit/TurtlesimGame/install/turtlesim_catch_bringup/share/turtlesim_catch_bringup/package.xml
[0.153s] Invoked command in '/home/rishabh/testinggit/TurtlesimGame/build/turtlesim_catch_bringup' returned '0': CMAKE_PREFIX_PATH=${CMAKE_PREFIX_PATH}:/home/rishabh/testinggit/TurtlesimGame/install/turtlesim_catch:/home/rishabh/ros2_ws/install/percepto_planner:/opt/ros/humble /usr/bin/cmake --install /home/rishabh/testinggit/TurtlesimGame/build/turtlesim_catch_bringup
