[0.360s] Invoking command in '/home/rishabh/testinggit/TurtlesimGame/src/turtlesim_catch': CMAKE_PREFIX_PATH=/home/rishabh/testinggit/TurtlesimGame/install/turtlesim_catch_interfaces:/home/rishabh/testinggit/TurtlesimGame/install/turtlesim_catch_bringup:/home/rishabh/ros2_ws/install/pplanner_interfaces:/home/rishabh/ros2_ws_tut/install/my_robot_bringup:/home/rishabh/ros2_ws_tut/install/my_robot_description PYTHONPATH=/home/rishabh/testinggit/TurtlesimGame/build/turtlesim_catch/prefix_override:/usr/lib/python3/dist-packages/colcon_core/task/python/colcon_distutils_commands:/home/rishabh/testinggit/TurtlesimGame/install/turtlesim_catch/lib/python3.10/site-packages:${PYTHONPATH} /usr/bin/python3 -W ignore:setup.py install is deprecated setup.py egg_info --egg-base ../../build/turtlesim_catch build --build-base /home/rishabh/testinggit/TurtlesimGame/build/turtlesim_catch/build install --record /home/rishabh/testinggit/TurtlesimGame/build/turtlesim_catch/install.log --single-version-externally-managed install_data
[0.497s] running egg_info
[0.497s] writing ../../build/turtlesim_catch/turtlesim_catch.egg-info/PKG-INFO
[0.498s] writing dependency_links to ../../build/turtlesim_catch/turtlesim_catch.egg-info/dependency_links.txt
[0.498s] writing entry points to ../../build/turtlesim_catch/turtlesim_catch.egg-info/entry_points.txt
[0.498s] writing requirements to ../../build/turtlesim_catch/turtlesim_catch.egg-info/requires.txt
[0.498s] writing top-level names to ../../build/turtlesim_catch/turtlesim_catch.egg-info/top_level.txt
[0.499s] reading manifest file '../../build/turtlesim_catch/turtlesim_catch.egg-info/SOURCES.txt'
[0.499s] writing manifest file '../../build/turtlesim_catch/turtlesim_catch.egg-info/SOURCES.txt'
[0.499s] running build
[0.499s] running build_py
[0.500s] copying turtlesim_catch/turtle_controller.py -> /home/rishabh/testinggit/TurtlesimGame/build/turtlesim_catch/build/lib/turtlesim_catch
[0.500s] running install
[0.500s] running install_lib
[0.501s] copying /home/rishabh/testinggit/TurtlesimGame/build/turtlesim_catch/build/lib/turtlesim_catch/turtle_controller.py -> /home/rishabh/testinggit/TurtlesimGame/install/turtlesim_catch/lib/python3.10/site-packages/turtlesim_catch
[0.501s] byte-compiling /home/rishabh/testinggit/TurtlesimGame/install/turtlesim_catch/lib/python3.10/site-packages/turtlesim_catch/turtle_controller.py to turtle_controller.cpython-310.pyc
[0.502s] running install_data
[0.502s] running install_egg_info
[0.503s] removing '/home/rishabh/testinggit/TurtlesimGame/install/turtlesim_catch/lib/python3.10/site-packages/turtlesim_catch-0.0.0-py3.10.egg-info' (and everything under it)
[0.503s] Copying ../../build/turtlesim_catch/turtlesim_catch.egg-info to /home/rishabh/testinggit/TurtlesimGame/install/turtlesim_catch/lib/python3.10/site-packages/turtlesim_catch-0.0.0-py3.10.egg-info
[0.504s] running install_scripts
[0.516s] Installing prey_turtles script to /home/rishabh/testinggit/TurtlesimGame/install/turtlesim_catch/lib/turtlesim_catch
[0.516s] Installing test_node script to /home/rishabh/testinggit/TurtlesimGame/install/turtlesim_catch/lib/turtlesim_catch
[0.516s] Installing turtle_controller script to /home/rishabh/testinggit/TurtlesimGame/install/turtlesim_catch/lib/turtlesim_catch
[0.516s] writing list of installed files to '/home/rishabh/testinggit/TurtlesimGame/build/turtlesim_catch/install.log'
[0.532s] Invoked command in '/home/rishabh/testinggit/TurtlesimGame/src/turtlesim_catch' returned '0': CMAKE_PREFIX_PATH=/home/rishabh/testinggit/TurtlesimGame/install/turtlesim_catch_interfaces:/home/rishabh/testinggit/TurtlesimGame/install/turtlesim_catch_bringup:/home/rishabh/ros2_ws/install/pplanner_interfaces:/home/rishabh/ros2_ws_tut/install/my_robot_bringup:/home/rishabh/ros2_ws_tut/install/my_robot_description PYTHONPATH=/home/rishabh/testinggit/TurtlesimGame/build/turtlesim_catch/prefix_override:/usr/lib/python3/dist-packages/colcon_core/task/python/colcon_distutils_commands:/home/rishabh/testinggit/TurtlesimGame/install/turtlesim_catch/lib/python3.10/site-packages:${PYTHONPATH} /usr/bin/python3 -W ignore:setup.py install is deprecated setup.py egg_info --egg-base ../../build/turtlesim_catch build --build-base /home/rishabh/testinggit/TurtlesimGame/build/turtlesim_catch/build install --record /home/rishabh/testinggit/TurtlesimGame/build/turtlesim_catch/install.log --single-version-externally-managed install_data
