[0.057s] DEBUG:colcon:Command line arguments: ['/usr/bin/colcon', 'build']
[0.057s] DEBUG:colcon:Parsed command line arguments: Namespace(log_base=None, log_level=None, verb_name='build', build_base='build', install_base='install', merge_install=False, symlink_install=False, test_result_base=None, continue_on_error=False, executor='parallel', parallel_workers=20, event_handlers=None, ignore_user_meta=False, metas=['./colcon.meta'], base_paths=['.'], packages_ignore=None, packages_ignore_regex=None, paths=None, packages_up_to=None, packages_up_to_regex=None, packages_above=None, packages_above_and_dependencies=None, packages_above_depth=None, packages_select_by_dep=None, packages_skip_by_dep=None, packages_skip_up_to=None, packages_select_build_failed=False, packages_skip_build_finished=False, packages_select_test_failures=False, packages_skip_test_passed=False, packages_select=None, packages_skip=None, packages_select_regex=None, packages_skip_regex=None, packages_start=None, packages_end=None, allow_overriding=[], cmake_args=None, cmake_target=None, cmake_target_skip_unavailable=False, cmake_clean_cache=False, cmake_clean_first=False, cmake_force_configure=False, ament_cmake_args=None, catkin_cmake_args=None, catkin_skip_building_tests=False, verb_parser=<colcon_defaults.argument_parser.defaults.DefaultArgumentsDecorator object at 0x7d104cd3cd90>, verb_extension=<colcon_core.verb.build.BuildVerb object at 0x7d104ceaebf0>, main=<bound method BuildVerb.main of <colcon_core.verb.build.BuildVerb object at 0x7d104ceaebf0>>)
[0.157s] Level 1:colcon.colcon_core.package_discovery:discover_packages(colcon_meta) check parameters
[0.157s] Level 1:colcon.colcon_core.package_discovery:discover_packages(recursive) check parameters
[0.158s] Level 1:colcon.colcon_core.package_discovery:discover_packages(ignore) check parameters
[0.158s] Level 1:colcon.colcon_core.package_discovery:discover_packages(path) check parameters
[0.158s] Level 1:colcon.colcon_core.package_discovery:discover_packages(colcon_meta) discover
[0.158s] Level 1:colcon.colcon_core.package_discovery:discover_packages(recursive) discover
[0.158s] INFO:colcon.colcon_core.package_discovery:Crawling recursively for packages in '/home/rishabh/testinggit/TurtlesimGame'
[0.158s] Level 1:colcon.colcon_core.package_identification:_identify(.) by extensions ['ignore', 'ignore_ament_install']
[0.158s] Level 1:colcon.colcon_core.package_identification:_identify(.) by extension 'ignore'
[0.158s] Level 1:colcon.colcon_core.package_identification:_identify(.) by extension 'ignore_ament_install'
[0.158s] Level 1:colcon.colcon_core.package_identification:_identify(.) by extensions ['colcon_pkg']
[0.158s] Level 1:colcon.colcon_core.package_identification:_identify(.) by extension 'colcon_pkg'
[0.158s] Level 1:colcon.colcon_core.package_identification:_identify(.) by extensions ['colcon_meta']
[0.158s] Level 1:colcon.colcon_core.package_identification:_identify(.) by extension 'colcon_meta'
[0.158s] Level 1:colcon.colcon_core.package_identification:_identify(.) by extensions ['ros']
[0.158s] Level 1:colcon.colcon_core.package_identification:_identify(.) by extension 'ros'
[0.164s] Level 1:colcon.colcon_core.package_identification:_identify(.) by extensions ['cmake', 'python']
[0.164s] Level 1:colcon.colcon_core.package_identification:_identify(.) by extension 'cmake'
[0.164s] Level 1:colcon.colcon_core.package_identification:_identify(.) by extension 'python'
[0.164s] Level 1:colcon.colcon_core.package_identification:_identify(.) by extensions ['python_setup_py']
[0.164s] Level 1:colcon.colcon_core.package_identification:_identify(.) by extension 'python_setup_py'
[0.164s] Level 1:colcon.colcon_core.package_identification:_identify(build) by extensions ['ignore', 'ignore_ament_install']
[0.164s] Level 1:colcon.colcon_core.package_identification:_identify(build) by extension 'ignore'
[0.164s] Level 1:colcon.colcon_core.package_identification:_identify(build) ignored
[0.164s] Level 1:colcon.colcon_core.package_identification:_identify(install) by extensions ['ignore', 'ignore_ament_install']
[0.165s] Level 1:colcon.colcon_core.package_identification:_identify(install) by extension 'ignore'
[0.165s] Level 1:colcon.colcon_core.package_identification:_identify(install) ignored
[0.165s] Level 1:colcon.colcon_core.package_identification:_identify(log) by extensions ['ignore', 'ignore_ament_install']
[0.165s] Level 1:colcon.colcon_core.package_identification:_identify(log) by extension 'ignore'
[0.165s] Level 1:colcon.colcon_core.package_identification:_identify(log) ignored
[0.165s] Level 1:colcon.colcon_core.package_identification:_identify(src) by extensions ['ignore', 'ignore_ament_install']
[0.165s] Level 1:colcon.colcon_core.package_identification:_identify(src) by extension 'ignore'
[0.165s] Level 1:colcon.colcon_core.package_identification:_identify(src) by extension 'ignore_ament_install'
[0.165s] Level 1:colcon.colcon_core.package_identification:_identify(src) by extensions ['colcon_pkg']
[0.165s] Level 1:colcon.colcon_core.package_identification:_identify(src) by extension 'colcon_pkg'
[0.165s] Level 1:colcon.colcon_core.package_identification:_identify(src) by extensions ['colcon_meta']
[0.165s] Level 1:colcon.colcon_core.package_identification:_identify(src) by extension 'colcon_meta'
[0.165s] Level 1:colcon.colcon_core.package_identification:_identify(src) by extensions ['ros']
[0.165s] Level 1:colcon.colcon_core.package_identification:_identify(src) by extension 'ros'
[0.165s] Level 1:colcon.colcon_core.package_identification:_identify(src) by extensions ['cmake', 'python']
[0.165s] Level 1:colcon.colcon_core.package_identification:_identify(src) by extension 'cmake'
[0.165s] Level 1:colcon.colcon_core.package_identification:_identify(src) by extension 'python'
[0.165s] Level 1:colcon.colcon_core.package_identification:_identify(src) by extensions ['python_setup_py']
[0.165s] Level 1:colcon.colcon_core.package_identification:_identify(src) by extension 'python_setup_py'
[0.165s] Level 1:colcon.colcon_core.package_identification:_identify(src/turtlesim_catch) by extensions ['ignore', 'ignore_ament_install']
[0.165s] Level 1:colcon.colcon_core.package_identification:_identify(src/turtlesim_catch) by extension 'ignore'
[0.165s] Level 1:colcon.colcon_core.package_identification:_identify(src/turtlesim_catch) by extension 'ignore_ament_install'
[0.165s] Level 1:colcon.colcon_core.package_identification:_identify(src/turtlesim_catch) by extensions ['colcon_pkg']
[0.165s] Level 1:colcon.colcon_core.package_identification:_identify(src/turtlesim_catch) by extension 'colcon_pkg'
[0.165s] Level 1:colcon.colcon_core.package_identification:_identify(src/turtlesim_catch) by extensions ['colcon_meta']
[0.165s] Level 1:colcon.colcon_core.package_identification:_identify(src/turtlesim_catch) by extension 'colcon_meta'
[0.165s] Level 1:colcon.colcon_core.package_identification:_identify(src/turtlesim_catch) by extensions ['ros']
[0.165s] Level 1:colcon.colcon_core.package_identification:_identify(src/turtlesim_catch) by extension 'ros'
[0.167s] DEBUG:colcon.colcon_core.package_identification:Package 'src/turtlesim_catch' with type 'ros.ament_python' and name 'turtlesim_catch'
[0.167s] Level 1:colcon.colcon_core.package_identification:_identify(src/turtlesim_catch_interfaces) by extensions ['ignore', 'ignore_ament_install']
[0.167s] Level 1:colcon.colcon_core.package_identification:_identify(src/turtlesim_catch_interfaces) by extension 'ignore'
[0.167s] Level 1:colcon.colcon_core.package_identification:_identify(src/turtlesim_catch_interfaces) by extension 'ignore_ament_install'
[0.167s] Level 1:colcon.colcon_core.package_identification:_identify(src/turtlesim_catch_interfaces) by extensions ['colcon_pkg']
[0.167s] Level 1:colcon.colcon_core.package_identification:_identify(src/turtlesim_catch_interfaces) by extension 'colcon_pkg'
[0.167s] Level 1:colcon.colcon_core.package_identification:_identify(src/turtlesim_catch_interfaces) by extensions ['colcon_meta']
[0.167s] Level 1:colcon.colcon_core.package_identification:_identify(src/turtlesim_catch_interfaces) by extension 'colcon_meta'
[0.167s] Level 1:colcon.colcon_core.package_identification:_identify(src/turtlesim_catch_interfaces) by extensions ['ros']
[0.167s] Level 1:colcon.colcon_core.package_identification:_identify(src/turtlesim_catch_interfaces) by extension 'ros'
[0.167s] DEBUG:colcon.colcon_core.package_identification:Package 'src/turtlesim_catch_interfaces' with type 'ros.ament_cmake' and name 'turtlesim_catch_interfaces'
[0.167s] Level 1:colcon.colcon_core.package_discovery:discover_packages(recursive) using defaults
[0.167s] Level 1:colcon.colcon_core.package_discovery:discover_packages(ignore) discover
[0.167s] Level 1:colcon.colcon_core.package_discovery:discover_packages(ignore) using defaults
[0.167s] Level 1:colcon.colcon_core.package_discovery:discover_packages(path) discover
[0.167s] Level 1:colcon.colcon_core.package_discovery:discover_packages(path) using defaults
[0.184s] Level 1:colcon.colcon_core.package_discovery:discover_packages(prefix_path) check parameters
[0.184s] Level 1:colcon.colcon_core.package_discovery:discover_packages(prefix_path) discover
[0.185s] DEBUG:colcon.colcon_installed_package_information.package_discovery:Found 2 installed packages in /home/rishabh/testinggit/TurtlesimGame/install
[0.185s] DEBUG:colcon.colcon_installed_package_information.package_discovery:Found 2 installed packages in /home/rishabh/ros2_ws_tut/install
[0.185s] DEBUG:colcon.colcon_installed_package_information.package_discovery:Found 2 installed packages in /home/rishabh/ros2_ws/install
[0.186s] DEBUG:colcon.colcon_installed_package_information.package_discovery:Found 311 installed packages in /opt/ros/humble
[0.187s] Level 1:colcon.colcon_core.package_discovery:discover_packages(prefix_path) using defaults
[0.208s] Level 5:colcon.colcon_core.verb:set package 'turtlesim_catch_interfaces' build argument 'cmake_args' from command line to 'None'
[0.208s] Level 5:colcon.colcon_core.verb:set package 'turtlesim_catch_interfaces' build argument 'cmake_target' from command line to 'None'
[0.208s] Level 5:colcon.colcon_core.verb:set package 'turtlesim_catch_interfaces' build argument 'cmake_target_skip_unavailable' from command line to 'False'
[0.208s] Level 5:colcon.colcon_core.verb:set package 'turtlesim_catch_interfaces' build argument 'cmake_clean_cache' from command line to 'False'
[0.209s] Level 5:colcon.colcon_core.verb:set package 'turtlesim_catch_interfaces' build argument 'cmake_clean_first' from command line to 'False'
[0.209s] Level 5:colcon.colcon_core.verb:set package 'turtlesim_catch_interfaces' build argument 'cmake_force_configure' from command line to 'False'
[0.209s] Level 5:colcon.colcon_core.verb:set package 'turtlesim_catch_interfaces' build argument 'ament_cmake_args' from command line to 'None'
[0.209s] Level 5:colcon.colcon_core.verb:set package 'turtlesim_catch_interfaces' build argument 'catkin_cmake_args' from command line to 'None'
[0.209s] Level 5:colcon.colcon_core.verb:set package 'turtlesim_catch_interfaces' build argument 'catkin_skip_building_tests' from command line to 'False'
[0.209s] DEBUG:colcon.colcon_core.verb:Building package 'turtlesim_catch_interfaces' with the following arguments: {'ament_cmake_args': None, 'build_base': '/home/rishabh/testinggit/TurtlesimGame/build/turtlesim_catch_interfaces', 'catkin_cmake_args': None, 'catkin_skip_building_tests': False, 'cmake_args': None, 'cmake_clean_cache': False, 'cmake_clean_first': False, 'cmake_force_configure': False, 'cmake_target': None, 'cmake_target_skip_unavailable': False, 'install_base': '/home/rishabh/testinggit/TurtlesimGame/install/turtlesim_catch_interfaces', 'merge_install': False, 'path': '/home/rishabh/testinggit/TurtlesimGame/src/turtlesim_catch_interfaces', 'symlink_install': False, 'test_result_base': None}
[0.209s] Level 5:colcon.colcon_core.verb:set package 'turtlesim_catch' build argument 'cmake_args' from command line to 'None'
[0.209s] Level 5:colcon.colcon_core.verb:set package 'turtlesim_catch' build argument 'cmake_target' from command line to 'None'
[0.209s] Level 5:colcon.colcon_core.verb:set package 'turtlesim_catch' build argument 'cmake_target_skip_unavailable' from command line to 'False'
[0.209s] Level 5:colcon.colcon_core.verb:set package 'turtlesim_catch' build argument 'cmake_clean_cache' from command line to 'False'
[0.209s] Level 5:colcon.colcon_core.verb:set package 'turtlesim_catch' build argument 'cmake_clean_first' from command line to 'False'
[0.209s] Level 5:colcon.colcon_core.verb:set package 'turtlesim_catch' build argument 'cmake_force_configure' from command line to 'False'
[0.209s] Level 5:colcon.colcon_core.verb:set package 'turtlesim_catch' build argument 'ament_cmake_args' from command line to 'None'
[0.209s] Level 5:colcon.colcon_core.verb:set package 'turtlesim_catch' build argument 'catkin_cmake_args' from command line to 'None'
[0.209s] Level 5:colcon.colcon_core.verb:set package 'turtlesim_catch' build argument 'catkin_skip_building_tests' from command line to 'False'
[0.209s] DEBUG:colcon.colcon_core.verb:Building package 'turtlesim_catch' with the following arguments: {'ament_cmake_args': None, 'build_base': '/home/rishabh/testinggit/TurtlesimGame/build/turtlesim_catch', 'catkin_cmake_args': None, 'catkin_skip_building_tests': False, 'cmake_args': None, 'cmake_clean_cache': False, 'cmake_clean_first': False, 'cmake_force_configure': False, 'cmake_target': None, 'cmake_target_skip_unavailable': False, 'install_base': '/home/rishabh/testinggit/TurtlesimGame/install/turtlesim_catch', 'merge_install': False, 'path': '/home/rishabh/testinggit/TurtlesimGame/src/turtlesim_catch', 'symlink_install': False, 'test_result_base': None}
[0.209s] INFO:colcon.colcon_core.executor:Executing jobs using 'parallel' executor
[0.210s] DEBUG:colcon.colcon_parallel_executor.executor.parallel:run_until_complete
[0.210s] INFO:colcon.colcon_ros.task.ament_cmake.build:Building ROS package in '/home/rishabh/testinggit/TurtlesimGame/src/turtlesim_catch_interfaces' with build type 'ament_cmake'
[0.210s] INFO:colcon.colcon_cmake.task.cmake.build:Building CMake package in '/home/rishabh/testinggit/TurtlesimGame/src/turtlesim_catch_interfaces'
[0.211s] INFO:colcon.colcon_core.plugin_system:Skipping extension 'colcon_core.shell.bat': Not used on non-Windows systems
[0.211s] INFO:colcon.colcon_core.shell:Skip shell extension 'powershell' for command environment: Not usable outside of PowerShell
[0.211s] DEBUG:colcon.colcon_core.shell:Skip shell extension 'dsv' for command environment
[0.216s] DEBUG:colcon.colcon_core.event_handler.log_command:Invoking command in '/home/rishabh/testinggit/TurtlesimGame/build/turtlesim_catch_interfaces': CMAKE_PREFIX_PATH=${CMAKE_PREFIX_PATH}:/home/rishabh/testinggit/TurtlesimGame/install/turtlesim_catch:/home/rishabh/ros2_ws/install/percepto_planner:/opt/ros/humble /usr/bin/cmake --build /home/rishabh/testinggit/TurtlesimGame/build/turtlesim_catch_interfaces -- -j20 -l20
[0.401s] DEBUG:colcon.colcon_core.event_handler.log_command:Invoked command in '/home/rishabh/testinggit/TurtlesimGame/build/turtlesim_catch_interfaces' returned '0': CMAKE_PREFIX_PATH=${CMAKE_PREFIX_PATH}:/home/rishabh/testinggit/TurtlesimGame/install/turtlesim_catch:/home/rishabh/ros2_ws/install/percepto_planner:/opt/ros/humble /usr/bin/cmake --build /home/rishabh/testinggit/TurtlesimGame/build/turtlesim_catch_interfaces -- -j20 -l20
[0.446s] DEBUG:colcon.colcon_core.event_handler.log_command:Invoking command in '/home/rishabh/testinggit/TurtlesimGame/build/turtlesim_catch_interfaces': CMAKE_PREFIX_PATH=${CMAKE_PREFIX_PATH}:/home/rishabh/testinggit/TurtlesimGame/install/turtlesim_catch:/home/rishabh/ros2_ws/install/percepto_planner:/opt/ros/humble /usr/bin/cmake --install /home/rishabh/testinggit/TurtlesimGame/build/turtlesim_catch_interfaces
[0.474s] Level 1:colcon.colcon_core.environment:create_environment_scripts_only(turtlesim_catch_interfaces)
[0.475s] DEBUG:colcon.colcon_core.event_handler.log_command:Invoked command in '/home/rishabh/testinggit/TurtlesimGame/build/turtlesim_catch_interfaces' returned '0': CMAKE_PREFIX_PATH=${CMAKE_PREFIX_PATH}:/home/rishabh/testinggit/TurtlesimGame/install/turtlesim_catch:/home/rishabh/ros2_ws/install/percepto_planner:/opt/ros/humble /usr/bin/cmake --install /home/rishabh/testinggit/TurtlesimGame/build/turtlesim_catch_interfaces
[0.476s] Level 1:colcon.colcon_core.environment:checking '/home/rishabh/testinggit/TurtlesimGame/install/turtlesim_catch_interfaces' for CMake module files
[0.476s] Level 1:colcon.colcon_core.environment:checking '/home/rishabh/testinggit/TurtlesimGame/install/turtlesim_catch_interfaces' for CMake config files
[0.476s] Level 1:colcon.colcon_core.shell:create_environment_hook('turtlesim_catch_interfaces', 'cmake_prefix_path')
[0.476s] INFO:colcon.colcon_core.shell:Creating environment hook '/home/rishabh/testinggit/TurtlesimGame/install/turtlesim_catch_interfaces/share/turtlesim_catch_interfaces/hook/cmake_prefix_path.ps1'
[0.477s] INFO:colcon.colcon_core.shell:Creating environment descriptor '/home/rishabh/testinggit/TurtlesimGame/install/turtlesim_catch_interfaces/share/turtlesim_catch_interfaces/hook/cmake_prefix_path.dsv'
[0.477s] INFO:colcon.colcon_core.shell:Creating environment hook '/home/rishabh/testinggit/TurtlesimGame/install/turtlesim_catch_interfaces/share/turtlesim_catch_interfaces/hook/cmake_prefix_path.sh'
[0.477s] Level 1:colcon.colcon_core.environment:checking '/home/rishabh/testinggit/TurtlesimGame/install/turtlesim_catch_interfaces/lib'
[0.477s] Level 1:colcon.colcon_core.shell:create_environment_hook('turtlesim_catch_interfaces', 'ld_library_path_lib')
[0.478s] INFO:colcon.colcon_core.shell:Creating environment hook '/home/rishabh/testinggit/TurtlesimGame/install/turtlesim_catch_interfaces/share/turtlesim_catch_interfaces/hook/ld_library_path_lib.ps1'
[0.478s] INFO:colcon.colcon_core.shell:Creating environment descriptor '/home/rishabh/testinggit/TurtlesimGame/install/turtlesim_catch_interfaces/share/turtlesim_catch_interfaces/hook/ld_library_path_lib.dsv'
[0.478s] INFO:colcon.colcon_core.shell:Creating environment hook '/home/rishabh/testinggit/TurtlesimGame/install/turtlesim_catch_interfaces/share/turtlesim_catch_interfaces/hook/ld_library_path_lib.sh'
[0.478s] Level 1:colcon.colcon_core.environment:checking '/home/rishabh/testinggit/TurtlesimGame/install/turtlesim_catch_interfaces/bin'
[0.478s] Level 1:colcon.colcon_core.environment:checking '/home/rishabh/testinggit/TurtlesimGame/install/turtlesim_catch_interfaces/lib/pkgconfig/turtlesim_catch_interfaces.pc'
[0.478s] Level 1:colcon.colcon_core.environment:checking '/home/rishabh/testinggit/TurtlesimGame/install/turtlesim_catch_interfaces/lib/python3.10/site-packages'
[0.478s] Level 1:colcon.colcon_core.environment:checking '/home/rishabh/testinggit/TurtlesimGame/install/turtlesim_catch_interfaces/bin'
[0.478s] INFO:colcon.colcon_core.shell:Creating package script '/home/rishabh/testinggit/TurtlesimGame/install/turtlesim_catch_interfaces/share/turtlesim_catch_interfaces/package.ps1'
[0.479s] INFO:colcon.colcon_core.shell:Creating package descriptor '/home/rishabh/testinggit/TurtlesimGame/install/turtlesim_catch_interfaces/share/turtlesim_catch_interfaces/package.dsv'
[0.479s] INFO:colcon.colcon_core.shell:Creating package script '/home/rishabh/testinggit/TurtlesimGame/install/turtlesim_catch_interfaces/share/turtlesim_catch_interfaces/package.sh'
[0.479s] INFO:colcon.colcon_core.shell:Creating package script '/home/rishabh/testinggit/TurtlesimGame/install/turtlesim_catch_interfaces/share/turtlesim_catch_interfaces/package.bash'
[0.479s] INFO:colcon.colcon_core.shell:Creating package script '/home/rishabh/testinggit/TurtlesimGame/install/turtlesim_catch_interfaces/share/turtlesim_catch_interfaces/package.zsh'
[0.480s] Level 1:colcon.colcon_core.environment:create_file_with_runtime_dependencies(/home/rishabh/testinggit/TurtlesimGame/install/turtlesim_catch_interfaces/share/colcon-core/packages/turtlesim_catch_interfaces)
[0.518s] Level 1:colcon.colcon_core.environment:create_environment_scripts_only(turtlesim_catch_interfaces)
[0.518s] Level 1:colcon.colcon_core.environment:checking '/home/rishabh/testinggit/TurtlesimGame/install/turtlesim_catch_interfaces' for CMake module files
[0.519s] Level 1:colcon.colcon_core.environment:checking '/home/rishabh/testinggit/TurtlesimGame/install/turtlesim_catch_interfaces' for CMake config files
[0.519s] Level 1:colcon.colcon_core.shell:create_environment_hook('turtlesim_catch_interfaces', 'cmake_prefix_path')
[0.519s] INFO:colcon.colcon_core.shell:Creating environment hook '/home/rishabh/testinggit/TurtlesimGame/install/turtlesim_catch_interfaces/share/turtlesim_catch_interfaces/hook/cmake_prefix_path.ps1'
[0.519s] INFO:colcon.colcon_core.shell:Creating environment descriptor '/home/rishabh/testinggit/TurtlesimGame/install/turtlesim_catch_interfaces/share/turtlesim_catch_interfaces/hook/cmake_prefix_path.dsv'
[0.519s] INFO:colcon.colcon_core.shell:Creating environment hook '/home/rishabh/testinggit/TurtlesimGame/install/turtlesim_catch_interfaces/share/turtlesim_catch_interfaces/hook/cmake_prefix_path.sh'
[0.520s] Level 1:colcon.colcon_core.environment:checking '/home/rishabh/testinggit/TurtlesimGame/install/turtlesim_catch_interfaces/lib'
[0.520s] Level 1:colcon.colcon_core.shell:create_environment_hook('turtlesim_catch_interfaces', 'ld_library_path_lib')
[0.520s] INFO:colcon.colcon_core.shell:Creating environment hook '/home/rishabh/testinggit/TurtlesimGame/install/turtlesim_catch_interfaces/share/turtlesim_catch_interfaces/hook/ld_library_path_lib.ps1'
[0.520s] INFO:colcon.colcon_core.shell:Creating environment descriptor '/home/rishabh/testinggit/TurtlesimGame/install/turtlesim_catch_interfaces/share/turtlesim_catch_interfaces/hook/ld_library_path_lib.dsv'
[0.520s] INFO:colcon.colcon_core.shell:Creating environment hook '/home/rishabh/testinggit/TurtlesimGame/install/turtlesim_catch_interfaces/share/turtlesim_catch_interfaces/hook/ld_library_path_lib.sh'
[0.520s] Level 1:colcon.colcon_core.environment:checking '/home/rishabh/testinggit/TurtlesimGame/install/turtlesim_catch_interfaces/bin'
[0.520s] Level 1:colcon.colcon_core.environment:checking '/home/rishabh/testinggit/TurtlesimGame/install/turtlesim_catch_interfaces/lib/pkgconfig/turtlesim_catch_interfaces.pc'
[0.521s] Level 1:colcon.colcon_core.environment:checking '/home/rishabh/testinggit/TurtlesimGame/install/turtlesim_catch_interfaces/lib/python3.10/site-packages'
[0.521s] Level 1:colcon.colcon_core.environment:checking '/home/rishabh/testinggit/TurtlesimGame/install/turtlesim_catch_interfaces/bin'
[0.521s] INFO:colcon.colcon_core.shell:Creating package script '/home/rishabh/testinggit/TurtlesimGame/install/turtlesim_catch_interfaces/share/turtlesim_catch_interfaces/package.ps1'
[0.521s] INFO:colcon.colcon_core.shell:Creating package descriptor '/home/rishabh/testinggit/TurtlesimGame/install/turtlesim_catch_interfaces/share/turtlesim_catch_interfaces/package.dsv'
[0.521s] INFO:colcon.colcon_core.shell:Creating package script '/home/rishabh/testinggit/TurtlesimGame/install/turtlesim_catch_interfaces/share/turtlesim_catch_interfaces/package.sh'
[0.522s] INFO:colcon.colcon_core.shell:Creating package script '/home/rishabh/testinggit/TurtlesimGame/install/turtlesim_catch_interfaces/share/turtlesim_catch_interfaces/package.bash'
[0.522s] INFO:colcon.colcon_core.shell:Creating package script '/home/rishabh/testinggit/TurtlesimGame/install/turtlesim_catch_interfaces/share/turtlesim_catch_interfaces/package.zsh'
[0.522s] Level 1:colcon.colcon_core.environment:create_file_with_runtime_dependencies(/home/rishabh/testinggit/TurtlesimGame/install/turtlesim_catch_interfaces/share/colcon-core/packages/turtlesim_catch_interfaces)
[0.522s] INFO:colcon.colcon_ros.task.ament_python.build:Building ROS package in '/home/rishabh/testinggit/TurtlesimGame/src/turtlesim_catch' with build type 'ament_python'
[0.522s] Level 1:colcon.colcon_core.shell:create_environment_hook('turtlesim_catch', 'ament_prefix_path')
[0.522s] INFO:colcon.colcon_core.shell:Creating environment hook '/home/rishabh/testinggit/TurtlesimGame/install/turtlesim_catch/share/turtlesim_catch/hook/ament_prefix_path.ps1'
[0.523s] INFO:colcon.colcon_core.shell:Creating environment descriptor '/home/rishabh/testinggit/TurtlesimGame/install/turtlesim_catch/share/turtlesim_catch/hook/ament_prefix_path.dsv'
[0.523s] INFO:colcon.colcon_core.shell:Creating environment hook '/home/rishabh/testinggit/TurtlesimGame/install/turtlesim_catch/share/turtlesim_catch/hook/ament_prefix_path.sh'
[0.523s] INFO:colcon.colcon_core.shell:Skip shell extension 'powershell' for command environment: Not usable outside of PowerShell
[0.523s] DEBUG:colcon.colcon_core.shell:Skip shell extension 'dsv' for command environment
[0.677s] INFO:colcon.colcon_core.task.python.build:Building Python package in '/home/rishabh/testinggit/TurtlesimGame/src/turtlesim_catch'
[0.677s] INFO:colcon.colcon_core.shell:Skip shell extension 'powershell' for command environment: Not usable outside of PowerShell
[0.677s] DEBUG:colcon.colcon_core.shell:Skip shell extension 'dsv' for command environment
[0.859s] DEBUG:colcon.colcon_core.event_handler.log_command:Invoking command in '/home/rishabh/testinggit/TurtlesimGame/src/turtlesim_catch': PYTHONPATH=/home/rishabh/testinggit/TurtlesimGame/build/turtlesim_catch/prefix_override:/home/rishabh/testinggit/TurtlesimGame/install/turtlesim_catch/lib/python3.10/site-packages:${PYTHONPATH} /usr/bin/python3 -W ignore:setup.py install is deprecated setup.py egg_info --egg-base ../../build/turtlesim_catch build --build-base /home/rishabh/testinggit/TurtlesimGame/build/turtlesim_catch/build install --record /home/rishabh/testinggit/TurtlesimGame/build/turtlesim_catch/install.log --single-version-externally-managed install_data
[1.031s] Level 1:colcon.colcon_core.environment:checking '/home/rishabh/testinggit/TurtlesimGame/install/turtlesim_catch' for CMake module files
[1.031s] DEBUG:colcon.colcon_core.event_handler.log_command:Invoked command in '/home/rishabh/testinggit/TurtlesimGame/src/turtlesim_catch' returned '0': PYTHONPATH=/home/rishabh/testinggit/TurtlesimGame/build/turtlesim_catch/prefix_override:/home/rishabh/testinggit/TurtlesimGame/install/turtlesim_catch/lib/python3.10/site-packages:${PYTHONPATH} /usr/bin/python3 -W ignore:setup.py install is deprecated setup.py egg_info --egg-base ../../build/turtlesim_catch build --build-base /home/rishabh/testinggit/TurtlesimGame/build/turtlesim_catch/build install --record /home/rishabh/testinggit/TurtlesimGame/build/turtlesim_catch/install.log --single-version-externally-managed install_data
[1.031s] Level 1:colcon.colcon_core.environment:checking '/home/rishabh/testinggit/TurtlesimGame/install/turtlesim_catch' for CMake config files
[1.032s] Level 1:colcon.colcon_core.environment:checking '/home/rishabh/testinggit/TurtlesimGame/install/turtlesim_catch/lib'
[1.032s] Level 1:colcon.colcon_core.environment:checking '/home/rishabh/testinggit/TurtlesimGame/install/turtlesim_catch/bin'
[1.032s] Level 1:colcon.colcon_core.environment:checking '/home/rishabh/testinggit/TurtlesimGame/install/turtlesim_catch/lib/pkgconfig/turtlesim_catch.pc'
[1.032s] Level 1:colcon.colcon_core.environment:checking '/home/rishabh/testinggit/TurtlesimGame/install/turtlesim_catch/lib/python3.10/site-packages'
[1.032s] Level 1:colcon.colcon_core.shell:create_environment_hook('turtlesim_catch', 'pythonpath')
[1.032s] INFO:colcon.colcon_core.shell:Creating environment hook '/home/rishabh/testinggit/TurtlesimGame/install/turtlesim_catch/share/turtlesim_catch/hook/pythonpath.ps1'
[1.032s] INFO:colcon.colcon_core.shell:Creating environment descriptor '/home/rishabh/testinggit/TurtlesimGame/install/turtlesim_catch/share/turtlesim_catch/hook/pythonpath.dsv'
[1.032s] INFO:colcon.colcon_core.shell:Creating environment hook '/home/rishabh/testinggit/TurtlesimGame/install/turtlesim_catch/share/turtlesim_catch/hook/pythonpath.sh'
[1.033s] Level 1:colcon.colcon_core.environment:checking '/home/rishabh/testinggit/TurtlesimGame/install/turtlesim_catch/bin'
[1.033s] Level 1:colcon.colcon_core.environment:create_environment_scripts_only(turtlesim_catch)
[1.033s] INFO:colcon.colcon_core.shell:Creating package script '/home/rishabh/testinggit/TurtlesimGame/install/turtlesim_catch/share/turtlesim_catch/package.ps1'
[1.033s] INFO:colcon.colcon_core.shell:Creating package descriptor '/home/rishabh/testinggit/TurtlesimGame/install/turtlesim_catch/share/turtlesim_catch/package.dsv'
[1.033s] INFO:colcon.colcon_core.shell:Creating package script '/home/rishabh/testinggit/TurtlesimGame/install/turtlesim_catch/share/turtlesim_catch/package.sh'
[1.034s] INFO:colcon.colcon_core.shell:Creating package script '/home/rishabh/testinggit/TurtlesimGame/install/turtlesim_catch/share/turtlesim_catch/package.bash'
[1.034s] INFO:colcon.colcon_core.shell:Creating package script '/home/rishabh/testinggit/TurtlesimGame/install/turtlesim_catch/share/turtlesim_catch/package.zsh'
[1.034s] Level 1:colcon.colcon_core.environment:create_file_with_runtime_dependencies(/home/rishabh/testinggit/TurtlesimGame/install/turtlesim_catch/share/colcon-core/packages/turtlesim_catch)
[1.034s] DEBUG:colcon.colcon_parallel_executor.executor.parallel:closing loop
[1.034s] DEBUG:colcon.colcon_parallel_executor.executor.parallel:loop closed
[1.034s] DEBUG:colcon.colcon_parallel_executor.executor.parallel:run_until_complete finished with '0'
[1.034s] DEBUG:colcon.colcon_core.event_reactor:joining thread
[1.037s] INFO:colcon.colcon_core.plugin_system:Skipping extension 'colcon_notification.desktop_notification.terminal_notifier': Not used on non-Darwin systems
[1.037s] INFO:colcon.colcon_core.plugin_system:Skipping extension 'colcon_notification.desktop_notification.win32': Not used on non-Windows systems
[1.037s] INFO:colcon.colcon_notification.desktop_notification:Sending desktop notification using 'notify2'
[1.046s] DEBUG:colcon.colcon_core.event_reactor:joined thread
[1.046s] INFO:colcon.colcon_core.shell:Creating prefix script '/home/rishabh/testinggit/TurtlesimGame/install/local_setup.ps1'
[1.046s] INFO:colcon.colcon_core.shell:Creating prefix util module '/home/rishabh/testinggit/TurtlesimGame/install/_local_setup_util_ps1.py'
[1.047s] INFO:colcon.colcon_core.shell:Creating prefix chain script '/home/rishabh/testinggit/TurtlesimGame/install/setup.ps1'
[1.048s] INFO:colcon.colcon_core.shell:Creating prefix script '/home/rishabh/testinggit/TurtlesimGame/install/local_setup.sh'
[1.048s] INFO:colcon.colcon_core.shell:Creating prefix util module '/home/rishabh/testinggit/TurtlesimGame/install/_local_setup_util_sh.py'
[1.048s] INFO:colcon.colcon_core.shell:Creating prefix chain script '/home/rishabh/testinggit/TurtlesimGame/install/setup.sh'
[1.049s] INFO:colcon.colcon_core.shell:Creating prefix script '/home/rishabh/testinggit/TurtlesimGame/install/local_setup.bash'
[1.049s] INFO:colcon.colcon_core.shell:Creating prefix chain script '/home/rishabh/testinggit/TurtlesimGame/install/setup.bash'
[1.049s] INFO:colcon.colcon_core.shell:Creating prefix script '/home/rishabh/testinggit/TurtlesimGame/install/local_setup.zsh'
[1.050s] INFO:colcon.colcon_core.shell:Creating prefix chain script '/home/rishabh/testinggit/TurtlesimGame/install/setup.zsh'
