[0.005s] Invoking command in '/home/rishabh/testinggit/TurtlesimGame/build/turtlesim_catch_interfaces': CMAKE_PREFIX_PATH=${CMAKE_PREFIX_PATH}:/home/rishabh/testinggit/TurtlesimGame/install/turtlesim_catch:/home/rishabh/ros2_ws/install/percepto_planner:/opt/ros/humble /usr/bin/cmake /home/rishabh/testinggit/TurtlesimGame/src/turtlesim_catch_interfaces -DCMAKE_INSTALL_PREFIX=/home/rishabh/testinggit/TurtlesimGame/install/turtlesim_catch_interfaces
[0.035s] -- The C compiler identification is GNU 11.4.0
[0.065s] -- The CXX compiler identification is GNU 11.4.0
[0.069s] -- Detecting C compiler ABI info
[0.106s] -- Detecting C compiler ABI info - done
[0.109s] -- Check for working C compiler: /usr/bin/cc - skipped
[0.109s] -- Detecting C compile features
[0.110s] -- Detecting C compile features - done
[0.111s] -- Detecting CXX compiler ABI info
[0.153s] -- Detecting CXX compiler ABI info - done
[0.157s] -- Check for working CXX compiler: /usr/bin/c++ - skipped
[0.157s] -- Detecting CXX compile features
[0.158s] -- Detecting CXX compile features - done
[0.159s] -- Found ament_cmake: 1.3.9 (/opt/ros/humble/share/ament_cmake/cmake)
[0.241s] -- Found Python3: /usr/bin/python3 (found version "3.10.12") found components: Interpreter 
[0.285s] -- Found rosidl_default_generators: 1.2.0 (/opt/ros/humble/share/rosidl_default_generators/cmake)
[0.286s] -- Using all available rosidl_typesupport_c: rosidl_typesupport_fastrtps_c;rosidl_typesupport_introspection_c
[0.290s] -- Found rosidl_adapter: 3.1.5 (/opt/ros/humble/share/rosidl_adapter/cmake)
[0.310s] -- Using all available rosidl_typesupport_cpp: rosidl_typesupport_fastrtps_cpp;rosidl_typesupport_introspection_cpp
[0.459s] -- Found ament_cmake_ros: 0.10.0 (/opt/ros/humble/share/ament_cmake_ros/cmake)
[0.557s] -- Using all available rosidl_typesupport_c: rosidl_typesupport_fastrtps_c;rosidl_typesupport_introspection_c
[0.690s] -- Using all available rosidl_typesupport_cpp: rosidl_typesupport_fastrtps_cpp;rosidl_typesupport_introspection_cpp
[0.702s] -- Found PythonInterp: /usr/bin/python3 (found suitable version "3.10.12", minimum required is "3.6") 
[0.703s] -- Found python_cmake_module: 0.10.0 (/opt/ros/humble/share/python_cmake_module/cmake)
[0.717s] -- Found PythonLibs: /usr/lib/x86_64-linux-gnu/libpython3.10.so (found suitable version "3.10.12", minimum required is "3.5") 
[0.717s] -- Using PYTHON_EXECUTABLE: /usr/bin/python3
[0.717s] -- Using PYTHON_INCLUDE_DIRS: /usr/include/python3.10
[0.717s] -- Using PYTHON_LIBRARIES: /usr/lib/x86_64-linux-gnu/libpython3.10.so
[0.729s] -- Found PythonExtra: .so  
[0.749s] -- Configuring done
[0.761s] -- Generating done
[0.762s] -- Build files have been written to: /home/rishabh/testinggit/TurtlesimGame/build/turtlesim_catch_interfaces
[0.766s] Invoked command in '/home/rishabh/testinggit/TurtlesimGame/build/turtlesim_catch_interfaces' returned '0': CMAKE_PREFIX_PATH=${CMAKE_PREFIX_PATH}:/home/rishabh/testinggit/TurtlesimGame/install/turtlesim_catch:/home/rishabh/ros2_ws/install/percepto_planner:/opt/ros/humble /usr/bin/cmake /home/rishabh/testinggit/TurtlesimGame/src/turtlesim_catch_interfaces -DCMAKE_INSTALL_PREFIX=/home/rishabh/testinggit/TurtlesimGame/install/turtlesim_catch_interfaces
[0.767s] Invoking command in '/home/rishabh/testinggit/TurtlesimGame/build/turtlesim_catch_interfaces': CMAKE_PREFIX_PATH=${CMAKE_PREFIX_PATH}:/home/rishabh/testinggit/TurtlesimGame/install/turtlesim_catch:/home/rishabh/ros2_ws/install/percepto_planner:/opt/ros/humble /usr/bin/cmake --build /home/rishabh/testinggit/TurtlesimGame/build/turtlesim_catch_interfaces -- -j20 -l20
[0.789s] [  2%] [34m[1mGenerating C code for ROS interfaces[0m
[0.794s] [  5%] [34m[1mGenerating C++ code for ROS interfaces[0m
[0.798s] [  5%] Built target ament_cmake_python_copy_turtlesim_catch_interfaces
[0.965s] running egg_info
[0.966s] creating turtlesim_catch_interfaces.egg-info
[0.966s] writing turtlesim_catch_interfaces.egg-info/PKG-INFO
[0.966s] writing dependency_links to turtlesim_catch_interfaces.egg-info/dependency_links.txt
[0.966s] writing top-level names to turtlesim_catch_interfaces.egg-info/top_level.txt
[0.966s] writing manifest file 'turtlesim_catch_interfaces.egg-info/SOURCES.txt'
[0.967s] reading manifest file 'turtlesim_catch_interfaces.egg-info/SOURCES.txt'
[0.968s] writing manifest file 'turtlesim_catch_interfaces.egg-info/SOURCES.txt'
[0.975s] [  5%] Built target turtlesim_catch_interfaces__cpp
[0.981s] [ 12%] [32mBuilding C object CMakeFiles/turtlesim_catch_interfaces__rosidl_generator_c.dir/rosidl_generator_c/turtlesim_catch_interfaces/msg/detail/turtleinfoarray__functions.c.o[0m
[0.981s] [ 12%] [32mBuilding C object CMakeFiles/turtlesim_catch_interfaces__rosidl_generator_c.dir/rosidl_generator_c/turtlesim_catch_interfaces/msg/detail/turtleinfo__functions.c.o[0m
[0.981s] [ 12%] [34m[1mGenerating C++ type support dispatch for ROS interfaces[0m
[0.981s] [ 15%] [34m[1mGenerating C++ type support for eProsima Fast-RTPS[0m
[0.981s] [ 17%] [34m[1mGenerating C++ introspection for ROS interfaces[0m
[0.985s] [ 17%] Built target ament_cmake_python_build_turtlesim_catch_interfaces_egg
[1.010s] [ 20%] [32m[1mLinking C shared library libturtlesim_catch_interfaces__rosidl_generator_c.so[0m
[1.033s] [ 20%] Built target turtlesim_catch_interfaces__rosidl_generator_c
[1.039s] [ 23%] [34m[1mGenerating C type support for eProsima Fast-RTPS[0m
[1.039s] [ 25%] [34m[1mGenerating C introspection for ROS interfaces[0m
[1.039s] [ 28%] [34m[1mGenerating C type support dispatch for ROS interfaces[0m
[1.140s] [ 30%] [32mBuilding CXX object CMakeFiles/turtlesim_catch_interfaces__rosidl_typesupport_cpp.dir/rosidl_typesupport_cpp/turtlesim_catch_interfaces/msg/turtleinfo__type_support.cpp.o[0m
[1.142s] [ 33%] [32mBuilding CXX object CMakeFiles/turtlesim_catch_interfaces__rosidl_typesupport_cpp.dir/rosidl_typesupport_cpp/turtlesim_catch_interfaces/msg/turtleinfoarray__type_support.cpp.o[0m
[1.157s] [ 35%] [32mBuilding CXX object CMakeFiles/turtlesim_catch_interfaces__rosidl_typesupport_introspection_cpp.dir/rosidl_typesupport_introspection_cpp/turtlesim_catch_interfaces/msg/detail/turtleinfo__type_support.cpp.o[0m
[1.157s] [ 38%] [32mBuilding CXX object CMakeFiles/turtlesim_catch_interfaces__rosidl_typesupport_introspection_cpp.dir/rosidl_typesupport_introspection_cpp/turtlesim_catch_interfaces/msg/detail/turtleinfoarray__type_support.cpp.o[0m
[1.170s] [ 41%] [32mBuilding CXX object CMakeFiles/turtlesim_catch_interfaces__rosidl_typesupport_fastrtps_cpp.dir/rosidl_typesupport_fastrtps_cpp/turtlesim_catch_interfaces/msg/detail/dds_fastrtps/turtleinfoarray__type_support.cpp.o[0m
[1.171s] [ 43%] [32mBuilding CXX object CMakeFiles/turtlesim_catch_interfaces__rosidl_typesupport_fastrtps_cpp.dir/rosidl_typesupport_fastrtps_cpp/turtlesim_catch_interfaces/msg/detail/dds_fastrtps/turtleinfo__type_support.cpp.o[0m
[1.207s] [ 46%] [32mBuilding CXX object CMakeFiles/turtlesim_catch_interfaces__rosidl_typesupport_c.dir/rosidl_typesupport_c/turtlesim_catch_interfaces/msg/turtleinfo__type_support.cpp.o[0m
[1.210s] [ 48%] [32mBuilding CXX object CMakeFiles/turtlesim_catch_interfaces__rosidl_typesupport_c.dir/rosidl_typesupport_c/turtlesim_catch_interfaces/msg/turtleinfoarray__type_support.cpp.o[0m
[1.226s] [ 53%] [32mBuilding C object CMakeFiles/turtlesim_catch_interfaces__rosidl_typesupport_introspection_c.dir/rosidl_typesupport_introspection_c/turtlesim_catch_interfaces/msg/detail/turtleinfoarray__type_support.c.o[0m
[1.227s] [ 53%] [32mBuilding C object CMakeFiles/turtlesim_catch_interfaces__rosidl_typesupport_introspection_c.dir/rosidl_typesupport_introspection_c/turtlesim_catch_interfaces/msg/detail/turtleinfo__type_support.c.o[0m
[1.229s] [ 56%] [32m[1mLinking CXX shared library libturtlesim_catch_interfaces__rosidl_typesupport_c.so[0m
[1.235s] [ 61%] [32mBuilding CXX object CMakeFiles/turtlesim_catch_interfaces__rosidl_typesupport_fastrtps_c.dir/rosidl_typesupport_fastrtps_c/turtlesim_catch_interfaces/msg/detail/turtleinfoarray__type_support_c.cpp.o[0m
[1.235s] [ 61%] [32mBuilding CXX object CMakeFiles/turtlesim_catch_interfaces__rosidl_typesupport_fastrtps_c.dir/rosidl_typesupport_fastrtps_c/turtlesim_catch_interfaces/msg/detail/turtleinfo__type_support_c.cpp.o[0m
[1.250s] [ 64%] [32m[1mLinking C shared library libturtlesim_catch_interfaces__rosidl_typesupport_introspection_c.so[0m
[1.257s] [ 64%] Built target turtlesim_catch_interfaces__rosidl_typesupport_c
[1.277s] [ 64%] Built target turtlesim_catch_interfaces__rosidl_typesupport_introspection_c
[1.319s] [ 66%] [32m[1mLinking CXX shared library libturtlesim_catch_interfaces__rosidl_typesupport_cpp.so[0m
[1.360s] [ 66%] Built target turtlesim_catch_interfaces__rosidl_typesupport_cpp
[1.444s] [ 69%] [32m[1mLinking CXX shared library libturtlesim_catch_interfaces__rosidl_typesupport_introspection_cpp.so[0m
[1.446s] [ 71%] [32m[1mLinking CXX shared library libturtlesim_catch_interfaces__rosidl_typesupport_fastrtps_c.so[0m
[1.480s] [ 74%] [32m[1mLinking CXX shared library libturtlesim_catch_interfaces__rosidl_typesupport_fastrtps_cpp.so[0m
[1.489s] [ 74%] Built target turtlesim_catch_interfaces__rosidl_typesupport_introspection_cpp
[1.491s] [ 74%] Built target turtlesim_catch_interfaces__rosidl_typesupport_fastrtps_c
[1.521s] [ 74%] Built target turtlesim_catch_interfaces__rosidl_typesupport_fastrtps_cpp
[1.532s] [ 74%] Built target turtlesim_catch_interfaces
[1.543s] [ 76%] [34m[1mGenerating Python code for ROS interfaces[0m
[1.716s] [ 76%] Built target turtlesim_catch_interfaces__py
[1.726s] [ 79%] [32mBuilding C object CMakeFiles/turtlesim_catch_interfaces__rosidl_generator_py.dir/rosidl_generator_py/turtlesim_catch_interfaces/msg/_turtleinfo_s.c.o[0m
[1.726s] [ 82%] [32mBuilding C object CMakeFiles/turtlesim_catch_interfaces__rosidl_generator_py.dir/rosidl_generator_py/turtlesim_catch_interfaces/msg/_turtleinfoarray_s.c.o[0m
[1.781s] [ 84%] [32m[1mLinking C shared library rosidl_generator_py/turtlesim_catch_interfaces/libturtlesim_catch_interfaces__rosidl_generator_py.so[0m
[1.803s] [ 84%] Built target turtlesim_catch_interfaces__rosidl_generator_py
[1.814s] [ 87%] [32mBuilding C object CMakeFiles/turtlesim_catch_interfaces__rosidl_typesupport_fastrtps_c__pyext.dir/rosidl_generator_py/turtlesim_catch_interfaces/_turtlesim_catch_interfaces_s.ep.rosidl_typesupport_fastrtps_c.c.o[0m
[1.815s] [ 89%] [32mBuilding C object CMakeFiles/turtlesim_catch_interfaces__rosidl_typesupport_introspection_c__pyext.dir/rosidl_generator_py/turtlesim_catch_interfaces/_turtlesim_catch_interfaces_s.ep.rosidl_typesupport_introspection_c.c.o[0m
[1.815s] [ 92%] [32mBuilding C object CMakeFiles/turtlesim_catch_interfaces__rosidl_typesupport_c__pyext.dir/rosidl_generator_py/turtlesim_catch_interfaces/_turtlesim_catch_interfaces_s.ep.rosidl_typesupport_c.c.o[0m
[1.868s] [ 97%] [32m[1mLinking C shared library rosidl_generator_py/turtlesim_catch_interfaces/turtlesim_catch_interfaces_s__rosidl_typesupport_c.cpython-310-x86_64-linux-gnu.so[0m
[1.868s] [ 97%] [32m[1mLinking C shared library rosidl_generator_py/turtlesim_catch_interfaces/turtlesim_catch_interfaces_s__rosidl_typesupport_introspection_c.cpython-310-x86_64-linux-gnu.so[0m
[1.869s] [100%] [32m[1mLinking C shared library rosidl_generator_py/turtlesim_catch_interfaces/turtlesim_catch_interfaces_s__rosidl_typesupport_fastrtps_c.cpython-310-x86_64-linux-gnu.so[0m
[1.886s] [100%] Built target turtlesim_catch_interfaces__rosidl_typesupport_introspection_c__pyext
[1.886s] [100%] Built target turtlesim_catch_interfaces__rosidl_typesupport_c__pyext
[1.887s] [100%] Built target turtlesim_catch_interfaces__rosidl_typesupport_fastrtps_c__pyext
[1.893s] Invoked command in '/home/rishabh/testinggit/TurtlesimGame/build/turtlesim_catch_interfaces' returned '0': CMAKE_PREFIX_PATH=${CMAKE_PREFIX_PATH}:/home/rishabh/testinggit/TurtlesimGame/install/turtlesim_catch:/home/rishabh/ros2_ws/install/percepto_planner:/opt/ros/humble /usr/bin/cmake --build /home/rishabh/testinggit/TurtlesimGame/build/turtlesim_catch_interfaces -- -j20 -l20
[1.944s] Invoking command in '/home/rishabh/testinggit/TurtlesimGame/build/turtlesim_catch_interfaces': CMAKE_PREFIX_PATH=${CMAKE_PREFIX_PATH}:/home/rishabh/testinggit/TurtlesimGame/install/turtlesim_catch:/home/rishabh/ros2_ws/install/percepto_planner:/opt/ros/humble /usr/bin/cmake --install /home/rishabh/testinggit/TurtlesimGame/build/turtlesim_catch_interfaces
[1.949s] -- Install configuration: ""
[1.949s] -- Installing: /home/rishabh/testinggit/TurtlesimGame/install/turtlesim_catch_interfaces/share/ament_index/resource_index/rosidl_interfaces/turtlesim_catch_interfaces
[1.949s] -- Installing: /home/rishabh/testinggit/TurtlesimGame/install/turtlesim_catch_interfaces/include/turtlesim_catch_interfaces/turtlesim_catch_interfaces
[1.949s] -- Installing: /home/rishabh/testinggit/TurtlesimGame/install/turtlesim_catch_interfaces/include/turtlesim_catch_interfaces/turtlesim_catch_interfaces/msg
[1.949s] -- Installing: /home/rishabh/testinggit/TurtlesimGame/install/turtlesim_catch_interfaces/include/turtlesim_catch_interfaces/turtlesim_catch_interfaces/msg/detail
[1.949s] -- Installing: /home/rishabh/testinggit/TurtlesimGame/install/turtlesim_catch_interfaces/include/turtlesim_catch_interfaces/turtlesim_catch_interfaces/msg/detail/turtleinfoarray__type_support.h
[1.949s] -- Installing: /home/rishabh/testinggit/TurtlesimGame/install/turtlesim_catch_interfaces/include/turtlesim_catch_interfaces/turtlesim_catch_interfaces/msg/detail/turtleinfoarray__struct.h
[1.949s] -- Installing: /home/rishabh/testinggit/TurtlesimGame/install/turtlesim_catch_interfaces/include/turtlesim_catch_interfaces/turtlesim_catch_interfaces/msg/detail/turtleinfo__functions.h
[1.949s] -- Installing: /home/rishabh/testinggit/TurtlesimGame/install/turtlesim_catch_interfaces/include/turtlesim_catch_interfaces/turtlesim_catch_interfaces/msg/detail/turtleinfoarray__functions.h
[1.949s] -- Installing: /home/rishabh/testinggit/TurtlesimGame/install/turtlesim_catch_interfaces/include/turtlesim_catch_interfaces/turtlesim_catch_interfaces/msg/detail/turtleinfo__struct.h
[1.949s] -- Installing: /home/rishabh/testinggit/TurtlesimGame/install/turtlesim_catch_interfaces/include/turtlesim_catch_interfaces/turtlesim_catch_interfaces/msg/detail/turtleinfo__functions.c
[1.949s] -- Installing: /home/rishabh/testinggit/TurtlesimGame/install/turtlesim_catch_interfaces/include/turtlesim_catch_interfaces/turtlesim_catch_interfaces/msg/detail/turtleinfoarray__functions.c
[1.949s] -- Installing: /home/rishabh/testinggit/TurtlesimGame/install/turtlesim_catch_interfaces/include/turtlesim_catch_interfaces/turtlesim_catch_interfaces/msg/detail/turtleinfo__type_support.h
[1.949s] -- Installing: /home/rishabh/testinggit/TurtlesimGame/install/turtlesim_catch_interfaces/include/turtlesim_catch_interfaces/turtlesim_catch_interfaces/msg/turtleinfo.h
[1.949s] -- Installing: /home/rishabh/testinggit/TurtlesimGame/install/turtlesim_catch_interfaces/include/turtlesim_catch_interfaces/turtlesim_catch_interfaces/msg/rosidl_generator_c__visibility_control.h
[1.949s] -- Installing: /home/rishabh/testinggit/TurtlesimGame/install/turtlesim_catch_interfaces/include/turtlesim_catch_interfaces/turtlesim_catch_interfaces/msg/turtleinfoarray.h
[1.949s] -- Installing: /home/rishabh/testinggit/TurtlesimGame/install/turtlesim_catch_interfaces/share/turtlesim_catch_interfaces/environment/library_path.sh
[1.950s] -- Installing: /home/rishabh/testinggit/TurtlesimGame/install/turtlesim_catch_interfaces/share/turtlesim_catch_interfaces/environment/library_path.dsv
[1.950s] -- Installing: /home/rishabh/testinggit/TurtlesimGame/install/turtlesim_catch_interfaces/lib/libturtlesim_catch_interfaces__rosidl_generator_c.so
[1.950s] -- Set runtime path of "/home/rishabh/testinggit/TurtlesimGame/install/turtlesim_catch_interfaces/lib/libturtlesim_catch_interfaces__rosidl_generator_c.so" to ""
[1.950s] -- Up-to-date: /home/rishabh/testinggit/TurtlesimGame/install/turtlesim_catch_interfaces/include/turtlesim_catch_interfaces/turtlesim_catch_interfaces
[1.950s] -- Up-to-date: /home/rishabh/testinggit/TurtlesimGame/install/turtlesim_catch_interfaces/include/turtlesim_catch_interfaces/turtlesim_catch_interfaces/msg
[1.950s] -- Installing: /home/rishabh/testinggit/TurtlesimGame/install/turtlesim_catch_interfaces/include/turtlesim_catch_interfaces/turtlesim_catch_interfaces/msg/rosidl_typesupport_fastrtps_c__visibility_control.h
[1.950s] -- Up-to-date: /home/rishabh/testinggit/TurtlesimGame/install/turtlesim_catch_interfaces/include/turtlesim_catch_interfaces/turtlesim_catch_interfaces/msg/detail
[1.950s] -- Installing: /home/rishabh/testinggit/TurtlesimGame/install/turtlesim_catch_interfaces/include/turtlesim_catch_interfaces/turtlesim_catch_interfaces/msg/detail/turtleinfoarray__rosidl_typesupport_fastrtps_c.h
[1.950s] -- Installing: /home/rishabh/testinggit/TurtlesimGame/install/turtlesim_catch_interfaces/include/turtlesim_catch_interfaces/turtlesim_catch_interfaces/msg/detail/turtleinfo__rosidl_typesupport_fastrtps_c.h
[1.950s] -- Installing: /home/rishabh/testinggit/TurtlesimGame/install/turtlesim_catch_interfaces/lib/libturtlesim_catch_interfaces__rosidl_typesupport_fastrtps_c.so
[1.950s] -- Set runtime path of "/home/rishabh/testinggit/TurtlesimGame/install/turtlesim_catch_interfaces/lib/libturtlesim_catch_interfaces__rosidl_typesupport_fastrtps_c.so" to ""
[1.950s] -- Up-to-date: /home/rishabh/testinggit/TurtlesimGame/install/turtlesim_catch_interfaces/include/turtlesim_catch_interfaces/turtlesim_catch_interfaces
[1.950s] -- Up-to-date: /home/rishabh/testinggit/TurtlesimGame/install/turtlesim_catch_interfaces/include/turtlesim_catch_interfaces/turtlesim_catch_interfaces/msg
[1.950s] -- Up-to-date: /home/rishabh/testinggit/TurtlesimGame/install/turtlesim_catch_interfaces/include/turtlesim_catch_interfaces/turtlesim_catch_interfaces/msg/detail
[1.950s] -- Installing: /home/rishabh/testinggit/TurtlesimGame/install/turtlesim_catch_interfaces/include/turtlesim_catch_interfaces/turtlesim_catch_interfaces/msg/detail/turtleinfo__rosidl_typesupport_introspection_c.h
[1.950s] -- Installing: /home/rishabh/testinggit/TurtlesimGame/install/turtlesim_catch_interfaces/include/turtlesim_catch_interfaces/turtlesim_catch_interfaces/msg/detail/turtleinfo__type_support.c
[1.950s] -- Installing: /home/rishabh/testinggit/TurtlesimGame/install/turtlesim_catch_interfaces/include/turtlesim_catch_interfaces/turtlesim_catch_interfaces/msg/detail/turtleinfoarray__rosidl_typesupport_introspection_c.h
[1.950s] -- Installing: /home/rishabh/testinggit/TurtlesimGame/install/turtlesim_catch_interfaces/include/turtlesim_catch_interfaces/turtlesim_catch_interfaces/msg/detail/turtleinfoarray__type_support.c
[1.950s] -- Installing: /home/rishabh/testinggit/TurtlesimGame/install/turtlesim_catch_interfaces/include/turtlesim_catch_interfaces/turtlesim_catch_interfaces/msg/rosidl_typesupport_introspection_c__visibility_control.h
[1.950s] -- Installing: /home/rishabh/testinggit/TurtlesimGame/install/turtlesim_catch_interfaces/lib/libturtlesim_catch_interfaces__rosidl_typesupport_introspection_c.so
[1.950s] -- Set runtime path of "/home/rishabh/testinggit/TurtlesimGame/install/turtlesim_catch_interfaces/lib/libturtlesim_catch_interfaces__rosidl_typesupport_introspection_c.so" to ""
[1.950s] -- Installing: /home/rishabh/testinggit/TurtlesimGame/install/turtlesim_catch_interfaces/lib/libturtlesim_catch_interfaces__rosidl_typesupport_c.so
[1.950s] -- Set runtime path of "/home/rishabh/testinggit/TurtlesimGame/install/turtlesim_catch_interfaces/lib/libturtlesim_catch_interfaces__rosidl_typesupport_c.so" to ""
[1.950s] -- Up-to-date: /home/rishabh/testinggit/TurtlesimGame/install/turtlesim_catch_interfaces/include/turtlesim_catch_interfaces/turtlesim_catch_interfaces
[1.950s] -- Up-to-date: /home/rishabh/testinggit/TurtlesimGame/install/turtlesim_catch_interfaces/include/turtlesim_catch_interfaces/turtlesim_catch_interfaces/msg
[1.950s] -- Installing: /home/rishabh/testinggit/TurtlesimGame/install/turtlesim_catch_interfaces/include/turtlesim_catch_interfaces/turtlesim_catch_interfaces/msg/turtleinfoarray.hpp
[1.950s] -- Up-to-date: /home/rishabh/testinggit/TurtlesimGame/install/turtlesim_catch_interfaces/include/turtlesim_catch_interfaces/turtlesim_catch_interfaces/msg/detail
[1.950s] -- Installing: /home/rishabh/testinggit/TurtlesimGame/install/turtlesim_catch_interfaces/include/turtlesim_catch_interfaces/turtlesim_catch_interfaces/msg/detail/turtleinfo__builder.hpp
[1.950s] -- Installing: /home/rishabh/testinggit/TurtlesimGame/install/turtlesim_catch_interfaces/include/turtlesim_catch_interfaces/turtlesim_catch_interfaces/msg/detail/turtleinfoarray__struct.hpp
[1.950s] -- Installing: /home/rishabh/testinggit/TurtlesimGame/install/turtlesim_catch_interfaces/include/turtlesim_catch_interfaces/turtlesim_catch_interfaces/msg/detail/turtleinfo__struct.hpp
[1.950s] -- Installing: /home/rishabh/testinggit/TurtlesimGame/install/turtlesim_catch_interfaces/include/turtlesim_catch_interfaces/turtlesim_catch_interfaces/msg/detail/turtleinfo__traits.hpp
[1.950s] -- Installing: /home/rishabh/testinggit/TurtlesimGame/install/turtlesim_catch_interfaces/include/turtlesim_catch_interfaces/turtlesim_catch_interfaces/msg/detail/turtleinfoarray__traits.hpp
[1.950s] -- Installing: /home/rishabh/testinggit/TurtlesimGame/install/turtlesim_catch_interfaces/include/turtlesim_catch_interfaces/turtlesim_catch_interfaces/msg/detail/turtleinfoarray__builder.hpp
[1.950s] -- Installing: /home/rishabh/testinggit/TurtlesimGame/install/turtlesim_catch_interfaces/include/turtlesim_catch_interfaces/turtlesim_catch_interfaces/msg/turtleinfo.hpp
[1.951s] -- Up-to-date: /home/rishabh/testinggit/TurtlesimGame/install/turtlesim_catch_interfaces/include/turtlesim_catch_interfaces/turtlesim_catch_interfaces
[1.951s] -- Up-to-date: /home/rishabh/testinggit/TurtlesimGame/install/turtlesim_catch_interfaces/include/turtlesim_catch_interfaces/turtlesim_catch_interfaces/msg
[1.951s] -- Up-to-date: /home/rishabh/testinggit/TurtlesimGame/install/turtlesim_catch_interfaces/include/turtlesim_catch_interfaces/turtlesim_catch_interfaces/msg/detail
[1.951s] -- Installing: /home/rishabh/testinggit/TurtlesimGame/install/turtlesim_catch_interfaces/include/turtlesim_catch_interfaces/turtlesim_catch_interfaces/msg/detail/dds_fastrtps
[1.951s] -- Installing: /home/rishabh/testinggit/TurtlesimGame/install/turtlesim_catch_interfaces/include/turtlesim_catch_interfaces/turtlesim_catch_interfaces/msg/detail/turtleinfoarray__rosidl_typesupport_fastrtps_cpp.hpp
[1.951s] -- Installing: /home/rishabh/testinggit/TurtlesimGame/install/turtlesim_catch_interfaces/include/turtlesim_catch_interfaces/turtlesim_catch_interfaces/msg/detail/turtleinfo__rosidl_typesupport_fastrtps_cpp.hpp
[1.951s] -- Installing: /home/rishabh/testinggit/TurtlesimGame/install/turtlesim_catch_interfaces/include/turtlesim_catch_interfaces/turtlesim_catch_interfaces/msg/rosidl_typesupport_fastrtps_cpp__visibility_control.h
[1.951s] -- Installing: /home/rishabh/testinggit/TurtlesimGame/install/turtlesim_catch_interfaces/lib/libturtlesim_catch_interfaces__rosidl_typesupport_fastrtps_cpp.so
[1.951s] -- Set runtime path of "/home/rishabh/testinggit/TurtlesimGame/install/turtlesim_catch_interfaces/lib/libturtlesim_catch_interfaces__rosidl_typesupport_fastrtps_cpp.so" to ""
[1.951s] -- Up-to-date: /home/rishabh/testinggit/TurtlesimGame/install/turtlesim_catch_interfaces/include/turtlesim_catch_interfaces/turtlesim_catch_interfaces
[1.951s] -- Up-to-date: /home/rishabh/testinggit/TurtlesimGame/install/turtlesim_catch_interfaces/include/turtlesim_catch_interfaces/turtlesim_catch_interfaces/msg
[1.951s] -- Up-to-date: /home/rishabh/testinggit/TurtlesimGame/install/turtlesim_catch_interfaces/include/turtlesim_catch_interfaces/turtlesim_catch_interfaces/msg/detail
[1.951s] -- Installing: /home/rishabh/testinggit/TurtlesimGame/install/turtlesim_catch_interfaces/include/turtlesim_catch_interfaces/turtlesim_catch_interfaces/msg/detail/turtleinfoarray__type_support.cpp
[1.951s] -- Installing: /home/rishabh/testinggit/TurtlesimGame/install/turtlesim_catch_interfaces/include/turtlesim_catch_interfaces/turtlesim_catch_interfaces/msg/detail/turtleinfo__type_support.cpp
[1.951s] -- Installing: /home/rishabh/testinggit/TurtlesimGame/install/turtlesim_catch_interfaces/include/turtlesim_catch_interfaces/turtlesim_catch_interfaces/msg/detail/turtleinfoarray__rosidl_typesupport_introspection_cpp.hpp
[1.951s] -- Installing: /home/rishabh/testinggit/TurtlesimGame/install/turtlesim_catch_interfaces/include/turtlesim_catch_interfaces/turtlesim_catch_interfaces/msg/detail/turtleinfo__rosidl_typesupport_introspection_cpp.hpp
[1.951s] -- Installing: /home/rishabh/testinggit/TurtlesimGame/install/turtlesim_catch_interfaces/lib/libturtlesim_catch_interfaces__rosidl_typesupport_introspection_cpp.so
[1.951s] -- Set runtime path of "/home/rishabh/testinggit/TurtlesimGame/install/turtlesim_catch_interfaces/lib/libturtlesim_catch_interfaces__rosidl_typesupport_introspection_cpp.so" to ""
[1.951s] -- Installing: /home/rishabh/testinggit/TurtlesimGame/install/turtlesim_catch_interfaces/lib/libturtlesim_catch_interfaces__rosidl_typesupport_cpp.so
[1.951s] -- Set runtime path of "/home/rishabh/testinggit/TurtlesimGame/install/turtlesim_catch_interfaces/lib/libturtlesim_catch_interfaces__rosidl_typesupport_cpp.so" to ""
[1.951s] -- Installing: /home/rishabh/testinggit/TurtlesimGame/install/turtlesim_catch_interfaces/share/turtlesim_catch_interfaces/environment/pythonpath.sh
[1.951s] -- Installing: /home/rishabh/testinggit/TurtlesimGame/install/turtlesim_catch_interfaces/share/turtlesim_catch_interfaces/environment/pythonpath.dsv
[1.951s] -- Installing: /home/rishabh/testinggit/TurtlesimGame/install/turtlesim_catch_interfaces/local/lib/python3.10/dist-packages/turtlesim_catch_interfaces-0.0.0-py3.10.egg-info
[1.951s] -- Installing: /home/rishabh/testinggit/TurtlesimGame/install/turtlesim_catch_interfaces/local/lib/python3.10/dist-packages/turtlesim_catch_interfaces-0.0.0-py3.10.egg-info/dependency_links.txt
[1.951s] -- Installing: /home/rishabh/testinggit/TurtlesimGame/install/turtlesim_catch_interfaces/local/lib/python3.10/dist-packages/turtlesim_catch_interfaces-0.0.0-py3.10.egg-info/top_level.txt
[1.951s] -- Installing: /home/rishabh/testinggit/TurtlesimGame/install/turtlesim_catch_interfaces/local/lib/python3.10/dist-packages/turtlesim_catch_interfaces-0.0.0-py3.10.egg-info/PKG-INFO
[1.952s] -- Installing: /home/rishabh/testinggit/TurtlesimGame/install/turtlesim_catch_interfaces/local/lib/python3.10/dist-packages/turtlesim_catch_interfaces-0.0.0-py3.10.egg-info/SOURCES.txt
[1.952s] -- Installing: /home/rishabh/testinggit/TurtlesimGame/install/turtlesim_catch_interfaces/local/lib/python3.10/dist-packages/turtlesim_catch_interfaces
[1.952s] -- Installing: /home/rishabh/testinggit/TurtlesimGame/install/turtlesim_catch_interfaces/local/lib/python3.10/dist-packages/turtlesim_catch_interfaces/turtlesim_catch_interfaces_s__rosidl_typesupport_c.cpython-310-x86_64-linux-gnu.so
[1.952s] -- Installing: /home/rishabh/testinggit/TurtlesimGame/install/turtlesim_catch_interfaces/local/lib/python3.10/dist-packages/turtlesim_catch_interfaces/libturtlesim_catch_interfaces__rosidl_generator_py.so
[1.952s] -- Installing: /home/rishabh/testinggit/TurtlesimGame/install/turtlesim_catch_interfaces/local/lib/python3.10/dist-packages/turtlesim_catch_interfaces/turtlesim_catch_interfaces_s__rosidl_typesupport_introspection_c.cpython-310-x86_64-linux-gnu.so
[1.952s] -- Installing: /home/rishabh/testinggit/TurtlesimGame/install/turtlesim_catch_interfaces/local/lib/python3.10/dist-packages/turtlesim_catch_interfaces/__init__.py
[1.952s] -- Installing: /home/rishabh/testinggit/TurtlesimGame/install/turtlesim_catch_interfaces/local/lib/python3.10/dist-packages/turtlesim_catch_interfaces/_turtlesim_catch_interfaces_s.ep.rosidl_typesupport_introspection_c.c
[1.952s] -- Installing: /home/rishabh/testinggit/TurtlesimGame/install/turtlesim_catch_interfaces/local/lib/python3.10/dist-packages/turtlesim_catch_interfaces/turtlesim_catch_interfaces_s__rosidl_typesupport_fastrtps_c.cpython-310-x86_64-linux-gnu.so
[1.952s] -- Installing: /home/rishabh/testinggit/TurtlesimGame/install/turtlesim_catch_interfaces/local/lib/python3.10/dist-packages/turtlesim_catch_interfaces/_turtlesim_catch_interfaces_s.ep.rosidl_typesupport_c.c
[1.952s] -- Installing: /home/rishabh/testinggit/TurtlesimGame/install/turtlesim_catch_interfaces/local/lib/python3.10/dist-packages/turtlesim_catch_interfaces/msg
[1.952s] -- Installing: /home/rishabh/testinggit/TurtlesimGame/install/turtlesim_catch_interfaces/local/lib/python3.10/dist-packages/turtlesim_catch_interfaces/msg/_turtleinfo_s.c
[1.952s] -- Installing: /home/rishabh/testinggit/TurtlesimGame/install/turtlesim_catch_interfaces/local/lib/python3.10/dist-packages/turtlesim_catch_interfaces/msg/_turtleinfo.py
[1.952s] -- Installing: /home/rishabh/testinggit/TurtlesimGame/install/turtlesim_catch_interfaces/local/lib/python3.10/dist-packages/turtlesim_catch_interfaces/msg/__init__.py
[1.952s] -- Installing: /home/rishabh/testinggit/TurtlesimGame/install/turtlesim_catch_interfaces/local/lib/python3.10/dist-packages/turtlesim_catch_interfaces/msg/_turtleinfoarray_s.c
[1.952s] -- Installing: /home/rishabh/testinggit/TurtlesimGame/install/turtlesim_catch_interfaces/local/lib/python3.10/dist-packages/turtlesim_catch_interfaces/msg/_turtleinfoarray.py
[1.952s] -- Installing: /home/rishabh/testinggit/TurtlesimGame/install/turtlesim_catch_interfaces/local/lib/python3.10/dist-packages/turtlesim_catch_interfaces/_turtlesim_catch_interfaces_s.ep.rosidl_typesupport_fastrtps_c.c
[1.970s] Listing '/home/rishabh/testinggit/TurtlesimGame/install/turtlesim_catch_interfaces/local/lib/python3.10/dist-packages/turtlesim_catch_interfaces'...
[1.970s] Compiling '/home/rishabh/testinggit/TurtlesimGame/install/turtlesim_catch_interfaces/local/lib/python3.10/dist-packages/turtlesim_catch_interfaces/__init__.py'...
[1.970s] Listing '/home/rishabh/testinggit/TurtlesimGame/install/turtlesim_catch_interfaces/local/lib/python3.10/dist-packages/turtlesim_catch_interfaces/msg'...
[1.970s] Compiling '/home/rishabh/testinggit/TurtlesimGame/install/turtlesim_catch_interfaces/local/lib/python3.10/dist-packages/turtlesim_catch_interfaces/msg/__init__.py'...
[1.971s] Compiling '/home/rishabh/testinggit/TurtlesimGame/install/turtlesim_catch_interfaces/local/lib/python3.10/dist-packages/turtlesim_catch_interfaces/msg/_turtleinfo.py'...
[1.971s] Compiling '/home/rishabh/testinggit/TurtlesimGame/install/turtlesim_catch_interfaces/local/lib/python3.10/dist-packages/turtlesim_catch_interfaces/msg/_turtleinfoarray.py'...
[1.973s] -- Installing: /home/rishabh/testinggit/TurtlesimGame/install/turtlesim_catch_interfaces/local/lib/python3.10/dist-packages/turtlesim_catch_interfaces/turtlesim_catch_interfaces_s__rosidl_typesupport_fastrtps_c.cpython-310-x86_64-linux-gnu.so
[1.973s] -- Set runtime path of "/home/rishabh/testinggit/TurtlesimGame/install/turtlesim_catch_interfaces/local/lib/python3.10/dist-packages/turtlesim_catch_interfaces/turtlesim_catch_interfaces_s__rosidl_typesupport_fastrtps_c.cpython-310-x86_64-linux-gnu.so" to ""
[1.973s] -- Installing: /home/rishabh/testinggit/TurtlesimGame/install/turtlesim_catch_interfaces/local/lib/python3.10/dist-packages/turtlesim_catch_interfaces/turtlesim_catch_interfaces_s__rosidl_typesupport_introspection_c.cpython-310-x86_64-linux-gnu.so
[1.973s] -- Set runtime path of "/home/rishabh/testinggit/TurtlesimGame/install/turtlesim_catch_interfaces/local/lib/python3.10/dist-packages/turtlesim_catch_interfaces/turtlesim_catch_interfaces_s__rosidl_typesupport_introspection_c.cpython-310-x86_64-linux-gnu.so" to ""
[1.973s] -- Installing: /home/rishabh/testinggit/TurtlesimGame/install/turtlesim_catch_interfaces/local/lib/python3.10/dist-packages/turtlesim_catch_interfaces/turtlesim_catch_interfaces_s__rosidl_typesupport_c.cpython-310-x86_64-linux-gnu.so
[1.973s] -- Set runtime path of "/home/rishabh/testinggit/TurtlesimGame/install/turtlesim_catch_interfaces/local/lib/python3.10/dist-packages/turtlesim_catch_interfaces/turtlesim_catch_interfaces_s__rosidl_typesupport_c.cpython-310-x86_64-linux-gnu.so" to ""
[1.973s] -- Installing: /home/rishabh/testinggit/TurtlesimGame/install/turtlesim_catch_interfaces/lib/libturtlesim_catch_interfaces__rosidl_generator_py.so
[1.973s] -- Set runtime path of "/home/rishabh/testinggit/TurtlesimGame/install/turtlesim_catch_interfaces/lib/libturtlesim_catch_interfaces__rosidl_generator_py.so" to ""
[1.973s] -- Installing: /home/rishabh/testinggit/TurtlesimGame/install/turtlesim_catch_interfaces/share/turtlesim_catch_interfaces/msg/Turtleinfo.idl
[1.973s] -- Installing: /home/rishabh/testinggit/TurtlesimGame/install/turtlesim_catch_interfaces/share/turtlesim_catch_interfaces/msg/Turtleinfoarray.idl
[1.973s] -- Installing: /home/rishabh/testinggit/TurtlesimGame/install/turtlesim_catch_interfaces/share/turtlesim_catch_interfaces/msg/Turtleinfo.msg
[1.973s] -- Installing: /home/rishabh/testinggit/TurtlesimGame/install/turtlesim_catch_interfaces/share/turtlesim_catch_interfaces/msg/Turtleinfoarray.msg
[1.973s] -- Installing: /home/rishabh/testinggit/TurtlesimGame/install/turtlesim_catch_interfaces/share/ament_index/resource_index/package_run_dependencies/turtlesim_catch_interfaces
[1.974s] -- Installing: /home/rishabh/testinggit/TurtlesimGame/install/turtlesim_catch_interfaces/share/ament_index/resource_index/parent_prefix_path/turtlesim_catch_interfaces
[1.974s] -- Installing: /home/rishabh/testinggit/TurtlesimGame/install/turtlesim_catch_interfaces/share/turtlesim_catch_interfaces/environment/ament_prefix_path.sh
[1.974s] -- Installing: /home/rishabh/testinggit/TurtlesimGame/install/turtlesim_catch_interfaces/share/turtlesim_catch_interfaces/environment/ament_prefix_path.dsv
[1.974s] -- Installing: /home/rishabh/testinggit/TurtlesimGame/install/turtlesim_catch_interfaces/share/turtlesim_catch_interfaces/environment/path.sh
[1.974s] -- Installing: /home/rishabh/testinggit/TurtlesimGame/install/turtlesim_catch_interfaces/share/turtlesim_catch_interfaces/environment/path.dsv
[1.974s] -- Installing: /home/rishabh/testinggit/TurtlesimGame/install/turtlesim_catch_interfaces/share/turtlesim_catch_interfaces/local_setup.bash
[1.974s] -- Installing: /home/rishabh/testinggit/TurtlesimGame/install/turtlesim_catch_interfaces/share/turtlesim_catch_interfaces/local_setup.sh
[1.974s] -- Installing: /home/rishabh/testinggit/TurtlesimGame/install/turtlesim_catch_interfaces/share/turtlesim_catch_interfaces/local_setup.zsh
[1.974s] -- Installing: /home/rishabh/testinggit/TurtlesimGame/install/turtlesim_catch_interfaces/share/turtlesim_catch_interfaces/local_setup.dsv
[1.974s] -- Installing: /home/rishabh/testinggit/TurtlesimGame/install/turtlesim_catch_interfaces/share/turtlesim_catch_interfaces/package.dsv
[1.974s] -- Installing: /home/rishabh/testinggit/TurtlesimGame/install/turtlesim_catch_interfaces/share/ament_index/resource_index/packages/turtlesim_catch_interfaces
[1.974s] -- Installing: /home/rishabh/testinggit/TurtlesimGame/install/turtlesim_catch_interfaces/share/turtlesim_catch_interfaces/cmake/export_turtlesim_catch_interfaces__rosidl_generator_cExport.cmake
[1.974s] -- Installing: /home/rishabh/testinggit/TurtlesimGame/install/turtlesim_catch_interfaces/share/turtlesim_catch_interfaces/cmake/export_turtlesim_catch_interfaces__rosidl_generator_cExport-noconfig.cmake
[1.974s] -- Installing: /home/rishabh/testinggit/TurtlesimGame/install/turtlesim_catch_interfaces/share/turtlesim_catch_interfaces/cmake/export_turtlesim_catch_interfaces__rosidl_typesupport_fastrtps_cExport.cmake
[1.974s] -- Installing: /home/rishabh/testinggit/TurtlesimGame/install/turtlesim_catch_interfaces/share/turtlesim_catch_interfaces/cmake/export_turtlesim_catch_interfaces__rosidl_typesupport_fastrtps_cExport-noconfig.cmake
[1.974s] -- Installing: /home/rishabh/testinggit/TurtlesimGame/install/turtlesim_catch_interfaces/share/turtlesim_catch_interfaces/cmake/turtlesim_catch_interfaces__rosidl_typesupport_introspection_cExport.cmake
[1.974s] -- Installing: /home/rishabh/testinggit/TurtlesimGame/install/turtlesim_catch_interfaces/share/turtlesim_catch_interfaces/cmake/turtlesim_catch_interfaces__rosidl_typesupport_introspection_cExport-noconfig.cmake
[1.974s] -- Installing: /home/rishabh/testinggit/TurtlesimGame/install/turtlesim_catch_interfaces/share/turtlesim_catch_interfaces/cmake/turtlesim_catch_interfaces__rosidl_typesupport_cExport.cmake
[1.974s] -- Installing: /home/rishabh/testinggit/TurtlesimGame/install/turtlesim_catch_interfaces/share/turtlesim_catch_interfaces/cmake/turtlesim_catch_interfaces__rosidl_typesupport_cExport-noconfig.cmake
[1.974s] -- Installing: /home/rishabh/testinggit/TurtlesimGame/install/turtlesim_catch_interfaces/share/turtlesim_catch_interfaces/cmake/export_turtlesim_catch_interfaces__rosidl_generator_cppExport.cmake
[1.974s] -- Installing: /home/rishabh/testinggit/TurtlesimGame/install/turtlesim_catch_interfaces/share/turtlesim_catch_interfaces/cmake/export_turtlesim_catch_interfaces__rosidl_typesupport_fastrtps_cppExport.cmake
[1.974s] -- Installing: /home/rishabh/testinggit/TurtlesimGame/install/turtlesim_catch_interfaces/share/turtlesim_catch_interfaces/cmake/export_turtlesim_catch_interfaces__rosidl_typesupport_fastrtps_cppExport-noconfig.cmake
[1.974s] -- Installing: /home/rishabh/testinggit/TurtlesimGame/install/turtlesim_catch_interfaces/share/turtlesim_catch_interfaces/cmake/turtlesim_catch_interfaces__rosidl_typesupport_introspection_cppExport.cmake
[1.974s] -- Installing: /home/rishabh/testinggit/TurtlesimGame/install/turtlesim_catch_interfaces/share/turtlesim_catch_interfaces/cmake/turtlesim_catch_interfaces__rosidl_typesupport_introspection_cppExport-noconfig.cmake
[1.974s] -- Installing: /home/rishabh/testinggit/TurtlesimGame/install/turtlesim_catch_interfaces/share/turtlesim_catch_interfaces/cmake/turtlesim_catch_interfaces__rosidl_typesupport_cppExport.cmake
[1.974s] -- Installing: /home/rishabh/testinggit/TurtlesimGame/install/turtlesim_catch_interfaces/share/turtlesim_catch_interfaces/cmake/turtlesim_catch_interfaces__rosidl_typesupport_cppExport-noconfig.cmake
[1.974s] -- Installing: /home/rishabh/testinggit/TurtlesimGame/install/turtlesim_catch_interfaces/share/turtlesim_catch_interfaces/cmake/export_turtlesim_catch_interfaces__rosidl_generator_pyExport.cmake
[1.975s] -- Installing: /home/rishabh/testinggit/TurtlesimGame/install/turtlesim_catch_interfaces/share/turtlesim_catch_interfaces/cmake/export_turtlesim_catch_interfaces__rosidl_generator_pyExport-noconfig.cmake
[1.975s] -- Installing: /home/rishabh/testinggit/TurtlesimGame/install/turtlesim_catch_interfaces/share/turtlesim_catch_interfaces/cmake/rosidl_cmake-extras.cmake
[1.975s] -- Installing: /home/rishabh/testinggit/TurtlesimGame/install/turtlesim_catch_interfaces/share/turtlesim_catch_interfaces/cmake/ament_cmake_export_include_directories-extras.cmake
[1.975s] -- Installing: /home/rishabh/testinggit/TurtlesimGame/install/turtlesim_catch_interfaces/share/turtlesim_catch_interfaces/cmake/ament_cmake_export_libraries-extras.cmake
[1.975s] -- Installing: /home/rishabh/testinggit/TurtlesimGame/install/turtlesim_catch_interfaces/share/turtlesim_catch_interfaces/cmake/ament_cmake_export_targets-extras.cmake
[1.975s] -- Installing: /home/rishabh/testinggit/TurtlesimGame/install/turtlesim_catch_interfaces/share/turtlesim_catch_interfaces/cmake/rosidl_cmake_export_typesupport_targets-extras.cmake
[1.975s] -- Installing: /home/rishabh/testinggit/TurtlesimGame/install/turtlesim_catch_interfaces/share/turtlesim_catch_interfaces/cmake/ament_cmake_export_dependencies-extras.cmake
[1.975s] -- Installing: /home/rishabh/testinggit/TurtlesimGame/install/turtlesim_catch_interfaces/share/turtlesim_catch_interfaces/cmake/rosidl_cmake_export_typesupport_libraries-extras.cmake
[1.975s] -- Installing: /home/rishabh/testinggit/TurtlesimGame/install/turtlesim_catch_interfaces/share/turtlesim_catch_interfaces/cmake/turtlesim_catch_interfacesConfig.cmake
[1.975s] -- Installing: /home/rishabh/testinggit/TurtlesimGame/install/turtlesim_catch_interfaces/share/turtlesim_catch_interfaces/cmake/turtlesim_catch_interfacesConfig-version.cmake
[1.975s] -- Installing: /home/rishabh/testinggit/TurtlesimGame/install/turtlesim_catch_interfaces/share/turtlesim_catch_interfaces/package.xml
[1.977s] Invoked command in '/home/rishabh/testinggit/TurtlesimGame/build/turtlesim_catch_interfaces' returned '0': CMAKE_PREFIX_PATH=${CMAKE_PREFIX_PATH}:/home/rishabh/testinggit/TurtlesimGame/install/turtlesim_catch:/home/rishabh/ros2_ws/install/percepto_planner:/opt/ros/humble /usr/bin/cmake --install /home/rishabh/testinggit/TurtlesimGame/build/turtlesim_catch_interfaces
