/home/rishabh/testinggit/TurtlesimGame/install/turtlesim_catch/lib/python3.10/site-packages/turtlesim_catch/turtle_controller.py
/home/rishabh/testinggit/TurtlesimGame/install/turtlesim_catch/lib/python3.10/site-packages/turtlesim_catch/testing.py
/home/rishabh/testinggit/TurtlesimGame/install/turtlesim_catch/lib/python3.10/site-packages/turtlesim_catch/__init__.py
/home/rishabh/testinggit/TurtlesimGame/install/turtlesim_catch/lib/python3.10/site-packages/turtlesim_catch/turtle_spawner.py
/home/rishabh/testinggit/TurtlesimGame/install/turtlesim_catch/lib/python3.10/site-packages/turtlesim_catch/__pycache__/turtle_controller.cpython-310.pyc
/home/rishabh/testinggit/TurtlesimGame/install/turtlesim_catch/lib/python3.10/site-packages/turtlesim_catch/__pycache__/testing.cpython-310.pyc
/home/rishabh/testinggit/TurtlesimGame/install/turtlesim_catch/lib/python3.10/site-packages/turtlesim_catch/__pycache__/__init__.cpython-310.pyc
/home/rishabh/testinggit/TurtlesimGame/install/turtlesim_catch/lib/python3.10/site-packages/turtlesim_catch/__pycache__/turtle_spawner.cpython-310.pyc
/home/rishabh/testinggit/TurtlesimGame/install/turtlesim_catch/share/ament_index/resource_index/packages/turtlesim_catch
/home/rishabh/testinggit/TurtlesimGame/install/turtlesim_catch/share/turtlesim_catch/package.xml
/home/rishabh/testinggit/TurtlesimGame/install/turtlesim_catch/lib/python3.10/site-packages/turtlesim_catch-0.0.0-py3.10.egg-info/zip-safe
/home/rishabh/testinggit/TurtlesimGame/install/turtlesim_catch/lib/python3.10/site-packages/turtlesim_catch-0.0.0-py3.10.egg-info/dependency_links.txt
/home/rishabh/testinggit/TurtlesimGame/install/turtlesim_catch/lib/python3.10/site-packages/turtlesim_catch-0.0.0-py3.10.egg-info/top_level.txt
/home/rishabh/testinggit/TurtlesimGame/install/turtlesim_catch/lib/python3.10/site-packages/turtlesim_catch-0.0.0-py3.10.egg-info/entry_points.txt
/home/rishabh/testinggit/TurtlesimGame/install/turtlesim_catch/lib/python3.10/site-packages/turtlesim_catch-0.0.0-py3.10.egg-info/PKG-INFO
/home/rishabh/testinggit/TurtlesimGame/install/turtlesim_catch/lib/python3.10/site-packages/turtlesim_catch-0.0.0-py3.10.egg-info/requires.txt
/home/rishabh/testinggit/TurtlesimGame/install/turtlesim_catch/lib/python3.10/site-packages/turtlesim_catch-0.0.0-py3.10.egg-info/SOURCES.txt
/home/rishabh/testinggit/TurtlesimGame/install/turtlesim_catch/lib/turtlesim_catch/prey_turtles
/home/rishabh/testinggit/TurtlesimGame/install/turtlesim_catch/lib/turtlesim_catch/test_node
/home/rishabh/testinggit/TurtlesimGame/install/turtlesim_catch/lib/turtlesim_catch/turtle_controller
