[0.006s] Invoking command in '/home/rishabh/testinggit/TurtlesimGame/build/turtlesim_catch_interfaces': CMAKE_PREFIX_PATH=${CMAKE_PREFIX_PATH}:/home/rishabh/testinggit/TurtlesimGame/install/turtlesim_catch:/home/rishabh/ros2_ws/install/percepto_planner:/opt/ros/humble /usr/bin/cmake --build /home/rishabh/testinggit/TurtlesimGame/build/turtlesim_catch_interfaces -- -j20 -l20
[0.033s] [  2%] Built target turtlesim_catch_interfaces__cpp
[0.034s] [ 12%] Built target turtlesim_catch_interfaces__rosidl_generator_c
[0.041s] [ 12%] Built target ament_cmake_python_copy_turtlesim_catch_interfaces
[0.046s] [ 36%] Built target turtlesim_catch_interfaces__rosidl_typesupport_cpp
[0.046s] [ 36%] Built target turtlesim_catch_interfaces__rosidl_typesupport_introspection_c
[0.046s] [ 44%] Built target turtlesim_catch_interfaces__rosidl_typesupport_c
[0.046s] [ 55%] Built target turtlesim_catch_interfaces__rosidl_typesupport_fastrtps_cpp
[0.046s] [ 65%] Built target turtlesim_catch_interfaces__rosidl_typesupport_fastrtps_c
[0.048s] [ 76%] Built target turtlesim_catch_interfaces__rosidl_typesupport_introspection_cpp
[0.058s] [ 76%] Built target turtlesim_catch_interfaces
[0.069s] [ 78%] Built target turtlesim_catch_interfaces__py
[0.081s] [ 87%] Built target turtlesim_catch_interfaces__rosidl_generator_py
[0.093s] [ 95%] Built target turtlesim_catch_interfaces__rosidl_typesupport_introspection_c__pyext
[0.093s] [ 95%] Built target turtlesim_catch_interfaces__rosidl_typesupport_fastrtps_c__pyext
[0.093s] [100%] Built target turtlesim_catch_interfaces__rosidl_typesupport_c__pyext
[0.178s] running egg_info
[0.179s] writing turtlesim_catch_interfaces.egg-info/PKG-INFO
[0.179s] writing dependency_links to turtlesim_catch_interfaces.egg-info/dependency_links.txt
[0.179s] writing top-level names to turtlesim_catch_interfaces.egg-info/top_level.txt
[0.180s] reading manifest file 'turtlesim_catch_interfaces.egg-info/SOURCES.txt'
[0.181s] writing manifest file 'turtlesim_catch_interfaces.egg-info/SOURCES.txt'
[0.195s] [100%] Built target ament_cmake_python_build_turtlesim_catch_interfaces_egg
[0.202s] Invoked command in '/home/rishabh/testinggit/TurtlesimGame/build/turtlesim_catch_interfaces' returned '0': CMAKE_PREFIX_PATH=${CMAKE_PREFIX_PATH}:/home/rishabh/testinggit/TurtlesimGame/install/turtlesim_catch:/home/rishabh/ros2_ws/install/percepto_planner:/opt/ros/humble /usr/bin/cmake --build /home/rishabh/testinggit/TurtlesimGame/build/turtlesim_catch_interfaces -- -j20 -l20
[0.279s] Invoking command in '/home/rishabh/testinggit/TurtlesimGame/build/turtlesim_catch_interfaces': CMAKE_PREFIX_PATH=${CMAKE_PREFIX_PATH}:/home/rishabh/testinggit/TurtlesimGame/install/turtlesim_catch:/home/rishabh/ros2_ws/install/percepto_planner:/opt/ros/humble /usr/bin/cmake --install /home/rishabh/testinggit/TurtlesimGame/build/turtlesim_catch_interfaces
[0.287s] -- Install configuration: ""
[0.287s] -- Up-to-date: /home/rishabh/testinggit/TurtlesimGame/install/turtlesim_catch_interfaces/share/ament_index/resource_index/rosidl_interfaces/turtlesim_catch_interfaces
[0.287s] -- Up-to-date: /home/rishabh/testinggit/TurtlesimGame/install/turtlesim_catch_interfaces/include/turtlesim_catch_interfaces/turtlesim_catch_interfaces
[0.287s] -- Up-to-date: /home/rishabh/testinggit/TurtlesimGame/install/turtlesim_catch_interfaces/include/turtlesim_catch_interfaces/turtlesim_catch_interfaces/msg
[0.287s] -- Up-to-date: /home/rishabh/testinggit/TurtlesimGame/install/turtlesim_catch_interfaces/include/turtlesim_catch_interfaces/turtlesim_catch_interfaces/msg/detail
[0.287s] -- Up-to-date: /home/rishabh/testinggit/TurtlesimGame/install/turtlesim_catch_interfaces/include/turtlesim_catch_interfaces/turtlesim_catch_interfaces/msg/detail/turtleinfoarray__type_support.h
[0.287s] -- Up-to-date: /home/rishabh/testinggit/TurtlesimGame/install/turtlesim_catch_interfaces/include/turtlesim_catch_interfaces/turtlesim_catch_interfaces/msg/detail/turtleinfoarray__struct.h
[0.287s] -- Up-to-date: /home/rishabh/testinggit/TurtlesimGame/install/turtlesim_catch_interfaces/include/turtlesim_catch_interfaces/turtlesim_catch_interfaces/msg/detail/turtleinfo__functions.h
[0.287s] -- Up-to-date: /home/rishabh/testinggit/TurtlesimGame/install/turtlesim_catch_interfaces/include/turtlesim_catch_interfaces/turtlesim_catch_interfaces/msg/detail/turtleinfoarray__functions.h
[0.287s] -- Up-to-date: /home/rishabh/testinggit/TurtlesimGame/install/turtlesim_catch_interfaces/include/turtlesim_catch_interfaces/turtlesim_catch_interfaces/msg/detail/turtleinfo__struct.h
[0.287s] -- Up-to-date: /home/rishabh/testinggit/TurtlesimGame/install/turtlesim_catch_interfaces/include/turtlesim_catch_interfaces/turtlesim_catch_interfaces/msg/detail/turtleinfo__functions.c
[0.287s] -- Up-to-date: /home/rishabh/testinggit/TurtlesimGame/install/turtlesim_catch_interfaces/include/turtlesim_catch_interfaces/turtlesim_catch_interfaces/msg/detail/turtleinfoarray__functions.c
[0.287s] -- Up-to-date: /home/rishabh/testinggit/TurtlesimGame/install/turtlesim_catch_interfaces/include/turtlesim_catch_interfaces/turtlesim_catch_interfaces/msg/detail/turtleinfo__type_support.h
[0.287s] -- Up-to-date: /home/rishabh/testinggit/TurtlesimGame/install/turtlesim_catch_interfaces/include/turtlesim_catch_interfaces/turtlesim_catch_interfaces/msg/turtleinfo.h
[0.288s] -- Up-to-date: /home/rishabh/testinggit/TurtlesimGame/install/turtlesim_catch_interfaces/include/turtlesim_catch_interfaces/turtlesim_catch_interfaces/msg/rosidl_generator_c__visibility_control.h
[0.288s] -- Up-to-date: /home/rishabh/testinggit/TurtlesimGame/install/turtlesim_catch_interfaces/include/turtlesim_catch_interfaces/turtlesim_catch_interfaces/msg/turtleinfoarray.h
[0.288s] -- Up-to-date: /home/rishabh/testinggit/TurtlesimGame/install/turtlesim_catch_interfaces/include/turtlesim_catch_interfaces/turtlesim_catch_interfaces/srv
[0.288s] -- Up-to-date: /home/rishabh/testinggit/TurtlesimGame/install/turtlesim_catch_interfaces/include/turtlesim_catch_interfaces/turtlesim_catch_interfaces/srv/target_turtle.h
[0.288s] -- Up-to-date: /home/rishabh/testinggit/TurtlesimGame/install/turtlesim_catch_interfaces/include/turtlesim_catch_interfaces/turtlesim_catch_interfaces/srv/detail
[0.288s] -- Up-to-date: /home/rishabh/testinggit/TurtlesimGame/install/turtlesim_catch_interfaces/include/turtlesim_catch_interfaces/turtlesim_catch_interfaces/srv/detail/target_turtle__functions.c
[0.288s] -- Up-to-date: /home/rishabh/testinggit/TurtlesimGame/install/turtlesim_catch_interfaces/include/turtlesim_catch_interfaces/turtlesim_catch_interfaces/srv/detail/target_turtle__functions.h
[0.288s] -- Up-to-date: /home/rishabh/testinggit/TurtlesimGame/install/turtlesim_catch_interfaces/include/turtlesim_catch_interfaces/turtlesim_catch_interfaces/srv/detail/target_turtle__type_support.h
[0.288s] -- Up-to-date: /home/rishabh/testinggit/TurtlesimGame/install/turtlesim_catch_interfaces/include/turtlesim_catch_interfaces/turtlesim_catch_interfaces/srv/detail/target_turtle__struct.h
[0.288s] -- Up-to-date: /home/rishabh/testinggit/TurtlesimGame/install/turtlesim_catch_interfaces/share/turtlesim_catch_interfaces/environment/library_path.sh
[0.288s] -- Up-to-date: /home/rishabh/testinggit/TurtlesimGame/install/turtlesim_catch_interfaces/share/turtlesim_catch_interfaces/environment/library_path.dsv
[0.288s] -- Up-to-date: /home/rishabh/testinggit/TurtlesimGame/install/turtlesim_catch_interfaces/lib/libturtlesim_catch_interfaces__rosidl_generator_c.so
[0.288s] -- Up-to-date: /home/rishabh/testinggit/TurtlesimGame/install/turtlesim_catch_interfaces/include/turtlesim_catch_interfaces/turtlesim_catch_interfaces
[0.288s] -- Up-to-date: /home/rishabh/testinggit/TurtlesimGame/install/turtlesim_catch_interfaces/include/turtlesim_catch_interfaces/turtlesim_catch_interfaces/msg
[0.288s] -- Up-to-date: /home/rishabh/testinggit/TurtlesimGame/install/turtlesim_catch_interfaces/include/turtlesim_catch_interfaces/turtlesim_catch_interfaces/msg/rosidl_typesupport_fastrtps_c__visibility_control.h
[0.288s] -- Up-to-date: /home/rishabh/testinggit/TurtlesimGame/install/turtlesim_catch_interfaces/include/turtlesim_catch_interfaces/turtlesim_catch_interfaces/msg/detail
[0.288s] -- Up-to-date: /home/rishabh/testinggit/TurtlesimGame/install/turtlesim_catch_interfaces/include/turtlesim_catch_interfaces/turtlesim_catch_interfaces/msg/detail/turtleinfoarray__rosidl_typesupport_fastrtps_c.h
[0.289s] -- Up-to-date: /home/rishabh/testinggit/TurtlesimGame/install/turtlesim_catch_interfaces/include/turtlesim_catch_interfaces/turtlesim_catch_interfaces/msg/detail/turtleinfo__rosidl_typesupport_fastrtps_c.h
[0.289s] -- Up-to-date: /home/rishabh/testinggit/TurtlesimGame/install/turtlesim_catch_interfaces/include/turtlesim_catch_interfaces/turtlesim_catch_interfaces/srv
[0.289s] -- Up-to-date: /home/rishabh/testinggit/TurtlesimGame/install/turtlesim_catch_interfaces/include/turtlesim_catch_interfaces/turtlesim_catch_interfaces/srv/detail
[0.289s] -- Up-to-date: /home/rishabh/testinggit/TurtlesimGame/install/turtlesim_catch_interfaces/include/turtlesim_catch_interfaces/turtlesim_catch_interfaces/srv/detail/target_turtle__rosidl_typesupport_fastrtps_c.h
[0.289s] -- Up-to-date: /home/rishabh/testinggit/TurtlesimGame/install/turtlesim_catch_interfaces/lib/libturtlesim_catch_interfaces__rosidl_typesupport_fastrtps_c.so
[0.289s] -- Up-to-date: /home/rishabh/testinggit/TurtlesimGame/install/turtlesim_catch_interfaces/include/turtlesim_catch_interfaces/turtlesim_catch_interfaces
[0.289s] -- Up-to-date: /home/rishabh/testinggit/TurtlesimGame/install/turtlesim_catch_interfaces/include/turtlesim_catch_interfaces/turtlesim_catch_interfaces/msg
[0.289s] -- Up-to-date: /home/rishabh/testinggit/TurtlesimGame/install/turtlesim_catch_interfaces/include/turtlesim_catch_interfaces/turtlesim_catch_interfaces/msg/detail
[0.289s] -- Up-to-date: /home/rishabh/testinggit/TurtlesimGame/install/turtlesim_catch_interfaces/include/turtlesim_catch_interfaces/turtlesim_catch_interfaces/msg/detail/turtleinfo__rosidl_typesupport_introspection_c.h
[0.289s] -- Up-to-date: /home/rishabh/testinggit/TurtlesimGame/install/turtlesim_catch_interfaces/include/turtlesim_catch_interfaces/turtlesim_catch_interfaces/msg/detail/turtleinfo__type_support.c
[0.289s] -- Up-to-date: /home/rishabh/testinggit/TurtlesimGame/install/turtlesim_catch_interfaces/include/turtlesim_catch_interfaces/turtlesim_catch_interfaces/msg/detail/turtleinfoarray__rosidl_typesupport_introspection_c.h
[0.289s] -- Up-to-date: /home/rishabh/testinggit/TurtlesimGame/install/turtlesim_catch_interfaces/include/turtlesim_catch_interfaces/turtlesim_catch_interfaces/msg/detail/turtleinfoarray__type_support.c
[0.289s] -- Up-to-date: /home/rishabh/testinggit/TurtlesimGame/install/turtlesim_catch_interfaces/include/turtlesim_catch_interfaces/turtlesim_catch_interfaces/msg/rosidl_typesupport_introspection_c__visibility_control.h
[0.289s] -- Up-to-date: /home/rishabh/testinggit/TurtlesimGame/install/turtlesim_catch_interfaces/include/turtlesim_catch_interfaces/turtlesim_catch_interfaces/srv
[0.289s] -- Up-to-date: /home/rishabh/testinggit/TurtlesimGame/install/turtlesim_catch_interfaces/include/turtlesim_catch_interfaces/turtlesim_catch_interfaces/srv/detail
[0.289s] -- Up-to-date: /home/rishabh/testinggit/TurtlesimGame/install/turtlesim_catch_interfaces/include/turtlesim_catch_interfaces/turtlesim_catch_interfaces/srv/detail/target_turtle__rosidl_typesupport_introspection_c.h
[0.289s] -- Up-to-date: /home/rishabh/testinggit/TurtlesimGame/install/turtlesim_catch_interfaces/include/turtlesim_catch_interfaces/turtlesim_catch_interfaces/srv/detail/target_turtle__type_support.c
[0.289s] -- Up-to-date: /home/rishabh/testinggit/TurtlesimGame/install/turtlesim_catch_interfaces/lib/libturtlesim_catch_interfaces__rosidl_typesupport_introspection_c.so
[0.290s] -- Up-to-date: /home/rishabh/testinggit/TurtlesimGame/install/turtlesim_catch_interfaces/lib/libturtlesim_catch_interfaces__rosidl_typesupport_c.so
[0.290s] -- Up-to-date: /home/rishabh/testinggit/TurtlesimGame/install/turtlesim_catch_interfaces/include/turtlesim_catch_interfaces/turtlesim_catch_interfaces
[0.290s] -- Up-to-date: /home/rishabh/testinggit/TurtlesimGame/install/turtlesim_catch_interfaces/include/turtlesim_catch_interfaces/turtlesim_catch_interfaces/msg
[0.290s] -- Up-to-date: /home/rishabh/testinggit/TurtlesimGame/install/turtlesim_catch_interfaces/include/turtlesim_catch_interfaces/turtlesim_catch_interfaces/msg/turtleinfoarray.hpp
[0.290s] -- Up-to-date: /home/rishabh/testinggit/TurtlesimGame/install/turtlesim_catch_interfaces/include/turtlesim_catch_interfaces/turtlesim_catch_interfaces/msg/detail
[0.290s] -- Up-to-date: /home/rishabh/testinggit/TurtlesimGame/install/turtlesim_catch_interfaces/include/turtlesim_catch_interfaces/turtlesim_catch_interfaces/msg/detail/turtleinfo__builder.hpp
[0.290s] -- Up-to-date: /home/rishabh/testinggit/TurtlesimGame/install/turtlesim_catch_interfaces/include/turtlesim_catch_interfaces/turtlesim_catch_interfaces/msg/detail/turtleinfoarray__struct.hpp
[0.290s] -- Up-to-date: /home/rishabh/testinggit/TurtlesimGame/install/turtlesim_catch_interfaces/include/turtlesim_catch_interfaces/turtlesim_catch_interfaces/msg/detail/turtleinfo__struct.hpp
[0.290s] -- Up-to-date: /home/rishabh/testinggit/TurtlesimGame/install/turtlesim_catch_interfaces/include/turtlesim_catch_interfaces/turtlesim_catch_interfaces/msg/detail/turtleinfo__traits.hpp
[0.290s] -- Up-to-date: /home/rishabh/testinggit/TurtlesimGame/install/turtlesim_catch_interfaces/include/turtlesim_catch_interfaces/turtlesim_catch_interfaces/msg/detail/turtleinfoarray__traits.hpp
[0.290s] -- Up-to-date: /home/rishabh/testinggit/TurtlesimGame/install/turtlesim_catch_interfaces/include/turtlesim_catch_interfaces/turtlesim_catch_interfaces/msg/detail/turtleinfoarray__builder.hpp
[0.290s] -- Up-to-date: /home/rishabh/testinggit/TurtlesimGame/install/turtlesim_catch_interfaces/include/turtlesim_catch_interfaces/turtlesim_catch_interfaces/msg/turtleinfo.hpp
[0.290s] -- Up-to-date: /home/rishabh/testinggit/TurtlesimGame/install/turtlesim_catch_interfaces/include/turtlesim_catch_interfaces/turtlesim_catch_interfaces/srv
[0.290s] -- Up-to-date: /home/rishabh/testinggit/TurtlesimGame/install/turtlesim_catch_interfaces/include/turtlesim_catch_interfaces/turtlesim_catch_interfaces/srv/target_turtle.hpp
[0.290s] -- Up-to-date: /home/rishabh/testinggit/TurtlesimGame/install/turtlesim_catch_interfaces/include/turtlesim_catch_interfaces/turtlesim_catch_interfaces/srv/detail
[0.290s] -- Up-to-date: /home/rishabh/testinggit/TurtlesimGame/install/turtlesim_catch_interfaces/include/turtlesim_catch_interfaces/turtlesim_catch_interfaces/srv/detail/target_turtle__builder.hpp
[0.290s] -- Up-to-date: /home/rishabh/testinggit/TurtlesimGame/install/turtlesim_catch_interfaces/include/turtlesim_catch_interfaces/turtlesim_catch_interfaces/srv/detail/target_turtle__traits.hpp
[0.290s] -- Up-to-date: /home/rishabh/testinggit/TurtlesimGame/install/turtlesim_catch_interfaces/include/turtlesim_catch_interfaces/turtlesim_catch_interfaces/srv/detail/target_turtle__struct.hpp
[0.290s] -- Up-to-date: /home/rishabh/testinggit/TurtlesimGame/install/turtlesim_catch_interfaces/include/turtlesim_catch_interfaces/turtlesim_catch_interfaces
[0.290s] -- Up-to-date: /home/rishabh/testinggit/TurtlesimGame/install/turtlesim_catch_interfaces/include/turtlesim_catch_interfaces/turtlesim_catch_interfaces/msg
[0.290s] -- Up-to-date: /home/rishabh/testinggit/TurtlesimGame/install/turtlesim_catch_interfaces/include/turtlesim_catch_interfaces/turtlesim_catch_interfaces/msg/detail
[0.290s] -- Up-to-date: /home/rishabh/testinggit/TurtlesimGame/install/turtlesim_catch_interfaces/include/turtlesim_catch_interfaces/turtlesim_catch_interfaces/msg/detail/dds_fastrtps
[0.291s] -- Up-to-date: /home/rishabh/testinggit/TurtlesimGame/install/turtlesim_catch_interfaces/include/turtlesim_catch_interfaces/turtlesim_catch_interfaces/msg/detail/turtleinfoarray__rosidl_typesupport_fastrtps_cpp.hpp
[0.291s] -- Up-to-date: /home/rishabh/testinggit/TurtlesimGame/install/turtlesim_catch_interfaces/include/turtlesim_catch_interfaces/turtlesim_catch_interfaces/msg/detail/turtleinfo__rosidl_typesupport_fastrtps_cpp.hpp
[0.291s] -- Up-to-date: /home/rishabh/testinggit/TurtlesimGame/install/turtlesim_catch_interfaces/include/turtlesim_catch_interfaces/turtlesim_catch_interfaces/msg/rosidl_typesupport_fastrtps_cpp__visibility_control.h
[0.291s] -- Up-to-date: /home/rishabh/testinggit/TurtlesimGame/install/turtlesim_catch_interfaces/include/turtlesim_catch_interfaces/turtlesim_catch_interfaces/srv
[0.291s] -- Up-to-date: /home/rishabh/testinggit/TurtlesimGame/install/turtlesim_catch_interfaces/include/turtlesim_catch_interfaces/turtlesim_catch_interfaces/srv/detail
[0.291s] -- Up-to-date: /home/rishabh/testinggit/TurtlesimGame/install/turtlesim_catch_interfaces/include/turtlesim_catch_interfaces/turtlesim_catch_interfaces/srv/detail/dds_fastrtps
[0.291s] -- Up-to-date: /home/rishabh/testinggit/TurtlesimGame/install/turtlesim_catch_interfaces/include/turtlesim_catch_interfaces/turtlesim_catch_interfaces/srv/detail/target_turtle__rosidl_typesupport_fastrtps_cpp.hpp
[0.291s] -- Up-to-date: /home/rishabh/testinggit/TurtlesimGame/install/turtlesim_catch_interfaces/lib/libturtlesim_catch_interfaces__rosidl_typesupport_fastrtps_cpp.so
[0.291s] -- Up-to-date: /home/rishabh/testinggit/TurtlesimGame/install/turtlesim_catch_interfaces/include/turtlesim_catch_interfaces/turtlesim_catch_interfaces
[0.291s] -- Up-to-date: /home/rishabh/testinggit/TurtlesimGame/install/turtlesim_catch_interfaces/include/turtlesim_catch_interfaces/turtlesim_catch_interfaces/msg
[0.291s] -- Up-to-date: /home/rishabh/testinggit/TurtlesimGame/install/turtlesim_catch_interfaces/include/turtlesim_catch_interfaces/turtlesim_catch_interfaces/msg/detail
[0.291s] -- Up-to-date: /home/rishabh/testinggit/TurtlesimGame/install/turtlesim_catch_interfaces/include/turtlesim_catch_interfaces/turtlesim_catch_interfaces/msg/detail/turtleinfoarray__type_support.cpp
[0.291s] -- Up-to-date: /home/rishabh/testinggit/TurtlesimGame/install/turtlesim_catch_interfaces/include/turtlesim_catch_interfaces/turtlesim_catch_interfaces/msg/detail/turtleinfo__type_support.cpp
[0.291s] -- Up-to-date: /home/rishabh/testinggit/TurtlesimGame/install/turtlesim_catch_interfaces/include/turtlesim_catch_interfaces/turtlesim_catch_interfaces/msg/detail/turtleinfoarray__rosidl_typesupport_introspection_cpp.hpp
[0.291s] -- Up-to-date: /home/rishabh/testinggit/TurtlesimGame/install/turtlesim_catch_interfaces/include/turtlesim_catch_interfaces/turtlesim_catch_interfaces/msg/detail/turtleinfo__rosidl_typesupport_introspection_cpp.hpp
[0.291s] -- Up-to-date: /home/rishabh/testinggit/TurtlesimGame/install/turtlesim_catch_interfaces/include/turtlesim_catch_interfaces/turtlesim_catch_interfaces/srv
[0.291s] -- Up-to-date: /home/rishabh/testinggit/TurtlesimGame/install/turtlesim_catch_interfaces/include/turtlesim_catch_interfaces/turtlesim_catch_interfaces/srv/detail
[0.291s] -- Up-to-date: /home/rishabh/testinggit/TurtlesimGame/install/turtlesim_catch_interfaces/include/turtlesim_catch_interfaces/turtlesim_catch_interfaces/srv/detail/target_turtle__rosidl_typesupport_introspection_cpp.hpp
[0.291s] -- Up-to-date: /home/rishabh/testinggit/TurtlesimGame/install/turtlesim_catch_interfaces/include/turtlesim_catch_interfaces/turtlesim_catch_interfaces/srv/detail/target_turtle__type_support.cpp
[0.291s] -- Up-to-date: /home/rishabh/testinggit/TurtlesimGame/install/turtlesim_catch_interfaces/lib/libturtlesim_catch_interfaces__rosidl_typesupport_introspection_cpp.so
[0.291s] -- Up-to-date: /home/rishabh/testinggit/TurtlesimGame/install/turtlesim_catch_interfaces/lib/libturtlesim_catch_interfaces__rosidl_typesupport_cpp.so
[0.291s] -- Up-to-date: /home/rishabh/testinggit/TurtlesimGame/install/turtlesim_catch_interfaces/share/turtlesim_catch_interfaces/environment/pythonpath.sh
[0.291s] -- Up-to-date: /home/rishabh/testinggit/TurtlesimGame/install/turtlesim_catch_interfaces/share/turtlesim_catch_interfaces/environment/pythonpath.dsv
[0.291s] -- Up-to-date: /home/rishabh/testinggit/TurtlesimGame/install/turtlesim_catch_interfaces/local/lib/python3.10/dist-packages/turtlesim_catch_interfaces-0.0.0-py3.10.egg-info
[0.291s] -- Installing: /home/rishabh/testinggit/TurtlesimGame/install/turtlesim_catch_interfaces/local/lib/python3.10/dist-packages/turtlesim_catch_interfaces-0.0.0-py3.10.egg-info/dependency_links.txt
[0.291s] -- Installing: /home/rishabh/testinggit/TurtlesimGame/install/turtlesim_catch_interfaces/local/lib/python3.10/dist-packages/turtlesim_catch_interfaces-0.0.0-py3.10.egg-info/top_level.txt
[0.291s] -- Installing: /home/rishabh/testinggit/TurtlesimGame/install/turtlesim_catch_interfaces/local/lib/python3.10/dist-packages/turtlesim_catch_interfaces-0.0.0-py3.10.egg-info/PKG-INFO
[0.291s] -- Installing: /home/rishabh/testinggit/TurtlesimGame/install/turtlesim_catch_interfaces/local/lib/python3.10/dist-packages/turtlesim_catch_interfaces-0.0.0-py3.10.egg-info/SOURCES.txt
[0.292s] -- Up-to-date: /home/rishabh/testinggit/TurtlesimGame/install/turtlesim_catch_interfaces/local/lib/python3.10/dist-packages/turtlesim_catch_interfaces
[0.292s] -- Up-to-date: /home/rishabh/testinggit/TurtlesimGame/install/turtlesim_catch_interfaces/local/lib/python3.10/dist-packages/turtlesim_catch_interfaces/turtlesim_catch_interfaces_s__rosidl_typesupport_c.cpython-310-x86_64-linux-gnu.so
[0.292s] -- Up-to-date: /home/rishabh/testinggit/TurtlesimGame/install/turtlesim_catch_interfaces/local/lib/python3.10/dist-packages/turtlesim_catch_interfaces/libturtlesim_catch_interfaces__rosidl_generator_py.so
[0.292s] -- Up-to-date: /home/rishabh/testinggit/TurtlesimGame/install/turtlesim_catch_interfaces/local/lib/python3.10/dist-packages/turtlesim_catch_interfaces/turtlesim_catch_interfaces_s__rosidl_typesupport_introspection_c.cpython-310-x86_64-linux-gnu.so
[0.292s] -- Up-to-date: /home/rishabh/testinggit/TurtlesimGame/install/turtlesim_catch_interfaces/local/lib/python3.10/dist-packages/turtlesim_catch_interfaces/__init__.py
[0.292s] -- Up-to-date: /home/rishabh/testinggit/TurtlesimGame/install/turtlesim_catch_interfaces/local/lib/python3.10/dist-packages/turtlesim_catch_interfaces/_turtlesim_catch_interfaces_s.ep.rosidl_typesupport_introspection_c.c
[0.292s] -- Up-to-date: /home/rishabh/testinggit/TurtlesimGame/install/turtlesim_catch_interfaces/local/lib/python3.10/dist-packages/turtlesim_catch_interfaces/turtlesim_catch_interfaces_s__rosidl_typesupport_fastrtps_c.cpython-310-x86_64-linux-gnu.so
[0.292s] -- Up-to-date: /home/rishabh/testinggit/TurtlesimGame/install/turtlesim_catch_interfaces/local/lib/python3.10/dist-packages/turtlesim_catch_interfaces/_turtlesim_catch_interfaces_s.ep.rosidl_typesupport_c.c
[0.292s] -- Up-to-date: /home/rishabh/testinggit/TurtlesimGame/install/turtlesim_catch_interfaces/local/lib/python3.10/dist-packages/turtlesim_catch_interfaces/msg
[0.292s] -- Up-to-date: /home/rishabh/testinggit/TurtlesimGame/install/turtlesim_catch_interfaces/local/lib/python3.10/dist-packages/turtlesim_catch_interfaces/msg/_turtleinfo_s.c
[0.292s] -- Up-to-date: /home/rishabh/testinggit/TurtlesimGame/install/turtlesim_catch_interfaces/local/lib/python3.10/dist-packages/turtlesim_catch_interfaces/msg/_turtleinfo.py
[0.292s] -- Up-to-date: /home/rishabh/testinggit/TurtlesimGame/install/turtlesim_catch_interfaces/local/lib/python3.10/dist-packages/turtlesim_catch_interfaces/msg/__init__.py
[0.292s] -- Up-to-date: /home/rishabh/testinggit/TurtlesimGame/install/turtlesim_catch_interfaces/local/lib/python3.10/dist-packages/turtlesim_catch_interfaces/msg/_turtleinfoarray_s.c
[0.292s] -- Up-to-date: /home/rishabh/testinggit/TurtlesimGame/install/turtlesim_catch_interfaces/local/lib/python3.10/dist-packages/turtlesim_catch_interfaces/msg/_turtleinfoarray.py
[0.292s] -- Up-to-date: /home/rishabh/testinggit/TurtlesimGame/install/turtlesim_catch_interfaces/local/lib/python3.10/dist-packages/turtlesim_catch_interfaces/srv
[0.292s] -- Up-to-date: /home/rishabh/testinggit/TurtlesimGame/install/turtlesim_catch_interfaces/local/lib/python3.10/dist-packages/turtlesim_catch_interfaces/srv/__init__.py
[0.292s] -- Up-to-date: /home/rishabh/testinggit/TurtlesimGame/install/turtlesim_catch_interfaces/local/lib/python3.10/dist-packages/turtlesim_catch_interfaces/srv/_target_turtle_s.c
[0.292s] -- Up-to-date: /home/rishabh/testinggit/TurtlesimGame/install/turtlesim_catch_interfaces/local/lib/python3.10/dist-packages/turtlesim_catch_interfaces/srv/_target_turtle.py
[0.292s] -- Up-to-date: /home/rishabh/testinggit/TurtlesimGame/install/turtlesim_catch_interfaces/local/lib/python3.10/dist-packages/turtlesim_catch_interfaces/_turtlesim_catch_interfaces_s.ep.rosidl_typesupport_fastrtps_c.c
[0.309s] Listing '/home/rishabh/testinggit/TurtlesimGame/install/turtlesim_catch_interfaces/local/lib/python3.10/dist-packages/turtlesim_catch_interfaces'...
[0.309s] Listing '/home/rishabh/testinggit/TurtlesimGame/install/turtlesim_catch_interfaces/local/lib/python3.10/dist-packages/turtlesim_catch_interfaces/msg'...
[0.309s] Listing '/home/rishabh/testinggit/TurtlesimGame/install/turtlesim_catch_interfaces/local/lib/python3.10/dist-packages/turtlesim_catch_interfaces/srv'...
[0.311s] -- Up-to-date: /home/rishabh/testinggit/TurtlesimGame/install/turtlesim_catch_interfaces/local/lib/python3.10/dist-packages/turtlesim_catch_interfaces/turtlesim_catch_interfaces_s__rosidl_typesupport_fastrtps_c.cpython-310-x86_64-linux-gnu.so
[0.311s] -- Up-to-date: /home/rishabh/testinggit/TurtlesimGame/install/turtlesim_catch_interfaces/local/lib/python3.10/dist-packages/turtlesim_catch_interfaces/turtlesim_catch_interfaces_s__rosidl_typesupport_introspection_c.cpython-310-x86_64-linux-gnu.so
[0.311s] -- Up-to-date: /home/rishabh/testinggit/TurtlesimGame/install/turtlesim_catch_interfaces/local/lib/python3.10/dist-packages/turtlesim_catch_interfaces/turtlesim_catch_interfaces_s__rosidl_typesupport_c.cpython-310-x86_64-linux-gnu.so
[0.311s] -- Up-to-date: /home/rishabh/testinggit/TurtlesimGame/install/turtlesim_catch_interfaces/lib/libturtlesim_catch_interfaces__rosidl_generator_py.so
[0.312s] -- Up-to-date: /home/rishabh/testinggit/TurtlesimGame/install/turtlesim_catch_interfaces/share/turtlesim_catch_interfaces/msg/Turtleinfo.idl
[0.312s] -- Up-to-date: /home/rishabh/testinggit/TurtlesimGame/install/turtlesim_catch_interfaces/share/turtlesim_catch_interfaces/msg/Turtleinfoarray.idl
[0.312s] -- Up-to-date: /home/rishabh/testinggit/TurtlesimGame/install/turtlesim_catch_interfaces/share/turtlesim_catch_interfaces/srv/TargetTurtle.idl
[0.312s] -- Up-to-date: /home/rishabh/testinggit/TurtlesimGame/install/turtlesim_catch_interfaces/share/turtlesim_catch_interfaces/msg/Turtleinfo.msg
[0.312s] -- Up-to-date: /home/rishabh/testinggit/TurtlesimGame/install/turtlesim_catch_interfaces/share/turtlesim_catch_interfaces/msg/Turtleinfoarray.msg
[0.312s] -- Up-to-date: /home/rishabh/testinggit/TurtlesimGame/install/turtlesim_catch_interfaces/share/turtlesim_catch_interfaces/srv/TargetTurtle.srv
[0.312s] -- Up-to-date: /home/rishabh/testinggit/TurtlesimGame/install/turtlesim_catch_interfaces/share/turtlesim_catch_interfaces/srv/TargetTurtle_Request.msg
[0.312s] -- Up-to-date: /home/rishabh/testinggit/TurtlesimGame/install/turtlesim_catch_interfaces/share/turtlesim_catch_interfaces/srv/TargetTurtle_Response.msg
[0.312s] -- Up-to-date: /home/rishabh/testinggit/TurtlesimGame/install/turtlesim_catch_interfaces/share/ament_index/resource_index/package_run_dependencies/turtlesim_catch_interfaces
[0.312s] -- Up-to-date: /home/rishabh/testinggit/TurtlesimGame/install/turtlesim_catch_interfaces/share/ament_index/resource_index/parent_prefix_path/turtlesim_catch_interfaces
[0.312s] -- Up-to-date: /home/rishabh/testinggit/TurtlesimGame/install/turtlesim_catch_interfaces/share/turtlesim_catch_interfaces/environment/ament_prefix_path.sh
[0.312s] -- Up-to-date: /home/rishabh/testinggit/TurtlesimGame/install/turtlesim_catch_interfaces/share/turtlesim_catch_interfaces/environment/ament_prefix_path.dsv
[0.312s] -- Up-to-date: /home/rishabh/testinggit/TurtlesimGame/install/turtlesim_catch_interfaces/share/turtlesim_catch_interfaces/environment/path.sh
[0.312s] -- Up-to-date: /home/rishabh/testinggit/TurtlesimGame/install/turtlesim_catch_interfaces/share/turtlesim_catch_interfaces/environment/path.dsv
[0.312s] -- Up-to-date: /home/rishabh/testinggit/TurtlesimGame/install/turtlesim_catch_interfaces/share/turtlesim_catch_interfaces/local_setup.bash
[0.312s] -- Up-to-date: /home/rishabh/testinggit/TurtlesimGame/install/turtlesim_catch_interfaces/share/turtlesim_catch_interfaces/local_setup.sh
[0.312s] -- Up-to-date: /home/rishabh/testinggit/TurtlesimGame/install/turtlesim_catch_interfaces/share/turtlesim_catch_interfaces/local_setup.zsh
[0.312s] -- Up-to-date: /home/rishabh/testinggit/TurtlesimGame/install/turtlesim_catch_interfaces/share/turtlesim_catch_interfaces/local_setup.dsv
[0.312s] -- Installing: /home/rishabh/testinggit/TurtlesimGame/install/turtlesim_catch_interfaces/share/turtlesim_catch_interfaces/package.dsv
[0.312s] -- Up-to-date: /home/rishabh/testinggit/TurtlesimGame/install/turtlesim_catch_interfaces/share/ament_index/resource_index/packages/turtlesim_catch_interfaces
[0.312s] -- Up-to-date: /home/rishabh/testinggit/TurtlesimGame/install/turtlesim_catch_interfaces/share/turtlesim_catch_interfaces/cmake/export_turtlesim_catch_interfaces__rosidl_generator_cExport.cmake
[0.312s] -- Up-to-date: /home/rishabh/testinggit/TurtlesimGame/install/turtlesim_catch_interfaces/share/turtlesim_catch_interfaces/cmake/export_turtlesim_catch_interfaces__rosidl_generator_cExport-noconfig.cmake
[0.312s] -- Up-to-date: /home/rishabh/testinggit/TurtlesimGame/install/turtlesim_catch_interfaces/share/turtlesim_catch_interfaces/cmake/export_turtlesim_catch_interfaces__rosidl_typesupport_fastrtps_cExport.cmake
[0.312s] -- Up-to-date: /home/rishabh/testinggit/TurtlesimGame/install/turtlesim_catch_interfaces/share/turtlesim_catch_interfaces/cmake/export_turtlesim_catch_interfaces__rosidl_typesupport_fastrtps_cExport-noconfig.cmake
[0.312s] -- Up-to-date: /home/rishabh/testinggit/TurtlesimGame/install/turtlesim_catch_interfaces/share/turtlesim_catch_interfaces/cmake/turtlesim_catch_interfaces__rosidl_typesupport_introspection_cExport.cmake
[0.312s] -- Up-to-date: /home/rishabh/testinggit/TurtlesimGame/install/turtlesim_catch_interfaces/share/turtlesim_catch_interfaces/cmake/turtlesim_catch_interfaces__rosidl_typesupport_introspection_cExport-noconfig.cmake
[0.312s] -- Up-to-date: /home/rishabh/testinggit/TurtlesimGame/install/turtlesim_catch_interfaces/share/turtlesim_catch_interfaces/cmake/turtlesim_catch_interfaces__rosidl_typesupport_cExport.cmake
[0.312s] -- Up-to-date: /home/rishabh/testinggit/TurtlesimGame/install/turtlesim_catch_interfaces/share/turtlesim_catch_interfaces/cmake/turtlesim_catch_interfaces__rosidl_typesupport_cExport-noconfig.cmake
[0.312s] -- Up-to-date: /home/rishabh/testinggit/TurtlesimGame/install/turtlesim_catch_interfaces/share/turtlesim_catch_interfaces/cmake/export_turtlesim_catch_interfaces__rosidl_generator_cppExport.cmake
[0.312s] -- Up-to-date: /home/rishabh/testinggit/TurtlesimGame/install/turtlesim_catch_interfaces/share/turtlesim_catch_interfaces/cmake/export_turtlesim_catch_interfaces__rosidl_typesupport_fastrtps_cppExport.cmake
[0.312s] -- Up-to-date: /home/rishabh/testinggit/TurtlesimGame/install/turtlesim_catch_interfaces/share/turtlesim_catch_interfaces/cmake/export_turtlesim_catch_interfaces__rosidl_typesupport_fastrtps_cppExport-noconfig.cmake
[0.312s] -- Up-to-date: /home/rishabh/testinggit/TurtlesimGame/install/turtlesim_catch_interfaces/share/turtlesim_catch_interfaces/cmake/turtlesim_catch_interfaces__rosidl_typesupport_introspection_cppExport.cmake
[0.313s] -- Up-to-date: /home/rishabh/testinggit/TurtlesimGame/install/turtlesim_catch_interfaces/share/turtlesim_catch_interfaces/cmake/turtlesim_catch_interfaces__rosidl_typesupport_introspection_cppExport-noconfig.cmake
[0.313s] -- Up-to-date: /home/rishabh/testinggit/TurtlesimGame/install/turtlesim_catch_interfaces/share/turtlesim_catch_interfaces/cmake/turtlesim_catch_interfaces__rosidl_typesupport_cppExport.cmake
[0.313s] -- Up-to-date: /home/rishabh/testinggit/TurtlesimGame/install/turtlesim_catch_interfaces/share/turtlesim_catch_interfaces/cmake/turtlesim_catch_interfaces__rosidl_typesupport_cppExport-noconfig.cmake
[0.313s] -- Up-to-date: /home/rishabh/testinggit/TurtlesimGame/install/turtlesim_catch_interfaces/share/turtlesim_catch_interfaces/cmake/export_turtlesim_catch_interfaces__rosidl_generator_pyExport.cmake
[0.313s] -- Up-to-date: /home/rishabh/testinggit/TurtlesimGame/install/turtlesim_catch_interfaces/share/turtlesim_catch_interfaces/cmake/export_turtlesim_catch_interfaces__rosidl_generator_pyExport-noconfig.cmake
[0.313s] -- Up-to-date: /home/rishabh/testinggit/TurtlesimGame/install/turtlesim_catch_interfaces/share/turtlesim_catch_interfaces/cmake/rosidl_cmake-extras.cmake
[0.313s] -- Up-to-date: /home/rishabh/testinggit/TurtlesimGame/install/turtlesim_catch_interfaces/share/turtlesim_catch_interfaces/cmake/ament_cmake_export_include_directories-extras.cmake
[0.313s] -- Up-to-date: /home/rishabh/testinggit/TurtlesimGame/install/turtlesim_catch_interfaces/share/turtlesim_catch_interfaces/cmake/ament_cmake_export_libraries-extras.cmake
[0.313s] -- Up-to-date: /home/rishabh/testinggit/TurtlesimGame/install/turtlesim_catch_interfaces/share/turtlesim_catch_interfaces/cmake/ament_cmake_export_targets-extras.cmake
[0.313s] -- Up-to-date: /home/rishabh/testinggit/TurtlesimGame/install/turtlesim_catch_interfaces/share/turtlesim_catch_interfaces/cmake/rosidl_cmake_export_typesupport_targets-extras.cmake
[0.313s] -- Up-to-date: /home/rishabh/testinggit/TurtlesimGame/install/turtlesim_catch_interfaces/share/turtlesim_catch_interfaces/cmake/ament_cmake_export_dependencies-extras.cmake
[0.313s] -- Up-to-date: /home/rishabh/testinggit/TurtlesimGame/install/turtlesim_catch_interfaces/share/turtlesim_catch_interfaces/cmake/rosidl_cmake_export_typesupport_libraries-extras.cmake
[0.313s] -- Up-to-date: /home/rishabh/testinggit/TurtlesimGame/install/turtlesim_catch_interfaces/share/turtlesim_catch_interfaces/cmake/turtlesim_catch_interfacesConfig.cmake
[0.313s] -- Up-to-date: /home/rishabh/testinggit/TurtlesimGame/install/turtlesim_catch_interfaces/share/turtlesim_catch_interfaces/cmake/turtlesim_catch_interfacesConfig-version.cmake
[0.313s] -- Up-to-date: /home/rishabh/testinggit/TurtlesimGame/install/turtlesim_catch_interfaces/share/turtlesim_catch_interfaces/package.xml
[0.314s] Invoked command in '/home/rishabh/testinggit/TurtlesimGame/build/turtlesim_catch_interfaces' returned '0': CMAKE_PREFIX_PATH=${CMAKE_PREFIX_PATH}:/home/rishabh/testinggit/TurtlesimGame/install/turtlesim_catch:/home/rishabh/ros2_ws/install/percepto_planner:/opt/ros/humble /usr/bin/cmake --install /home/rishabh/testinggit/TurtlesimGame/build/turtlesim_catch_interfaces
