running egg_info
creating ../../build/turtlesim_catch/turtlesim_catch.egg-info
writing ../../build/turtlesim_catch/turtlesim_catch.egg-info/PKG-INFO
writing dependency_links to ../../build/turtlesim_catch/turtlesim_catch.egg-info/dependency_links.txt
writing entry points to ../../build/turtlesim_catch/turtlesim_catch.egg-info/entry_points.txt
writing requirements to ../../build/turtlesim_catch/turtlesim_catch.egg-info/requires.txt
writing top-level names to ../../build/turtlesim_catch/turtlesim_catch.egg-info/top_level.txt
writing manifest file '../../build/turtlesim_catch/turtlesim_catch.egg-info/SOURCES.txt'
reading manifest file '../../build/turtlesim_catch/turtlesim_catch.egg-info/SOURCES.txt'
writing manifest file '../../build/turtlesim_catch/turtlesim_catch.egg-info/SOURCES.txt'
running build
running build_py
creating /home/rishabh/testinggit/TurtlesimGame/build/turtlesim_catch/build
creating /home/rishabh/testinggit/TurtlesimGame/build/turtlesim_catch/build/lib
creating /home/rishabh/testinggit/TurtlesimGame/build/turtlesim_catch/build/lib/turtlesim_catch
copying turtlesim_catch/turtle_controller.py -> /home/rishabh/testinggit/TurtlesimGame/build/turtlesim_catch/build/lib/turtlesim_catch
copying turtlesim_catch/__init__.py -> /home/rishabh/testinggit/TurtlesimGame/build/turtlesim_catch/build/lib/turtlesim_catch
copying turtlesim_catch/turtle_spawner.py -> /home/rishabh/testinggit/TurtlesimGame/build/turtlesim_catch/build/lib/turtlesim_catch
running install
running install_lib
creating /home/rishabh/testinggit/TurtlesimGame/install/turtlesim_catch/lib/python3.10/site-packages/turtlesim_catch
copying /home/rishabh/testinggit/TurtlesimGame/build/turtlesim_catch/build/lib/turtlesim_catch/turtle_controller.py -> /home/rishabh/testinggit/TurtlesimGame/install/turtlesim_catch/lib/python3.10/site-packages/turtlesim_catch
copying /home/rishabh/testinggit/TurtlesimGame/build/turtlesim_catch/build/lib/turtlesim_catch/__init__.py -> /home/rishabh/testinggit/TurtlesimGame/install/turtlesim_catch/lib/python3.10/site-packages/turtlesim_catch
copying /home/rishabh/testinggit/TurtlesimGame/build/turtlesim_catch/build/lib/turtlesim_catch/turtle_spawner.py -> /home/rishabh/testinggit/TurtlesimGame/install/turtlesim_catch/lib/python3.10/site-packages/turtlesim_catch
byte-compiling /home/rishabh/testinggit/TurtlesimGame/install/turtlesim_catch/lib/python3.10/site-packages/turtlesim_catch/turtle_controller.py to turtle_controller.cpython-310.pyc
byte-compiling /home/rishabh/testinggit/TurtlesimGame/install/turtlesim_catch/lib/python3.10/site-packages/turtlesim_catch/__init__.py to __init__.cpython-310.pyc
byte-compiling /home/rishabh/testinggit/TurtlesimGame/install/turtlesim_catch/lib/python3.10/site-packages/turtlesim_catch/turtle_spawner.py to turtle_spawner.cpython-310.pyc
running install_data
creating /home/rishabh/testinggit/TurtlesimGame/install/turtlesim_catch/share/ament_index
creating /home/rishabh/testinggit/TurtlesimGame/install/turtlesim_catch/share/ament_index/resource_index
creating /home/rishabh/testinggit/TurtlesimGame/install/turtlesim_catch/share/ament_index/resource_index/packages
copying resource/turtlesim_catch -> /home/rishabh/testinggit/TurtlesimGame/install/turtlesim_catch/share/ament_index/resource_index/packages
copying package.xml -> /home/rishabh/testinggit/TurtlesimGame/install/turtlesim_catch/share/turtlesim_catch
running install_egg_info
Copying ../../build/turtlesim_catch/turtlesim_catch.egg-info to /home/rishabh/testinggit/TurtlesimGame/install/turtlesim_catch/lib/python3.10/site-packages/turtlesim_catch-0.0.0-py3.10.egg-info
running install_scripts
Installing prey_turtles script to /home/rishabh/testinggit/TurtlesimGame/install/turtlesim_catch/lib/turtlesim_catch
Installing turtle_controller script to /home/rishabh/testinggit/TurtlesimGame/install/turtlesim_catch/lib/turtlesim_catch
writing list of installed files to '/home/rishabh/testinggit/TurtlesimGame/build/turtlesim_catch/install.log'
