[0.326s] Invoking command in '/home/rishabh/testinggit/TurtlesimGame/src/turtlesim_catch': PYTHONPATH=/home/rishabh/testinggit/TurtlesimGame/build/turtlesim_catch/prefix_override:/home/rishabh/testinggit/TurtlesimGame/install/turtlesim_catch/lib/python3.10/site-packages:${PYTHONPATH} /usr/bin/python3 -W ignore:setup.py install is deprecated setup.py egg_info --egg-base ../../build/turtlesim_catch build --build-base /home/rishabh/testinggit/TurtlesimGame/build/turtlesim_catch/build install --record /home/rishabh/testinggit/TurtlesimGame/build/turtlesim_catch/install.log --single-version-externally-managed install_data
[0.445s] running egg_info
[0.445s] writing ../../build/turtlesim_catch/turtlesim_catch.egg-info/PKG-INFO
[0.446s] writing dependency_links to ../../build/turtlesim_catch/turtlesim_catch.egg-info/dependency_links.txt
[0.446s] writing entry points to ../../build/turtlesim_catch/turtlesim_catch.egg-info/entry_points.txt
[0.446s] writing requirements to ../../build/turtlesim_catch/turtlesim_catch.egg-info/requires.txt
[0.446s] writing top-level names to ../../build/turtlesim_catch/turtlesim_catch.egg-info/top_level.txt
[0.447s] reading manifest file '../../build/turtlesim_catch/turtlesim_catch.egg-info/SOURCES.txt'
[0.447s] writing manifest file '../../build/turtlesim_catch/turtlesim_catch.egg-info/SOURCES.txt'
[0.447s] running build
[0.447s] running build_py
[0.447s] running install
[0.447s] running install_lib
[0.448s] running install_data
[0.448s] running install_egg_info
[0.449s] removing '/home/rishabh/testinggit/TurtlesimGame/install/turtlesim_catch/lib/python3.10/site-packages/turtlesim_catch-0.0.0-py3.10.egg-info' (and everything under it)
[0.449s] Copying ../../build/turtlesim_catch/turtlesim_catch.egg-info to /home/rishabh/testinggit/TurtlesimGame/install/turtlesim_catch/lib/python3.10/site-packages/turtlesim_catch-0.0.0-py3.10.egg-info
[0.449s] running install_scripts
[0.460s] Installing prey_turtles script to /home/rishabh/testinggit/TurtlesimGame/install/turtlesim_catch/lib/turtlesim_catch
[0.460s] Installing turtle_controller script to /home/rishabh/testinggit/TurtlesimGame/install/turtlesim_catch/lib/turtlesim_catch
[0.460s] writing list of installed files to '/home/rishabh/testinggit/TurtlesimGame/build/turtlesim_catch/install.log'
[0.473s] Invoked command in '/home/rishabh/testinggit/TurtlesimGame/src/turtlesim_catch' returned '0': PYTHONPATH=/home/rishabh/testinggit/TurtlesimGame/build/turtlesim_catch/prefix_override:/home/rishabh/testinggit/TurtlesimGame/install/turtlesim_catch/lib/python3.10/site-packages:${PYTHONPATH} /usr/bin/python3 -W ignore:setup.py install is deprecated setup.py egg_info --egg-base ../../build/turtlesim_catch build --build-base /home/rishabh/testinggit/TurtlesimGame/build/turtlesim_catch/build install --record /home/rishabh/testinggit/TurtlesimGame/build/turtlesim_catch/install.log --single-version-externally-managed install_data
