running egg_info
writing ../../build/turtlesim_catch/turtlesim_catch.egg-info/PKG-INFO
writing dependency_links to ../../build/turtlesim_catch/turtlesim_catch.egg-info/dependency_links.txt
writing entry points to ../../build/turtlesim_catch/turtlesim_catch.egg-info/entry_points.txt
writing requirements to ../../build/turtlesim_catch/turtlesim_catch.egg-info/requires.txt
writing top-level names to ../../build/turtlesim_catch/turtlesim_catch.egg-info/top_level.txt
reading manifest file '../../build/turtlesim_catch/turtlesim_catch.egg-info/SOURCES.txt'
writing manifest file '../../build/turtlesim_catch/turtlesim_catch.egg-info/SOURCES.txt'
running build
running build_py
copying turtlesim_catch/turtle_spawner.py -> /home/rishabh/testinggit/TurtlesimGame/build/turtlesim_catch/build/lib/turtlesim_catch
running install
running install_lib
copying /home/rishabh/testinggit/TurtlesimGame/build/turtlesim_catch/build/lib/turtlesim_catch/turtle_spawner.py -> /home/rishabh/testinggit/TurtlesimGame/install/turtlesim_catch/lib/python3.10/site-packages/turtlesim_catch
byte-compiling /home/rishabh/testinggit/TurtlesimGame/install/turtlesim_catch/lib/python3.10/site-packages/turtlesim_catch/turtle_spawner.py to turtle_spawner.cpython-310.pyc
running install_data
running install_egg_info
removing '/home/rishabh/testinggit/TurtlesimGame/install/turtlesim_catch/lib/python3.10/site-packages/turtlesim_catch-0.0.0-py3.10.egg-info' (and everything under it)
Copying ../../build/turtlesim_catch/turtlesim_catch.egg-info to /home/rishabh/testinggit/TurtlesimGame/install/turtlesim_catch/lib/python3.10/site-packages/turtlesim_catch-0.0.0-py3.10.egg-info
running install_scripts
Installing prey_turtles script to /home/rishabh/testinggit/TurtlesimGame/install/turtlesim_catch/lib/turtlesim_catch
Installing test_node script to /home/rishabh/testinggit/TurtlesimGame/install/turtlesim_catch/lib/turtlesim_catch
Installing turtle_controller script to /home/rishabh/testinggit/TurtlesimGame/install/turtlesim_catch/lib/turtlesim_catch
writing list of installed files to '/home/rishabh/testinggit/TurtlesimGame/build/turtlesim_catch/install.log'
