[0.050s] DEBUG:colcon:Command line arguments: ['/usr/bin/colcon', 'build']
[0.050s] DEBUG:colcon:Parsed command line arguments: Namespace(log_base=None, log_level=None, verb_name='build', build_base='build', install_base='install', merge_install=False, symlink_install=False, test_result_base=None, continue_on_error=False, executor='parallel', parallel_workers=20, event_handlers=None, ignore_user_meta=False, metas=['./colcon.meta'], base_paths=['.'], packages_ignore=None, packages_ignore_regex=None, paths=None, packages_up_to=None, packages_up_to_regex=None, packages_above=None, packages_above_and_dependencies=None, packages_above_depth=None, packages_select_by_dep=None, packages_skip_by_dep=None, packages_skip_up_to=None, packages_select_build_failed=False, packages_skip_build_finished=False, packages_select_test_failures=False, packages_skip_test_passed=False, packages_select=None, packages_skip=None, packages_select_regex=None, packages_skip_regex=None, packages_start=None, packages_end=None, allow_overriding=[], cmake_args=None, cmake_target=None, cmake_target_skip_unavailable=False, cmake_clean_cache=False, cmake_clean_first=False, cmake_force_configure=False, ament_cmake_args=None, catkin_cmake_args=None, catkin_skip_building_tests=False, verb_parser=<colcon_defaults.argument_parser.defaults.DefaultArgumentsDecorator object at 0x7a44c1bd55a0>, verb_extension=<colcon_core.verb.build.BuildVerb object at 0x7a44c1bd5150>, main=<bound method BuildVerb.main of <colcon_core.verb.build.BuildVerb object at 0x7a44c1bd5150>>)
[0.130s] Level 1:colcon.colcon_core.package_discovery:discover_packages(colcon_meta) check parameters
[0.130s] Level 1:colcon.colcon_core.package_discovery:discover_packages(recursive) check parameters
[0.130s] Level 1:colcon.colcon_core.package_discovery:discover_packages(ignore) check parameters
[0.131s] Level 1:colcon.colcon_core.package_discovery:discover_packages(path) check parameters
[0.131s] Level 1:colcon.colcon_core.package_discovery:discover_packages(colcon_meta) discover
[0.131s] Level 1:colcon.colcon_core.package_discovery:discover_packages(recursive) discover
[0.131s] INFO:colcon.colcon_core.package_discovery:Crawling recursively for packages in '/home/rishabh/testinggit/TurtlesimGame'
[0.131s] Level 1:colcon.colcon_core.package_identification:_identify(.) by extensions ['ignore', 'ignore_ament_install']
[0.131s] Level 1:colcon.colcon_core.package_identification:_identify(.) by extension 'ignore'
[0.131s] Level 1:colcon.colcon_core.package_identification:_identify(.) by extension 'ignore_ament_install'
[0.131s] Level 1:colcon.colcon_core.package_identification:_identify(.) by extensions ['colcon_pkg']
[0.131s] Level 1:colcon.colcon_core.package_identification:_identify(.) by extension 'colcon_pkg'
[0.131s] Level 1:colcon.colcon_core.package_identification:_identify(.) by extensions ['colcon_meta']
[0.131s] Level 1:colcon.colcon_core.package_identification:_identify(.) by extension 'colcon_meta'
[0.131s] Level 1:colcon.colcon_core.package_identification:_identify(.) by extensions ['ros']
[0.131s] Level 1:colcon.colcon_core.package_identification:_identify(.) by extension 'ros'
[0.136s] Level 1:colcon.colcon_core.package_identification:_identify(.) by extensions ['cmake', 'python']
[0.137s] Level 1:colcon.colcon_core.package_identification:_identify(.) by extension 'cmake'
[0.137s] Level 1:colcon.colcon_core.package_identification:_identify(.) by extension 'python'
[0.137s] Level 1:colcon.colcon_core.package_identification:_identify(.) by extensions ['python_setup_py']
[0.137s] Level 1:colcon.colcon_core.package_identification:_identify(.) by extension 'python_setup_py'
[0.137s] Level 1:colcon.colcon_core.package_identification:_identify(build) by extensions ['ignore', 'ignore_ament_install']
[0.137s] Level 1:colcon.colcon_core.package_identification:_identify(build) by extension 'ignore'
[0.137s] Level 1:colcon.colcon_core.package_identification:_identify(build) ignored
[0.137s] Level 1:colcon.colcon_core.package_identification:_identify(install) by extensions ['ignore', 'ignore_ament_install']
[0.137s] Level 1:colcon.colcon_core.package_identification:_identify(install) by extension 'ignore'
[0.137s] Level 1:colcon.colcon_core.package_identification:_identify(install) ignored
[0.137s] Level 1:colcon.colcon_core.package_identification:_identify(log) by extensions ['ignore', 'ignore_ament_install']
[0.137s] Level 1:colcon.colcon_core.package_identification:_identify(log) by extension 'ignore'
[0.137s] Level 1:colcon.colcon_core.package_identification:_identify(log) ignored
[0.137s] Level 1:colcon.colcon_core.package_identification:_identify(src) by extensions ['ignore', 'ignore_ament_install']
[0.137s] Level 1:colcon.colcon_core.package_identification:_identify(src) by extension 'ignore'
[0.137s] Level 1:colcon.colcon_core.package_identification:_identify(src) by extension 'ignore_ament_install'
[0.137s] Level 1:colcon.colcon_core.package_identification:_identify(src) by extensions ['colcon_pkg']
[0.137s] Level 1:colcon.colcon_core.package_identification:_identify(src) by extension 'colcon_pkg'
[0.137s] Level 1:colcon.colcon_core.package_identification:_identify(src) by extensions ['colcon_meta']
[0.137s] Level 1:colcon.colcon_core.package_identification:_identify(src) by extension 'colcon_meta'
[0.137s] Level 1:colcon.colcon_core.package_identification:_identify(src) by extensions ['ros']
[0.137s] Level 1:colcon.colcon_core.package_identification:_identify(src) by extension 'ros'
[0.137s] Level 1:colcon.colcon_core.package_identification:_identify(src) by extensions ['cmake', 'python']
[0.137s] Level 1:colcon.colcon_core.package_identification:_identify(src) by extension 'cmake'
[0.137s] Level 1:colcon.colcon_core.package_identification:_identify(src) by extension 'python'
[0.137s] Level 1:colcon.colcon_core.package_identification:_identify(src) by extensions ['python_setup_py']
[0.137s] Level 1:colcon.colcon_core.package_identification:_identify(src) by extension 'python_setup_py'
[0.137s] Level 1:colcon.colcon_core.package_identification:_identify(src/turtlesim_catch) by extensions ['ignore', 'ignore_ament_install']
[0.137s] Level 1:colcon.colcon_core.package_identification:_identify(src/turtlesim_catch) by extension 'ignore'
[0.137s] Level 1:colcon.colcon_core.package_identification:_identify(src/turtlesim_catch) by extension 'ignore_ament_install'
[0.137s] Level 1:colcon.colcon_core.package_identification:_identify(src/turtlesim_catch) by extensions ['colcon_pkg']
[0.137s] Level 1:colcon.colcon_core.package_identification:_identify(src/turtlesim_catch) by extension 'colcon_pkg'
[0.137s] Level 1:colcon.colcon_core.package_identification:_identify(src/turtlesim_catch) by extensions ['colcon_meta']
[0.137s] Level 1:colcon.colcon_core.package_identification:_identify(src/turtlesim_catch) by extension 'colcon_meta'
[0.137s] Level 1:colcon.colcon_core.package_identification:_identify(src/turtlesim_catch) by extensions ['ros']
[0.137s] Level 1:colcon.colcon_core.package_identification:_identify(src/turtlesim_catch) by extension 'ros'
[0.139s] DEBUG:colcon.colcon_core.package_identification:Package 'src/turtlesim_catch' with type 'ros.ament_python' and name 'turtlesim_catch'
[0.139s] Level 1:colcon.colcon_core.package_identification:_identify(src/turtlesim_catch_bringup) by extensions ['ignore', 'ignore_ament_install']
[0.139s] Level 1:colcon.colcon_core.package_identification:_identify(src/turtlesim_catch_bringup) by extension 'ignore'
[0.139s] Level 1:colcon.colcon_core.package_identification:_identify(src/turtlesim_catch_bringup) by extension 'ignore_ament_install'
[0.139s] Level 1:colcon.colcon_core.package_identification:_identify(src/turtlesim_catch_bringup) by extensions ['colcon_pkg']
[0.139s] Level 1:colcon.colcon_core.package_identification:_identify(src/turtlesim_catch_bringup) by extension 'colcon_pkg'
[0.139s] Level 1:colcon.colcon_core.package_identification:_identify(src/turtlesim_catch_bringup) by extensions ['colcon_meta']
[0.139s] Level 1:colcon.colcon_core.package_identification:_identify(src/turtlesim_catch_bringup) by extension 'colcon_meta'
[0.139s] Level 1:colcon.colcon_core.package_identification:_identify(src/turtlesim_catch_bringup) by extensions ['ros']
[0.139s] Level 1:colcon.colcon_core.package_identification:_identify(src/turtlesim_catch_bringup) by extension 'ros'
[0.139s] DEBUG:colcon.colcon_core.package_identification:Package 'src/turtlesim_catch_bringup' with type 'ros.ament_cmake' and name 'turtlesim_catch_bringup'
[0.139s] Level 1:colcon.colcon_core.package_identification:_identify(src/turtlesim_catch_interfaces) by extensions ['ignore', 'ignore_ament_install']
[0.139s] Level 1:colcon.colcon_core.package_identification:_identify(src/turtlesim_catch_interfaces) by extension 'ignore'
[0.139s] Level 1:colcon.colcon_core.package_identification:_identify(src/turtlesim_catch_interfaces) by extension 'ignore_ament_install'
[0.139s] Level 1:colcon.colcon_core.package_identification:_identify(src/turtlesim_catch_interfaces) by extensions ['colcon_pkg']
[0.140s] Level 1:colcon.colcon_core.package_identification:_identify(src/turtlesim_catch_interfaces) by extension 'colcon_pkg'
[0.140s] Level 1:colcon.colcon_core.package_identification:_identify(src/turtlesim_catch_interfaces) by extensions ['colcon_meta']
[0.140s] Level 1:colcon.colcon_core.package_identification:_identify(src/turtlesim_catch_interfaces) by extension 'colcon_meta'
[0.140s] Level 1:colcon.colcon_core.package_identification:_identify(src/turtlesim_catch_interfaces) by extensions ['ros']
[0.140s] Level 1:colcon.colcon_core.package_identification:_identify(src/turtlesim_catch_interfaces) by extension 'ros'
[0.140s] DEBUG:colcon.colcon_core.package_identification:Package 'src/turtlesim_catch_interfaces' with type 'ros.ament_cmake' and name 'turtlesim_catch_interfaces'
[0.140s] Level 1:colcon.colcon_core.package_discovery:discover_packages(recursive) using defaults
[0.140s] Level 1:colcon.colcon_core.package_discovery:discover_packages(ignore) discover
[0.140s] Level 1:colcon.colcon_core.package_discovery:discover_packages(ignore) using defaults
[0.140s] Level 1:colcon.colcon_core.package_discovery:discover_packages(path) discover
[0.140s] Level 1:colcon.colcon_core.package_discovery:discover_packages(path) using defaults
[0.151s] Level 1:colcon.colcon_core.package_discovery:discover_packages(prefix_path) check parameters
[0.151s] Level 1:colcon.colcon_core.package_discovery:discover_packages(prefix_path) discover
[0.151s] DEBUG:colcon.colcon_installed_package_information.package_discovery:Found 3 installed packages in /home/rishabh/testinggit/TurtlesimGame/install
[0.152s] DEBUG:colcon.colcon_installed_package_information.package_discovery:Found 2 installed packages in /home/rishabh/ros2_ws_tut/install
[0.152s] DEBUG:colcon.colcon_installed_package_information.package_discovery:Found 2 installed packages in /home/rishabh/ros2_ws/install
[0.153s] DEBUG:colcon.colcon_installed_package_information.package_discovery:Found 389 installed packages in /opt/ros/humble
[0.154s] Level 1:colcon.colcon_core.package_discovery:discover_packages(prefix_path) using defaults
[0.181s] Level 5:colcon.colcon_core.verb:set package 'turtlesim_catch_interfaces' build argument 'cmake_args' from command line to 'None'
[0.181s] Level 5:colcon.colcon_core.verb:set package 'turtlesim_catch_interfaces' build argument 'cmake_target' from command line to 'None'
[0.181s] Level 5:colcon.colcon_core.verb:set package 'turtlesim_catch_interfaces' build argument 'cmake_target_skip_unavailable' from command line to 'False'
[0.181s] Level 5:colcon.colcon_core.verb:set package 'turtlesim_catch_interfaces' build argument 'cmake_clean_cache' from command line to 'False'
[0.181s] Level 5:colcon.colcon_core.verb:set package 'turtlesim_catch_interfaces' build argument 'cmake_clean_first' from command line to 'False'
[0.181s] Level 5:colcon.colcon_core.verb:set package 'turtlesim_catch_interfaces' build argument 'cmake_force_configure' from command line to 'False'
[0.181s] Level 5:colcon.colcon_core.verb:set package 'turtlesim_catch_interfaces' build argument 'ament_cmake_args' from command line to 'None'
[0.181s] Level 5:colcon.colcon_core.verb:set package 'turtlesim_catch_interfaces' build argument 'catkin_cmake_args' from command line to 'None'
[0.181s] Level 5:colcon.colcon_core.verb:set package 'turtlesim_catch_interfaces' build argument 'catkin_skip_building_tests' from command line to 'False'
[0.181s] DEBUG:colcon.colcon_core.verb:Building package 'turtlesim_catch_interfaces' with the following arguments: {'ament_cmake_args': None, 'build_base': '/home/rishabh/testinggit/TurtlesimGame/build/turtlesim_catch_interfaces', 'catkin_cmake_args': None, 'catkin_skip_building_tests': False, 'cmake_args': None, 'cmake_clean_cache': False, 'cmake_clean_first': False, 'cmake_force_configure': False, 'cmake_target': None, 'cmake_target_skip_unavailable': False, 'install_base': '/home/rishabh/testinggit/TurtlesimGame/install/turtlesim_catch_interfaces', 'merge_install': False, 'path': '/home/rishabh/testinggit/TurtlesimGame/src/turtlesim_catch_interfaces', 'symlink_install': False, 'test_result_base': None}
[0.181s] Level 5:colcon.colcon_core.verb:set package 'turtlesim_catch' build argument 'cmake_args' from command line to 'None'
[0.181s] Level 5:colcon.colcon_core.verb:set package 'turtlesim_catch' build argument 'cmake_target' from command line to 'None'
[0.181s] Level 5:colcon.colcon_core.verb:set package 'turtlesim_catch' build argument 'cmake_target_skip_unavailable' from command line to 'False'
[0.181s] Level 5:colcon.colcon_core.verb:set package 'turtlesim_catch' build argument 'cmake_clean_cache' from command line to 'False'
[0.181s] Level 5:colcon.colcon_core.verb:set package 'turtlesim_catch' build argument 'cmake_clean_first' from command line to 'False'
[0.181s] Level 5:colcon.colcon_core.verb:set package 'turtlesim_catch' build argument 'cmake_force_configure' from command line to 'False'
[0.181s] Level 5:colcon.colcon_core.verb:set package 'turtlesim_catch' build argument 'ament_cmake_args' from command line to 'None'
[0.182s] Level 5:colcon.colcon_core.verb:set package 'turtlesim_catch' build argument 'catkin_cmake_args' from command line to 'None'
[0.182s] Level 5:colcon.colcon_core.verb:set package 'turtlesim_catch' build argument 'catkin_skip_building_tests' from command line to 'False'
[0.182s] DEBUG:colcon.colcon_core.verb:Building package 'turtlesim_catch' with the following arguments: {'ament_cmake_args': None, 'build_base': '/home/rishabh/testinggit/TurtlesimGame/build/turtlesim_catch', 'catkin_cmake_args': None, 'catkin_skip_building_tests': False, 'cmake_args': None, 'cmake_clean_cache': False, 'cmake_clean_first': False, 'cmake_force_configure': False, 'cmake_target': None, 'cmake_target_skip_unavailable': False, 'install_base': '/home/rishabh/testinggit/TurtlesimGame/install/turtlesim_catch', 'merge_install': False, 'path': '/home/rishabh/testinggit/TurtlesimGame/src/turtlesim_catch', 'symlink_install': False, 'test_result_base': None}
[0.182s] Level 5:colcon.colcon_core.verb:set package 'turtlesim_catch_bringup' build argument 'cmake_args' from command line to 'None'
[0.182s] Level 5:colcon.colcon_core.verb:set package 'turtlesim_catch_bringup' build argument 'cmake_target' from command line to 'None'
[0.182s] Level 5:colcon.colcon_core.verb:set package 'turtlesim_catch_bringup' build argument 'cmake_target_skip_unavailable' from command line to 'False'
[0.182s] Level 5:colcon.colcon_core.verb:set package 'turtlesim_catch_bringup' build argument 'cmake_clean_cache' from command line to 'False'
[0.182s] Level 5:colcon.colcon_core.verb:set package 'turtlesim_catch_bringup' build argument 'cmake_clean_first' from command line to 'False'
[0.182s] Level 5:colcon.colcon_core.verb:set package 'turtlesim_catch_bringup' build argument 'cmake_force_configure' from command line to 'False'
[0.182s] Level 5:colcon.colcon_core.verb:set package 'turtlesim_catch_bringup' build argument 'ament_cmake_args' from command line to 'None'
[0.182s] Level 5:colcon.colcon_core.verb:set package 'turtlesim_catch_bringup' build argument 'catkin_cmake_args' from command line to 'None'
[0.182s] Level 5:colcon.colcon_core.verb:set package 'turtlesim_catch_bringup' build argument 'catkin_skip_building_tests' from command line to 'False'
[0.182s] DEBUG:colcon.colcon_core.verb:Building package 'turtlesim_catch_bringup' with the following arguments: {'ament_cmake_args': None, 'build_base': '/home/rishabh/testinggit/TurtlesimGame/build/turtlesim_catch_bringup', 'catkin_cmake_args': None, 'catkin_skip_building_tests': False, 'cmake_args': None, 'cmake_clean_cache': False, 'cmake_clean_first': False, 'cmake_force_configure': False, 'cmake_target': None, 'cmake_target_skip_unavailable': False, 'install_base': '/home/rishabh/testinggit/TurtlesimGame/install/turtlesim_catch_bringup', 'merge_install': False, 'path': '/home/rishabh/testinggit/TurtlesimGame/src/turtlesim_catch_bringup', 'symlink_install': False, 'test_result_base': None}
[0.182s] INFO:colcon.colcon_core.executor:Executing jobs using 'parallel' executor
[0.183s] DEBUG:colcon.colcon_parallel_executor.executor.parallel:run_until_complete
[0.183s] INFO:colcon.colcon_ros.task.ament_cmake.build:Building ROS package in '/home/rishabh/testinggit/TurtlesimGame/src/turtlesim_catch_interfaces' with build type 'ament_cmake'
[0.183s] INFO:colcon.colcon_cmake.task.cmake.build:Building CMake package in '/home/rishabh/testinggit/TurtlesimGame/src/turtlesim_catch_interfaces'
[0.184s] INFO:colcon.colcon_core.plugin_system:Skipping extension 'colcon_core.shell.bat': Not used on non-Windows systems
[0.184s] INFO:colcon.colcon_core.shell:Skip shell extension 'powershell' for command environment: Not usable outside of PowerShell
[0.184s] DEBUG:colcon.colcon_core.shell:Skip shell extension 'dsv' for command environment
[0.189s] DEBUG:colcon.colcon_core.event_handler.log_command:Invoking command in '/home/rishabh/testinggit/TurtlesimGame/build/turtlesim_catch_interfaces': CMAKE_PREFIX_PATH=${CMAKE_PREFIX_PATH}:/home/rishabh/testinggit/TurtlesimGame/install/turtlesim_catch:/home/rishabh/ros2_ws/install/percepto_planner:/opt/ros/humble /usr/bin/cmake --build /home/rishabh/testinggit/TurtlesimGame/build/turtlesim_catch_interfaces -- -j20 -l20
[0.385s] DEBUG:colcon.colcon_core.event_handler.log_command:Invoked command in '/home/rishabh/testinggit/TurtlesimGame/build/turtlesim_catch_interfaces' returned '0': CMAKE_PREFIX_PATH=${CMAKE_PREFIX_PATH}:/home/rishabh/testinggit/TurtlesimGame/install/turtlesim_catch:/home/rishabh/ros2_ws/install/percepto_planner:/opt/ros/humble /usr/bin/cmake --build /home/rishabh/testinggit/TurtlesimGame/build/turtlesim_catch_interfaces -- -j20 -l20
[0.462s] DEBUG:colcon.colcon_core.event_handler.log_command:Invoking command in '/home/rishabh/testinggit/TurtlesimGame/build/turtlesim_catch_interfaces': CMAKE_PREFIX_PATH=${CMAKE_PREFIX_PATH}:/home/rishabh/testinggit/TurtlesimGame/install/turtlesim_catch:/home/rishabh/ros2_ws/install/percepto_planner:/opt/ros/humble /usr/bin/cmake --install /home/rishabh/testinggit/TurtlesimGame/build/turtlesim_catch_interfaces
[0.496s] Level 1:colcon.colcon_core.environment:create_environment_scripts_only(turtlesim_catch_interfaces)
[0.497s] DEBUG:colcon.colcon_core.event_handler.log_command:Invoked command in '/home/rishabh/testinggit/TurtlesimGame/build/turtlesim_catch_interfaces' returned '0': CMAKE_PREFIX_PATH=${CMAKE_PREFIX_PATH}:/home/rishabh/testinggit/TurtlesimGame/install/turtlesim_catch:/home/rishabh/ros2_ws/install/percepto_planner:/opt/ros/humble /usr/bin/cmake --install /home/rishabh/testinggit/TurtlesimGame/build/turtlesim_catch_interfaces
[0.498s] Level 1:colcon.colcon_core.environment:checking '/home/rishabh/testinggit/TurtlesimGame/install/turtlesim_catch_interfaces' for CMake module files
[0.498s] Level 1:colcon.colcon_core.environment:checking '/home/rishabh/testinggit/TurtlesimGame/install/turtlesim_catch_interfaces' for CMake config files
[0.498s] Level 1:colcon.colcon_core.shell:create_environment_hook('turtlesim_catch_interfaces', 'cmake_prefix_path')
[0.499s] INFO:colcon.colcon_core.shell:Creating environment hook '/home/rishabh/testinggit/TurtlesimGame/install/turtlesim_catch_interfaces/share/turtlesim_catch_interfaces/hook/cmake_prefix_path.ps1'
[0.499s] INFO:colcon.colcon_core.shell:Creating environment descriptor '/home/rishabh/testinggit/TurtlesimGame/install/turtlesim_catch_interfaces/share/turtlesim_catch_interfaces/hook/cmake_prefix_path.dsv'
[0.499s] INFO:colcon.colcon_core.shell:Creating environment hook '/home/rishabh/testinggit/TurtlesimGame/install/turtlesim_catch_interfaces/share/turtlesim_catch_interfaces/hook/cmake_prefix_path.sh'
[0.499s] Level 1:colcon.colcon_core.environment:checking '/home/rishabh/testinggit/TurtlesimGame/install/turtlesim_catch_interfaces/lib'
[0.500s] Level 1:colcon.colcon_core.shell:create_environment_hook('turtlesim_catch_interfaces', 'ld_library_path_lib')
[0.500s] INFO:colcon.colcon_core.shell:Creating environment hook '/home/rishabh/testinggit/TurtlesimGame/install/turtlesim_catch_interfaces/share/turtlesim_catch_interfaces/hook/ld_library_path_lib.ps1'
[0.500s] INFO:colcon.colcon_core.shell:Creating environment descriptor '/home/rishabh/testinggit/TurtlesimGame/install/turtlesim_catch_interfaces/share/turtlesim_catch_interfaces/hook/ld_library_path_lib.dsv'
[0.500s] INFO:colcon.colcon_core.shell:Creating environment hook '/home/rishabh/testinggit/TurtlesimGame/install/turtlesim_catch_interfaces/share/turtlesim_catch_interfaces/hook/ld_library_path_lib.sh'
[0.500s] Level 1:colcon.colcon_core.environment:checking '/home/rishabh/testinggit/TurtlesimGame/install/turtlesim_catch_interfaces/bin'
[0.500s] Level 1:colcon.colcon_core.environment:checking '/home/rishabh/testinggit/TurtlesimGame/install/turtlesim_catch_interfaces/lib/pkgconfig/turtlesim_catch_interfaces.pc'
[0.500s] Level 1:colcon.colcon_core.environment:checking '/home/rishabh/testinggit/TurtlesimGame/install/turtlesim_catch_interfaces/lib/python3.10/site-packages'
[0.500s] Level 1:colcon.colcon_core.environment:checking '/home/rishabh/testinggit/TurtlesimGame/install/turtlesim_catch_interfaces/bin'
[0.501s] INFO:colcon.colcon_core.shell:Creating package script '/home/rishabh/testinggit/TurtlesimGame/install/turtlesim_catch_interfaces/share/turtlesim_catch_interfaces/package.ps1'
[0.501s] INFO:colcon.colcon_core.shell:Creating package descriptor '/home/rishabh/testinggit/TurtlesimGame/install/turtlesim_catch_interfaces/share/turtlesim_catch_interfaces/package.dsv'
[0.501s] INFO:colcon.colcon_core.shell:Creating package script '/home/rishabh/testinggit/TurtlesimGame/install/turtlesim_catch_interfaces/share/turtlesim_catch_interfaces/package.sh'
[0.501s] INFO:colcon.colcon_core.shell:Creating package script '/home/rishabh/testinggit/TurtlesimGame/install/turtlesim_catch_interfaces/share/turtlesim_catch_interfaces/package.bash'
[0.502s] INFO:colcon.colcon_core.shell:Creating package script '/home/rishabh/testinggit/TurtlesimGame/install/turtlesim_catch_interfaces/share/turtlesim_catch_interfaces/package.zsh'
[0.502s] Level 1:colcon.colcon_core.environment:create_file_with_runtime_dependencies(/home/rishabh/testinggit/TurtlesimGame/install/turtlesim_catch_interfaces/share/colcon-core/packages/turtlesim_catch_interfaces)
[0.590s] Level 1:colcon.colcon_core.environment:create_environment_scripts_only(turtlesim_catch_interfaces)
[0.590s] Level 1:colcon.colcon_core.environment:checking '/home/rishabh/testinggit/TurtlesimGame/install/turtlesim_catch_interfaces' for CMake module files
[0.591s] Level 1:colcon.colcon_core.environment:checking '/home/rishabh/testinggit/TurtlesimGame/install/turtlesim_catch_interfaces' for CMake config files
[0.591s] Level 1:colcon.colcon_core.shell:create_environment_hook('turtlesim_catch_interfaces', 'cmake_prefix_path')
[0.591s] INFO:colcon.colcon_core.shell:Creating environment hook '/home/rishabh/testinggit/TurtlesimGame/install/turtlesim_catch_interfaces/share/turtlesim_catch_interfaces/hook/cmake_prefix_path.ps1'
[0.592s] INFO:colcon.colcon_core.shell:Creating environment descriptor '/home/rishabh/testinggit/TurtlesimGame/install/turtlesim_catch_interfaces/share/turtlesim_catch_interfaces/hook/cmake_prefix_path.dsv'
[0.592s] INFO:colcon.colcon_core.shell:Creating environment hook '/home/rishabh/testinggit/TurtlesimGame/install/turtlesim_catch_interfaces/share/turtlesim_catch_interfaces/hook/cmake_prefix_path.sh'
[0.593s] Level 1:colcon.colcon_core.environment:checking '/home/rishabh/testinggit/TurtlesimGame/install/turtlesim_catch_interfaces/lib'
[0.593s] Level 1:colcon.colcon_core.shell:create_environment_hook('turtlesim_catch_interfaces', 'ld_library_path_lib')
[0.593s] INFO:colcon.colcon_core.shell:Creating environment hook '/home/rishabh/testinggit/TurtlesimGame/install/turtlesim_catch_interfaces/share/turtlesim_catch_interfaces/hook/ld_library_path_lib.ps1'
[0.593s] INFO:colcon.colcon_core.shell:Creating environment descriptor '/home/rishabh/testinggit/TurtlesimGame/install/turtlesim_catch_interfaces/share/turtlesim_catch_interfaces/hook/ld_library_path_lib.dsv'
[0.594s] INFO:colcon.colcon_core.shell:Creating environment hook '/home/rishabh/testinggit/TurtlesimGame/install/turtlesim_catch_interfaces/share/turtlesim_catch_interfaces/hook/ld_library_path_lib.sh'
[0.594s] Level 1:colcon.colcon_core.environment:checking '/home/rishabh/testinggit/TurtlesimGame/install/turtlesim_catch_interfaces/bin'
[0.594s] Level 1:colcon.colcon_core.environment:checking '/home/rishabh/testinggit/TurtlesimGame/install/turtlesim_catch_interfaces/lib/pkgconfig/turtlesim_catch_interfaces.pc'
[0.594s] Level 1:colcon.colcon_core.environment:checking '/home/rishabh/testinggit/TurtlesimGame/install/turtlesim_catch_interfaces/lib/python3.10/site-packages'
[0.595s] Level 1:colcon.colcon_core.environment:checking '/home/rishabh/testinggit/TurtlesimGame/install/turtlesim_catch_interfaces/bin'
[0.595s] INFO:colcon.colcon_core.shell:Creating package script '/home/rishabh/testinggit/TurtlesimGame/install/turtlesim_catch_interfaces/share/turtlesim_catch_interfaces/package.ps1'
[0.595s] INFO:colcon.colcon_core.shell:Creating package descriptor '/home/rishabh/testinggit/TurtlesimGame/install/turtlesim_catch_interfaces/share/turtlesim_catch_interfaces/package.dsv'
[0.596s] INFO:colcon.colcon_core.shell:Creating package script '/home/rishabh/testinggit/TurtlesimGame/install/turtlesim_catch_interfaces/share/turtlesim_catch_interfaces/package.sh'
[0.596s] INFO:colcon.colcon_core.shell:Creating package script '/home/rishabh/testinggit/TurtlesimGame/install/turtlesim_catch_interfaces/share/turtlesim_catch_interfaces/package.bash'
[0.596s] INFO:colcon.colcon_core.shell:Creating package script '/home/rishabh/testinggit/TurtlesimGame/install/turtlesim_catch_interfaces/share/turtlesim_catch_interfaces/package.zsh'
[0.597s] Level 1:colcon.colcon_core.environment:create_file_with_runtime_dependencies(/home/rishabh/testinggit/TurtlesimGame/install/turtlesim_catch_interfaces/share/colcon-core/packages/turtlesim_catch_interfaces)
[0.597s] INFO:colcon.colcon_ros.task.ament_python.build:Building ROS package in '/home/rishabh/testinggit/TurtlesimGame/src/turtlesim_catch' with build type 'ament_python'
[0.597s] Level 1:colcon.colcon_core.shell:create_environment_hook('turtlesim_catch', 'ament_prefix_path')
[0.597s] INFO:colcon.colcon_core.shell:Creating environment hook '/home/rishabh/testinggit/TurtlesimGame/install/turtlesim_catch/share/turtlesim_catch/hook/ament_prefix_path.ps1'
[0.597s] INFO:colcon.colcon_core.shell:Creating environment descriptor '/home/rishabh/testinggit/TurtlesimGame/install/turtlesim_catch/share/turtlesim_catch/hook/ament_prefix_path.dsv'
[0.598s] INFO:colcon.colcon_core.shell:Creating environment hook '/home/rishabh/testinggit/TurtlesimGame/install/turtlesim_catch/share/turtlesim_catch/hook/ament_prefix_path.sh'
[0.598s] INFO:colcon.colcon_core.shell:Skip shell extension 'powershell' for command environment: Not usable outside of PowerShell
[0.598s] DEBUG:colcon.colcon_core.shell:Skip shell extension 'dsv' for command environment
[0.734s] INFO:colcon.colcon_core.task.python.build:Building Python package in '/home/rishabh/testinggit/TurtlesimGame/src/turtlesim_catch'
[0.734s] INFO:colcon.colcon_core.shell:Skip shell extension 'powershell' for command environment: Not usable outside of PowerShell
[0.734s] DEBUG:colcon.colcon_core.shell:Skip shell extension 'dsv' for command environment
[0.914s] DEBUG:colcon.colcon_core.event_handler.log_command:Invoking command in '/home/rishabh/testinggit/TurtlesimGame/src/turtlesim_catch': CMAKE_PREFIX_PATH=/home/rishabh/testinggit/TurtlesimGame/install/turtlesim_catch_interfaces:/home/rishabh/testinggit/TurtlesimGame/install/turtlesim_catch_bringup:/home/rishabh/ros2_ws/install/pplanner_interfaces:/home/rishabh/ros2_ws_tut/install/my_robot_bringup:/home/rishabh/ros2_ws_tut/install/my_robot_description PYTHONPATH=/home/rishabh/testinggit/TurtlesimGame/build/turtlesim_catch/prefix_override:/usr/lib/python3/dist-packages/colcon_core/task/python/colcon_distutils_commands:/home/rishabh/testinggit/TurtlesimGame/install/turtlesim_catch/lib/python3.10/site-packages:${PYTHONPATH} /usr/bin/python3 -W ignore:setup.py install is deprecated setup.py egg_info --egg-base ../../build/turtlesim_catch build --build-base /home/rishabh/testinggit/TurtlesimGame/build/turtlesim_catch/build install --record /home/rishabh/testinggit/TurtlesimGame/build/turtlesim_catch/install.log --single-version-externally-managed install_data
[1.069s] Level 1:colcon.colcon_core.environment:checking '/home/rishabh/testinggit/TurtlesimGame/install/turtlesim_catch' for CMake module files
[1.070s] DEBUG:colcon.colcon_core.event_handler.log_command:Invoked command in '/home/rishabh/testinggit/TurtlesimGame/src/turtlesim_catch' returned '0': CMAKE_PREFIX_PATH=/home/rishabh/testinggit/TurtlesimGame/install/turtlesim_catch_interfaces:/home/rishabh/testinggit/TurtlesimGame/install/turtlesim_catch_bringup:/home/rishabh/ros2_ws/install/pplanner_interfaces:/home/rishabh/ros2_ws_tut/install/my_robot_bringup:/home/rishabh/ros2_ws_tut/install/my_robot_description PYTHONPATH=/home/rishabh/testinggit/TurtlesimGame/build/turtlesim_catch/prefix_override:/usr/lib/python3/dist-packages/colcon_core/task/python/colcon_distutils_commands:/home/rishabh/testinggit/TurtlesimGame/install/turtlesim_catch/lib/python3.10/site-packages:${PYTHONPATH} /usr/bin/python3 -W ignore:setup.py install is deprecated setup.py egg_info --egg-base ../../build/turtlesim_catch build --build-base /home/rishabh/testinggit/TurtlesimGame/build/turtlesim_catch/build install --record /home/rishabh/testinggit/TurtlesimGame/build/turtlesim_catch/install.log --single-version-externally-managed install_data
[1.070s] Level 1:colcon.colcon_core.environment:checking '/home/rishabh/testinggit/TurtlesimGame/install/turtlesim_catch' for CMake config files
[1.070s] Level 1:colcon.colcon_core.environment:checking '/home/rishabh/testinggit/TurtlesimGame/install/turtlesim_catch/lib'
[1.070s] Level 1:colcon.colcon_core.environment:checking '/home/rishabh/testinggit/TurtlesimGame/install/turtlesim_catch/bin'
[1.070s] Level 1:colcon.colcon_core.environment:checking '/home/rishabh/testinggit/TurtlesimGame/install/turtlesim_catch/lib/pkgconfig/turtlesim_catch.pc'
[1.070s] Level 1:colcon.colcon_core.environment:checking '/home/rishabh/testinggit/TurtlesimGame/install/turtlesim_catch/lib/python3.10/site-packages'
[1.070s] Level 1:colcon.colcon_core.shell:create_environment_hook('turtlesim_catch', 'pythonpath')
[1.070s] INFO:colcon.colcon_core.shell:Creating environment hook '/home/rishabh/testinggit/TurtlesimGame/install/turtlesim_catch/share/turtlesim_catch/hook/pythonpath.ps1'
[1.071s] INFO:colcon.colcon_core.shell:Creating environment descriptor '/home/rishabh/testinggit/TurtlesimGame/install/turtlesim_catch/share/turtlesim_catch/hook/pythonpath.dsv'
[1.071s] INFO:colcon.colcon_core.shell:Creating environment hook '/home/rishabh/testinggit/TurtlesimGame/install/turtlesim_catch/share/turtlesim_catch/hook/pythonpath.sh'
[1.071s] Level 1:colcon.colcon_core.environment:checking '/home/rishabh/testinggit/TurtlesimGame/install/turtlesim_catch/bin'
[1.071s] Level 1:colcon.colcon_core.environment:create_environment_scripts_only(turtlesim_catch)
[1.071s] INFO:colcon.colcon_core.shell:Creating package script '/home/rishabh/testinggit/TurtlesimGame/install/turtlesim_catch/share/turtlesim_catch/package.ps1'
[1.072s] INFO:colcon.colcon_core.shell:Creating package descriptor '/home/rishabh/testinggit/TurtlesimGame/install/turtlesim_catch/share/turtlesim_catch/package.dsv'
[1.072s] INFO:colcon.colcon_core.shell:Creating package script '/home/rishabh/testinggit/TurtlesimGame/install/turtlesim_catch/share/turtlesim_catch/package.sh'
[1.072s] INFO:colcon.colcon_core.shell:Creating package script '/home/rishabh/testinggit/TurtlesimGame/install/turtlesim_catch/share/turtlesim_catch/package.bash'
[1.072s] INFO:colcon.colcon_core.shell:Creating package script '/home/rishabh/testinggit/TurtlesimGame/install/turtlesim_catch/share/turtlesim_catch/package.zsh'
[1.072s] Level 1:colcon.colcon_core.environment:create_file_with_runtime_dependencies(/home/rishabh/testinggit/TurtlesimGame/install/turtlesim_catch/share/colcon-core/packages/turtlesim_catch)
[1.073s] INFO:colcon.colcon_ros.task.ament_cmake.build:Building ROS package in '/home/rishabh/testinggit/TurtlesimGame/src/turtlesim_catch_bringup' with build type 'ament_cmake'
[1.073s] INFO:colcon.colcon_cmake.task.cmake.build:Building CMake package in '/home/rishabh/testinggit/TurtlesimGame/src/turtlesim_catch_bringup'
[1.073s] INFO:colcon.colcon_core.shell:Skip shell extension 'powershell' for command environment: Not usable outside of PowerShell
[1.073s] DEBUG:colcon.colcon_core.shell:Skip shell extension 'dsv' for command environment
[1.079s] DEBUG:colcon.colcon_core.event_handler.log_command:Invoking command in '/home/rishabh/testinggit/TurtlesimGame/build/turtlesim_catch_bringup': AMENT_PREFIX_PATH=/home/rishabh/testinggit/TurtlesimGame/install/turtlesim_catch:/home/rishabh/testinggit/TurtlesimGame/install/turtlesim_catch_bringup:/home/rishabh/testinggit/TurtlesimGame/install/turtlesim_catch_interfaces:/home/rishabh/ros2_ws/install/percepto_planner:/home/rishabh/ros2_ws/install/pplanner_interfaces:/home/rishabh/ros2_ws_tut/install/my_robot_bringup:/home/rishabh/ros2_ws_tut/install/my_robot_description:/opt/ros/humble CMAKE_PREFIX_PATH=/home/rishabh/testinggit/TurtlesimGame/install/turtlesim_catch_interfaces:/home/rishabh/testinggit/TurtlesimGame/install/turtlesim_catch_bringup:/home/rishabh/ros2_ws/install/pplanner_interfaces:/home/rishabh/ros2_ws_tut/install/my_robot_bringup:/home/rishabh/ros2_ws_tut/install/my_robot_description:/home/rishabh/testinggit/TurtlesimGame/install/turtlesim_catch:/home/rishabh/ros2_ws/install/percepto_planner:/opt/ros/humble /usr/bin/cmake --build /home/rishabh/testinggit/TurtlesimGame/build/turtlesim_catch_bringup -- -j20 -l20
[1.099s] DEBUG:colcon.colcon_core.event_handler.log_command:Invoked command in '/home/rishabh/testinggit/TurtlesimGame/build/turtlesim_catch_bringup' returned '0': AMENT_PREFIX_PATH=/home/rishabh/testinggit/TurtlesimGame/install/turtlesim_catch:/home/rishabh/testinggit/TurtlesimGame/install/turtlesim_catch_bringup:/home/rishabh/testinggit/TurtlesimGame/install/turtlesim_catch_interfaces:/home/rishabh/ros2_ws/install/percepto_planner:/home/rishabh/ros2_ws/install/pplanner_interfaces:/home/rishabh/ros2_ws_tut/install/my_robot_bringup:/home/rishabh/ros2_ws_tut/install/my_robot_description:/opt/ros/humble CMAKE_PREFIX_PATH=/home/rishabh/testinggit/TurtlesimGame/install/turtlesim_catch_interfaces:/home/rishabh/testinggit/TurtlesimGame/install/turtlesim_catch_bringup:/home/rishabh/ros2_ws/install/pplanner_interfaces:/home/rishabh/ros2_ws_tut/install/my_robot_bringup:/home/rishabh/ros2_ws_tut/install/my_robot_description:/home/rishabh/testinggit/TurtlesimGame/install/turtlesim_catch:/home/rishabh/ros2_ws/install/percepto_planner:/opt/ros/humble /usr/bin/cmake --build /home/rishabh/testinggit/TurtlesimGame/build/turtlesim_catch_bringup -- -j20 -l20
[1.111s] DEBUG:colcon.colcon_core.event_handler.log_command:Invoking command in '/home/rishabh/testinggit/TurtlesimGame/build/turtlesim_catch_bringup': AMENT_PREFIX_PATH=/home/rishabh/testinggit/TurtlesimGame/install/turtlesim_catch:/home/rishabh/testinggit/TurtlesimGame/install/turtlesim_catch_bringup:/home/rishabh/testinggit/TurtlesimGame/install/turtlesim_catch_interfaces:/home/rishabh/ros2_ws/install/percepto_planner:/home/rishabh/ros2_ws/install/pplanner_interfaces:/home/rishabh/ros2_ws_tut/install/my_robot_bringup:/home/rishabh/ros2_ws_tut/install/my_robot_description:/opt/ros/humble CMAKE_PREFIX_PATH=/home/rishabh/testinggit/TurtlesimGame/install/turtlesim_catch_interfaces:/home/rishabh/testinggit/TurtlesimGame/install/turtlesim_catch_bringup:/home/rishabh/ros2_ws/install/pplanner_interfaces:/home/rishabh/ros2_ws_tut/install/my_robot_bringup:/home/rishabh/ros2_ws_tut/install/my_robot_description:/home/rishabh/testinggit/TurtlesimGame/install/turtlesim_catch:/home/rishabh/ros2_ws/install/percepto_planner:/opt/ros/humble /usr/bin/cmake --install /home/rishabh/testinggit/TurtlesimGame/build/turtlesim_catch_bringup
[1.116s] Level 1:colcon.colcon_core.environment:create_environment_scripts_only(turtlesim_catch_bringup)
[1.116s] Level 1:colcon.colcon_core.environment:checking '/home/rishabh/testinggit/TurtlesimGame/install/turtlesim_catch_bringup' for CMake module files
[1.116s] DEBUG:colcon.colcon_core.event_handler.log_command:Invoked command in '/home/rishabh/testinggit/TurtlesimGame/build/turtlesim_catch_bringup' returned '0': AMENT_PREFIX_PATH=/home/rishabh/testinggit/TurtlesimGame/install/turtlesim_catch:/home/rishabh/testinggit/TurtlesimGame/install/turtlesim_catch_bringup:/home/rishabh/testinggit/TurtlesimGame/install/turtlesim_catch_interfaces:/home/rishabh/ros2_ws/install/percepto_planner:/home/rishabh/ros2_ws/install/pplanner_interfaces:/home/rishabh/ros2_ws_tut/install/my_robot_bringup:/home/rishabh/ros2_ws_tut/install/my_robot_description:/opt/ros/humble CMAKE_PREFIX_PATH=/home/rishabh/testinggit/TurtlesimGame/install/turtlesim_catch_interfaces:/home/rishabh/testinggit/TurtlesimGame/install/turtlesim_catch_bringup:/home/rishabh/ros2_ws/install/pplanner_interfaces:/home/rishabh/ros2_ws_tut/install/my_robot_bringup:/home/rishabh/ros2_ws_tut/install/my_robot_description:/home/rishabh/testinggit/TurtlesimGame/install/turtlesim_catch:/home/rishabh/ros2_ws/install/percepto_planner:/opt/ros/humble /usr/bin/cmake --install /home/rishabh/testinggit/TurtlesimGame/build/turtlesim_catch_bringup
[1.116s] Level 1:colcon.colcon_core.environment:checking '/home/rishabh/testinggit/TurtlesimGame/install/turtlesim_catch_bringup' for CMake config files
[1.117s] Level 1:colcon.colcon_core.shell:create_environment_hook('turtlesim_catch_bringup', 'cmake_prefix_path')
[1.117s] INFO:colcon.colcon_core.shell:Creating environment hook '/home/rishabh/testinggit/TurtlesimGame/install/turtlesim_catch_bringup/share/turtlesim_catch_bringup/hook/cmake_prefix_path.ps1'
[1.117s] INFO:colcon.colcon_core.shell:Creating environment descriptor '/home/rishabh/testinggit/TurtlesimGame/install/turtlesim_catch_bringup/share/turtlesim_catch_bringup/hook/cmake_prefix_path.dsv'
[1.117s] INFO:colcon.colcon_core.shell:Creating environment hook '/home/rishabh/testinggit/TurtlesimGame/install/turtlesim_catch_bringup/share/turtlesim_catch_bringup/hook/cmake_prefix_path.sh'
[1.117s] Level 1:colcon.colcon_core.environment:checking '/home/rishabh/testinggit/TurtlesimGame/install/turtlesim_catch_bringup/bin'
[1.117s] Level 1:colcon.colcon_core.environment:checking '/home/rishabh/testinggit/TurtlesimGame/install/turtlesim_catch_bringup/lib/pkgconfig/turtlesim_catch_bringup.pc'
[1.117s] Level 1:colcon.colcon_core.environment:checking '/home/rishabh/testinggit/TurtlesimGame/install/turtlesim_catch_bringup/lib/python3.10/site-packages'
[1.118s] Level 1:colcon.colcon_core.environment:checking '/home/rishabh/testinggit/TurtlesimGame/install/turtlesim_catch_bringup/bin'
[1.118s] INFO:colcon.colcon_core.shell:Creating package script '/home/rishabh/testinggit/TurtlesimGame/install/turtlesim_catch_bringup/share/turtlesim_catch_bringup/package.ps1'
[1.118s] INFO:colcon.colcon_core.shell:Creating package descriptor '/home/rishabh/testinggit/TurtlesimGame/install/turtlesim_catch_bringup/share/turtlesim_catch_bringup/package.dsv'
[1.118s] INFO:colcon.colcon_core.shell:Creating package script '/home/rishabh/testinggit/TurtlesimGame/install/turtlesim_catch_bringup/share/turtlesim_catch_bringup/package.sh'
[1.118s] INFO:colcon.colcon_core.shell:Creating package script '/home/rishabh/testinggit/TurtlesimGame/install/turtlesim_catch_bringup/share/turtlesim_catch_bringup/package.bash'
[1.118s] INFO:colcon.colcon_core.shell:Creating package script '/home/rishabh/testinggit/TurtlesimGame/install/turtlesim_catch_bringup/share/turtlesim_catch_bringup/package.zsh'
[1.119s] Level 1:colcon.colcon_core.environment:create_file_with_runtime_dependencies(/home/rishabh/testinggit/TurtlesimGame/install/turtlesim_catch_bringup/share/colcon-core/packages/turtlesim_catch_bringup)
[1.130s] Level 1:colcon.colcon_core.environment:create_environment_scripts_only(turtlesim_catch_bringup)
[1.130s] Level 1:colcon.colcon_core.environment:checking '/home/rishabh/testinggit/TurtlesimGame/install/turtlesim_catch_bringup' for CMake module files
[1.130s] Level 1:colcon.colcon_core.environment:checking '/home/rishabh/testinggit/TurtlesimGame/install/turtlesim_catch_bringup' for CMake config files
[1.130s] Level 1:colcon.colcon_core.shell:create_environment_hook('turtlesim_catch_bringup', 'cmake_prefix_path')
[1.131s] INFO:colcon.colcon_core.shell:Creating environment hook '/home/rishabh/testinggit/TurtlesimGame/install/turtlesim_catch_bringup/share/turtlesim_catch_bringup/hook/cmake_prefix_path.ps1'
[1.131s] INFO:colcon.colcon_core.shell:Creating environment descriptor '/home/rishabh/testinggit/TurtlesimGame/install/turtlesim_catch_bringup/share/turtlesim_catch_bringup/hook/cmake_prefix_path.dsv'
[1.131s] INFO:colcon.colcon_core.shell:Creating environment hook '/home/rishabh/testinggit/TurtlesimGame/install/turtlesim_catch_bringup/share/turtlesim_catch_bringup/hook/cmake_prefix_path.sh'
[1.131s] Level 1:colcon.colcon_core.environment:checking '/home/rishabh/testinggit/TurtlesimGame/install/turtlesim_catch_bringup/bin'
[1.131s] Level 1:colcon.colcon_core.environment:checking '/home/rishabh/testinggit/TurtlesimGame/install/turtlesim_catch_bringup/lib/pkgconfig/turtlesim_catch_bringup.pc'
[1.131s] Level 1:colcon.colcon_core.environment:checking '/home/rishabh/testinggit/TurtlesimGame/install/turtlesim_catch_bringup/lib/python3.10/site-packages'
[1.132s] Level 1:colcon.colcon_core.environment:checking '/home/rishabh/testinggit/TurtlesimGame/install/turtlesim_catch_bringup/bin'
[1.132s] INFO:colcon.colcon_core.shell:Creating package script '/home/rishabh/testinggit/TurtlesimGame/install/turtlesim_catch_bringup/share/turtlesim_catch_bringup/package.ps1'
[1.132s] INFO:colcon.colcon_core.shell:Creating package descriptor '/home/rishabh/testinggit/TurtlesimGame/install/turtlesim_catch_bringup/share/turtlesim_catch_bringup/package.dsv'
[1.132s] INFO:colcon.colcon_core.shell:Creating package script '/home/rishabh/testinggit/TurtlesimGame/install/turtlesim_catch_bringup/share/turtlesim_catch_bringup/package.sh'
[1.132s] INFO:colcon.colcon_core.shell:Creating package script '/home/rishabh/testinggit/TurtlesimGame/install/turtlesim_catch_bringup/share/turtlesim_catch_bringup/package.bash'
[1.132s] INFO:colcon.colcon_core.shell:Creating package script '/home/rishabh/testinggit/TurtlesimGame/install/turtlesim_catch_bringup/share/turtlesim_catch_bringup/package.zsh'
[1.133s] Level 1:colcon.colcon_core.environment:create_file_with_runtime_dependencies(/home/rishabh/testinggit/TurtlesimGame/install/turtlesim_catch_bringup/share/colcon-core/packages/turtlesim_catch_bringup)
[1.133s] DEBUG:colcon.colcon_parallel_executor.executor.parallel:closing loop
[1.133s] DEBUG:colcon.colcon_parallel_executor.executor.parallel:loop closed
[1.133s] DEBUG:colcon.colcon_parallel_executor.executor.parallel:run_until_complete finished with '0'
[1.133s] DEBUG:colcon.colcon_core.event_reactor:joining thread
[1.136s] INFO:colcon.colcon_core.plugin_system:Skipping extension 'colcon_notification.desktop_notification.terminal_notifier': Not used on non-Darwin systems
[1.136s] INFO:colcon.colcon_core.plugin_system:Skipping extension 'colcon_notification.desktop_notification.win32': Not used on non-Windows systems
[1.136s] INFO:colcon.colcon_notification.desktop_notification:Sending desktop notification using 'notify2'
[1.144s] DEBUG:colcon.colcon_core.event_reactor:joined thread
[1.145s] INFO:colcon.colcon_core.shell:Creating prefix script '/home/rishabh/testinggit/TurtlesimGame/install/local_setup.ps1'
[1.145s] INFO:colcon.colcon_core.shell:Creating prefix util module '/home/rishabh/testinggit/TurtlesimGame/install/_local_setup_util_ps1.py'
[1.146s] INFO:colcon.colcon_core.shell:Creating prefix chain script '/home/rishabh/testinggit/TurtlesimGame/install/setup.ps1'
[1.147s] INFO:colcon.colcon_core.shell:Creating prefix script '/home/rishabh/testinggit/TurtlesimGame/install/local_setup.sh'
[1.147s] INFO:colcon.colcon_core.shell:Creating prefix util module '/home/rishabh/testinggit/TurtlesimGame/install/_local_setup_util_sh.py'
[1.147s] INFO:colcon.colcon_core.shell:Creating prefix chain script '/home/rishabh/testinggit/TurtlesimGame/install/setup.sh'
[1.148s] INFO:colcon.colcon_core.shell:Creating prefix script '/home/rishabh/testinggit/TurtlesimGame/install/local_setup.bash'
[1.148s] INFO:colcon.colcon_core.shell:Creating prefix chain script '/home/rishabh/testinggit/TurtlesimGame/install/setup.bash'
[1.148s] INFO:colcon.colcon_core.shell:Creating prefix script '/home/rishabh/testinggit/TurtlesimGame/install/local_setup.zsh'
[1.149s] INFO:colcon.colcon_core.shell:Creating prefix chain script '/home/rishabh/testinggit/TurtlesimGame/install/setup.zsh'
