[0.375s] Invoking command in '/home/rishabh/testinggit/TurtlesimGame/src/turtlesim_catch': PYTHONPATH=/home/rishabh/testinggit/TurtlesimGame/build/turtlesim_catch/prefix_override:/home/rishabh/testinggit/TurtlesimGame/install/turtlesim_catch/lib/python3.10/site-packages:${PYTHONPATH} /usr/bin/python3 -W ignore:setup.py install is deprecated setup.py egg_info --egg-base ../../build/turtlesim_catch build --build-base /home/rishabh/testinggit/TurtlesimGame/build/turtlesim_catch/build install --record /home/rishabh/testinggit/TurtlesimGame/build/turtlesim_catch/install.log --single-version-externally-managed install_data
[0.512s] running egg_info
[0.512s] writing ../../build/turtlesim_catch/turtlesim_catch.egg-info/PKG-INFO
[0.512s] writing dependency_links to ../../build/turtlesim_catch/turtlesim_catch.egg-info/dependency_links.txt
[0.512s] writing entry points to ../../build/turtlesim_catch/turtlesim_catch.egg-info/entry_points.txt
[0.512s] writing requirements to ../../build/turtlesim_catch/turtlesim_catch.egg-info/requires.txt
[0.512s] writing top-level names to ../../build/turtlesim_catch/turtlesim_catch.egg-info/top_level.txt
[0.513s] reading manifest file '../../build/turtlesim_catch/turtlesim_catch.egg-info/SOURCES.txt'
[0.514s] writing manifest file '../../build/turtlesim_catch/turtlesim_catch.egg-info/SOURCES.txt'
[0.514s] running build
[0.514s] running build_py
[0.514s] copying turtlesim_catch/turtle_controller.py -> /home/rishabh/testinggit/TurtlesimGame/build/turtlesim_catch/build/lib/turtlesim_catch
[0.514s] running install
[0.514s] running install_lib
[0.515s] copying /home/rishabh/testinggit/TurtlesimGame/build/turtlesim_catch/build/lib/turtlesim_catch/turtle_controller.py -> /home/rishabh/testinggit/TurtlesimGame/install/turtlesim_catch/lib/python3.10/site-packages/turtlesim_catch
[0.515s] byte-compiling /home/rishabh/testinggit/TurtlesimGame/install/turtlesim_catch/lib/python3.10/site-packages/turtlesim_catch/turtle_controller.py to turtle_controller.cpython-310.pyc
[0.515s] running install_data
[0.515s] copying package.xml -> /home/rishabh/testinggit/TurtlesimGame/install/turtlesim_catch/share/turtlesim_catch
[0.515s] running install_egg_info
[0.516s] removing '/home/rishabh/testinggit/TurtlesimGame/install/turtlesim_catch/lib/python3.10/site-packages/turtlesim_catch-0.0.0-py3.10.egg-info' (and everything under it)
[0.516s] Copying ../../build/turtlesim_catch/turtlesim_catch.egg-info to /home/rishabh/testinggit/TurtlesimGame/install/turtlesim_catch/lib/python3.10/site-packages/turtlesim_catch-0.0.0-py3.10.egg-info
[0.517s] running install_scripts
[0.528s] Installing turtle_controller script to /home/rishabh/testinggit/TurtlesimGame/install/turtlesim_catch/lib/turtlesim_catch
[0.528s] writing list of installed files to '/home/rishabh/testinggit/TurtlesimGame/build/turtlesim_catch/install.log'
[0.541s] Invoked command in '/home/rishabh/testinggit/TurtlesimGame/src/turtlesim_catch' returned '0': PYTHONPATH=/home/rishabh/testinggit/TurtlesimGame/build/turtlesim_catch/prefix_override:/home/rishabh/testinggit/TurtlesimGame/install/turtlesim_catch/lib/python3.10/site-packages:${PYTHONPATH} /usr/bin/python3 -W ignore:setup.py install is deprecated setup.py egg_info --egg-base ../../build/turtlesim_catch build --build-base /home/rishabh/testinggit/TurtlesimGame/build/turtlesim_catch/build install --record /home/rishabh/testinggit/TurtlesimGame/build/turtlesim_catch/install.log --single-version-externally-managed install_data
