[0.057s] DEBUG:colcon:Command line arguments: ['/usr/bin/colcon', 'build']
[0.057s] DEBUG:colcon:Parsed command line arguments: Namespace(log_base=None, log_level=None, verb_name='build', build_base='build', install_base='install', merge_install=False, symlink_install=False, test_result_base=None, continue_on_error=False, executor='parallel', parallel_workers=20, event_handlers=None, ignore_user_meta=False, metas=['./colcon.meta'], base_paths=['.'], packages_ignore=None, packages_ignore_regex=None, paths=None, packages_up_to=None, packages_up_to_regex=None, packages_above=None, packages_above_and_dependencies=None, packages_above_depth=None, packages_select_by_dep=None, packages_skip_by_dep=None, packages_skip_up_to=None, packages_select_build_failed=False, packages_skip_build_finished=False, packages_select_test_failures=False, packages_skip_test_passed=False, packages_select=None, packages_skip=None, packages_select_regex=None, packages_skip_regex=None, packages_start=None, packages_end=None, allow_overriding=[], cmake_args=None, cmake_target=None, cmake_target_skip_unavailable=False, cmake_clean_cache=False, cmake_clean_first=False, cmake_force_configure=False, ament_cmake_args=None, catkin_cmake_args=None, catkin_skip_building_tests=False, verb_parser=<colcon_defaults.argument_parser.defaults.DefaultArgumentsDecorator object at 0x735aab911180>, verb_extension=<colcon_core.verb.build.BuildVerb object at 0x735aab910d30>, main=<bound method BuildVerb.main of <colcon_core.verb.build.BuildVerb object at 0x735aab910d30>>)
[0.150s] Level 1:colcon.colcon_core.package_discovery:discover_packages(colcon_meta) check parameters
[0.150s] Level 1:colcon.colcon_core.package_discovery:discover_packages(recursive) check parameters
[0.150s] Level 1:colcon.colcon_core.package_discovery:discover_packages(ignore) check parameters
[0.150s] Level 1:colcon.colcon_core.package_discovery:discover_packages(path) check parameters
[0.150s] Level 1:colcon.colcon_core.package_discovery:discover_packages(colcon_meta) discover
[0.150s] Level 1:colcon.colcon_core.package_discovery:discover_packages(recursive) discover
[0.151s] INFO:colcon.colcon_core.package_discovery:Crawling recursively for packages in '/home/rishabh/testinggit/TurtlesimGame'
[0.151s] Level 1:colcon.colcon_core.package_identification:_identify(.) by extensions ['ignore', 'ignore_ament_install']
[0.151s] Level 1:colcon.colcon_core.package_identification:_identify(.) by extension 'ignore'
[0.151s] Level 1:colcon.colcon_core.package_identification:_identify(.) by extension 'ignore_ament_install'
[0.151s] Level 1:colcon.colcon_core.package_identification:_identify(.) by extensions ['colcon_pkg']
[0.151s] Level 1:colcon.colcon_core.package_identification:_identify(.) by extension 'colcon_pkg'
[0.151s] Level 1:colcon.colcon_core.package_identification:_identify(.) by extensions ['colcon_meta']
[0.151s] Level 1:colcon.colcon_core.package_identification:_identify(.) by extension 'colcon_meta'
[0.151s] Level 1:colcon.colcon_core.package_identification:_identify(.) by extensions ['ros']
[0.151s] Level 1:colcon.colcon_core.package_identification:_identify(.) by extension 'ros'
[0.157s] Level 1:colcon.colcon_core.package_identification:_identify(.) by extensions ['cmake', 'python']
[0.157s] Level 1:colcon.colcon_core.package_identification:_identify(.) by extension 'cmake'
[0.157s] Level 1:colcon.colcon_core.package_identification:_identify(.) by extension 'python'
[0.157s] Level 1:colcon.colcon_core.package_identification:_identify(.) by extensions ['python_setup_py']
[0.157s] Level 1:colcon.colcon_core.package_identification:_identify(.) by extension 'python_setup_py'
[0.158s] Level 1:colcon.colcon_core.package_identification:_identify(build) by extensions ['ignore', 'ignore_ament_install']
[0.158s] Level 1:colcon.colcon_core.package_identification:_identify(build) by extension 'ignore'
[0.158s] Level 1:colcon.colcon_core.package_identification:_identify(build) ignored
[0.158s] Level 1:colcon.colcon_core.package_identification:_identify(install) by extensions ['ignore', 'ignore_ament_install']
[0.158s] Level 1:colcon.colcon_core.package_identification:_identify(install) by extension 'ignore'
[0.158s] Level 1:colcon.colcon_core.package_identification:_identify(install) ignored
[0.158s] Level 1:colcon.colcon_core.package_identification:_identify(log) by extensions ['ignore', 'ignore_ament_install']
[0.158s] Level 1:colcon.colcon_core.package_identification:_identify(log) by extension 'ignore'
[0.158s] Level 1:colcon.colcon_core.package_identification:_identify(log) ignored
[0.158s] Level 1:colcon.colcon_core.package_identification:_identify(src) by extensions ['ignore', 'ignore_ament_install']
[0.158s] Level 1:colcon.colcon_core.package_identification:_identify(src) by extension 'ignore'
[0.158s] Level 1:colcon.colcon_core.package_identification:_identify(src) by extension 'ignore_ament_install'
[0.158s] Level 1:colcon.colcon_core.package_identification:_identify(src) by extensions ['colcon_pkg']
[0.158s] Level 1:colcon.colcon_core.package_identification:_identify(src) by extension 'colcon_pkg'
[0.158s] Level 1:colcon.colcon_core.package_identification:_identify(src) by extensions ['colcon_meta']
[0.158s] Level 1:colcon.colcon_core.package_identification:_identify(src) by extension 'colcon_meta'
[0.158s] Level 1:colcon.colcon_core.package_identification:_identify(src) by extensions ['ros']
[0.158s] Level 1:colcon.colcon_core.package_identification:_identify(src) by extension 'ros'
[0.158s] Level 1:colcon.colcon_core.package_identification:_identify(src) by extensions ['cmake', 'python']
[0.158s] Level 1:colcon.colcon_core.package_identification:_identify(src) by extension 'cmake'
[0.158s] Level 1:colcon.colcon_core.package_identification:_identify(src) by extension 'python'
[0.158s] Level 1:colcon.colcon_core.package_identification:_identify(src) by extensions ['python_setup_py']
[0.158s] Level 1:colcon.colcon_core.package_identification:_identify(src) by extension 'python_setup_py'
[0.158s] Level 1:colcon.colcon_core.package_identification:_identify(src/turtlesim_catch) by extensions ['ignore', 'ignore_ament_install']
[0.158s] Level 1:colcon.colcon_core.package_identification:_identify(src/turtlesim_catch) by extension 'ignore'
[0.158s] Level 1:colcon.colcon_core.package_identification:_identify(src/turtlesim_catch) by extension 'ignore_ament_install'
[0.158s] Level 1:colcon.colcon_core.package_identification:_identify(src/turtlesim_catch) by extensions ['colcon_pkg']
[0.158s] Level 1:colcon.colcon_core.package_identification:_identify(src/turtlesim_catch) by extension 'colcon_pkg'
[0.158s] Level 1:colcon.colcon_core.package_identification:_identify(src/turtlesim_catch) by extensions ['colcon_meta']
[0.158s] Level 1:colcon.colcon_core.package_identification:_identify(src/turtlesim_catch) by extension 'colcon_meta'
[0.158s] Level 1:colcon.colcon_core.package_identification:_identify(src/turtlesim_catch) by extensions ['ros']
[0.158s] Level 1:colcon.colcon_core.package_identification:_identify(src/turtlesim_catch) by extension 'ros'
[0.160s] DEBUG:colcon.colcon_core.package_identification:Package 'src/turtlesim_catch' with type 'ros.ament_python' and name 'turtlesim_catch'
[0.160s] Level 1:colcon.colcon_core.package_identification:_identify(src/turtlesim_catch_bringup) by extensions ['ignore', 'ignore_ament_install']
[0.160s] Level 1:colcon.colcon_core.package_identification:_identify(src/turtlesim_catch_bringup) by extension 'ignore'
[0.160s] Level 1:colcon.colcon_core.package_identification:_identify(src/turtlesim_catch_bringup) by extension 'ignore_ament_install'
[0.160s] Level 1:colcon.colcon_core.package_identification:_identify(src/turtlesim_catch_bringup) by extensions ['colcon_pkg']
[0.160s] Level 1:colcon.colcon_core.package_identification:_identify(src/turtlesim_catch_bringup) by extension 'colcon_pkg'
[0.160s] Level 1:colcon.colcon_core.package_identification:_identify(src/turtlesim_catch_bringup) by extensions ['colcon_meta']
[0.160s] Level 1:colcon.colcon_core.package_identification:_identify(src/turtlesim_catch_bringup) by extension 'colcon_meta'
[0.160s] Level 1:colcon.colcon_core.package_identification:_identify(src/turtlesim_catch_bringup) by extensions ['ros']
[0.160s] Level 1:colcon.colcon_core.package_identification:_identify(src/turtlesim_catch_bringup) by extension 'ros'
[0.160s] DEBUG:colcon.colcon_core.package_identification:Package 'src/turtlesim_catch_bringup' with type 'ros.ament_cmake' and name 'turtlesim_catch_bringup'
[0.161s] Level 1:colcon.colcon_core.package_identification:_identify(src/turtlesim_catch_interfaces) by extensions ['ignore', 'ignore_ament_install']
[0.161s] Level 1:colcon.colcon_core.package_identification:_identify(src/turtlesim_catch_interfaces) by extension 'ignore'
[0.161s] Level 1:colcon.colcon_core.package_identification:_identify(src/turtlesim_catch_interfaces) by extension 'ignore_ament_install'
[0.161s] Level 1:colcon.colcon_core.package_identification:_identify(src/turtlesim_catch_interfaces) by extensions ['colcon_pkg']
[0.161s] Level 1:colcon.colcon_core.package_identification:_identify(src/turtlesim_catch_interfaces) by extension 'colcon_pkg'
[0.161s] Level 1:colcon.colcon_core.package_identification:_identify(src/turtlesim_catch_interfaces) by extensions ['colcon_meta']
[0.161s] Level 1:colcon.colcon_core.package_identification:_identify(src/turtlesim_catch_interfaces) by extension 'colcon_meta'
[0.161s] Level 1:colcon.colcon_core.package_identification:_identify(src/turtlesim_catch_interfaces) by extensions ['ros']
[0.161s] Level 1:colcon.colcon_core.package_identification:_identify(src/turtlesim_catch_interfaces) by extension 'ros'
[0.161s] DEBUG:colcon.colcon_core.package_identification:Package 'src/turtlesim_catch_interfaces' with type 'ros.ament_cmake' and name 'turtlesim_catch_interfaces'
[0.161s] Level 1:colcon.colcon_core.package_discovery:discover_packages(recursive) using defaults
[0.161s] Level 1:colcon.colcon_core.package_discovery:discover_packages(ignore) discover
[0.161s] Level 1:colcon.colcon_core.package_discovery:discover_packages(ignore) using defaults
[0.161s] Level 1:colcon.colcon_core.package_discovery:discover_packages(path) discover
[0.161s] Level 1:colcon.colcon_core.package_discovery:discover_packages(path) using defaults
[0.174s] Level 1:colcon.colcon_core.package_discovery:discover_packages(prefix_path) check parameters
[0.174s] Level 1:colcon.colcon_core.package_discovery:discover_packages(prefix_path) discover
[0.175s] DEBUG:colcon.colcon_installed_package_information.package_discovery:Found 2 installed packages in /home/rishabh/testinggit/TurtlesimGame/install
[0.175s] DEBUG:colcon.colcon_installed_package_information.package_discovery:Found 2 installed packages in /home/rishabh/ros2_ws_tut/install
[0.175s] DEBUG:colcon.colcon_installed_package_information.package_discovery:Found 2 installed packages in /home/rishabh/ros2_ws/install
[0.176s] DEBUG:colcon.colcon_installed_package_information.package_discovery:Found 311 installed packages in /opt/ros/humble
[0.177s] Level 1:colcon.colcon_core.package_discovery:discover_packages(prefix_path) using defaults
[0.206s] Level 5:colcon.colcon_core.verb:set package 'turtlesim_catch_bringup' build argument 'cmake_args' from command line to 'None'
[0.206s] Level 5:colcon.colcon_core.verb:set package 'turtlesim_catch_bringup' build argument 'cmake_target' from command line to 'None'
[0.206s] Level 5:colcon.colcon_core.verb:set package 'turtlesim_catch_bringup' build argument 'cmake_target_skip_unavailable' from command line to 'False'
[0.206s] Level 5:colcon.colcon_core.verb:set package 'turtlesim_catch_bringup' build argument 'cmake_clean_cache' from command line to 'False'
[0.206s] Level 5:colcon.colcon_core.verb:set package 'turtlesim_catch_bringup' build argument 'cmake_clean_first' from command line to 'False'
[0.206s] Level 5:colcon.colcon_core.verb:set package 'turtlesim_catch_bringup' build argument 'cmake_force_configure' from command line to 'False'
[0.206s] Level 5:colcon.colcon_core.verb:set package 'turtlesim_catch_bringup' build argument 'ament_cmake_args' from command line to 'None'
[0.206s] Level 5:colcon.colcon_core.verb:set package 'turtlesim_catch_bringup' build argument 'catkin_cmake_args' from command line to 'None'
[0.206s] Level 5:colcon.colcon_core.verb:set package 'turtlesim_catch_bringup' build argument 'catkin_skip_building_tests' from command line to 'False'
[0.206s] DEBUG:colcon.colcon_core.verb:Building package 'turtlesim_catch_bringup' with the following arguments: {'ament_cmake_args': None, 'build_base': '/home/rishabh/testinggit/TurtlesimGame/build/turtlesim_catch_bringup', 'catkin_cmake_args': None, 'catkin_skip_building_tests': False, 'cmake_args': None, 'cmake_clean_cache': False, 'cmake_clean_first': False, 'cmake_force_configure': False, 'cmake_target': None, 'cmake_target_skip_unavailable': False, 'install_base': '/home/rishabh/testinggit/TurtlesimGame/install/turtlesim_catch_bringup', 'merge_install': False, 'path': '/home/rishabh/testinggit/TurtlesimGame/src/turtlesim_catch_bringup', 'symlink_install': False, 'test_result_base': None}
[0.206s] Level 5:colcon.colcon_core.verb:set package 'turtlesim_catch_interfaces' build argument 'cmake_args' from command line to 'None'
[0.206s] Level 5:colcon.colcon_core.verb:set package 'turtlesim_catch_interfaces' build argument 'cmake_target' from command line to 'None'
[0.206s] Level 5:colcon.colcon_core.verb:set package 'turtlesim_catch_interfaces' build argument 'cmake_target_skip_unavailable' from command line to 'False'
[0.206s] Level 5:colcon.colcon_core.verb:set package 'turtlesim_catch_interfaces' build argument 'cmake_clean_cache' from command line to 'False'
[0.206s] Level 5:colcon.colcon_core.verb:set package 'turtlesim_catch_interfaces' build argument 'cmake_clean_first' from command line to 'False'
[0.206s] Level 5:colcon.colcon_core.verb:set package 'turtlesim_catch_interfaces' build argument 'cmake_force_configure' from command line to 'False'
[0.206s] Level 5:colcon.colcon_core.verb:set package 'turtlesim_catch_interfaces' build argument 'ament_cmake_args' from command line to 'None'
[0.206s] Level 5:colcon.colcon_core.verb:set package 'turtlesim_catch_interfaces' build argument 'catkin_cmake_args' from command line to 'None'
[0.206s] Level 5:colcon.colcon_core.verb:set package 'turtlesim_catch_interfaces' build argument 'catkin_skip_building_tests' from command line to 'False'
[0.206s] DEBUG:colcon.colcon_core.verb:Building package 'turtlesim_catch_interfaces' with the following arguments: {'ament_cmake_args': None, 'build_base': '/home/rishabh/testinggit/TurtlesimGame/build/turtlesim_catch_interfaces', 'catkin_cmake_args': None, 'catkin_skip_building_tests': False, 'cmake_args': None, 'cmake_clean_cache': False, 'cmake_clean_first': False, 'cmake_force_configure': False, 'cmake_target': None, 'cmake_target_skip_unavailable': False, 'install_base': '/home/rishabh/testinggit/TurtlesimGame/install/turtlesim_catch_interfaces', 'merge_install': False, 'path': '/home/rishabh/testinggit/TurtlesimGame/src/turtlesim_catch_interfaces', 'symlink_install': False, 'test_result_base': None}
[0.207s] Level 5:colcon.colcon_core.verb:set package 'turtlesim_catch' build argument 'cmake_args' from command line to 'None'
[0.207s] Level 5:colcon.colcon_core.verb:set package 'turtlesim_catch' build argument 'cmake_target' from command line to 'None'
[0.207s] Level 5:colcon.colcon_core.verb:set package 'turtlesim_catch' build argument 'cmake_target_skip_unavailable' from command line to 'False'
[0.207s] Level 5:colcon.colcon_core.verb:set package 'turtlesim_catch' build argument 'cmake_clean_cache' from command line to 'False'
[0.207s] Level 5:colcon.colcon_core.verb:set package 'turtlesim_catch' build argument 'cmake_clean_first' from command line to 'False'
[0.207s] Level 5:colcon.colcon_core.verb:set package 'turtlesim_catch' build argument 'cmake_force_configure' from command line to 'False'
[0.207s] Level 5:colcon.colcon_core.verb:set package 'turtlesim_catch' build argument 'ament_cmake_args' from command line to 'None'
[0.207s] Level 5:colcon.colcon_core.verb:set package 'turtlesim_catch' build argument 'catkin_cmake_args' from command line to 'None'
[0.207s] Level 5:colcon.colcon_core.verb:set package 'turtlesim_catch' build argument 'catkin_skip_building_tests' from command line to 'False'
[0.207s] DEBUG:colcon.colcon_core.verb:Building package 'turtlesim_catch' with the following arguments: {'ament_cmake_args': None, 'build_base': '/home/rishabh/testinggit/TurtlesimGame/build/turtlesim_catch', 'catkin_cmake_args': None, 'catkin_skip_building_tests': False, 'cmake_args': None, 'cmake_clean_cache': False, 'cmake_clean_first': False, 'cmake_force_configure': False, 'cmake_target': None, 'cmake_target_skip_unavailable': False, 'install_base': '/home/rishabh/testinggit/TurtlesimGame/install/turtlesim_catch', 'merge_install': False, 'path': '/home/rishabh/testinggit/TurtlesimGame/src/turtlesim_catch', 'symlink_install': False, 'test_result_base': None}
[0.207s] INFO:colcon.colcon_core.executor:Executing jobs using 'parallel' executor
[0.207s] DEBUG:colcon.colcon_parallel_executor.executor.parallel:run_until_complete
[0.208s] INFO:colcon.colcon_ros.task.ament_cmake.build:Building ROS package in '/home/rishabh/testinggit/TurtlesimGame/src/turtlesim_catch_interfaces' with build type 'ament_cmake'
[0.208s] INFO:colcon.colcon_cmake.task.cmake.build:Building CMake package in '/home/rishabh/testinggit/TurtlesimGame/src/turtlesim_catch_interfaces'
[0.209s] INFO:colcon.colcon_core.plugin_system:Skipping extension 'colcon_core.shell.bat': Not used on non-Windows systems
[0.209s] INFO:colcon.colcon_core.shell:Skip shell extension 'powershell' for command environment: Not usable outside of PowerShell
[0.209s] DEBUG:colcon.colcon_core.shell:Skip shell extension 'dsv' for command environment
[0.212s] INFO:colcon.colcon_ros.task.ament_cmake.build:Building ROS package in '/home/rishabh/testinggit/TurtlesimGame/src/turtlesim_catch_bringup' with build type 'ament_cmake'
[0.212s] INFO:colcon.colcon_cmake.task.cmake.build:Building CMake package in '/home/rishabh/testinggit/TurtlesimGame/src/turtlesim_catch_bringup'
[0.212s] INFO:colcon.colcon_core.shell:Skip shell extension 'powershell' for command environment: Not usable outside of PowerShell
[0.212s] DEBUG:colcon.colcon_core.shell:Skip shell extension 'dsv' for command environment
[0.217s] DEBUG:colcon.colcon_core.event_handler.log_command:Invoking command in '/home/rishabh/testinggit/TurtlesimGame/build/turtlesim_catch_interfaces': CMAKE_PREFIX_PATH=${CMAKE_PREFIX_PATH}:/home/rishabh/testinggit/TurtlesimGame/install/turtlesim_catch:/home/rishabh/ros2_ws/install/percepto_planner:/opt/ros/humble /usr/bin/cmake --build /home/rishabh/testinggit/TurtlesimGame/build/turtlesim_catch_interfaces -- -j20 -l20
[0.218s] DEBUG:colcon.colcon_core.event_handler.log_command:Invoking command in '/home/rishabh/testinggit/TurtlesimGame/build/turtlesim_catch_bringup': CMAKE_PREFIX_PATH=${CMAKE_PREFIX_PATH}:/home/rishabh/testinggit/TurtlesimGame/install/turtlesim_catch:/home/rishabh/ros2_ws/install/percepto_planner:/opt/ros/humble /usr/bin/cmake /home/rishabh/testinggit/TurtlesimGame/src/turtlesim_catch_bringup -DCMAKE_INSTALL_PREFIX=/home/rishabh/testinggit/TurtlesimGame/install/turtlesim_catch_bringup
[0.441s] DEBUG:colcon.colcon_core.event_handler.log_command:Invoked command in '/home/rishabh/testinggit/TurtlesimGame/build/turtlesim_catch_interfaces' returned '0': CMAKE_PREFIX_PATH=${CMAKE_PREFIX_PATH}:/home/rishabh/testinggit/TurtlesimGame/install/turtlesim_catch:/home/rishabh/ros2_ws/install/percepto_planner:/opt/ros/humble /usr/bin/cmake --build /home/rishabh/testinggit/TurtlesimGame/build/turtlesim_catch_interfaces -- -j20 -l20
[0.500s] DEBUG:colcon.colcon_core.event_handler.log_command:Invoking command in '/home/rishabh/testinggit/TurtlesimGame/build/turtlesim_catch_interfaces': CMAKE_PREFIX_PATH=${CMAKE_PREFIX_PATH}:/home/rishabh/testinggit/TurtlesimGame/install/turtlesim_catch:/home/rishabh/ros2_ws/install/percepto_planner:/opt/ros/humble /usr/bin/cmake --install /home/rishabh/testinggit/TurtlesimGame/build/turtlesim_catch_interfaces
[0.534s] Level 1:colcon.colcon_core.environment:create_environment_scripts_only(turtlesim_catch_interfaces)
[0.534s] DEBUG:colcon.colcon_core.event_handler.log_command:Invoked command in '/home/rishabh/testinggit/TurtlesimGame/build/turtlesim_catch_interfaces' returned '0': CMAKE_PREFIX_PATH=${CMAKE_PREFIX_PATH}:/home/rishabh/testinggit/TurtlesimGame/install/turtlesim_catch:/home/rishabh/ros2_ws/install/percepto_planner:/opt/ros/humble /usr/bin/cmake --install /home/rishabh/testinggit/TurtlesimGame/build/turtlesim_catch_interfaces
[0.536s] Level 1:colcon.colcon_core.environment:checking '/home/rishabh/testinggit/TurtlesimGame/install/turtlesim_catch_interfaces' for CMake module files
[0.537s] Level 1:colcon.colcon_core.environment:checking '/home/rishabh/testinggit/TurtlesimGame/install/turtlesim_catch_interfaces' for CMake config files
[0.537s] Level 1:colcon.colcon_core.shell:create_environment_hook('turtlesim_catch_interfaces', 'cmake_prefix_path')
[0.537s] INFO:colcon.colcon_core.shell:Creating environment hook '/home/rishabh/testinggit/TurtlesimGame/install/turtlesim_catch_interfaces/share/turtlesim_catch_interfaces/hook/cmake_prefix_path.ps1'
[0.538s] INFO:colcon.colcon_core.shell:Creating environment descriptor '/home/rishabh/testinggit/TurtlesimGame/install/turtlesim_catch_interfaces/share/turtlesim_catch_interfaces/hook/cmake_prefix_path.dsv'
[0.538s] INFO:colcon.colcon_core.shell:Creating environment hook '/home/rishabh/testinggit/TurtlesimGame/install/turtlesim_catch_interfaces/share/turtlesim_catch_interfaces/hook/cmake_prefix_path.sh'
[0.538s] Level 1:colcon.colcon_core.environment:checking '/home/rishabh/testinggit/TurtlesimGame/install/turtlesim_catch_interfaces/lib'
[0.539s] Level 1:colcon.colcon_core.shell:create_environment_hook('turtlesim_catch_interfaces', 'ld_library_path_lib')
[0.539s] INFO:colcon.colcon_core.shell:Creating environment hook '/home/rishabh/testinggit/TurtlesimGame/install/turtlesim_catch_interfaces/share/turtlesim_catch_interfaces/hook/ld_library_path_lib.ps1'
[0.539s] INFO:colcon.colcon_core.shell:Creating environment descriptor '/home/rishabh/testinggit/TurtlesimGame/install/turtlesim_catch_interfaces/share/turtlesim_catch_interfaces/hook/ld_library_path_lib.dsv'
[0.539s] INFO:colcon.colcon_core.shell:Creating environment hook '/home/rishabh/testinggit/TurtlesimGame/install/turtlesim_catch_interfaces/share/turtlesim_catch_interfaces/hook/ld_library_path_lib.sh'
[0.539s] Level 1:colcon.colcon_core.environment:checking '/home/rishabh/testinggit/TurtlesimGame/install/turtlesim_catch_interfaces/bin'
[0.539s] Level 1:colcon.colcon_core.environment:checking '/home/rishabh/testinggit/TurtlesimGame/install/turtlesim_catch_interfaces/lib/pkgconfig/turtlesim_catch_interfaces.pc'
[0.539s] Level 1:colcon.colcon_core.environment:checking '/home/rishabh/testinggit/TurtlesimGame/install/turtlesim_catch_interfaces/lib/python3.10/site-packages'
[0.539s] Level 1:colcon.colcon_core.environment:checking '/home/rishabh/testinggit/TurtlesimGame/install/turtlesim_catch_interfaces/bin'
[0.540s] INFO:colcon.colcon_core.shell:Creating package script '/home/rishabh/testinggit/TurtlesimGame/install/turtlesim_catch_interfaces/share/turtlesim_catch_interfaces/package.ps1'
[0.540s] INFO:colcon.colcon_core.shell:Creating package descriptor '/home/rishabh/testinggit/TurtlesimGame/install/turtlesim_catch_interfaces/share/turtlesim_catch_interfaces/package.dsv'
[0.540s] INFO:colcon.colcon_core.shell:Creating package script '/home/rishabh/testinggit/TurtlesimGame/install/turtlesim_catch_interfaces/share/turtlesim_catch_interfaces/package.sh'
[0.541s] INFO:colcon.colcon_core.shell:Creating package script '/home/rishabh/testinggit/TurtlesimGame/install/turtlesim_catch_interfaces/share/turtlesim_catch_interfaces/package.bash'
[0.541s] INFO:colcon.colcon_core.shell:Creating package script '/home/rishabh/testinggit/TurtlesimGame/install/turtlesim_catch_interfaces/share/turtlesim_catch_interfaces/package.zsh'
[0.541s] Level 1:colcon.colcon_core.environment:create_file_with_runtime_dependencies(/home/rishabh/testinggit/TurtlesimGame/install/turtlesim_catch_interfaces/share/colcon-core/packages/turtlesim_catch_interfaces)
[0.595s] Level 1:colcon.colcon_core.environment:create_environment_scripts_only(turtlesim_catch_interfaces)
[0.595s] Level 1:colcon.colcon_core.environment:checking '/home/rishabh/testinggit/TurtlesimGame/install/turtlesim_catch_interfaces' for CMake module files
[0.596s] Level 1:colcon.colcon_core.environment:checking '/home/rishabh/testinggit/TurtlesimGame/install/turtlesim_catch_interfaces' for CMake config files
[0.596s] Level 1:colcon.colcon_core.shell:create_environment_hook('turtlesim_catch_interfaces', 'cmake_prefix_path')
[0.596s] INFO:colcon.colcon_core.shell:Creating environment hook '/home/rishabh/testinggit/TurtlesimGame/install/turtlesim_catch_interfaces/share/turtlesim_catch_interfaces/hook/cmake_prefix_path.ps1'
[0.597s] INFO:colcon.colcon_core.shell:Creating environment descriptor '/home/rishabh/testinggit/TurtlesimGame/install/turtlesim_catch_interfaces/share/turtlesim_catch_interfaces/hook/cmake_prefix_path.dsv'
[0.597s] INFO:colcon.colcon_core.shell:Creating environment hook '/home/rishabh/testinggit/TurtlesimGame/install/turtlesim_catch_interfaces/share/turtlesim_catch_interfaces/hook/cmake_prefix_path.sh'
[0.597s] Level 1:colcon.colcon_core.environment:checking '/home/rishabh/testinggit/TurtlesimGame/install/turtlesim_catch_interfaces/lib'
[0.597s] Level 1:colcon.colcon_core.shell:create_environment_hook('turtlesim_catch_interfaces', 'ld_library_path_lib')
[0.598s] INFO:colcon.colcon_core.shell:Creating environment hook '/home/rishabh/testinggit/TurtlesimGame/install/turtlesim_catch_interfaces/share/turtlesim_catch_interfaces/hook/ld_library_path_lib.ps1'
[0.598s] INFO:colcon.colcon_core.shell:Creating environment descriptor '/home/rishabh/testinggit/TurtlesimGame/install/turtlesim_catch_interfaces/share/turtlesim_catch_interfaces/hook/ld_library_path_lib.dsv'
[0.598s] INFO:colcon.colcon_core.shell:Creating environment hook '/home/rishabh/testinggit/TurtlesimGame/install/turtlesim_catch_interfaces/share/turtlesim_catch_interfaces/hook/ld_library_path_lib.sh'
[0.598s] Level 1:colcon.colcon_core.environment:checking '/home/rishabh/testinggit/TurtlesimGame/install/turtlesim_catch_interfaces/bin'
[0.598s] Level 1:colcon.colcon_core.environment:checking '/home/rishabh/testinggit/TurtlesimGame/install/turtlesim_catch_interfaces/lib/pkgconfig/turtlesim_catch_interfaces.pc'
[0.598s] Level 1:colcon.colcon_core.environment:checking '/home/rishabh/testinggit/TurtlesimGame/install/turtlesim_catch_interfaces/lib/python3.10/site-packages'
[0.598s] Level 1:colcon.colcon_core.environment:checking '/home/rishabh/testinggit/TurtlesimGame/install/turtlesim_catch_interfaces/bin'
[0.599s] INFO:colcon.colcon_core.shell:Creating package script '/home/rishabh/testinggit/TurtlesimGame/install/turtlesim_catch_interfaces/share/turtlesim_catch_interfaces/package.ps1'
[0.599s] INFO:colcon.colcon_core.shell:Creating package descriptor '/home/rishabh/testinggit/TurtlesimGame/install/turtlesim_catch_interfaces/share/turtlesim_catch_interfaces/package.dsv'
[0.599s] INFO:colcon.colcon_core.shell:Creating package script '/home/rishabh/testinggit/TurtlesimGame/install/turtlesim_catch_interfaces/share/turtlesim_catch_interfaces/package.sh'
[0.599s] INFO:colcon.colcon_core.shell:Creating package script '/home/rishabh/testinggit/TurtlesimGame/install/turtlesim_catch_interfaces/share/turtlesim_catch_interfaces/package.bash'
[0.599s] INFO:colcon.colcon_core.shell:Creating package script '/home/rishabh/testinggit/TurtlesimGame/install/turtlesim_catch_interfaces/share/turtlesim_catch_interfaces/package.zsh'
[0.600s] Level 1:colcon.colcon_core.environment:create_file_with_runtime_dependencies(/home/rishabh/testinggit/TurtlesimGame/install/turtlesim_catch_interfaces/share/colcon-core/packages/turtlesim_catch_interfaces)
[0.600s] INFO:colcon.colcon_ros.task.ament_python.build:Building ROS package in '/home/rishabh/testinggit/TurtlesimGame/src/turtlesim_catch' with build type 'ament_python'
[0.600s] Level 1:colcon.colcon_core.shell:create_environment_hook('turtlesim_catch', 'ament_prefix_path')
[0.600s] INFO:colcon.colcon_core.shell:Creating environment hook '/home/rishabh/testinggit/TurtlesimGame/install/turtlesim_catch/share/turtlesim_catch/hook/ament_prefix_path.ps1'
[0.600s] INFO:colcon.colcon_core.shell:Creating environment descriptor '/home/rishabh/testinggit/TurtlesimGame/install/turtlesim_catch/share/turtlesim_catch/hook/ament_prefix_path.dsv'
[0.601s] INFO:colcon.colcon_core.shell:Creating environment hook '/home/rishabh/testinggit/TurtlesimGame/install/turtlesim_catch/share/turtlesim_catch/hook/ament_prefix_path.sh'
[0.601s] INFO:colcon.colcon_core.shell:Skip shell extension 'powershell' for command environment: Not usable outside of PowerShell
[0.601s] DEBUG:colcon.colcon_core.shell:Skip shell extension 'dsv' for command environment
[0.775s] INFO:colcon.colcon_core.task.python.build:Building Python package in '/home/rishabh/testinggit/TurtlesimGame/src/turtlesim_catch'
[0.775s] INFO:colcon.colcon_core.shell:Skip shell extension 'powershell' for command environment: Not usable outside of PowerShell
[0.775s] DEBUG:colcon.colcon_core.shell:Skip shell extension 'dsv' for command environment
[0.779s] DEBUG:colcon.colcon_core.event_handler.log_command:Invoked command in '/home/rishabh/testinggit/TurtlesimGame/build/turtlesim_catch_bringup' returned '0': CMAKE_PREFIX_PATH=${CMAKE_PREFIX_PATH}:/home/rishabh/testinggit/TurtlesimGame/install/turtlesim_catch:/home/rishabh/ros2_ws/install/percepto_planner:/opt/ros/humble /usr/bin/cmake /home/rishabh/testinggit/TurtlesimGame/src/turtlesim_catch_bringup -DCMAKE_INSTALL_PREFIX=/home/rishabh/testinggit/TurtlesimGame/install/turtlesim_catch_bringup
[0.780s] DEBUG:colcon.colcon_core.event_handler.log_command:Invoking command in '/home/rishabh/testinggit/TurtlesimGame/build/turtlesim_catch_bringup': CMAKE_PREFIX_PATH=${CMAKE_PREFIX_PATH}:/home/rishabh/testinggit/TurtlesimGame/install/turtlesim_catch:/home/rishabh/ros2_ws/install/percepto_planner:/opt/ros/humble /usr/bin/cmake --build /home/rishabh/testinggit/TurtlesimGame/build/turtlesim_catch_bringup -- -j20 -l20
[0.804s] DEBUG:colcon.colcon_core.event_handler.log_command:Invoked command in '/home/rishabh/testinggit/TurtlesimGame/build/turtlesim_catch_bringup' returned '0': CMAKE_PREFIX_PATH=${CMAKE_PREFIX_PATH}:/home/rishabh/testinggit/TurtlesimGame/install/turtlesim_catch:/home/rishabh/ros2_ws/install/percepto_planner:/opt/ros/humble /usr/bin/cmake --build /home/rishabh/testinggit/TurtlesimGame/build/turtlesim_catch_bringup -- -j20 -l20
[0.819s] DEBUG:colcon.colcon_core.event_handler.log_command:Invoking command in '/home/rishabh/testinggit/TurtlesimGame/build/turtlesim_catch_bringup': CMAKE_PREFIX_PATH=${CMAKE_PREFIX_PATH}:/home/rishabh/testinggit/TurtlesimGame/install/turtlesim_catch:/home/rishabh/ros2_ws/install/percepto_planner:/opt/ros/humble /usr/bin/cmake --install /home/rishabh/testinggit/TurtlesimGame/build/turtlesim_catch_bringup
[0.825s] Level 1:colcon.colcon_core.environment:create_environment_scripts_only(turtlesim_catch_bringup)
[0.825s] Level 1:colcon.colcon_core.environment:checking '/home/rishabh/testinggit/TurtlesimGame/install/turtlesim_catch_bringup' for CMake module files
[0.825s] DEBUG:colcon.colcon_core.event_handler.log_command:Invoked command in '/home/rishabh/testinggit/TurtlesimGame/build/turtlesim_catch_bringup' returned '0': CMAKE_PREFIX_PATH=${CMAKE_PREFIX_PATH}:/home/rishabh/testinggit/TurtlesimGame/install/turtlesim_catch:/home/rishabh/ros2_ws/install/percepto_planner:/opt/ros/humble /usr/bin/cmake --install /home/rishabh/testinggit/TurtlesimGame/build/turtlesim_catch_bringup
[0.826s] Level 1:colcon.colcon_core.environment:checking '/home/rishabh/testinggit/TurtlesimGame/install/turtlesim_catch_bringup' for CMake config files
[0.826s] Level 1:colcon.colcon_core.shell:create_environment_hook('turtlesim_catch_bringup', 'cmake_prefix_path')
[0.826s] INFO:colcon.colcon_core.shell:Creating environment hook '/home/rishabh/testinggit/TurtlesimGame/install/turtlesim_catch_bringup/share/turtlesim_catch_bringup/hook/cmake_prefix_path.ps1'
[0.826s] INFO:colcon.colcon_core.shell:Creating environment descriptor '/home/rishabh/testinggit/TurtlesimGame/install/turtlesim_catch_bringup/share/turtlesim_catch_bringup/hook/cmake_prefix_path.dsv'
[0.826s] INFO:colcon.colcon_core.shell:Creating environment hook '/home/rishabh/testinggit/TurtlesimGame/install/turtlesim_catch_bringup/share/turtlesim_catch_bringup/hook/cmake_prefix_path.sh'
[0.826s] Level 1:colcon.colcon_core.environment:checking '/home/rishabh/testinggit/TurtlesimGame/install/turtlesim_catch_bringup/bin'
[0.826s] Level 1:colcon.colcon_core.environment:checking '/home/rishabh/testinggit/TurtlesimGame/install/turtlesim_catch_bringup/lib/pkgconfig/turtlesim_catch_bringup.pc'
[0.827s] Level 1:colcon.colcon_core.environment:checking '/home/rishabh/testinggit/TurtlesimGame/install/turtlesim_catch_bringup/lib/python3.10/site-packages'
[0.827s] Level 1:colcon.colcon_core.environment:checking '/home/rishabh/testinggit/TurtlesimGame/install/turtlesim_catch_bringup/bin'
[0.827s] INFO:colcon.colcon_core.shell:Creating package script '/home/rishabh/testinggit/TurtlesimGame/install/turtlesim_catch_bringup/share/turtlesim_catch_bringup/package.ps1'
[0.827s] INFO:colcon.colcon_core.shell:Creating package descriptor '/home/rishabh/testinggit/TurtlesimGame/install/turtlesim_catch_bringup/share/turtlesim_catch_bringup/package.dsv'
[0.827s] INFO:colcon.colcon_core.shell:Creating package script '/home/rishabh/testinggit/TurtlesimGame/install/turtlesim_catch_bringup/share/turtlesim_catch_bringup/package.sh'
[0.828s] INFO:colcon.colcon_core.shell:Creating package script '/home/rishabh/testinggit/TurtlesimGame/install/turtlesim_catch_bringup/share/turtlesim_catch_bringup/package.bash'
[0.828s] INFO:colcon.colcon_core.shell:Creating package script '/home/rishabh/testinggit/TurtlesimGame/install/turtlesim_catch_bringup/share/turtlesim_catch_bringup/package.zsh'
[0.829s] Level 1:colcon.colcon_core.environment:create_file_with_runtime_dependencies(/home/rishabh/testinggit/TurtlesimGame/install/turtlesim_catch_bringup/share/colcon-core/packages/turtlesim_catch_bringup)
[0.843s] Level 1:colcon.colcon_core.environment:create_environment_scripts_only(turtlesim_catch_bringup)
[0.843s] Level 1:colcon.colcon_core.environment:checking '/home/rishabh/testinggit/TurtlesimGame/install/turtlesim_catch_bringup' for CMake module files
[0.843s] Level 1:colcon.colcon_core.environment:checking '/home/rishabh/testinggit/TurtlesimGame/install/turtlesim_catch_bringup' for CMake config files
[0.843s] Level 1:colcon.colcon_core.shell:create_environment_hook('turtlesim_catch_bringup', 'cmake_prefix_path')
[0.844s] INFO:colcon.colcon_core.shell:Creating environment hook '/home/rishabh/testinggit/TurtlesimGame/install/turtlesim_catch_bringup/share/turtlesim_catch_bringup/hook/cmake_prefix_path.ps1'
[0.844s] INFO:colcon.colcon_core.shell:Creating environment descriptor '/home/rishabh/testinggit/TurtlesimGame/install/turtlesim_catch_bringup/share/turtlesim_catch_bringup/hook/cmake_prefix_path.dsv'
[0.844s] INFO:colcon.colcon_core.shell:Creating environment hook '/home/rishabh/testinggit/TurtlesimGame/install/turtlesim_catch_bringup/share/turtlesim_catch_bringup/hook/cmake_prefix_path.sh'
[0.844s] Level 1:colcon.colcon_core.environment:checking '/home/rishabh/testinggit/TurtlesimGame/install/turtlesim_catch_bringup/bin'
[0.844s] Level 1:colcon.colcon_core.environment:checking '/home/rishabh/testinggit/TurtlesimGame/install/turtlesim_catch_bringup/lib/pkgconfig/turtlesim_catch_bringup.pc'
[0.845s] Level 1:colcon.colcon_core.environment:checking '/home/rishabh/testinggit/TurtlesimGame/install/turtlesim_catch_bringup/lib/python3.10/site-packages'
[0.845s] Level 1:colcon.colcon_core.environment:checking '/home/rishabh/testinggit/TurtlesimGame/install/turtlesim_catch_bringup/bin'
[0.845s] INFO:colcon.colcon_core.shell:Creating package script '/home/rishabh/testinggit/TurtlesimGame/install/turtlesim_catch_bringup/share/turtlesim_catch_bringup/package.ps1'
[0.845s] INFO:colcon.colcon_core.shell:Creating package descriptor '/home/rishabh/testinggit/TurtlesimGame/install/turtlesim_catch_bringup/share/turtlesim_catch_bringup/package.dsv'
[0.845s] INFO:colcon.colcon_core.shell:Creating package script '/home/rishabh/testinggit/TurtlesimGame/install/turtlesim_catch_bringup/share/turtlesim_catch_bringup/package.sh'
[0.846s] INFO:colcon.colcon_core.shell:Creating package script '/home/rishabh/testinggit/TurtlesimGame/install/turtlesim_catch_bringup/share/turtlesim_catch_bringup/package.bash'
[0.846s] INFO:colcon.colcon_core.shell:Creating package script '/home/rishabh/testinggit/TurtlesimGame/install/turtlesim_catch_bringup/share/turtlesim_catch_bringup/package.zsh'
[0.846s] Level 1:colcon.colcon_core.environment:create_file_with_runtime_dependencies(/home/rishabh/testinggit/TurtlesimGame/install/turtlesim_catch_bringup/share/colcon-core/packages/turtlesim_catch_bringup)
[1.004s] DEBUG:colcon.colcon_core.event_handler.log_command:Invoking command in '/home/rishabh/testinggit/TurtlesimGame/src/turtlesim_catch': PYTHONPATH=/home/rishabh/testinggit/TurtlesimGame/build/turtlesim_catch/prefix_override:/usr/lib/python3/dist-packages/colcon_core/task/python/colcon_distutils_commands:/home/rishabh/testinggit/TurtlesimGame/install/turtlesim_catch/lib/python3.10/site-packages:${PYTHONPATH} /usr/bin/python3 -W ignore:setup.py install is deprecated setup.py egg_info --egg-base ../../build/turtlesim_catch build --build-base /home/rishabh/testinggit/TurtlesimGame/build/turtlesim_catch/build install --record /home/rishabh/testinggit/TurtlesimGame/build/turtlesim_catch/install.log --single-version-externally-managed install_data
[1.172s] Level 1:colcon.colcon_core.environment:checking '/home/rishabh/testinggit/TurtlesimGame/install/turtlesim_catch' for CMake module files
[1.173s] DEBUG:colcon.colcon_core.event_handler.log_command:Invoked command in '/home/rishabh/testinggit/TurtlesimGame/src/turtlesim_catch' returned '0': PYTHONPATH=/home/rishabh/testinggit/TurtlesimGame/build/turtlesim_catch/prefix_override:/usr/lib/python3/dist-packages/colcon_core/task/python/colcon_distutils_commands:/home/rishabh/testinggit/TurtlesimGame/install/turtlesim_catch/lib/python3.10/site-packages:${PYTHONPATH} /usr/bin/python3 -W ignore:setup.py install is deprecated setup.py egg_info --egg-base ../../build/turtlesim_catch build --build-base /home/rishabh/testinggit/TurtlesimGame/build/turtlesim_catch/build install --record /home/rishabh/testinggit/TurtlesimGame/build/turtlesim_catch/install.log --single-version-externally-managed install_data
[1.173s] Level 1:colcon.colcon_core.environment:checking '/home/rishabh/testinggit/TurtlesimGame/install/turtlesim_catch' for CMake config files
[1.173s] Level 1:colcon.colcon_core.environment:checking '/home/rishabh/testinggit/TurtlesimGame/install/turtlesim_catch/lib'
[1.173s] Level 1:colcon.colcon_core.environment:checking '/home/rishabh/testinggit/TurtlesimGame/install/turtlesim_catch/bin'
[1.173s] Level 1:colcon.colcon_core.environment:checking '/home/rishabh/testinggit/TurtlesimGame/install/turtlesim_catch/lib/pkgconfig/turtlesim_catch.pc'
[1.174s] Level 1:colcon.colcon_core.environment:checking '/home/rishabh/testinggit/TurtlesimGame/install/turtlesim_catch/lib/python3.10/site-packages'
[1.174s] Level 1:colcon.colcon_core.shell:create_environment_hook('turtlesim_catch', 'pythonpath')
[1.174s] INFO:colcon.colcon_core.shell:Creating environment hook '/home/rishabh/testinggit/TurtlesimGame/install/turtlesim_catch/share/turtlesim_catch/hook/pythonpath.ps1'
[1.174s] INFO:colcon.colcon_core.shell:Creating environment descriptor '/home/rishabh/testinggit/TurtlesimGame/install/turtlesim_catch/share/turtlesim_catch/hook/pythonpath.dsv'
[1.174s] INFO:colcon.colcon_core.shell:Creating environment hook '/home/rishabh/testinggit/TurtlesimGame/install/turtlesim_catch/share/turtlesim_catch/hook/pythonpath.sh'
[1.174s] Level 1:colcon.colcon_core.environment:checking '/home/rishabh/testinggit/TurtlesimGame/install/turtlesim_catch/bin'
[1.175s] Level 1:colcon.colcon_core.environment:create_environment_scripts_only(turtlesim_catch)
[1.175s] INFO:colcon.colcon_core.shell:Creating package script '/home/rishabh/testinggit/TurtlesimGame/install/turtlesim_catch/share/turtlesim_catch/package.ps1'
[1.175s] INFO:colcon.colcon_core.shell:Creating package descriptor '/home/rishabh/testinggit/TurtlesimGame/install/turtlesim_catch/share/turtlesim_catch/package.dsv'
[1.175s] INFO:colcon.colcon_core.shell:Creating package script '/home/rishabh/testinggit/TurtlesimGame/install/turtlesim_catch/share/turtlesim_catch/package.sh'
[1.175s] INFO:colcon.colcon_core.shell:Creating package script '/home/rishabh/testinggit/TurtlesimGame/install/turtlesim_catch/share/turtlesim_catch/package.bash'
[1.175s] INFO:colcon.colcon_core.shell:Creating package script '/home/rishabh/testinggit/TurtlesimGame/install/turtlesim_catch/share/turtlesim_catch/package.zsh'
[1.176s] Level 1:colcon.colcon_core.environment:create_file_with_runtime_dependencies(/home/rishabh/testinggit/TurtlesimGame/install/turtlesim_catch/share/colcon-core/packages/turtlesim_catch)
[1.176s] DEBUG:colcon.colcon_parallel_executor.executor.parallel:closing loop
[1.176s] DEBUG:colcon.colcon_parallel_executor.executor.parallel:loop closed
[1.176s] DEBUG:colcon.colcon_parallel_executor.executor.parallel:run_until_complete finished with '0'
[1.176s] DEBUG:colcon.colcon_core.event_reactor:joining thread
[1.179s] INFO:colcon.colcon_core.plugin_system:Skipping extension 'colcon_notification.desktop_notification.terminal_notifier': Not used on non-Darwin systems
[1.180s] INFO:colcon.colcon_core.plugin_system:Skipping extension 'colcon_notification.desktop_notification.win32': Not used on non-Windows systems
[1.180s] INFO:colcon.colcon_notification.desktop_notification:Sending desktop notification using 'notify2'
[1.188s] DEBUG:colcon.colcon_core.event_reactor:joined thread
[1.189s] INFO:colcon.colcon_core.shell:Creating prefix script '/home/rishabh/testinggit/TurtlesimGame/install/local_setup.ps1'
[1.189s] INFO:colcon.colcon_core.shell:Creating prefix util module '/home/rishabh/testinggit/TurtlesimGame/install/_local_setup_util_ps1.py'
[1.190s] INFO:colcon.colcon_core.shell:Creating prefix chain script '/home/rishabh/testinggit/TurtlesimGame/install/setup.ps1'
[1.191s] INFO:colcon.colcon_core.shell:Creating prefix script '/home/rishabh/testinggit/TurtlesimGame/install/local_setup.sh'
[1.192s] INFO:colcon.colcon_core.shell:Creating prefix util module '/home/rishabh/testinggit/TurtlesimGame/install/_local_setup_util_sh.py'
[1.192s] INFO:colcon.colcon_core.shell:Creating prefix chain script '/home/rishabh/testinggit/TurtlesimGame/install/setup.sh'
[1.192s] INFO:colcon.colcon_core.shell:Creating prefix script '/home/rishabh/testinggit/TurtlesimGame/install/local_setup.bash'
[1.193s] INFO:colcon.colcon_core.shell:Creating prefix chain script '/home/rishabh/testinggit/TurtlesimGame/install/setup.bash'
[1.193s] INFO:colcon.colcon_core.shell:Creating prefix script '/home/rishabh/testinggit/TurtlesimGame/install/local_setup.zsh'
[1.193s] INFO:colcon.colcon_core.shell:Creating prefix chain script '/home/rishabh/testinggit/TurtlesimGame/install/setup.zsh'
