[0.006s] Invoking command in '/home/rishabh/testinggit/TurtlesimGame/build/turtlesim_catch_interfaces': CMAKE_PREFIX_PATH=${CMAKE_PREFIX_PATH}:/home/rishabh/testinggit/TurtlesimGame/install/turtlesim_catch:/home/rishabh/ros2_ws/install/percepto_planner:/opt/ros/humble /usr/bin/cmake --build /home/rishabh/testinggit/TurtlesimGame/build/turtlesim_catch_interfaces -- -j20 -l20
[0.033s] [  2%] Built target turtlesim_catch_interfaces__cpp
[0.033s] [ 12%] Built target turtlesim_catch_interfaces__rosidl_generator_c
[0.038s] [ 12%] Built target ament_cmake_python_copy_turtlesim_catch_interfaces
[0.044s] [ 33%] Built target turtlesim_catch_interfaces__rosidl_typesupport_introspection_cpp
[0.044s] [ 33%] Built target turtlesim_catch_interfaces__rosidl_typesupport_cpp
[0.045s] [ 43%] Built target turtlesim_catch_interfaces__rosidl_typesupport_fastrtps_cpp
[0.049s] [ 53%] Built target turtlesim_catch_interfaces__rosidl_typesupport_introspection_c
[0.050s] [ 64%] Built target turtlesim_catch_interfaces__rosidl_typesupport_c
[0.050s] [ 74%] Built target turtlesim_catch_interfaces__rosidl_typesupport_fastrtps_c
[0.060s] [ 74%] Built target turtlesim_catch_interfaces
[0.070s] [ 76%] Built target turtlesim_catch_interfaces__py
[0.082s] [ 84%] Built target turtlesim_catch_interfaces__rosidl_generator_py
[0.094s] [ 94%] Built target turtlesim_catch_interfaces__rosidl_typesupport_fastrtps_c__pyext
[0.094s] [ 94%] Built target turtlesim_catch_interfaces__rosidl_typesupport_c__pyext
[0.094s] [100%] Built target turtlesim_catch_interfaces__rosidl_typesupport_introspection_c__pyext
[0.174s] running egg_info
[0.174s] writing turtlesim_catch_interfaces.egg-info/PKG-INFO
[0.174s] writing dependency_links to turtlesim_catch_interfaces.egg-info/dependency_links.txt
[0.174s] writing top-level names to turtlesim_catch_interfaces.egg-info/top_level.txt
[0.175s] reading manifest file 'turtlesim_catch_interfaces.egg-info/SOURCES.txt'
[0.175s] writing manifest file 'turtlesim_catch_interfaces.egg-info/SOURCES.txt'
[0.189s] [100%] Built target ament_cmake_python_build_turtlesim_catch_interfaces_egg
[0.196s] Invoked command in '/home/rishabh/testinggit/TurtlesimGame/build/turtlesim_catch_interfaces' returned '0': CMAKE_PREFIX_PATH=${CMAKE_PREFIX_PATH}:/home/rishabh/testinggit/TurtlesimGame/install/turtlesim_catch:/home/rishabh/ros2_ws/install/percepto_planner:/opt/ros/humble /usr/bin/cmake --build /home/rishabh/testinggit/TurtlesimGame/build/turtlesim_catch_interfaces -- -j20 -l20
[0.252s] Invoking command in '/home/rishabh/testinggit/TurtlesimGame/build/turtlesim_catch_interfaces': CMAKE_PREFIX_PATH=${CMAKE_PREFIX_PATH}:/home/rishabh/testinggit/TurtlesimGame/install/turtlesim_catch:/home/rishabh/ros2_ws/install/percepto_planner:/opt/ros/humble /usr/bin/cmake --install /home/rishabh/testinggit/TurtlesimGame/build/turtlesim_catch_interfaces
[0.257s] -- Install configuration: ""
[0.257s] -- Up-to-date: /home/rishabh/testinggit/TurtlesimGame/install/turtlesim_catch_interfaces/share/ament_index/resource_index/rosidl_interfaces/turtlesim_catch_interfaces
[0.257s] -- Up-to-date: /home/rishabh/testinggit/TurtlesimGame/install/turtlesim_catch_interfaces/include/turtlesim_catch_interfaces/turtlesim_catch_interfaces
[0.257s] -- Up-to-date: /home/rishabh/testinggit/TurtlesimGame/install/turtlesim_catch_interfaces/include/turtlesim_catch_interfaces/turtlesim_catch_interfaces/msg
[0.257s] -- Up-to-date: /home/rishabh/testinggit/TurtlesimGame/install/turtlesim_catch_interfaces/include/turtlesim_catch_interfaces/turtlesim_catch_interfaces/msg/detail
[0.257s] -- Up-to-date: /home/rishabh/testinggit/TurtlesimGame/install/turtlesim_catch_interfaces/include/turtlesim_catch_interfaces/turtlesim_catch_interfaces/msg/detail/turtleinfoarray__type_support.h
[0.257s] -- Up-to-date: /home/rishabh/testinggit/TurtlesimGame/install/turtlesim_catch_interfaces/include/turtlesim_catch_interfaces/turtlesim_catch_interfaces/msg/detail/turtleinfoarray__struct.h
[0.257s] -- Up-to-date: /home/rishabh/testinggit/TurtlesimGame/install/turtlesim_catch_interfaces/include/turtlesim_catch_interfaces/turtlesim_catch_interfaces/msg/detail/turtleinfo__functions.h
[0.257s] -- Up-to-date: /home/rishabh/testinggit/TurtlesimGame/install/turtlesim_catch_interfaces/include/turtlesim_catch_interfaces/turtlesim_catch_interfaces/msg/detail/turtleinfoarray__functions.h
[0.257s] -- Up-to-date: /home/rishabh/testinggit/TurtlesimGame/install/turtlesim_catch_interfaces/include/turtlesim_catch_interfaces/turtlesim_catch_interfaces/msg/detail/turtleinfo__struct.h
[0.258s] -- Up-to-date: /home/rishabh/testinggit/TurtlesimGame/install/turtlesim_catch_interfaces/include/turtlesim_catch_interfaces/turtlesim_catch_interfaces/msg/detail/turtleinfo__functions.c
[0.258s] -- Up-to-date: /home/rishabh/testinggit/TurtlesimGame/install/turtlesim_catch_interfaces/include/turtlesim_catch_interfaces/turtlesim_catch_interfaces/msg/detail/turtleinfoarray__functions.c
[0.258s] -- Up-to-date: /home/rishabh/testinggit/TurtlesimGame/install/turtlesim_catch_interfaces/include/turtlesim_catch_interfaces/turtlesim_catch_interfaces/msg/detail/turtleinfo__type_support.h
[0.258s] -- Up-to-date: /home/rishabh/testinggit/TurtlesimGame/install/turtlesim_catch_interfaces/include/turtlesim_catch_interfaces/turtlesim_catch_interfaces/msg/turtleinfo.h
[0.258s] -- Up-to-date: /home/rishabh/testinggit/TurtlesimGame/install/turtlesim_catch_interfaces/include/turtlesim_catch_interfaces/turtlesim_catch_interfaces/msg/rosidl_generator_c__visibility_control.h
[0.258s] -- Up-to-date: /home/rishabh/testinggit/TurtlesimGame/install/turtlesim_catch_interfaces/include/turtlesim_catch_interfaces/turtlesim_catch_interfaces/msg/turtleinfoarray.h
[0.258s] -- Up-to-date: /home/rishabh/testinggit/TurtlesimGame/install/turtlesim_catch_interfaces/share/turtlesim_catch_interfaces/environment/library_path.sh
[0.258s] -- Up-to-date: /home/rishabh/testinggit/TurtlesimGame/install/turtlesim_catch_interfaces/share/turtlesim_catch_interfaces/environment/library_path.dsv
[0.258s] -- Up-to-date: /home/rishabh/testinggit/TurtlesimGame/install/turtlesim_catch_interfaces/lib/libturtlesim_catch_interfaces__rosidl_generator_c.so
[0.258s] -- Up-to-date: /home/rishabh/testinggit/TurtlesimGame/install/turtlesim_catch_interfaces/include/turtlesim_catch_interfaces/turtlesim_catch_interfaces
[0.258s] -- Up-to-date: /home/rishabh/testinggit/TurtlesimGame/install/turtlesim_catch_interfaces/include/turtlesim_catch_interfaces/turtlesim_catch_interfaces/msg
[0.258s] -- Up-to-date: /home/rishabh/testinggit/TurtlesimGame/install/turtlesim_catch_interfaces/include/turtlesim_catch_interfaces/turtlesim_catch_interfaces/msg/rosidl_typesupport_fastrtps_c__visibility_control.h
[0.258s] -- Up-to-date: /home/rishabh/testinggit/TurtlesimGame/install/turtlesim_catch_interfaces/include/turtlesim_catch_interfaces/turtlesim_catch_interfaces/msg/detail
[0.258s] -- Up-to-date: /home/rishabh/testinggit/TurtlesimGame/install/turtlesim_catch_interfaces/include/turtlesim_catch_interfaces/turtlesim_catch_interfaces/msg/detail/turtleinfoarray__rosidl_typesupport_fastrtps_c.h
[0.258s] -- Up-to-date: /home/rishabh/testinggit/TurtlesimGame/install/turtlesim_catch_interfaces/include/turtlesim_catch_interfaces/turtlesim_catch_interfaces/msg/detail/turtleinfo__rosidl_typesupport_fastrtps_c.h
[0.258s] -- Up-to-date: /home/rishabh/testinggit/TurtlesimGame/install/turtlesim_catch_interfaces/lib/libturtlesim_catch_interfaces__rosidl_typesupport_fastrtps_c.so
[0.258s] -- Up-to-date: /home/rishabh/testinggit/TurtlesimGame/install/turtlesim_catch_interfaces/include/turtlesim_catch_interfaces/turtlesim_catch_interfaces
[0.258s] -- Up-to-date: /home/rishabh/testinggit/TurtlesimGame/install/turtlesim_catch_interfaces/include/turtlesim_catch_interfaces/turtlesim_catch_interfaces/msg
[0.259s] -- Up-to-date: /home/rishabh/testinggit/TurtlesimGame/install/turtlesim_catch_interfaces/include/turtlesim_catch_interfaces/turtlesim_catch_interfaces/msg/detail
[0.259s] -- Up-to-date: /home/rishabh/testinggit/TurtlesimGame/install/turtlesim_catch_interfaces/include/turtlesim_catch_interfaces/turtlesim_catch_interfaces/msg/detail/turtleinfo__rosidl_typesupport_introspection_c.h
[0.259s] -- Up-to-date: /home/rishabh/testinggit/TurtlesimGame/install/turtlesim_catch_interfaces/include/turtlesim_catch_interfaces/turtlesim_catch_interfaces/msg/detail/turtleinfo__type_support.c
[0.259s] -- Up-to-date: /home/rishabh/testinggit/TurtlesimGame/install/turtlesim_catch_interfaces/include/turtlesim_catch_interfaces/turtlesim_catch_interfaces/msg/detail/turtleinfoarray__rosidl_typesupport_introspection_c.h
[0.259s] -- Up-to-date: /home/rishabh/testinggit/TurtlesimGame/install/turtlesim_catch_interfaces/include/turtlesim_catch_interfaces/turtlesim_catch_interfaces/msg/detail/turtleinfoarray__type_support.c
[0.259s] -- Up-to-date: /home/rishabh/testinggit/TurtlesimGame/install/turtlesim_catch_interfaces/include/turtlesim_catch_interfaces/turtlesim_catch_interfaces/msg/rosidl_typesupport_introspection_c__visibility_control.h
[0.259s] -- Up-to-date: /home/rishabh/testinggit/TurtlesimGame/install/turtlesim_catch_interfaces/lib/libturtlesim_catch_interfaces__rosidl_typesupport_introspection_c.so
[0.259s] -- Up-to-date: /home/rishabh/testinggit/TurtlesimGame/install/turtlesim_catch_interfaces/lib/libturtlesim_catch_interfaces__rosidl_typesupport_c.so
[0.259s] -- Up-to-date: /home/rishabh/testinggit/TurtlesimGame/install/turtlesim_catch_interfaces/include/turtlesim_catch_interfaces/turtlesim_catch_interfaces
[0.259s] -- Up-to-date: /home/rishabh/testinggit/TurtlesimGame/install/turtlesim_catch_interfaces/include/turtlesim_catch_interfaces/turtlesim_catch_interfaces/msg
[0.259s] -- Up-to-date: /home/rishabh/testinggit/TurtlesimGame/install/turtlesim_catch_interfaces/include/turtlesim_catch_interfaces/turtlesim_catch_interfaces/msg/turtleinfoarray.hpp
[0.259s] -- Up-to-date: /home/rishabh/testinggit/TurtlesimGame/install/turtlesim_catch_interfaces/include/turtlesim_catch_interfaces/turtlesim_catch_interfaces/msg/detail
[0.259s] -- Up-to-date: /home/rishabh/testinggit/TurtlesimGame/install/turtlesim_catch_interfaces/include/turtlesim_catch_interfaces/turtlesim_catch_interfaces/msg/detail/turtleinfo__builder.hpp
[0.259s] -- Up-to-date: /home/rishabh/testinggit/TurtlesimGame/install/turtlesim_catch_interfaces/include/turtlesim_catch_interfaces/turtlesim_catch_interfaces/msg/detail/turtleinfoarray__struct.hpp
[0.259s] -- Up-to-date: /home/rishabh/testinggit/TurtlesimGame/install/turtlesim_catch_interfaces/include/turtlesim_catch_interfaces/turtlesim_catch_interfaces/msg/detail/turtleinfo__struct.hpp
[0.259s] -- Up-to-date: /home/rishabh/testinggit/TurtlesimGame/install/turtlesim_catch_interfaces/include/turtlesim_catch_interfaces/turtlesim_catch_interfaces/msg/detail/turtleinfo__traits.hpp
[0.259s] -- Up-to-date: /home/rishabh/testinggit/TurtlesimGame/install/turtlesim_catch_interfaces/include/turtlesim_catch_interfaces/turtlesim_catch_interfaces/msg/detail/turtleinfoarray__traits.hpp
[0.259s] -- Up-to-date: /home/rishabh/testinggit/TurtlesimGame/install/turtlesim_catch_interfaces/include/turtlesim_catch_interfaces/turtlesim_catch_interfaces/msg/detail/turtleinfoarray__builder.hpp
[0.259s] -- Up-to-date: /home/rishabh/testinggit/TurtlesimGame/install/turtlesim_catch_interfaces/include/turtlesim_catch_interfaces/turtlesim_catch_interfaces/msg/turtleinfo.hpp
[0.259s] -- Up-to-date: /home/rishabh/testinggit/TurtlesimGame/install/turtlesim_catch_interfaces/include/turtlesim_catch_interfaces/turtlesim_catch_interfaces
[0.259s] -- Up-to-date: /home/rishabh/testinggit/TurtlesimGame/install/turtlesim_catch_interfaces/include/turtlesim_catch_interfaces/turtlesim_catch_interfaces/msg
[0.259s] -- Up-to-date: /home/rishabh/testinggit/TurtlesimGame/install/turtlesim_catch_interfaces/include/turtlesim_catch_interfaces/turtlesim_catch_interfaces/msg/detail
[0.259s] -- Up-to-date: /home/rishabh/testinggit/TurtlesimGame/install/turtlesim_catch_interfaces/include/turtlesim_catch_interfaces/turtlesim_catch_interfaces/msg/detail/dds_fastrtps
[0.259s] -- Up-to-date: /home/rishabh/testinggit/TurtlesimGame/install/turtlesim_catch_interfaces/include/turtlesim_catch_interfaces/turtlesim_catch_interfaces/msg/detail/turtleinfoarray__rosidl_typesupport_fastrtps_cpp.hpp
[0.259s] -- Up-to-date: /home/rishabh/testinggit/TurtlesimGame/install/turtlesim_catch_interfaces/include/turtlesim_catch_interfaces/turtlesim_catch_interfaces/msg/detail/turtleinfo__rosidl_typesupport_fastrtps_cpp.hpp
[0.259s] -- Up-to-date: /home/rishabh/testinggit/TurtlesimGame/install/turtlesim_catch_interfaces/include/turtlesim_catch_interfaces/turtlesim_catch_interfaces/msg/rosidl_typesupport_fastrtps_cpp__visibility_control.h
[0.259s] -- Up-to-date: /home/rishabh/testinggit/TurtlesimGame/install/turtlesim_catch_interfaces/lib/libturtlesim_catch_interfaces__rosidl_typesupport_fastrtps_cpp.so
[0.259s] -- Up-to-date: /home/rishabh/testinggit/TurtlesimGame/install/turtlesim_catch_interfaces/include/turtlesim_catch_interfaces/turtlesim_catch_interfaces
[0.259s] -- Up-to-date: /home/rishabh/testinggit/TurtlesimGame/install/turtlesim_catch_interfaces/include/turtlesim_catch_interfaces/turtlesim_catch_interfaces/msg
[0.259s] -- Up-to-date: /home/rishabh/testinggit/TurtlesimGame/install/turtlesim_catch_interfaces/include/turtlesim_catch_interfaces/turtlesim_catch_interfaces/msg/detail
[0.259s] -- Up-to-date: /home/rishabh/testinggit/TurtlesimGame/install/turtlesim_catch_interfaces/include/turtlesim_catch_interfaces/turtlesim_catch_interfaces/msg/detail/turtleinfoarray__type_support.cpp
[0.260s] -- Up-to-date: /home/rishabh/testinggit/TurtlesimGame/install/turtlesim_catch_interfaces/include/turtlesim_catch_interfaces/turtlesim_catch_interfaces/msg/detail/turtleinfo__type_support.cpp
[0.260s] -- Up-to-date: /home/rishabh/testinggit/TurtlesimGame/install/turtlesim_catch_interfaces/include/turtlesim_catch_interfaces/turtlesim_catch_interfaces/msg/detail/turtleinfoarray__rosidl_typesupport_introspection_cpp.hpp
[0.260s] -- Up-to-date: /home/rishabh/testinggit/TurtlesimGame/install/turtlesim_catch_interfaces/include/turtlesim_catch_interfaces/turtlesim_catch_interfaces/msg/detail/turtleinfo__rosidl_typesupport_introspection_cpp.hpp
[0.260s] -- Up-to-date: /home/rishabh/testinggit/TurtlesimGame/install/turtlesim_catch_interfaces/lib/libturtlesim_catch_interfaces__rosidl_typesupport_introspection_cpp.so
[0.260s] -- Up-to-date: /home/rishabh/testinggit/TurtlesimGame/install/turtlesim_catch_interfaces/lib/libturtlesim_catch_interfaces__rosidl_typesupport_cpp.so
[0.260s] -- Up-to-date: /home/rishabh/testinggit/TurtlesimGame/install/turtlesim_catch_interfaces/share/turtlesim_catch_interfaces/environment/pythonpath.sh
[0.260s] -- Up-to-date: /home/rishabh/testinggit/TurtlesimGame/install/turtlesim_catch_interfaces/share/turtlesim_catch_interfaces/environment/pythonpath.dsv
[0.260s] -- Up-to-date: /home/rishabh/testinggit/TurtlesimGame/install/turtlesim_catch_interfaces/local/lib/python3.10/dist-packages/turtlesim_catch_interfaces-0.0.0-py3.10.egg-info
[0.260s] -- Installing: /home/rishabh/testinggit/TurtlesimGame/install/turtlesim_catch_interfaces/local/lib/python3.10/dist-packages/turtlesim_catch_interfaces-0.0.0-py3.10.egg-info/dependency_links.txt
[0.260s] -- Installing: /home/rishabh/testinggit/TurtlesimGame/install/turtlesim_catch_interfaces/local/lib/python3.10/dist-packages/turtlesim_catch_interfaces-0.0.0-py3.10.egg-info/top_level.txt
[0.260s] -- Installing: /home/rishabh/testinggit/TurtlesimGame/install/turtlesim_catch_interfaces/local/lib/python3.10/dist-packages/turtlesim_catch_interfaces-0.0.0-py3.10.egg-info/PKG-INFO
[0.260s] -- Installing: /home/rishabh/testinggit/TurtlesimGame/install/turtlesim_catch_interfaces/local/lib/python3.10/dist-packages/turtlesim_catch_interfaces-0.0.0-py3.10.egg-info/SOURCES.txt
[0.260s] -- Up-to-date: /home/rishabh/testinggit/TurtlesimGame/install/turtlesim_catch_interfaces/local/lib/python3.10/dist-packages/turtlesim_catch_interfaces
[0.260s] -- Up-to-date: /home/rishabh/testinggit/TurtlesimGame/install/turtlesim_catch_interfaces/local/lib/python3.10/dist-packages/turtlesim_catch_interfaces/turtlesim_catch_interfaces_s__rosidl_typesupport_c.cpython-310-x86_64-linux-gnu.so
[0.260s] -- Up-to-date: /home/rishabh/testinggit/TurtlesimGame/install/turtlesim_catch_interfaces/local/lib/python3.10/dist-packages/turtlesim_catch_interfaces/libturtlesim_catch_interfaces__rosidl_generator_py.so
[0.260s] -- Up-to-date: /home/rishabh/testinggit/TurtlesimGame/install/turtlesim_catch_interfaces/local/lib/python3.10/dist-packages/turtlesim_catch_interfaces/turtlesim_catch_interfaces_s__rosidl_typesupport_introspection_c.cpython-310-x86_64-linux-gnu.so
[0.260s] -- Up-to-date: /home/rishabh/testinggit/TurtlesimGame/install/turtlesim_catch_interfaces/local/lib/python3.10/dist-packages/turtlesim_catch_interfaces/__init__.py
[0.260s] -- Up-to-date: /home/rishabh/testinggit/TurtlesimGame/install/turtlesim_catch_interfaces/local/lib/python3.10/dist-packages/turtlesim_catch_interfaces/_turtlesim_catch_interfaces_s.ep.rosidl_typesupport_introspection_c.c
[0.260s] -- Up-to-date: /home/rishabh/testinggit/TurtlesimGame/install/turtlesim_catch_interfaces/local/lib/python3.10/dist-packages/turtlesim_catch_interfaces/turtlesim_catch_interfaces_s__rosidl_typesupport_fastrtps_c.cpython-310-x86_64-linux-gnu.so
[0.260s] -- Up-to-date: /home/rishabh/testinggit/TurtlesimGame/install/turtlesim_catch_interfaces/local/lib/python3.10/dist-packages/turtlesim_catch_interfaces/_turtlesim_catch_interfaces_s.ep.rosidl_typesupport_c.c
[0.260s] -- Up-to-date: /home/rishabh/testinggit/TurtlesimGame/install/turtlesim_catch_interfaces/local/lib/python3.10/dist-packages/turtlesim_catch_interfaces/msg
[0.260s] -- Up-to-date: /home/rishabh/testinggit/TurtlesimGame/install/turtlesim_catch_interfaces/local/lib/python3.10/dist-packages/turtlesim_catch_interfaces/msg/_turtleinfo_s.c
[0.260s] -- Up-to-date: /home/rishabh/testinggit/TurtlesimGame/install/turtlesim_catch_interfaces/local/lib/python3.10/dist-packages/turtlesim_catch_interfaces/msg/_turtleinfo.py
[0.260s] -- Up-to-date: /home/rishabh/testinggit/TurtlesimGame/install/turtlesim_catch_interfaces/local/lib/python3.10/dist-packages/turtlesim_catch_interfaces/msg/__init__.py
[0.260s] -- Up-to-date: /home/rishabh/testinggit/TurtlesimGame/install/turtlesim_catch_interfaces/local/lib/python3.10/dist-packages/turtlesim_catch_interfaces/msg/_turtleinfoarray_s.c
[0.260s] -- Up-to-date: /home/rishabh/testinggit/TurtlesimGame/install/turtlesim_catch_interfaces/local/lib/python3.10/dist-packages/turtlesim_catch_interfaces/msg/_turtleinfoarray.py
[0.260s] -- Up-to-date: /home/rishabh/testinggit/TurtlesimGame/install/turtlesim_catch_interfaces/local/lib/python3.10/dist-packages/turtlesim_catch_interfaces/_turtlesim_catch_interfaces_s.ep.rosidl_typesupport_fastrtps_c.c
[0.277s] Listing '/home/rishabh/testinggit/TurtlesimGame/install/turtlesim_catch_interfaces/local/lib/python3.10/dist-packages/turtlesim_catch_interfaces'...
[0.277s] Listing '/home/rishabh/testinggit/TurtlesimGame/install/turtlesim_catch_interfaces/local/lib/python3.10/dist-packages/turtlesim_catch_interfaces/msg'...
[0.279s] -- Up-to-date: /home/rishabh/testinggit/TurtlesimGame/install/turtlesim_catch_interfaces/local/lib/python3.10/dist-packages/turtlesim_catch_interfaces/turtlesim_catch_interfaces_s__rosidl_typesupport_fastrtps_c.cpython-310-x86_64-linux-gnu.so
[0.279s] -- Up-to-date: /home/rishabh/testinggit/TurtlesimGame/install/turtlesim_catch_interfaces/local/lib/python3.10/dist-packages/turtlesim_catch_interfaces/turtlesim_catch_interfaces_s__rosidl_typesupport_introspection_c.cpython-310-x86_64-linux-gnu.so
[0.279s] -- Up-to-date: /home/rishabh/testinggit/TurtlesimGame/install/turtlesim_catch_interfaces/local/lib/python3.10/dist-packages/turtlesim_catch_interfaces/turtlesim_catch_interfaces_s__rosidl_typesupport_c.cpython-310-x86_64-linux-gnu.so
[0.279s] -- Up-to-date: /home/rishabh/testinggit/TurtlesimGame/install/turtlesim_catch_interfaces/lib/libturtlesim_catch_interfaces__rosidl_generator_py.so
[0.280s] -- Up-to-date: /home/rishabh/testinggit/TurtlesimGame/install/turtlesim_catch_interfaces/share/turtlesim_catch_interfaces/msg/Turtleinfo.idl
[0.280s] -- Up-to-date: /home/rishabh/testinggit/TurtlesimGame/install/turtlesim_catch_interfaces/share/turtlesim_catch_interfaces/msg/Turtleinfoarray.idl
[0.280s] -- Up-to-date: /home/rishabh/testinggit/TurtlesimGame/install/turtlesim_catch_interfaces/share/turtlesim_catch_interfaces/msg/Turtleinfo.msg
[0.280s] -- Up-to-date: /home/rishabh/testinggit/TurtlesimGame/install/turtlesim_catch_interfaces/share/turtlesim_catch_interfaces/msg/Turtleinfoarray.msg
[0.280s] -- Up-to-date: /home/rishabh/testinggit/TurtlesimGame/install/turtlesim_catch_interfaces/share/ament_index/resource_index/package_run_dependencies/turtlesim_catch_interfaces
[0.280s] -- Up-to-date: /home/rishabh/testinggit/TurtlesimGame/install/turtlesim_catch_interfaces/share/ament_index/resource_index/parent_prefix_path/turtlesim_catch_interfaces
[0.280s] -- Up-to-date: /home/rishabh/testinggit/TurtlesimGame/install/turtlesim_catch_interfaces/share/turtlesim_catch_interfaces/environment/ament_prefix_path.sh
[0.280s] -- Up-to-date: /home/rishabh/testinggit/TurtlesimGame/install/turtlesim_catch_interfaces/share/turtlesim_catch_interfaces/environment/ament_prefix_path.dsv
[0.280s] -- Up-to-date: /home/rishabh/testinggit/TurtlesimGame/install/turtlesim_catch_interfaces/share/turtlesim_catch_interfaces/environment/path.sh
[0.280s] -- Up-to-date: /home/rishabh/testinggit/TurtlesimGame/install/turtlesim_catch_interfaces/share/turtlesim_catch_interfaces/environment/path.dsv
[0.280s] -- Up-to-date: /home/rishabh/testinggit/TurtlesimGame/install/turtlesim_catch_interfaces/share/turtlesim_catch_interfaces/local_setup.bash
[0.280s] -- Up-to-date: /home/rishabh/testinggit/TurtlesimGame/install/turtlesim_catch_interfaces/share/turtlesim_catch_interfaces/local_setup.sh
[0.280s] -- Up-to-date: /home/rishabh/testinggit/TurtlesimGame/install/turtlesim_catch_interfaces/share/turtlesim_catch_interfaces/local_setup.zsh
[0.280s] -- Up-to-date: /home/rishabh/testinggit/TurtlesimGame/install/turtlesim_catch_interfaces/share/turtlesim_catch_interfaces/local_setup.dsv
[0.280s] -- Installing: /home/rishabh/testinggit/TurtlesimGame/install/turtlesim_catch_interfaces/share/turtlesim_catch_interfaces/package.dsv
[0.280s] -- Up-to-date: /home/rishabh/testinggit/TurtlesimGame/install/turtlesim_catch_interfaces/share/ament_index/resource_index/packages/turtlesim_catch_interfaces
[0.280s] -- Up-to-date: /home/rishabh/testinggit/TurtlesimGame/install/turtlesim_catch_interfaces/share/turtlesim_catch_interfaces/cmake/export_turtlesim_catch_interfaces__rosidl_generator_cExport.cmake
[0.280s] -- Up-to-date: /home/rishabh/testinggit/TurtlesimGame/install/turtlesim_catch_interfaces/share/turtlesim_catch_interfaces/cmake/export_turtlesim_catch_interfaces__rosidl_generator_cExport-noconfig.cmake
[0.280s] -- Up-to-date: /home/rishabh/testinggit/TurtlesimGame/install/turtlesim_catch_interfaces/share/turtlesim_catch_interfaces/cmake/export_turtlesim_catch_interfaces__rosidl_typesupport_fastrtps_cExport.cmake
[0.280s] -- Up-to-date: /home/rishabh/testinggit/TurtlesimGame/install/turtlesim_catch_interfaces/share/turtlesim_catch_interfaces/cmake/export_turtlesim_catch_interfaces__rosidl_typesupport_fastrtps_cExport-noconfig.cmake
[0.280s] -- Up-to-date: /home/rishabh/testinggit/TurtlesimGame/install/turtlesim_catch_interfaces/share/turtlesim_catch_interfaces/cmake/turtlesim_catch_interfaces__rosidl_typesupport_introspection_cExport.cmake
[0.280s] -- Up-to-date: /home/rishabh/testinggit/TurtlesimGame/install/turtlesim_catch_interfaces/share/turtlesim_catch_interfaces/cmake/turtlesim_catch_interfaces__rosidl_typesupport_introspection_cExport-noconfig.cmake
[0.280s] -- Up-to-date: /home/rishabh/testinggit/TurtlesimGame/install/turtlesim_catch_interfaces/share/turtlesim_catch_interfaces/cmake/turtlesim_catch_interfaces__rosidl_typesupport_cExport.cmake
[0.280s] -- Up-to-date: /home/rishabh/testinggit/TurtlesimGame/install/turtlesim_catch_interfaces/share/turtlesim_catch_interfaces/cmake/turtlesim_catch_interfaces__rosidl_typesupport_cExport-noconfig.cmake
[0.280s] -- Up-to-date: /home/rishabh/testinggit/TurtlesimGame/install/turtlesim_catch_interfaces/share/turtlesim_catch_interfaces/cmake/export_turtlesim_catch_interfaces__rosidl_generator_cppExport.cmake
[0.281s] -- Up-to-date: /home/rishabh/testinggit/TurtlesimGame/install/turtlesim_catch_interfaces/share/turtlesim_catch_interfaces/cmake/export_turtlesim_catch_interfaces__rosidl_typesupport_fastrtps_cppExport.cmake
[0.281s] -- Up-to-date: /home/rishabh/testinggit/TurtlesimGame/install/turtlesim_catch_interfaces/share/turtlesim_catch_interfaces/cmake/export_turtlesim_catch_interfaces__rosidl_typesupport_fastrtps_cppExport-noconfig.cmake
[0.281s] -- Up-to-date: /home/rishabh/testinggit/TurtlesimGame/install/turtlesim_catch_interfaces/share/turtlesim_catch_interfaces/cmake/turtlesim_catch_interfaces__rosidl_typesupport_introspection_cppExport.cmake
[0.281s] -- Up-to-date: /home/rishabh/testinggit/TurtlesimGame/install/turtlesim_catch_interfaces/share/turtlesim_catch_interfaces/cmake/turtlesim_catch_interfaces__rosidl_typesupport_introspection_cppExport-noconfig.cmake
[0.281s] -- Up-to-date: /home/rishabh/testinggit/TurtlesimGame/install/turtlesim_catch_interfaces/share/turtlesim_catch_interfaces/cmake/turtlesim_catch_interfaces__rosidl_typesupport_cppExport.cmake
[0.281s] -- Up-to-date: /home/rishabh/testinggit/TurtlesimGame/install/turtlesim_catch_interfaces/share/turtlesim_catch_interfaces/cmake/turtlesim_catch_interfaces__rosidl_typesupport_cppExport-noconfig.cmake
[0.281s] -- Up-to-date: /home/rishabh/testinggit/TurtlesimGame/install/turtlesim_catch_interfaces/share/turtlesim_catch_interfaces/cmake/export_turtlesim_catch_interfaces__rosidl_generator_pyExport.cmake
[0.281s] -- Up-to-date: /home/rishabh/testinggit/TurtlesimGame/install/turtlesim_catch_interfaces/share/turtlesim_catch_interfaces/cmake/export_turtlesim_catch_interfaces__rosidl_generator_pyExport-noconfig.cmake
[0.281s] -- Up-to-date: /home/rishabh/testinggit/TurtlesimGame/install/turtlesim_catch_interfaces/share/turtlesim_catch_interfaces/cmake/rosidl_cmake-extras.cmake
[0.281s] -- Up-to-date: /home/rishabh/testinggit/TurtlesimGame/install/turtlesim_catch_interfaces/share/turtlesim_catch_interfaces/cmake/ament_cmake_export_include_directories-extras.cmake
[0.281s] -- Up-to-date: /home/rishabh/testinggit/TurtlesimGame/install/turtlesim_catch_interfaces/share/turtlesim_catch_interfaces/cmake/ament_cmake_export_libraries-extras.cmake
[0.281s] -- Up-to-date: /home/rishabh/testinggit/TurtlesimGame/install/turtlesim_catch_interfaces/share/turtlesim_catch_interfaces/cmake/ament_cmake_export_targets-extras.cmake
[0.281s] -- Up-to-date: /home/rishabh/testinggit/TurtlesimGame/install/turtlesim_catch_interfaces/share/turtlesim_catch_interfaces/cmake/rosidl_cmake_export_typesupport_targets-extras.cmake
[0.281s] -- Up-to-date: /home/rishabh/testinggit/TurtlesimGame/install/turtlesim_catch_interfaces/share/turtlesim_catch_interfaces/cmake/ament_cmake_export_dependencies-extras.cmake
[0.281s] -- Up-to-date: /home/rishabh/testinggit/TurtlesimGame/install/turtlesim_catch_interfaces/share/turtlesim_catch_interfaces/cmake/rosidl_cmake_export_typesupport_libraries-extras.cmake
[0.281s] -- Up-to-date: /home/rishabh/testinggit/TurtlesimGame/install/turtlesim_catch_interfaces/share/turtlesim_catch_interfaces/cmake/turtlesim_catch_interfacesConfig.cmake
[0.281s] -- Up-to-date: /home/rishabh/testinggit/TurtlesimGame/install/turtlesim_catch_interfaces/share/turtlesim_catch_interfaces/cmake/turtlesim_catch_interfacesConfig-version.cmake
[0.281s] -- Up-to-date: /home/rishabh/testinggit/TurtlesimGame/install/turtlesim_catch_interfaces/share/turtlesim_catch_interfaces/package.xml
[0.282s] Invoked command in '/home/rishabh/testinggit/TurtlesimGame/build/turtlesim_catch_interfaces' returned '0': CMAKE_PREFIX_PATH=${CMAKE_PREFIX_PATH}:/home/rishabh/testinggit/TurtlesimGame/install/turtlesim_catch:/home/rishabh/ros2_ws/install/percepto_planner:/opt/ros/humble /usr/bin/cmake --install /home/rishabh/testinggit/TurtlesimGame/build/turtlesim_catch_interfaces
