[0.065s] DEBUG:colcon:Command line arguments: ['/usr/bin/colcon', 'list', '-p', '--base-paths', '/home/rishabh/testinggit/TurtlesimGame']
[0.065s] DEBUG:colcon:Parsed command line arguments: Namespace(log_base=None, log_level=None, verb_name='list', build_base='build', ignore_user_meta=False, metas=['./colcon.meta'], base_paths=['/home/rishabh/testinggit/TurtlesimGame'], packages_ignore=None, packages_ignore_regex=None, paths=None, packages_up_to=None, packages_up_to_regex=None, packages_above=None, packages_above_and_dependencies=None, packages_above_depth=None, packages_select_by_dep=None, packages_skip_by_dep=None, packages_skip_up_to=None, packages_select_build_failed=False, packages_skip_build_finished=False, packages_select_test_failures=False, packages_skip_test_passed=False, packages_select=None, packages_skip=None, packages_select_regex=None, packages_skip_regex=None, packages_start=None, packages_end=None, allow_overriding=[], topological_order=False, names_only=False, paths_only=True, topological_graph=False, topological_graph_dot=False, topological_graph_density=False, topological_graph_legend=False, topological_graph_dot_cluster=False, topological_graph_dot_include_skipped=False, verb_parser=<colcon_defaults.argument_parser.defaults.DefaultArgumentsDecorator object at 0x7bf6f3a39690>, verb_extension=<colcon_package_information.verb.list.ListVerb object at 0x7bf6f3bab2e0>, main=<bound method ListVerb.main of <colcon_package_information.verb.list.ListVerb object at 0x7bf6f3bab2e0>>)
[0.194s] Level 1:colcon.colcon_core.package_discovery:discover_packages(colcon_meta) check parameters
[0.195s] Level 1:colcon.colcon_core.package_discovery:discover_packages(recursive) check parameters
[0.195s] Level 1:colcon.colcon_core.package_discovery:discover_packages(ignore) check parameters
[0.195s] Level 1:colcon.colcon_core.package_discovery:discover_packages(path) check parameters
[0.195s] Level 1:colcon.colcon_core.package_discovery:discover_packages(recursive) discover
[0.195s] INFO:colcon.colcon_core.package_discovery:Crawling recursively for packages in '/home/rishabh/testinggit/TurtlesimGame'
[0.195s] Level 1:colcon.colcon_core.package_identification:_identify(/home/rishabh/testinggit/TurtlesimGame) by extensions ['ignore', 'ignore_ament_install']
[0.195s] Level 1:colcon.colcon_core.package_identification:_identify(/home/rishabh/testinggit/TurtlesimGame) by extension 'ignore'
[0.195s] Level 1:colcon.colcon_core.package_identification:_identify(/home/rishabh/testinggit/TurtlesimGame) by extension 'ignore_ament_install'
[0.195s] Level 1:colcon.colcon_core.package_identification:_identify(/home/rishabh/testinggit/TurtlesimGame) by extensions ['colcon_pkg']
[0.195s] Level 1:colcon.colcon_core.package_identification:_identify(/home/rishabh/testinggit/TurtlesimGame) by extension 'colcon_pkg'
[0.195s] Level 1:colcon.colcon_core.package_identification:_identify(/home/rishabh/testinggit/TurtlesimGame) by extensions ['colcon_meta']
[0.195s] Level 1:colcon.colcon_core.package_identification:_identify(/home/rishabh/testinggit/TurtlesimGame) by extension 'colcon_meta'
[0.195s] Level 1:colcon.colcon_core.package_identification:_identify(/home/rishabh/testinggit/TurtlesimGame) by extensions ['ros']
[0.195s] Level 1:colcon.colcon_core.package_identification:_identify(/home/rishabh/testinggit/TurtlesimGame) by extension 'ros'
[0.204s] Level 1:colcon.colcon_core.package_identification:_identify(/home/rishabh/testinggit/TurtlesimGame) by extensions ['cmake', 'python']
[0.204s] Level 1:colcon.colcon_core.package_identification:_identify(/home/rishabh/testinggit/TurtlesimGame) by extension 'cmake'
[0.204s] Level 1:colcon.colcon_core.package_identification:_identify(/home/rishabh/testinggit/TurtlesimGame) by extension 'python'
[0.204s] Level 1:colcon.colcon_core.package_identification:_identify(/home/rishabh/testinggit/TurtlesimGame) by extensions ['python_setup_py']
[0.204s] Level 1:colcon.colcon_core.package_identification:_identify(/home/rishabh/testinggit/TurtlesimGame) by extension 'python_setup_py'
[0.204s] Level 1:colcon.colcon_core.package_identification:_identify(/home/rishabh/testinggit/TurtlesimGame/build) by extensions ['ignore', 'ignore_ament_install']
[0.204s] Level 1:colcon.colcon_core.package_identification:_identify(/home/rishabh/testinggit/TurtlesimGame/build) by extension 'ignore'
[0.204s] Level 1:colcon.colcon_core.package_identification:_identify(/home/rishabh/testinggit/TurtlesimGame/build) ignored
[0.205s] Level 1:colcon.colcon_core.package_identification:_identify(/home/rishabh/testinggit/TurtlesimGame/install) by extensions ['ignore', 'ignore_ament_install']
[0.205s] Level 1:colcon.colcon_core.package_identification:_identify(/home/rishabh/testinggit/TurtlesimGame/install) by extension 'ignore'
[0.205s] Level 1:colcon.colcon_core.package_identification:_identify(/home/rishabh/testinggit/TurtlesimGame/install) ignored
[0.205s] Level 1:colcon.colcon_core.package_identification:_identify(/home/rishabh/testinggit/TurtlesimGame/log) by extensions ['ignore', 'ignore_ament_install']
[0.205s] Level 1:colcon.colcon_core.package_identification:_identify(/home/rishabh/testinggit/TurtlesimGame/log) by extension 'ignore'
[0.205s] Level 1:colcon.colcon_core.package_identification:_identify(/home/rishabh/testinggit/TurtlesimGame/log) ignored
[0.205s] Level 1:colcon.colcon_core.package_identification:_identify(/home/rishabh/testinggit/TurtlesimGame/src) by extensions ['ignore', 'ignore_ament_install']
[0.205s] Level 1:colcon.colcon_core.package_identification:_identify(/home/rishabh/testinggit/TurtlesimGame/src) by extension 'ignore'
[0.205s] Level 1:colcon.colcon_core.package_identification:_identify(/home/rishabh/testinggit/TurtlesimGame/src) by extension 'ignore_ament_install'
[0.205s] Level 1:colcon.colcon_core.package_identification:_identify(/home/rishabh/testinggit/TurtlesimGame/src) by extensions ['colcon_pkg']
[0.205s] Level 1:colcon.colcon_core.package_identification:_identify(/home/rishabh/testinggit/TurtlesimGame/src) by extension 'colcon_pkg'
[0.205s] Level 1:colcon.colcon_core.package_identification:_identify(/home/rishabh/testinggit/TurtlesimGame/src) by extensions ['colcon_meta']
[0.205s] Level 1:colcon.colcon_core.package_identification:_identify(/home/rishabh/testinggit/TurtlesimGame/src) by extension 'colcon_meta'
[0.205s] Level 1:colcon.colcon_core.package_identification:_identify(/home/rishabh/testinggit/TurtlesimGame/src) by extensions ['ros']
[0.205s] Level 1:colcon.colcon_core.package_identification:_identify(/home/rishabh/testinggit/TurtlesimGame/src) by extension 'ros'
[0.205s] Level 1:colcon.colcon_core.package_identification:_identify(/home/rishabh/testinggit/TurtlesimGame/src) by extensions ['cmake', 'python']
[0.205s] Level 1:colcon.colcon_core.package_identification:_identify(/home/rishabh/testinggit/TurtlesimGame/src) by extension 'cmake'
[0.205s] Level 1:colcon.colcon_core.package_identification:_identify(/home/rishabh/testinggit/TurtlesimGame/src) by extension 'python'
[0.205s] Level 1:colcon.colcon_core.package_identification:_identify(/home/rishabh/testinggit/TurtlesimGame/src) by extensions ['python_setup_py']
[0.205s] Level 1:colcon.colcon_core.package_identification:_identify(/home/rishabh/testinggit/TurtlesimGame/src) by extension 'python_setup_py'
[0.205s] Level 1:colcon.colcon_core.package_identification:_identify(/home/rishabh/testinggit/TurtlesimGame/src/turtlesim_catch) by extensions ['ignore', 'ignore_ament_install']
[0.205s] Level 1:colcon.colcon_core.package_identification:_identify(/home/rishabh/testinggit/TurtlesimGame/src/turtlesim_catch) by extension 'ignore'
[0.205s] Level 1:colcon.colcon_core.package_identification:_identify(/home/rishabh/testinggit/TurtlesimGame/src/turtlesim_catch) by extension 'ignore_ament_install'
[0.205s] Level 1:colcon.colcon_core.package_identification:_identify(/home/rishabh/testinggit/TurtlesimGame/src/turtlesim_catch) by extensions ['colcon_pkg']
[0.206s] Level 1:colcon.colcon_core.package_identification:_identify(/home/rishabh/testinggit/TurtlesimGame/src/turtlesim_catch) by extension 'colcon_pkg'
[0.206s] Level 1:colcon.colcon_core.package_identification:_identify(/home/rishabh/testinggit/TurtlesimGame/src/turtlesim_catch) by extensions ['colcon_meta']
[0.206s] Level 1:colcon.colcon_core.package_identification:_identify(/home/rishabh/testinggit/TurtlesimGame/src/turtlesim_catch) by extension 'colcon_meta'
[0.206s] Level 1:colcon.colcon_core.package_identification:_identify(/home/rishabh/testinggit/TurtlesimGame/src/turtlesim_catch) by extensions ['ros']
[0.206s] Level 1:colcon.colcon_core.package_identification:_identify(/home/rishabh/testinggit/TurtlesimGame/src/turtlesim_catch) by extension 'ros'
[0.208s] DEBUG:colcon.colcon_core.package_identification:Package '/home/rishabh/testinggit/TurtlesimGame/src/turtlesim_catch' with type 'ros.ament_python' and name 'turtlesim_catch'
[0.208s] Level 1:colcon.colcon_core.package_discovery:discover_packages(recursive) using defaults
