[0.326s] Invoking command in '/home/rishabh/testinggit/TurtlesimGame/src/turtlesim_catch': PYTHONPATH=/home/rishabh/testinggit/TurtlesimGame/build/turtlesim_catch/prefix_override:/usr/lib/python3/dist-packages/colcon_core/task/python/colcon_distutils_commands:/home/rishabh/testinggit/TurtlesimGame/install/turtlesim_catch/lib/python3.10/site-packages:${PYTHONPATH} /usr/bin/python3 -W ignore:setup.py install is deprecated setup.py egg_info --egg-base ../../build/turtlesim_catch build --build-base /home/rishabh/testinggit/TurtlesimGame/build/turtlesim_catch/build install --record /home/rishabh/testinggit/TurtlesimGame/build/turtlesim_catch/install.log --single-version-externally-managed install_data
[0.453s] running egg_info
[0.453s] writing ../../build/turtlesim_catch/turtlesim_catch.egg-info/PKG-INFO
[0.453s] writing dependency_links to ../../build/turtlesim_catch/turtlesim_catch.egg-info/dependency_links.txt
[0.453s] writing entry points to ../../build/turtlesim_catch/turtlesim_catch.egg-info/entry_points.txt
[0.454s] writing requirements to ../../build/turtlesim_catch/turtlesim_catch.egg-info/requires.txt
[0.454s] writing top-level names to ../../build/turtlesim_catch/turtlesim_catch.egg-info/top_level.txt
[0.454s] reading manifest file '../../build/turtlesim_catch/turtlesim_catch.egg-info/SOURCES.txt'
[0.455s] writing manifest file '../../build/turtlesim_catch/turtlesim_catch.egg-info/SOURCES.txt'
[0.455s] running build
[0.455s] running build_py
[0.455s] copying turtlesim_catch/testing.py -> /home/rishabh/testinggit/TurtlesimGame/build/turtlesim_catch/build/lib/turtlesim_catch
[0.455s] running install
[0.455s] running install_lib
[0.456s] copying /home/rishabh/testinggit/TurtlesimGame/build/turtlesim_catch/build/lib/turtlesim_catch/testing.py -> /home/rishabh/testinggit/TurtlesimGame/install/turtlesim_catch/lib/python3.10/site-packages/turtlesim_catch
[0.456s] byte-compiling /home/rishabh/testinggit/TurtlesimGame/install/turtlesim_catch/lib/python3.10/site-packages/turtlesim_catch/testing.py to testing.cpython-310.pyc
[0.456s] running install_data
[0.456s] running install_egg_info
[0.457s] removing '/home/rishabh/testinggit/TurtlesimGame/install/turtlesim_catch/lib/python3.10/site-packages/turtlesim_catch-0.0.0-py3.10.egg-info' (and everything under it)
[0.457s] Copying ../../build/turtlesim_catch/turtlesim_catch.egg-info to /home/rishabh/testinggit/TurtlesimGame/install/turtlesim_catch/lib/python3.10/site-packages/turtlesim_catch-0.0.0-py3.10.egg-info
[0.458s] running install_scripts
[0.468s] Installing prey_turtles script to /home/rishabh/testinggit/TurtlesimGame/install/turtlesim_catch/lib/turtlesim_catch
[0.468s] Installing test_node script to /home/rishabh/testinggit/TurtlesimGame/install/turtlesim_catch/lib/turtlesim_catch
[0.468s] Installing turtle_controller script to /home/rishabh/testinggit/TurtlesimGame/install/turtlesim_catch/lib/turtlesim_catch
[0.469s] writing list of installed files to '/home/rishabh/testinggit/TurtlesimGame/build/turtlesim_catch/install.log'
[0.481s] Invoked command in '/home/rishabh/testinggit/TurtlesimGame/src/turtlesim_catch' returned '0': PYTHONPATH=/home/rishabh/testinggit/TurtlesimGame/build/turtlesim_catch/prefix_override:/usr/lib/python3/dist-packages/colcon_core/task/python/colcon_distutils_commands:/home/rishabh/testinggit/TurtlesimGame/install/turtlesim_catch/lib/python3.10/site-packages:${PYTHONPATH} /usr/bin/python3 -W ignore:setup.py install is deprecated setup.py egg_info --egg-base ../../build/turtlesim_catch build --build-base /home/rishabh/testinggit/TurtlesimGame/build/turtlesim_catch/build install --record /home/rishabh/testinggit/TurtlesimGame/build/turtlesim_catch/install.log --single-version-externally-managed install_data
